[0.136s] Invoking command in '/home/iosnaaente/Desktop/path_planning/build/robot_kinematic': CMAKE_PREFIX_PATH=/home/iosnaaente/Desktop/path_planning/install/custom_messages:/home/iosnaaente/Desktop/path_planning/install/robot_planner:/home/iosnaaente/Desktop/path_planning/install/robot_kinematic:/home/iosnaaente/Desktop/path_planning/install/robot_launcher:/home/iosnaaente/Desktop/path_planning/install/robot_visualizer:/home/iosnaaente/Desktop/path_planning/install/robot_launch:/opt/ros/humble /usr/bin/cmake --build /home/iosnaaente/Desktop/path_planning/build/robot_kinematic -- -j8 -l8
[0.208s] [100%] Built target robot_kinematic
[0.572s] Invoked command in '/home/iosnaaente/Desktop/path_planning/build/robot_kinematic' returned '0': CMAKE_PREFIX_PATH=/home/iosnaaente/Desktop/path_planning/install/custom_messages:/home/iosnaaente/Desktop/path_planning/install/robot_planner:/home/iosnaaente/Desktop/path_planning/install/robot_kinematic:/home/iosnaaente/Desktop/path_planning/install/robot_launcher:/home/iosnaaente/Desktop/path_planning/install/robot_visualizer:/home/iosnaaente/Desktop/path_planning/install/robot_launch:/opt/ros/humble /usr/bin/cmake --build /home/iosnaaente/Desktop/path_planning/build/robot_kinematic -- -j8 -l8
[0.575s] Invoking command in '/home/iosnaaente/Desktop/path_planning/build/robot_kinematic': CMAKE_PREFIX_PATH=/home/iosnaaente/Desktop/path_planning/install/custom_messages:/home/iosnaaente/Desktop/path_planning/install/robot_planner:/home/iosnaaente/Desktop/path_planning/install/robot_kinematic:/home/iosnaaente/Desktop/path_planning/install/robot_launcher:/home/iosnaaente/Desktop/path_planning/install/robot_visualizer:/home/iosnaaente/Desktop/path_planning/install/robot_launch:/opt/ros/humble /usr/bin/cmake --install /home/iosnaaente/Desktop/path_planning/build/robot_kinematic
[0.593s] -- Install configuration: ""
[0.594s] -- Up-to-date: /home/iosnaaente/Desktop/path_planning/install/robot_kinematic/lib/robot_kinematic/robot_kinematic
[0.594s] -- Up-to-date: /home/iosnaaente/Desktop/path_planning/install/robot_kinematic/share/ament_index/resource_index/package_run_dependencies/robot_kinematic
[0.595s] -- Up-to-date: /home/iosnaaente/Desktop/path_planning/install/robot_kinematic/share/ament_index/resource_index/parent_prefix_path/robot_kinematic
[0.595s] -- Up-to-date: /home/iosnaaente/Desktop/path_planning/install/robot_kinematic/share/robot_kinematic/environment/ament_prefix_path.sh
[0.597s] -- Up-to-date: /home/iosnaaente/Desktop/path_planning/install/robot_kinematic/share/robot_kinematic/environment/ament_prefix_path.dsv
[0.597s] -- Up-to-date: /home/iosnaaente/Desktop/path_planning/install/robot_kinematic/share/robot_kinematic/environment/path.sh
[0.598s] -- Up-to-date: /home/iosnaaente/Desktop/path_planning/install/robot_kinematic/share/robot_kinematic/environment/path.dsv
[0.599s] -- Up-to-date: /home/iosnaaente/Desktop/path_planning/install/robot_kinematic/share/robot_kinematic/local_setup.bash
[0.599s] -- Up-to-date: /home/iosnaaente/Desktop/path_planning/install/robot_kinematic/share/robot_kinematic/local_setup.sh
[0.600s] -- Up-to-date: /home/iosnaaente/Desktop/path_planning/install/robot_kinematic/share/robot_kinematic/local_setup.zsh
[0.600s] -- Up-to-date: /home/iosnaaente/Desktop/path_planning/install/robot_kinematic/share/robot_kinematic/local_setup.dsv
[0.600s] -- Installing: /home/iosnaaente/Desktop/path_planning/install/robot_kinematic/share/robot_kinematic/package.dsv
[0.600s] -- Up-to-date: /home/iosnaaente/Desktop/path_planning/install/robot_kinematic/share/ament_index/resource_index/packages/robot_kinematic
[0.601s] -- Up-to-date: /home/iosnaaente/Desktop/path_planning/install/robot_kinematic/share/robot_kinematic/cmake/robot_kinematicConfig.cmake
[0.601s] -- Up-to-date: /home/iosnaaente/Desktop/path_planning/install/robot_kinematic/share/robot_kinematic/cmake/robot_kinematicConfig-version.cmake
[0.601s] -- Up-to-date: /home/iosnaaente/Desktop/path_planning/install/robot_kinematic/share/robot_kinematic/package.xml
[0.628s] Invoked command in '/home/iosnaaente/Desktop/path_planning/build/robot_kinematic' returned '0': CMAKE_PREFIX_PATH=/home/iosnaaente/Desktop/path_planning/install/custom_messages:/home/iosnaaente/Desktop/path_planning/install/robot_planner:/home/iosnaaente/Desktop/path_planning/install/robot_kinematic:/home/iosnaaente/Desktop/path_planning/install/robot_launcher:/home/iosnaaente/Desktop/path_planning/install/robot_visualizer:/home/iosnaaente/Desktop/path_planning/install/robot_launch:/opt/ros/humble /usr/bin/cmake --install /home/iosnaaente/Desktop/path_planning/build/robot_kinematic
