running egg_info
writing ../build/robot_launcher/robot_launcher.egg-info/PKG-INFO
writing dependency_links to ../build/robot_launcher/robot_launcher.egg-info/dependency_links.txt
writing entry points to ../build/robot_launcher/robot_launcher.egg-info/entry_points.txt
writing requirements to ../build/robot_launcher/robot_launcher.egg-info/requires.txt
writing top-level names to ../build/robot_launcher/robot_launcher.egg-info/top_level.txt
reading manifest file '../build/robot_launcher/robot_launcher.egg-info/SOURCES.txt'
writing manifest file '../build/robot_launcher/robot_launcher.egg-info/SOURCES.txt'
running build
running build_py
copying robot_launcher/simulation.launch.py -> /home/iosnaaente/Desktop/path_planning/build/robot_launcher/build/lib/robot_launcher
running install
running install_lib
copying /home/iosnaaente/Desktop/path_planning/build/robot_launcher/build/lib/robot_launcher/simulation.launch.py -> /home/iosnaaente/Desktop/path_planning/install/robot_launcher/lib/python3.10/site-packages/robot_launcher
byte-compiling /home/iosnaaente/Desktop/path_planning/install/robot_launcher/lib/python3.10/site-packages/robot_launcher/simulation.launch.py to simulation.launch.cpython-310.pyc
running install_data
copying robot_launcher/simulation.launch.py -> /home/iosnaaente/Desktop/path_planning/install/robot_launcher/share/robot_launcher/robot_launcher
running install_egg_info
removing '/home/iosnaaente/Desktop/path_planning/install/robot_launcher/lib/python3.10/site-packages/robot_launcher-0.0.0-py3.10.egg-info' (and everything under it)
Copying ../build/robot_launcher/robot_launcher.egg-info to /home/iosnaaente/Desktop/path_planning/install/robot_launcher/lib/python3.10/site-packages/robot_launcher-0.0.0-py3.10.egg-info
running install_scripts
writing list of installed files to '/home/iosnaaente/Desktop/path_planning/build/robot_launcher/install.log'
