[0.133s] Invoking command in '/home/iosnaaente/Desktop/path_planning/build/robot_planner': CMAKE_PREFIX_PATH=/home/iosnaaente/Desktop/path_planning/install/custom_messages:/home/iosnaaente/Desktop/path_planning/install/robot_planner:/home/iosnaaente/Desktop/path_planning/install/robot_kinematic:/home/iosnaaente/Desktop/path_planning/install/robot_launcher:/home/iosnaaente/Desktop/path_planning/install/robot_visualizer:/home/iosnaaente/Desktop/path_planning/install/robot_launch:/opt/ros/humble /usr/bin/cmake --build /home/iosnaaente/Desktop/path_planning/build/robot_planner -- -j8 -l8
[0.172s] -- Found ament_cmake: 1.3.11 (/opt/ros/humble/share/ament_cmake/cmake)
[0.362s] -- Found rclcpp: 16.0.12 (/opt/ros/humble/share/rclcpp/cmake)
[0.576s] -- Found rosidl_generator_c: 3.1.6 (/opt/ros/humble/share/rosidl_generator_c/cmake)
[0.579s] -- Found rosidl_adapter: 3.1.6 (/opt/ros/humble/share/rosidl_adapter/cmake)
[0.590s] -- Found rosidl_generator_cpp: 3.1.6 (/opt/ros/humble/share/rosidl_generator_cpp/cmake)
[0.609s] -- Using all available rosidl_typesupport_c: rosidl_typesupport_fastrtps_c;rosidl_typesupport_introspection_c
[0.631s] -- Using all available rosidl_typesupport_cpp: rosidl_typesupport_fastrtps_cpp;rosidl_typesupport_introspection_cpp
[0.680s] -- Found rmw_implementation_cmake: 6.1.2 (/opt/ros/humble/share/rmw_implementation_cmake/cmake)
[0.682s] -- Found rmw_fastrtps_cpp: 6.2.7 (/opt/ros/humble/share/rmw_fastrtps_cpp/cmake)
[8.978s] -- Using RMW implementation 'rmw_fastrtps_cpp' as default
[9.025s] -- Found geometry_msgs: 4.8.0 (/opt/ros/humble/share/geometry_msgs/cmake)
[9.039s] -- Found nav_msgs: 4.8.0 (/opt/ros/humble/share/nav_msgs/cmake)
[9.056s] -- Found custom_messages: 0.0.0 (/home/iosnaaente/Desktop/path_planning/install/custom_messages/share/custom_messages/cmake)
[9.158s] -- Configuring done
[9.169s] -- Generating done
[9.173s] -- Build files have been written to: /home/iosnaaente/Desktop/path_planning/build/robot_planner
[9.206s] [ 50%] [32mBuilding CXX object CMakeFiles/robot_planner_node.dir/src/robot_planner.cpp.o[0m
[14.946s] [100%] [32m[1mLinking CXX executable robot_planner_node[0m
[15.315s] [100%] Built target robot_planner_node
[15.327s] Invoked command in '/home/iosnaaente/Desktop/path_planning/build/robot_planner' returned '0': CMAKE_PREFIX_PATH=/home/iosnaaente/Desktop/path_planning/install/custom_messages:/home/iosnaaente/Desktop/path_planning/install/robot_planner:/home/iosnaaente/Desktop/path_planning/install/robot_kinematic:/home/iosnaaente/Desktop/path_planning/install/robot_launcher:/home/iosnaaente/Desktop/path_planning/install/robot_visualizer:/home/iosnaaente/Desktop/path_planning/install/robot_launch:/opt/ros/humble /usr/bin/cmake --build /home/iosnaaente/Desktop/path_planning/build/robot_planner -- -j8 -l8
[15.330s] Invoking command in '/home/iosnaaente/Desktop/path_planning/build/robot_planner': CMAKE_PREFIX_PATH=/home/iosnaaente/Desktop/path_planning/install/custom_messages:/home/iosnaaente/Desktop/path_planning/install/robot_planner:/home/iosnaaente/Desktop/path_planning/install/robot_kinematic:/home/iosnaaente/Desktop/path_planning/install/robot_launcher:/home/iosnaaente/Desktop/path_planning/install/robot_visualizer:/home/iosnaaente/Desktop/path_planning/install/robot_launch:/opt/ros/humble /usr/bin/cmake --install /home/iosnaaente/Desktop/path_planning/build/robot_planner
[15.336s] -- Install configuration: ""
[15.337s] -- Installing: /home/iosnaaente/Desktop/path_planning/install/robot_planner/lib/robot_planner/robot_planner_node
[15.340s] -- Set runtime path of "/home/iosnaaente/Desktop/path_planning/install/robot_planner/lib/robot_planner/robot_planner_node" to ""
[15.340s] -- Up-to-date: /home/iosnaaente/Desktop/path_planning/install/robot_planner/share/ament_index/resource_index/package_run_dependencies/robot_planner
[15.340s] -- Installing: /home/iosnaaente/Desktop/path_planning/install/robot_planner/share/ament_index/resource_index/parent_prefix_path/robot_planner
[15.344s] -- Up-to-date: /home/iosnaaente/Desktop/path_planning/install/robot_planner/share/robot_planner/environment/ament_prefix_path.sh
[15.345s] -- Installing: /home/iosnaaente/Desktop/path_planning/install/robot_planner/share/robot_planner/environment/ament_prefix_path.dsv
[15.345s] -- Up-to-date: /home/iosnaaente/Desktop/path_planning/install/robot_planner/share/robot_planner/environment/path.sh
[15.345s] -- Installing: /home/iosnaaente/Desktop/path_planning/install/robot_planner/share/robot_planner/environment/path.dsv
[15.346s] -- Up-to-date: /home/iosnaaente/Desktop/path_planning/install/robot_planner/share/robot_planner/local_setup.bash
[15.346s] -- Up-to-date: /home/iosnaaente/Desktop/path_planning/install/robot_planner/share/robot_planner/local_setup.sh
[15.346s] -- Up-to-date: /home/iosnaaente/Desktop/path_planning/install/robot_planner/share/robot_planner/local_setup.zsh
[15.346s] -- Installing: /home/iosnaaente/Desktop/path_planning/install/robot_planner/share/robot_planner/local_setup.dsv
[15.346s] -- Installing: /home/iosnaaente/Desktop/path_planning/install/robot_planner/share/robot_planner/package.dsv
[15.347s] -- Up-to-date: /home/iosnaaente/Desktop/path_planning/install/robot_planner/share/ament_index/resource_index/packages/robot_planner
[15.347s] -- Up-to-date: /home/iosnaaente/Desktop/path_planning/install/robot_planner/share/robot_planner/cmake/robot_plannerConfig.cmake
[15.347s] -- Up-to-date: /home/iosnaaente/Desktop/path_planning/install/robot_planner/share/robot_planner/cmake/robot_plannerConfig-version.cmake
[15.347s] -- Up-to-date: /home/iosnaaente/Desktop/path_planning/install/robot_planner/share/robot_planner/package.xml
[15.351s] Invoked command in '/home/iosnaaente/Desktop/path_planning/build/robot_planner' returned '0': CMAKE_PREFIX_PATH=/home/iosnaaente/Desktop/path_planning/install/custom_messages:/home/iosnaaente/Desktop/path_planning/install/robot_planner:/home/iosnaaente/Desktop/path_planning/install/robot_kinematic:/home/iosnaaente/Desktop/path_planning/install/robot_launcher:/home/iosnaaente/Desktop/path_planning/install/robot_visualizer:/home/iosnaaente/Desktop/path_planning/install/robot_launch:/opt/ros/humble /usr/bin/cmake --install /home/iosnaaente/Desktop/path_planning/build/robot_planner
