[0.031s] Invoking command in '/home/iosnaaente/Desktop/path_planning/build/custom_messages': CMAKE_PREFIX_PATH=${CMAKE_PREFIX_PATH}:/home/iosnaaente/Desktop/path_planning/install/robot_visualizer:/home/iosnaaente/Desktop/path_planning/install/robot_launch:/opt/ros/humble /usr/bin/cmake /home/iosnaaente/Desktop/path_planning/src/custom_messages -DCMAKE_INSTALL_PREFIX=/home/iosnaaente/Desktop/path_planning/install/custom_messages
[0.262s] -- The C compiler identification is GNU 11.4.0
[1.447s] -- The CXX compiler identification is GNU 11.4.0
[2.335s] -- Detecting C compiler ABI info
[2.616s] -- Detecting C compiler ABI info - done
[2.626s] -- Check for working C compiler: /usr/bin/cc - skipped
[2.627s] -- Detecting C compile features
[2.627s] -- Detecting C compile features - done
[2.632s] -- Detecting CXX compiler ABI info
[2.951s] -- Detecting CXX compiler ABI info - done
[2.965s] -- Check for working CXX compiler: /usr/bin/c++ - skipped
[2.965s] -- Detecting CXX compile features
[2.966s] -- Detecting CXX compile features - done
[2.969s] -- Found ament_cmake: 1.3.11 (/opt/ros/humble/share/ament_cmake/cmake)
[3.236s] -- Found Python3: /usr/bin/python3 (found version "3.10.12") found components: Interpreter 
[3.360s] -- Found std_msgs: 4.8.0 (/opt/ros/humble/share/std_msgs/cmake)
[3.665s] -- Found rosidl_generator_c: 3.1.6 (/opt/ros/humble/share/rosidl_generator_c/cmake)
[3.671s] -- Found rosidl_adapter: 3.1.6 (/opt/ros/humble/share/rosidl_adapter/cmake)
[3.682s] -- Found rosidl_generator_cpp: 3.1.6 (/opt/ros/humble/share/rosidl_generator_cpp/cmake)
[3.697s] -- Using all available rosidl_typesupport_c: rosidl_typesupport_fastrtps_c;rosidl_typesupport_introspection_c
[3.717s] -- Using all available rosidl_typesupport_cpp: rosidl_typesupport_fastrtps_cpp;rosidl_typesupport_introspection_cpp
[3.754s] -- Found ament_lint_auto: 0.12.12 (/opt/ros/humble/share/ament_lint_auto/cmake)
[3.881s] -- Found rosidl_default_generators: 1.2.0 (/opt/ros/humble/share/rosidl_default_generators/cmake)
[4.148s] -- Found ament_cmake_ros: 0.10.0 (/opt/ros/humble/share/ament_cmake_ros/cmake)
[4.570s] -- Using all available rosidl_typesupport_c: rosidl_typesupport_fastrtps_c;rosidl_typesupport_introspection_c
[4.753s] -- Using all available rosidl_typesupport_cpp: rosidl_typesupport_fastrtps_cpp;rosidl_typesupport_introspection_cpp
[4.972s] -- Found PythonInterp: /usr/bin/python3 (found suitable version "3.10.12", minimum required is "3.6") 
[4.973s] -- Found python_cmake_module: 0.10.0 (/opt/ros/humble/share/python_cmake_module/cmake)
[5.682s] -- Found PythonLibs: /usr/lib/x86_64-linux-gnu/libpython3.10.so (found suitable version "3.10.12", minimum required is "3.5") 
[5.683s] -- Using PYTHON_EXECUTABLE: /usr/bin/python3
[5.683s] -- Using PYTHON_INCLUDE_DIRS: /usr/include/python3.10
[5.683s] -- Using PYTHON_LIBRARIES: /usr/lib/x86_64-linux-gnu/libpython3.10.so
[5.703s] -- Found PythonExtra: .so  
[5.825s] -- Added test 'lint_cmake' to check CMake code style
[5.826s] -- Added test 'xmllint' to check XML markup files
[5.834s] -- Configuring done
[5.881s] -- Generating done
[5.894s] -- Build files have been written to: /home/iosnaaente/Desktop/path_planning/build/custom_messages
[5.904s] Invoked command in '/home/iosnaaente/Desktop/path_planning/build/custom_messages' returned '0': CMAKE_PREFIX_PATH=${CMAKE_PREFIX_PATH}:/home/iosnaaente/Desktop/path_planning/install/robot_visualizer:/home/iosnaaente/Desktop/path_planning/install/robot_launch:/opt/ros/humble /usr/bin/cmake /home/iosnaaente/Desktop/path_planning/src/custom_messages -DCMAKE_INSTALL_PREFIX=/home/iosnaaente/Desktop/path_planning/install/custom_messages
[5.907s] Invoking command in '/home/iosnaaente/Desktop/path_planning/build/custom_messages': CMAKE_PREFIX_PATH=${CMAKE_PREFIX_PATH}:/home/iosnaaente/Desktop/path_planning/install/robot_visualizer:/home/iosnaaente/Desktop/path_planning/install/robot_launch:/opt/ros/humble /usr/bin/cmake --build /home/iosnaaente/Desktop/path_planning/build/custom_messages -- -j8 -l8
[5.958s] [  2%] [34m[1mGenerating C code for ROS interfaces[0m
[5.974s] [  4%] [34m[1mGenerating C++ code for ROS interfaces[0m
[5.983s] [  4%] Built target ament_cmake_python_copy_custom_messages
[6.375s] running egg_info
[6.375s] creating custom_messages.egg-info
[6.376s] writing custom_messages.egg-info/PKG-INFO
[6.377s] writing dependency_links to custom_messages.egg-info/dependency_links.txt
[6.377s] writing top-level names to custom_messages.egg-info/top_level.txt
[6.377s] writing manifest file 'custom_messages.egg-info/SOURCES.txt'
[6.382s] reading manifest file 'custom_messages.egg-info/SOURCES.txt'
[6.383s] writing manifest file 'custom_messages.egg-info/SOURCES.txt'
[6.442s] [  4%] Built target ament_cmake_python_build_custom_messages_egg
[6.463s] [  4%] Built target custom_messages__cpp
[6.479s] [  6%] [34m[1mGenerating C++ introspection for ROS interfaces[0m
[6.480s] [  8%] [34m[1mGenerating C++ type support for eProsima Fast-RTPS[0m
[6.483s] [ 10%] [34m[1mGenerating C++ type support dispatch for ROS interfaces[0m
[6.569s] [ 12%] [32mBuilding C object CMakeFiles/custom_messages__rosidl_generator_c.dir/rosidl_generator_c/custom_messages/msg/detail/robot__functions.c.o[0m
[6.569s] [ 14%] [32mBuilding C object CMakeFiles/custom_messages__rosidl_generator_c.dir/rosidl_generator_c/custom_messages/msg/detail/target__functions.c.o[0m
[6.576s] [ 17%] [32mBuilding C object CMakeFiles/custom_messages__rosidl_generator_c.dir/rosidl_generator_c/custom_messages/msg/detail/obstacles__functions.c.o[0m
[6.671s] [ 19%] [32m[1mLinking C shared library libcustom_messages__rosidl_generator_c.so[0m
[6.862s] [ 19%] Built target custom_messages__rosidl_generator_c
[6.883s] [ 21%] [34m[1mGenerating C type support for eProsima Fast-RTPS[0m
[6.884s] [ 23%] [34m[1mGenerating C introspection for ROS interfaces[0m
[6.884s] [ 25%] [34m[1mGenerating C type support dispatch for ROS interfaces[0m
[6.976s] [ 27%] [32mBuilding CXX object CMakeFiles/custom_messages__rosidl_typesupport_cpp.dir/rosidl_typesupport_cpp/custom_messages/msg/obstacles__type_support.cpp.o[0m
[6.977s] [ 29%] [32mBuilding CXX object CMakeFiles/custom_messages__rosidl_typesupport_cpp.dir/rosidl_typesupport_cpp/custom_messages/msg/robot__type_support.cpp.o[0m
[6.997s] [ 31%] [32mBuilding CXX object CMakeFiles/custom_messages__rosidl_typesupport_cpp.dir/rosidl_typesupport_cpp/custom_messages/msg/target__type_support.cpp.o[0m
[7.134s] [ 34%] [32mBuilding CXX object CMakeFiles/custom_messages__rosidl_typesupport_introspection_cpp.dir/rosidl_typesupport_introspection_cpp/custom_messages/msg/detail/obstacles__type_support.cpp.o[0m
[7.226s] [ 36%] [32mBuilding CXX object CMakeFiles/custom_messages__rosidl_typesupport_fastrtps_cpp.dir/rosidl_typesupport_fastrtps_cpp/custom_messages/msg/detail/dds_fastrtps/obstacles__type_support.cpp.o[0m
[7.743s] [ 38%] [32mBuilding CXX object CMakeFiles/custom_messages__rosidl_typesupport_fastrtps_cpp.dir/rosidl_typesupport_fastrtps_cpp/custom_messages/msg/detail/dds_fastrtps/robot__type_support.cpp.o[0m
[7.770s] [ 40%] [32mBuilding CXX object CMakeFiles/custom_messages__rosidl_typesupport_introspection_cpp.dir/rosidl_typesupport_introspection_cpp/custom_messages/msg/detail/robot__type_support.cpp.o[0m
[7.804s] [ 42%] [32mBuilding CXX object CMakeFiles/custom_messages__rosidl_typesupport_c.dir/rosidl_typesupport_c/custom_messages/msg/obstacles__type_support.cpp.o[0m
[7.810s] [ 44%] [32mBuilding CXX object CMakeFiles/custom_messages__rosidl_typesupport_fastrtps_c.dir/rosidl_typesupport_fastrtps_c/custom_messages/msg/detail/obstacles__type_support_c.cpp.o[0m
[7.883s] [ 46%] [32m[1mLinking CXX shared library libcustom_messages__rosidl_typesupport_cpp.so[0m
[7.891s] [ 48%] [32mBuilding CXX object CMakeFiles/custom_messages__rosidl_typesupport_c.dir/rosidl_typesupport_c/custom_messages/msg/robot__type_support.cpp.o[0m
[7.963s] [ 51%] [32mBuilding C object CMakeFiles/custom_messages__rosidl_typesupport_introspection_c.dir/rosidl_typesupport_introspection_c/custom_messages/msg/detail/obstacles__type_support.c.o[0m
[7.977s] [ 53%] [32mBuilding CXX object CMakeFiles/custom_messages__rosidl_typesupport_c.dir/rosidl_typesupport_c/custom_messages/msg/target__type_support.cpp.o[0m
[8.068s] [ 55%] [32mBuilding C object CMakeFiles/custom_messages__rosidl_typesupport_introspection_c.dir/rosidl_typesupport_introspection_c/custom_messages/msg/detail/robot__type_support.c.o[0m
[8.069s] [ 57%] [32m[1mLinking CXX shared library libcustom_messages__rosidl_typesupport_c.so[0m
[8.215s] [ 59%] [32mBuilding C object CMakeFiles/custom_messages__rosidl_typesupport_introspection_c.dir/rosidl_typesupport_introspection_c/custom_messages/msg/detail/target__type_support.c.o[0m
[8.320s] [ 61%] [32m[1mLinking C shared library libcustom_messages__rosidl_typesupport_introspection_c.so[0m
[8.389s] [ 61%] Built target custom_messages__rosidl_typesupport_cpp
[8.407s] [ 63%] [32mBuilding CXX object CMakeFiles/custom_messages__rosidl_typesupport_fastrtps_c.dir/rosidl_typesupport_fastrtps_c/custom_messages/msg/detail/robot__type_support_c.cpp.o[0m
[8.408s] [ 65%] [32mBuilding CXX object CMakeFiles/custom_messages__rosidl_typesupport_fastrtps_cpp.dir/rosidl_typesupport_fastrtps_cpp/custom_messages/msg/detail/dds_fastrtps/target__type_support.cpp.o[0m
[8.532s] [ 65%] Built target custom_messages__rosidl_typesupport_c
[8.545s] [ 68%] [32mBuilding CXX object CMakeFiles/custom_messages__rosidl_typesupport_fastrtps_c.dir/rosidl_typesupport_fastrtps_c/custom_messages/msg/detail/target__type_support_c.cpp.o[0m
[8.559s] [ 70%] [32mBuilding CXX object CMakeFiles/custom_messages__rosidl_typesupport_introspection_cpp.dir/rosidl_typesupport_introspection_cpp/custom_messages/msg/detail/target__type_support.cpp.o[0m
[8.716s] [ 70%] Built target custom_messages__rosidl_typesupport_introspection_c
[9.322s] [ 72%] [32m[1mLinking CXX shared library libcustom_messages__rosidl_typesupport_fastrtps_c.so[0m
[9.344s] [ 74%] [32m[1mLinking CXX shared library libcustom_messages__rosidl_typesupport_fastrtps_cpp.so[0m
[9.535s] [ 76%] [32m[1mLinking CXX shared library libcustom_messages__rosidl_typesupport_introspection_cpp.so[0m
[9.631s] [ 76%] Built target custom_messages__rosidl_typesupport_fastrtps_c
[9.657s] [ 76%] Built target custom_messages__rosidl_typesupport_fastrtps_cpp
[9.803s] [ 76%] Built target custom_messages__rosidl_typesupport_introspection_cpp
[9.826s] [ 76%] Built target custom_messages
[9.850s] [ 78%] [34m[1mGenerating Python code for ROS interfaces[0m
[10.608s] [ 78%] Built target custom_messages__py
[10.632s] [ 82%] [32mBuilding C object CMakeFiles/custom_messages__rosidl_generator_py.dir/rosidl_generator_py/custom_messages/msg/_robot_s.c.o[0m
[10.632s] [ 85%] [32mBuilding C object CMakeFiles/custom_messages__rosidl_generator_py.dir/rosidl_generator_py/custom_messages/msg/_target_s.c.o[0m
[10.632s] [ 82%] [32mBuilding C object CMakeFiles/custom_messages__rosidl_generator_py.dir/rosidl_generator_py/custom_messages/msg/_obstacles_s.c.o[0m
[10.789s] [ 87%] [32m[1mLinking C shared library rosidl_generator_py/custom_messages/libcustom_messages__rosidl_generator_py.so[0m
[10.968s] [ 87%] Built target custom_messages__rosidl_generator_py
[10.996s] [ 89%] [32mBuilding C object CMakeFiles/custom_messages__rosidl_typesupport_introspection_c__pyext.dir/rosidl_generator_py/custom_messages/_custom_messages_s.ep.rosidl_typesupport_introspection_c.c.o[0m
[10.997s] [ 91%] [32mBuilding C object CMakeFiles/custom_messages__rosidl_typesupport_c__pyext.dir/rosidl_generator_py/custom_messages/_custom_messages_s.ep.rosidl_typesupport_c.c.o[0m
[10.997s] [ 93%] [32mBuilding C object CMakeFiles/custom_messages__rosidl_typesupport_fastrtps_c__pyext.dir/rosidl_generator_py/custom_messages/_custom_messages_s.ep.rosidl_typesupport_fastrtps_c.c.o[0m
[11.199s] [ 95%] [32m[1mLinking C shared library rosidl_generator_py/custom_messages/custom_messages_s__rosidl_typesupport_c.cpython-310-x86_64-linux-gnu.so[0m
[11.201s] [ 97%] [32m[1mLinking C shared library rosidl_generator_py/custom_messages/custom_messages_s__rosidl_typesupport_fastrtps_c.cpython-310-x86_64-linux-gnu.so[0m
[11.202s] [100%] [32m[1mLinking C shared library rosidl_generator_py/custom_messages/custom_messages_s__rosidl_typesupport_introspection_c.cpython-310-x86_64-linux-gnu.so[0m
[11.370s] [100%] Built target custom_messages__rosidl_typesupport_fastrtps_c__pyext
[11.371s] [100%] Built target custom_messages__rosidl_typesupport_c__pyext
[11.372s] [100%] Built target custom_messages__rosidl_typesupport_introspection_c__pyext
[11.388s] Invoked command in '/home/iosnaaente/Desktop/path_planning/build/custom_messages' returned '0': CMAKE_PREFIX_PATH=${CMAKE_PREFIX_PATH}:/home/iosnaaente/Desktop/path_planning/install/robot_visualizer:/home/iosnaaente/Desktop/path_planning/install/robot_launch:/opt/ros/humble /usr/bin/cmake --build /home/iosnaaente/Desktop/path_planning/build/custom_messages -- -j8 -l8
[11.401s] Invoking command in '/home/iosnaaente/Desktop/path_planning/build/custom_messages': CMAKE_PREFIX_PATH=${CMAKE_PREFIX_PATH}:/home/iosnaaente/Desktop/path_planning/install/robot_visualizer:/home/iosnaaente/Desktop/path_planning/install/robot_launch:/opt/ros/humble /usr/bin/cmake --install /home/iosnaaente/Desktop/path_planning/build/custom_messages
[11.410s] -- Install configuration: ""
[11.411s] -- Installing: /home/iosnaaente/Desktop/path_planning/install/custom_messages/share/ament_index/resource_index/rosidl_interfaces/custom_messages
[11.412s] -- Installing: /home/iosnaaente/Desktop/path_planning/install/custom_messages/include/custom_messages/custom_messages
[11.412s] -- Installing: /home/iosnaaente/Desktop/path_planning/install/custom_messages/include/custom_messages/custom_messages/msg
[11.412s] -- Installing: /home/iosnaaente/Desktop/path_planning/install/custom_messages/include/custom_messages/custom_messages/msg/detail
[11.412s] -- Installing: /home/iosnaaente/Desktop/path_planning/install/custom_messages/include/custom_messages/custom_messages/msg/detail/obstacles__functions.c
[11.413s] -- Installing: /home/iosnaaente/Desktop/path_planning/install/custom_messages/include/custom_messages/custom_messages/msg/detail/target__functions.c
[11.413s] -- Installing: /home/iosnaaente/Desktop/path_planning/install/custom_messages/include/custom_messages/custom_messages/msg/detail/target__type_support.h
[11.413s] -- Installing: /home/iosnaaente/Desktop/path_planning/install/custom_messages/include/custom_messages/custom_messages/msg/detail/target__functions.h
[11.413s] -- Installing: /home/iosnaaente/Desktop/path_planning/install/custom_messages/include/custom_messages/custom_messages/msg/detail/robot__type_support.h
[11.414s] -- Installing: /home/iosnaaente/Desktop/path_planning/install/custom_messages/include/custom_messages/custom_messages/msg/detail/obstacles__struct.h
[11.414s] -- Installing: /home/iosnaaente/Desktop/path_planning/install/custom_messages/include/custom_messages/custom_messages/msg/detail/obstacles__functions.h
[11.414s] -- Installing: /home/iosnaaente/Desktop/path_planning/install/custom_messages/include/custom_messages/custom_messages/msg/detail/robot__struct.h
[11.415s] -- Installing: /home/iosnaaente/Desktop/path_planning/install/custom_messages/include/custom_messages/custom_messages/msg/detail/robot__functions.h
[11.415s] -- Installing: /home/iosnaaente/Desktop/path_planning/install/custom_messages/include/custom_messages/custom_messages/msg/detail/robot__functions.c
[11.415s] -- Installing: /home/iosnaaente/Desktop/path_planning/install/custom_messages/include/custom_messages/custom_messages/msg/detail/target__struct.h
[11.415s] -- Installing: /home/iosnaaente/Desktop/path_planning/install/custom_messages/include/custom_messages/custom_messages/msg/detail/obstacles__type_support.h
[11.416s] -- Installing: /home/iosnaaente/Desktop/path_planning/install/custom_messages/include/custom_messages/custom_messages/msg/robot.h
[11.416s] -- Installing: /home/iosnaaente/Desktop/path_planning/install/custom_messages/include/custom_messages/custom_messages/msg/obstacles.h
[11.416s] -- Installing: /home/iosnaaente/Desktop/path_planning/install/custom_messages/include/custom_messages/custom_messages/msg/rosidl_generator_c__visibility_control.h
[11.416s] -- Installing: /home/iosnaaente/Desktop/path_planning/install/custom_messages/include/custom_messages/custom_messages/msg/target.h
[11.416s] -- Installing: /home/iosnaaente/Desktop/path_planning/install/custom_messages/share/custom_messages/environment/library_path.sh
[11.416s] -- Installing: /home/iosnaaente/Desktop/path_planning/install/custom_messages/share/custom_messages/environment/library_path.dsv
[11.416s] -- Installing: /home/iosnaaente/Desktop/path_planning/install/custom_messages/lib/libcustom_messages__rosidl_generator_c.so
[11.417s] -- Set runtime path of "/home/iosnaaente/Desktop/path_planning/install/custom_messages/lib/libcustom_messages__rosidl_generator_c.so" to ""
[11.417s] -- Up-to-date: /home/iosnaaente/Desktop/path_planning/install/custom_messages/include/custom_messages/custom_messages
[11.417s] -- Up-to-date: /home/iosnaaente/Desktop/path_planning/install/custom_messages/include/custom_messages/custom_messages/msg
[11.418s] -- Up-to-date: /home/iosnaaente/Desktop/path_planning/install/custom_messages/include/custom_messages/custom_messages/msg/detail
[11.418s] -- Installing: /home/iosnaaente/Desktop/path_planning/install/custom_messages/include/custom_messages/custom_messages/msg/detail/target__rosidl_typesupport_fastrtps_c.h
[11.418s] -- Installing: /home/iosnaaente/Desktop/path_planning/install/custom_messages/include/custom_messages/custom_messages/msg/detail/robot__rosidl_typesupport_fastrtps_c.h
[11.418s] -- Installing: /home/iosnaaente/Desktop/path_planning/install/custom_messages/include/custom_messages/custom_messages/msg/detail/obstacles__rosidl_typesupport_fastrtps_c.h
[11.418s] -- Installing: /home/iosnaaente/Desktop/path_planning/install/custom_messages/include/custom_messages/custom_messages/msg/rosidl_typesupport_fastrtps_c__visibility_control.h
[11.418s] -- Installing: /home/iosnaaente/Desktop/path_planning/install/custom_messages/lib/libcustom_messages__rosidl_typesupport_fastrtps_c.so
[11.419s] -- Set runtime path of "/home/iosnaaente/Desktop/path_planning/install/custom_messages/lib/libcustom_messages__rosidl_typesupport_fastrtps_c.so" to ""
[11.419s] -- Up-to-date: /home/iosnaaente/Desktop/path_planning/install/custom_messages/include/custom_messages/custom_messages
[11.419s] -- Up-to-date: /home/iosnaaente/Desktop/path_planning/install/custom_messages/include/custom_messages/custom_messages/msg
[11.419s] -- Installing: /home/iosnaaente/Desktop/path_planning/install/custom_messages/include/custom_messages/custom_messages/msg/obstacles.hpp
[11.420s] -- Up-to-date: /home/iosnaaente/Desktop/path_planning/install/custom_messages/include/custom_messages/custom_messages/msg/detail
[11.420s] -- Installing: /home/iosnaaente/Desktop/path_planning/install/custom_messages/include/custom_messages/custom_messages/msg/detail/obstacles__builder.hpp
[11.420s] -- Installing: /home/iosnaaente/Desktop/path_planning/install/custom_messages/include/custom_messages/custom_messages/msg/detail/obstacles__traits.hpp
[11.420s] -- Installing: /home/iosnaaente/Desktop/path_planning/install/custom_messages/include/custom_messages/custom_messages/msg/detail/target__type_support.hpp
[11.421s] -- Installing: /home/iosnaaente/Desktop/path_planning/install/custom_messages/include/custom_messages/custom_messages/msg/detail/obstacles__type_support.hpp
[11.421s] -- Installing: /home/iosnaaente/Desktop/path_planning/install/custom_messages/include/custom_messages/custom_messages/msg/detail/target__struct.hpp
[11.421s] -- Installing: /home/iosnaaente/Desktop/path_planning/install/custom_messages/include/custom_messages/custom_messages/msg/detail/robot__type_support.hpp
[11.421s] -- Installing: /home/iosnaaente/Desktop/path_planning/install/custom_messages/include/custom_messages/custom_messages/msg/detail/target__builder.hpp
[11.422s] -- Installing: /home/iosnaaente/Desktop/path_planning/install/custom_messages/include/custom_messages/custom_messages/msg/detail/obstacles__struct.hpp
[11.422s] -- Installing: /home/iosnaaente/Desktop/path_planning/install/custom_messages/include/custom_messages/custom_messages/msg/detail/robot__builder.hpp
[11.422s] -- Installing: /home/iosnaaente/Desktop/path_planning/install/custom_messages/include/custom_messages/custom_messages/msg/detail/target__traits.hpp
[11.423s] -- Installing: /home/iosnaaente/Desktop/path_planning/install/custom_messages/include/custom_messages/custom_messages/msg/detail/robot__traits.hpp
[11.423s] -- Installing: /home/iosnaaente/Desktop/path_planning/install/custom_messages/include/custom_messages/custom_messages/msg/detail/robot__struct.hpp
[11.423s] -- Installing: /home/iosnaaente/Desktop/path_planning/install/custom_messages/include/custom_messages/custom_messages/msg/target.hpp
[11.423s] -- Installing: /home/iosnaaente/Desktop/path_planning/install/custom_messages/include/custom_messages/custom_messages/msg/robot.hpp
[11.423s] -- Installing: /home/iosnaaente/Desktop/path_planning/install/custom_messages/include/custom_messages/custom_messages/msg/rosidl_generator_cpp__visibility_control.hpp
[11.423s] -- Up-to-date: /home/iosnaaente/Desktop/path_planning/install/custom_messages/include/custom_messages/custom_messages
[11.425s] -- Up-to-date: /home/iosnaaente/Desktop/path_planning/install/custom_messages/include/custom_messages/custom_messages/msg
[11.426s] -- Installing: /home/iosnaaente/Desktop/path_planning/install/custom_messages/include/custom_messages/custom_messages/msg/rosidl_typesupport_fastrtps_cpp__visibility_control.h
[11.427s] -- Up-to-date: /home/iosnaaente/Desktop/path_planning/install/custom_messages/include/custom_messages/custom_messages/msg/detail
[11.427s] -- Installing: /home/iosnaaente/Desktop/path_planning/install/custom_messages/include/custom_messages/custom_messages/msg/detail/dds_fastrtps
[11.427s] -- Installing: /home/iosnaaente/Desktop/path_planning/install/custom_messages/include/custom_messages/custom_messages/msg/detail/target__rosidl_typesupport_fastrtps_cpp.hpp
[11.427s] -- Installing: /home/iosnaaente/Desktop/path_planning/install/custom_messages/include/custom_messages/custom_messages/msg/detail/obstacles__rosidl_typesupport_fastrtps_cpp.hpp
[11.427s] -- Installing: /home/iosnaaente/Desktop/path_planning/install/custom_messages/include/custom_messages/custom_messages/msg/detail/robot__rosidl_typesupport_fastrtps_cpp.hpp
[11.428s] -- Installing: /home/iosnaaente/Desktop/path_planning/install/custom_messages/lib/libcustom_messages__rosidl_typesupport_fastrtps_cpp.so
[11.428s] -- Set runtime path of "/home/iosnaaente/Desktop/path_planning/install/custom_messages/lib/libcustom_messages__rosidl_typesupport_fastrtps_cpp.so" to ""
[11.428s] -- Up-to-date: /home/iosnaaente/Desktop/path_planning/install/custom_messages/include/custom_messages/custom_messages
[11.428s] -- Up-to-date: /home/iosnaaente/Desktop/path_planning/install/custom_messages/include/custom_messages/custom_messages/msg
[11.428s] -- Up-to-date: /home/iosnaaente/Desktop/path_planning/install/custom_messages/include/custom_messages/custom_messages/msg/detail
[11.429s] -- Installing: /home/iosnaaente/Desktop/path_planning/install/custom_messages/include/custom_messages/custom_messages/msg/detail/robot__rosidl_typesupport_introspection_c.h
[11.430s] -- Installing: /home/iosnaaente/Desktop/path_planning/install/custom_messages/include/custom_messages/custom_messages/msg/detail/target__type_support.c
[11.430s] -- Installing: /home/iosnaaente/Desktop/path_planning/install/custom_messages/include/custom_messages/custom_messages/msg/detail/obstacles__rosidl_typesupport_introspection_c.h
[11.431s] -- Installing: /home/iosnaaente/Desktop/path_planning/install/custom_messages/include/custom_messages/custom_messages/msg/detail/target__rosidl_typesupport_introspection_c.h
[11.431s] -- Installing: /home/iosnaaente/Desktop/path_planning/install/custom_messages/include/custom_messages/custom_messages/msg/detail/robot__type_support.c
[11.431s] -- Installing: /home/iosnaaente/Desktop/path_planning/install/custom_messages/include/custom_messages/custom_messages/msg/detail/obstacles__type_support.c
[11.431s] -- Installing: /home/iosnaaente/Desktop/path_planning/install/custom_messages/include/custom_messages/custom_messages/msg/rosidl_typesupport_introspection_c__visibility_control.h
[11.431s] -- Installing: /home/iosnaaente/Desktop/path_planning/install/custom_messages/lib/libcustom_messages__rosidl_typesupport_introspection_c.so
[11.431s] -- Set runtime path of "/home/iosnaaente/Desktop/path_planning/install/custom_messages/lib/libcustom_messages__rosidl_typesupport_introspection_c.so" to ""
[11.432s] -- Installing: /home/iosnaaente/Desktop/path_planning/install/custom_messages/lib/libcustom_messages__rosidl_typesupport_c.so
[11.432s] -- Set runtime path of "/home/iosnaaente/Desktop/path_planning/install/custom_messages/lib/libcustom_messages__rosidl_typesupport_c.so" to ""
[11.432s] -- Up-to-date: /home/iosnaaente/Desktop/path_planning/install/custom_messages/include/custom_messages/custom_messages
[11.432s] -- Up-to-date: /home/iosnaaente/Desktop/path_planning/install/custom_messages/include/custom_messages/custom_messages/msg
[11.432s] -- Up-to-date: /home/iosnaaente/Desktop/path_planning/install/custom_messages/include/custom_messages/custom_messages/msg/detail
[11.432s] -- Installing: /home/iosnaaente/Desktop/path_planning/install/custom_messages/include/custom_messages/custom_messages/msg/detail/robot__type_support.cpp
[11.433s] -- Installing: /home/iosnaaente/Desktop/path_planning/install/custom_messages/include/custom_messages/custom_messages/msg/detail/target__type_support.cpp
[11.433s] -- Installing: /home/iosnaaente/Desktop/path_planning/install/custom_messages/include/custom_messages/custom_messages/msg/detail/obstacles__type_support.cpp
[11.433s] -- Installing: /home/iosnaaente/Desktop/path_planning/install/custom_messages/include/custom_messages/custom_messages/msg/detail/robot__rosidl_typesupport_introspection_cpp.hpp
[11.433s] -- Installing: /home/iosnaaente/Desktop/path_planning/install/custom_messages/include/custom_messages/custom_messages/msg/detail/obstacles__rosidl_typesupport_introspection_cpp.hpp
[11.433s] -- Installing: /home/iosnaaente/Desktop/path_planning/install/custom_messages/include/custom_messages/custom_messages/msg/detail/target__rosidl_typesupport_introspection_cpp.hpp
[11.433s] -- Installing: /home/iosnaaente/Desktop/path_planning/install/custom_messages/lib/libcustom_messages__rosidl_typesupport_introspection_cpp.so
[11.433s] -- Set runtime path of "/home/iosnaaente/Desktop/path_planning/install/custom_messages/lib/libcustom_messages__rosidl_typesupport_introspection_cpp.so" to ""
[11.434s] -- Installing: /home/iosnaaente/Desktop/path_planning/install/custom_messages/lib/libcustom_messages__rosidl_typesupport_cpp.so
[11.434s] -- Set runtime path of "/home/iosnaaente/Desktop/path_planning/install/custom_messages/lib/libcustom_messages__rosidl_typesupport_cpp.so" to ""
[11.434s] -- Installing: /home/iosnaaente/Desktop/path_planning/install/custom_messages/share/custom_messages/environment/pythonpath.sh
[11.434s] -- Installing: /home/iosnaaente/Desktop/path_planning/install/custom_messages/share/custom_messages/environment/pythonpath.dsv
[11.434s] -- Installing: /home/iosnaaente/Desktop/path_planning/install/custom_messages/local/lib/python3.10/dist-packages/custom_messages-0.0.0-py3.10.egg-info
[11.434s] -- Installing: /home/iosnaaente/Desktop/path_planning/install/custom_messages/local/lib/python3.10/dist-packages/custom_messages-0.0.0-py3.10.egg-info/dependency_links.txt
[11.434s] -- Installing: /home/iosnaaente/Desktop/path_planning/install/custom_messages/local/lib/python3.10/dist-packages/custom_messages-0.0.0-py3.10.egg-info/SOURCES.txt
[11.435s] -- Installing: /home/iosnaaente/Desktop/path_planning/install/custom_messages/local/lib/python3.10/dist-packages/custom_messages-0.0.0-py3.10.egg-info/PKG-INFO
[11.435s] -- Installing: /home/iosnaaente/Desktop/path_planning/install/custom_messages/local/lib/python3.10/dist-packages/custom_messages-0.0.0-py3.10.egg-info/top_level.txt
[11.435s] -- Installing: /home/iosnaaente/Desktop/path_planning/install/custom_messages/local/lib/python3.10/dist-packages/custom_messages
[11.435s] -- Installing: /home/iosnaaente/Desktop/path_planning/install/custom_messages/local/lib/python3.10/dist-packages/custom_messages/libcustom_messages__rosidl_generator_py.so
[11.436s] -- Installing: /home/iosnaaente/Desktop/path_planning/install/custom_messages/local/lib/python3.10/dist-packages/custom_messages/_custom_messages_s.ep.rosidl_typesupport_introspection_c.c
[11.436s] -- Installing: /home/iosnaaente/Desktop/path_planning/install/custom_messages/local/lib/python3.10/dist-packages/custom_messages/msg
[11.436s] -- Installing: /home/iosnaaente/Desktop/path_planning/install/custom_messages/local/lib/python3.10/dist-packages/custom_messages/msg/_target.py
[11.437s] -- Installing: /home/iosnaaente/Desktop/path_planning/install/custom_messages/local/lib/python3.10/dist-packages/custom_messages/msg/_robot.py
[11.437s] -- Installing: /home/iosnaaente/Desktop/path_planning/install/custom_messages/local/lib/python3.10/dist-packages/custom_messages/msg/_target_s.c
[11.438s] -- Installing: /home/iosnaaente/Desktop/path_planning/install/custom_messages/local/lib/python3.10/dist-packages/custom_messages/msg/_obstacles.py
[11.438s] -- Installing: /home/iosnaaente/Desktop/path_planning/install/custom_messages/local/lib/python3.10/dist-packages/custom_messages/msg/_robot_s.c
[11.438s] -- Installing: /home/iosnaaente/Desktop/path_planning/install/custom_messages/local/lib/python3.10/dist-packages/custom_messages/msg/_obstacles_s.c
[11.439s] -- Installing: /home/iosnaaente/Desktop/path_planning/install/custom_messages/local/lib/python3.10/dist-packages/custom_messages/msg/__init__.py
[11.439s] -- Installing: /home/iosnaaente/Desktop/path_planning/install/custom_messages/local/lib/python3.10/dist-packages/custom_messages/_custom_messages_s.ep.rosidl_typesupport_fastrtps_c.c
[11.440s] -- Installing: /home/iosnaaente/Desktop/path_planning/install/custom_messages/local/lib/python3.10/dist-packages/custom_messages/custom_messages_s__rosidl_typesupport_fastrtps_c.cpython-310-x86_64-linux-gnu.so
[11.441s] -- Installing: /home/iosnaaente/Desktop/path_planning/install/custom_messages/local/lib/python3.10/dist-packages/custom_messages/_custom_messages_s.ep.rosidl_typesupport_c.c
[11.441s] -- Installing: /home/iosnaaente/Desktop/path_planning/install/custom_messages/local/lib/python3.10/dist-packages/custom_messages/custom_messages_s__rosidl_typesupport_c.cpython-310-x86_64-linux-gnu.so
[11.441s] -- Installing: /home/iosnaaente/Desktop/path_planning/install/custom_messages/local/lib/python3.10/dist-packages/custom_messages/custom_messages_s__rosidl_typesupport_introspection_c.cpython-310-x86_64-linux-gnu.so
[11.441s] -- Installing: /home/iosnaaente/Desktop/path_planning/install/custom_messages/local/lib/python3.10/dist-packages/custom_messages/__init__.py
[11.494s] Listing '/home/iosnaaente/Desktop/path_planning/install/custom_messages/local/lib/python3.10/dist-packages/custom_messages'...
[11.495s] Compiling '/home/iosnaaente/Desktop/path_planning/install/custom_messages/local/lib/python3.10/dist-packages/custom_messages/__init__.py'...
[11.495s] Listing '/home/iosnaaente/Desktop/path_planning/install/custom_messages/local/lib/python3.10/dist-packages/custom_messages/msg'...
[11.495s] Compiling '/home/iosnaaente/Desktop/path_planning/install/custom_messages/local/lib/python3.10/dist-packages/custom_messages/msg/__init__.py'...
[11.495s] Compiling '/home/iosnaaente/Desktop/path_planning/install/custom_messages/local/lib/python3.10/dist-packages/custom_messages/msg/_obstacles.py'...
[11.495s] Compiling '/home/iosnaaente/Desktop/path_planning/install/custom_messages/local/lib/python3.10/dist-packages/custom_messages/msg/_robot.py'...
[11.496s] Compiling '/home/iosnaaente/Desktop/path_planning/install/custom_messages/local/lib/python3.10/dist-packages/custom_messages/msg/_target.py'...
[11.501s] -- Installing: /home/iosnaaente/Desktop/path_planning/install/custom_messages/local/lib/python3.10/dist-packages/custom_messages/custom_messages_s__rosidl_typesupport_fastrtps_c.cpython-310-x86_64-linux-gnu.so
[11.501s] -- Set runtime path of "/home/iosnaaente/Desktop/path_planning/install/custom_messages/local/lib/python3.10/dist-packages/custom_messages/custom_messages_s__rosidl_typesupport_fastrtps_c.cpython-310-x86_64-linux-gnu.so" to ""
[11.502s] -- Installing: /home/iosnaaente/Desktop/path_planning/install/custom_messages/local/lib/python3.10/dist-packages/custom_messages/custom_messages_s__rosidl_typesupport_introspection_c.cpython-310-x86_64-linux-gnu.so
[11.503s] -- Set runtime path of "/home/iosnaaente/Desktop/path_planning/install/custom_messages/local/lib/python3.10/dist-packages/custom_messages/custom_messages_s__rosidl_typesupport_introspection_c.cpython-310-x86_64-linux-gnu.so" to ""
[11.503s] -- Installing: /home/iosnaaente/Desktop/path_planning/install/custom_messages/local/lib/python3.10/dist-packages/custom_messages/custom_messages_s__rosidl_typesupport_c.cpython-310-x86_64-linux-gnu.so
[11.503s] -- Set runtime path of "/home/iosnaaente/Desktop/path_planning/install/custom_messages/local/lib/python3.10/dist-packages/custom_messages/custom_messages_s__rosidl_typesupport_c.cpython-310-x86_64-linux-gnu.so" to ""
[11.504s] -- Installing: /home/iosnaaente/Desktop/path_planning/install/custom_messages/lib/libcustom_messages__rosidl_generator_py.so
[11.504s] -- Set runtime path of "/home/iosnaaente/Desktop/path_planning/install/custom_messages/lib/libcustom_messages__rosidl_generator_py.so" to ""
[11.505s] -- Installing: /home/iosnaaente/Desktop/path_planning/install/custom_messages/share/custom_messages/msg/Obstacles.idl
[11.505s] -- Installing: /home/iosnaaente/Desktop/path_planning/install/custom_messages/share/custom_messages/msg/Robot.idl
[11.505s] -- Installing: /home/iosnaaente/Desktop/path_planning/install/custom_messages/share/custom_messages/msg/Target.idl
[11.505s] -- Installing: /home/iosnaaente/Desktop/path_planning/install/custom_messages/share/custom_messages/msg/Obstacles.msg
[11.506s] -- Installing: /home/iosnaaente/Desktop/path_planning/install/custom_messages/share/custom_messages/msg/Robot.msg
[11.506s] -- Installing: /home/iosnaaente/Desktop/path_planning/install/custom_messages/share/custom_messages/msg/Target.msg
[11.506s] -- Installing: /home/iosnaaente/Desktop/path_planning/install/custom_messages/share/ament_index/resource_index/package_run_dependencies/custom_messages
[11.506s] -- Installing: /home/iosnaaente/Desktop/path_planning/install/custom_messages/share/ament_index/resource_index/parent_prefix_path/custom_messages
[11.507s] -- Installing: /home/iosnaaente/Desktop/path_planning/install/custom_messages/share/custom_messages/environment/ament_prefix_path.sh
[11.507s] -- Installing: /home/iosnaaente/Desktop/path_planning/install/custom_messages/share/custom_messages/environment/ament_prefix_path.dsv
[11.507s] -- Installing: /home/iosnaaente/Desktop/path_planning/install/custom_messages/share/custom_messages/environment/path.sh
[11.508s] -- Installing: /home/iosnaaente/Desktop/path_planning/install/custom_messages/share/custom_messages/environment/path.dsv
[11.508s] -- Installing: /home/iosnaaente/Desktop/path_planning/install/custom_messages/share/custom_messages/local_setup.bash
[11.508s] -- Installing: /home/iosnaaente/Desktop/path_planning/install/custom_messages/share/custom_messages/local_setup.sh
[11.508s] -- Installing: /home/iosnaaente/Desktop/path_planning/install/custom_messages/share/custom_messages/local_setup.zsh
[11.508s] -- Installing: /home/iosnaaente/Desktop/path_planning/install/custom_messages/share/custom_messages/local_setup.dsv
[11.508s] -- Installing: /home/iosnaaente/Desktop/path_planning/install/custom_messages/share/custom_messages/package.dsv
[11.508s] -- Installing: /home/iosnaaente/Desktop/path_planning/install/custom_messages/share/ament_index/resource_index/packages/custom_messages
[11.509s] -- Installing: /home/iosnaaente/Desktop/path_planning/install/custom_messages/share/custom_messages/cmake/export_custom_messages__rosidl_generator_cExport.cmake
[11.510s] -- Installing: /home/iosnaaente/Desktop/path_planning/install/custom_messages/share/custom_messages/cmake/export_custom_messages__rosidl_generator_cExport-noconfig.cmake
[11.510s] -- Installing: /home/iosnaaente/Desktop/path_planning/install/custom_messages/share/custom_messages/cmake/export_custom_messages__rosidl_typesupport_fastrtps_cExport.cmake
[11.510s] -- Installing: /home/iosnaaente/Desktop/path_planning/install/custom_messages/share/custom_messages/cmake/export_custom_messages__rosidl_typesupport_fastrtps_cExport-noconfig.cmake
[11.510s] -- Installing: /home/iosnaaente/Desktop/path_planning/install/custom_messages/share/custom_messages/cmake/export_custom_messages__rosidl_generator_cppExport.cmake
[11.511s] -- Installing: /home/iosnaaente/Desktop/path_planning/install/custom_messages/share/custom_messages/cmake/export_custom_messages__rosidl_typesupport_fastrtps_cppExport.cmake
[11.511s] -- Installing: /home/iosnaaente/Desktop/path_planning/install/custom_messages/share/custom_messages/cmake/export_custom_messages__rosidl_typesupport_fastrtps_cppExport-noconfig.cmake
[11.511s] -- Installing: /home/iosnaaente/Desktop/path_planning/install/custom_messages/share/custom_messages/cmake/custom_messages__rosidl_typesupport_introspection_cExport.cmake
[11.511s] -- Installing: /home/iosnaaente/Desktop/path_planning/install/custom_messages/share/custom_messages/cmake/custom_messages__rosidl_typesupport_introspection_cExport-noconfig.cmake
[11.512s] -- Installing: /home/iosnaaente/Desktop/path_planning/install/custom_messages/share/custom_messages/cmake/custom_messages__rosidl_typesupport_cExport.cmake
[11.512s] -- Installing: /home/iosnaaente/Desktop/path_planning/install/custom_messages/share/custom_messages/cmake/custom_messages__rosidl_typesupport_cExport-noconfig.cmake
[11.512s] -- Installing: /home/iosnaaente/Desktop/path_planning/install/custom_messages/share/custom_messages/cmake/custom_messages__rosidl_typesupport_introspection_cppExport.cmake
[11.513s] -- Installing: /home/iosnaaente/Desktop/path_planning/install/custom_messages/share/custom_messages/cmake/custom_messages__rosidl_typesupport_introspection_cppExport-noconfig.cmake
[11.513s] -- Installing: /home/iosnaaente/Desktop/path_planning/install/custom_messages/share/custom_messages/cmake/custom_messages__rosidl_typesupport_cppExport.cmake
[11.513s] -- Installing: /home/iosnaaente/Desktop/path_planning/install/custom_messages/share/custom_messages/cmake/custom_messages__rosidl_typesupport_cppExport-noconfig.cmake
[11.514s] -- Installing: /home/iosnaaente/Desktop/path_planning/install/custom_messages/share/custom_messages/cmake/export_custom_messages__rosidl_generator_pyExport.cmake
[11.514s] -- Installing: /home/iosnaaente/Desktop/path_planning/install/custom_messages/share/custom_messages/cmake/export_custom_messages__rosidl_generator_pyExport-noconfig.cmake
[11.514s] -- Installing: /home/iosnaaente/Desktop/path_planning/install/custom_messages/share/custom_messages/cmake/rosidl_cmake-extras.cmake
[11.514s] -- Installing: /home/iosnaaente/Desktop/path_planning/install/custom_messages/share/custom_messages/cmake/ament_cmake_export_dependencies-extras.cmake
[11.515s] -- Installing: /home/iosnaaente/Desktop/path_planning/install/custom_messages/share/custom_messages/cmake/ament_cmake_export_include_directories-extras.cmake
[11.515s] -- Installing: /home/iosnaaente/Desktop/path_planning/install/custom_messages/share/custom_messages/cmake/ament_cmake_export_libraries-extras.cmake
[11.515s] -- Installing: /home/iosnaaente/Desktop/path_planning/install/custom_messages/share/custom_messages/cmake/ament_cmake_export_targets-extras.cmake
[11.515s] -- Installing: /home/iosnaaente/Desktop/path_planning/install/custom_messages/share/custom_messages/cmake/rosidl_cmake_export_typesupport_targets-extras.cmake
[11.515s] -- Installing: /home/iosnaaente/Desktop/path_planning/install/custom_messages/share/custom_messages/cmake/rosidl_cmake_export_typesupport_libraries-extras.cmake
[11.515s] -- Installing: /home/iosnaaente/Desktop/path_planning/install/custom_messages/share/custom_messages/cmake/custom_messagesConfig.cmake
[11.515s] -- Installing: /home/iosnaaente/Desktop/path_planning/install/custom_messages/share/custom_messages/cmake/custom_messagesConfig-version.cmake
[11.515s] -- Installing: /home/iosnaaente/Desktop/path_planning/install/custom_messages/share/custom_messages/package.xml
[11.519s] Invoked command in '/home/iosnaaente/Desktop/path_planning/build/custom_messages' returned '0': CMAKE_PREFIX_PATH=${CMAKE_PREFIX_PATH}:/home/iosnaaente/Desktop/path_planning/install/robot_visualizer:/home/iosnaaente/Desktop/path_planning/install/robot_launch:/opt/ros/humble /usr/bin/cmake --install /home/iosnaaente/Desktop/path_planning/build/custom_messages
