[0.291s] DEBUG:colcon:Command line arguments: ['/home/iosnaaente/.local/bin/colcon', 'build']
[0.291s] DEBUG:colcon:Parsed command line arguments: Namespace(log_base=None, log_level=None, verb_name='build', build_base='build', install_base='install', merge_install=False, symlink_install=False, test_result_base=None, continue_on_error=False, executor='parallel', parallel_workers=8, event_handlers=None, ignore_user_meta=False, metas=['./colcon.meta'], base_paths=['.'], packages_ignore=None, packages_ignore_regex=None, paths=None, packages_up_to=None, packages_up_to_regex=None, packages_above=None, packages_above_and_dependencies=None, packages_above_depth=None, packages_select_by_dep=None, packages_skip_by_dep=None, packages_skip_up_to=None, packages_select_build_failed=False, packages_skip_build_finished=False, packages_select_test_failures=False, packages_skip_test_passed=False, packages_select=None, packages_skip=None, packages_select_regex=None, packages_skip_regex=None, packages_start=None, packages_end=None, allow_overriding=[], cmake_args=None, cmake_target=None, cmake_target_skip_unavailable=False, cmake_clean_cache=False, cmake_clean_first=False, cmake_force_configure=False, ament_cmake_args=None, catkin_cmake_args=None, catkin_skip_building_tests=False, verb_parser=<colcon_defaults.argument_parser.defaults.DefaultArgumentsDecorator object at 0x7f4f22d45060>, verb_extension=<colcon_core.verb.build.BuildVerb object at 0x7f4f22d44b20>, main=<bound method BuildVerb.main of <colcon_core.verb.build.BuildVerb object at 0x7f4f22d44b20>>)
[0.464s] Level 1:colcon.colcon_core.package_discovery:discover_packages(colcon_meta) check parameters
[0.464s] Level 1:colcon.colcon_core.package_discovery:discover_packages(recursive) check parameters
[0.464s] Level 1:colcon.colcon_core.package_discovery:discover_packages(ignore) check parameters
[0.464s] Level 1:colcon.colcon_core.package_discovery:discover_packages(path) check parameters
[0.464s] Level 1:colcon.colcon_core.package_discovery:discover_packages(colcon_meta) discover
[0.464s] Level 1:colcon.colcon_core.package_discovery:discover_packages(recursive) discover
[0.464s] INFO:colcon.colcon_core.package_discovery:Crawling recursively for packages in '/home/iosnaaente/Desktop/path_planning'
[0.464s] Level 1:colcon.colcon_core.package_identification:_identify(.) by extensions ['ignore', 'ignore_ament_install']
[0.464s] Level 1:colcon.colcon_core.package_identification:_identify(.) by extension 'ignore'
[0.464s] Level 1:colcon.colcon_core.package_identification:_identify(.) by extension 'ignore_ament_install'
[0.464s] Level 1:colcon.colcon_core.package_identification:_identify(.) by extensions ['colcon_pkg']
[0.464s] Level 1:colcon.colcon_core.package_identification:_identify(.) by extension 'colcon_pkg'
[0.464s] Level 1:colcon.colcon_core.package_identification:_identify(.) by extensions ['colcon_meta']
[0.464s] Level 1:colcon.colcon_core.package_identification:_identify(.) by extension 'colcon_meta'
[0.464s] Level 1:colcon.colcon_core.package_identification:_identify(.) by extensions ['ros']
[0.464s] Level 1:colcon.colcon_core.package_identification:_identify(.) by extension 'ros'
[0.489s] Level 1:colcon.colcon_core.package_identification:_identify(.) by extensions ['cmake', 'python']
[0.489s] Level 1:colcon.colcon_core.package_identification:_identify(.) by extension 'cmake'
[0.489s] Level 1:colcon.colcon_core.package_identification:_identify(.) by extension 'python'
[0.489s] Level 1:colcon.colcon_core.package_identification:_identify(.) by extensions ['python_setup_py']
[0.489s] Level 1:colcon.colcon_core.package_identification:_identify(.) by extension 'python_setup_py'
[0.489s] Level 1:colcon.colcon_core.package_identification:_identify(build) by extensions ['ignore', 'ignore_ament_install']
[0.489s] Level 1:colcon.colcon_core.package_identification:_identify(build) by extension 'ignore'
[0.489s] Level 1:colcon.colcon_core.package_identification:_identify(build) ignored
[0.489s] Level 1:colcon.colcon_core.package_identification:_identify(install) by extensions ['ignore', 'ignore_ament_install']
[0.490s] Level 1:colcon.colcon_core.package_identification:_identify(install) by extension 'ignore'
[0.490s] Level 1:colcon.colcon_core.package_identification:_identify(install) ignored
[0.490s] Level 1:colcon.colcon_core.package_identification:_identify(launcher) by extensions ['ignore', 'ignore_ament_install']
[0.490s] Level 1:colcon.colcon_core.package_identification:_identify(launcher) by extension 'ignore'
[0.490s] Level 1:colcon.colcon_core.package_identification:_identify(launcher) by extension 'ignore_ament_install'
[0.490s] Level 1:colcon.colcon_core.package_identification:_identify(launcher) by extensions ['colcon_pkg']
[0.490s] Level 1:colcon.colcon_core.package_identification:_identify(launcher) by extension 'colcon_pkg'
[0.490s] Level 1:colcon.colcon_core.package_identification:_identify(launcher) by extensions ['colcon_meta']
[0.490s] Level 1:colcon.colcon_core.package_identification:_identify(launcher) by extension 'colcon_meta'
[0.490s] Level 1:colcon.colcon_core.package_identification:_identify(launcher) by extensions ['ros']
[0.490s] Level 1:colcon.colcon_core.package_identification:_identify(launcher) by extension 'ros'
[0.492s] DEBUG:colcon.colcon_core.package_identification:Package 'launcher' with type 'ros.ament_python' and name 'robot_launcher'
[0.492s] Level 1:colcon.colcon_core.package_identification:_identify(log) by extensions ['ignore', 'ignore_ament_install']
[0.492s] Level 1:colcon.colcon_core.package_identification:_identify(log) by extension 'ignore'
[0.493s] Level 1:colcon.colcon_core.package_identification:_identify(log) ignored
[0.493s] Level 1:colcon.colcon_core.package_identification:_identify(src) by extensions ['ignore', 'ignore_ament_install']
[0.493s] Level 1:colcon.colcon_core.package_identification:_identify(src) by extension 'ignore'
[0.493s] Level 1:colcon.colcon_core.package_identification:_identify(src) by extension 'ignore_ament_install'
[0.493s] Level 1:colcon.colcon_core.package_identification:_identify(src) by extensions ['colcon_pkg']
[0.493s] Level 1:colcon.colcon_core.package_identification:_identify(src) by extension 'colcon_pkg'
[0.493s] Level 1:colcon.colcon_core.package_identification:_identify(src) by extensions ['colcon_meta']
[0.493s] Level 1:colcon.colcon_core.package_identification:_identify(src) by extension 'colcon_meta'
[0.493s] Level 1:colcon.colcon_core.package_identification:_identify(src) by extensions ['ros']
[0.493s] Level 1:colcon.colcon_core.package_identification:_identify(src) by extension 'ros'
[0.493s] Level 1:colcon.colcon_core.package_identification:_identify(src) by extensions ['cmake', 'python']
[0.493s] Level 1:colcon.colcon_core.package_identification:_identify(src) by extension 'cmake'
[0.493s] Level 1:colcon.colcon_core.package_identification:_identify(src) by extension 'python'
[0.493s] Level 1:colcon.colcon_core.package_identification:_identify(src) by extensions ['python_setup_py']
[0.493s] Level 1:colcon.colcon_core.package_identification:_identify(src) by extension 'python_setup_py'
[0.493s] Level 1:colcon.colcon_core.package_identification:_identify(src/custom_messages) by extensions ['ignore', 'ignore_ament_install']
[0.493s] Level 1:colcon.colcon_core.package_identification:_identify(src/custom_messages) by extension 'ignore'
[0.493s] Level 1:colcon.colcon_core.package_identification:_identify(src/custom_messages) by extension 'ignore_ament_install'
[0.493s] Level 1:colcon.colcon_core.package_identification:_identify(src/custom_messages) by extensions ['colcon_pkg']
[0.493s] Level 1:colcon.colcon_core.package_identification:_identify(src/custom_messages) by extension 'colcon_pkg'
[0.494s] Level 1:colcon.colcon_core.package_identification:_identify(src/custom_messages) by extensions ['colcon_meta']
[0.494s] Level 1:colcon.colcon_core.package_identification:_identify(src/custom_messages) by extension 'colcon_meta'
[0.494s] Level 1:colcon.colcon_core.package_identification:_identify(src/custom_messages) by extensions ['ros']
[0.494s] Level 1:colcon.colcon_core.package_identification:_identify(src/custom_messages) by extension 'ros'
[0.494s] DEBUG:colcon.colcon_core.package_identification:Package 'src/custom_messages' with type 'ros.ament_cmake' and name 'custom_messages'
[0.494s] Level 1:colcon.colcon_core.package_identification:_identify(src/robot_kinematic) by extensions ['ignore', 'ignore_ament_install']
[0.494s] Level 1:colcon.colcon_core.package_identification:_identify(src/robot_kinematic) by extension 'ignore'
[0.494s] Level 1:colcon.colcon_core.package_identification:_identify(src/robot_kinematic) by extension 'ignore_ament_install'
[0.494s] Level 1:colcon.colcon_core.package_identification:_identify(src/robot_kinematic) by extensions ['colcon_pkg']
[0.494s] Level 1:colcon.colcon_core.package_identification:_identify(src/robot_kinematic) by extension 'colcon_pkg'
[0.494s] Level 1:colcon.colcon_core.package_identification:_identify(src/robot_kinematic) by extensions ['colcon_meta']
[0.495s] Level 1:colcon.colcon_core.package_identification:_identify(src/robot_kinematic) by extension 'colcon_meta'
[0.495s] Level 1:colcon.colcon_core.package_identification:_identify(src/robot_kinematic) by extensions ['ros']
[0.495s] Level 1:colcon.colcon_core.package_identification:_identify(src/robot_kinematic) by extension 'ros'
[0.495s] DEBUG:colcon.colcon_core.package_identification:Package 'src/robot_kinematic' with type 'ros.ament_cmake' and name 'robot_kinematic'
[0.495s] Level 1:colcon.colcon_core.package_identification:_identify(src/robot_planner) by extensions ['ignore', 'ignore_ament_install']
[0.495s] Level 1:colcon.colcon_core.package_identification:_identify(src/robot_planner) by extension 'ignore'
[0.495s] Level 1:colcon.colcon_core.package_identification:_identify(src/robot_planner) by extension 'ignore_ament_install'
[0.495s] Level 1:colcon.colcon_core.package_identification:_identify(src/robot_planner) by extensions ['colcon_pkg']
[0.495s] Level 1:colcon.colcon_core.package_identification:_identify(src/robot_planner) by extension 'colcon_pkg'
[0.496s] Level 1:colcon.colcon_core.package_identification:_identify(src/robot_planner) by extensions ['colcon_meta']
[0.496s] Level 1:colcon.colcon_core.package_identification:_identify(src/robot_planner) by extension 'colcon_meta'
[0.496s] Level 1:colcon.colcon_core.package_identification:_identify(src/robot_planner) by extensions ['ros']
[0.496s] Level 1:colcon.colcon_core.package_identification:_identify(src/robot_planner) by extension 'ros'
[0.496s] DEBUG:colcon.colcon_core.package_identification:Package 'src/robot_planner' with type 'ros.ament_cmake' and name 'robot_planner'
[0.496s] Level 1:colcon.colcon_core.package_identification:_identify(src/robot_visualizer) by extensions ['ignore', 'ignore_ament_install']
[0.496s] Level 1:colcon.colcon_core.package_identification:_identify(src/robot_visualizer) by extension 'ignore'
[0.496s] Level 1:colcon.colcon_core.package_identification:_identify(src/robot_visualizer) by extension 'ignore_ament_install'
[0.496s] Level 1:colcon.colcon_core.package_identification:_identify(src/robot_visualizer) by extensions ['colcon_pkg']
[0.496s] Level 1:colcon.colcon_core.package_identification:_identify(src/robot_visualizer) by extension 'colcon_pkg'
[0.496s] Level 1:colcon.colcon_core.package_identification:_identify(src/robot_visualizer) by extensions ['colcon_meta']
[0.497s] Level 1:colcon.colcon_core.package_identification:_identify(src/robot_visualizer) by extension 'colcon_meta'
[0.497s] Level 1:colcon.colcon_core.package_identification:_identify(src/robot_visualizer) by extensions ['ros']
[0.497s] Level 1:colcon.colcon_core.package_identification:_identify(src/robot_visualizer) by extension 'ros'
[0.497s] DEBUG:colcon.colcon_core.package_identification:Package 'src/robot_visualizer' with type 'ros.ament_python' and name 'robot_visualizer'
[0.497s] Level 1:colcon.colcon_core.package_discovery:discover_packages(recursive) using defaults
[0.497s] Level 1:colcon.colcon_core.package_discovery:discover_packages(ignore) discover
[0.497s] Level 1:colcon.colcon_core.package_discovery:discover_packages(ignore) using defaults
[0.497s] Level 1:colcon.colcon_core.package_discovery:discover_packages(path) discover
[0.497s] Level 1:colcon.colcon_core.package_discovery:discover_packages(path) using defaults
[0.540s] Level 1:colcon.colcon_core.package_discovery:discover_packages(prefix_path) check parameters
[0.540s] Level 1:colcon.colcon_core.package_discovery:discover_packages(prefix_path) discover
[0.541s] WARNING:colcon.colcon_ros.prefix_path.ament:The path '/home/iosnaaente/Desktop/path_planning/install/robot_launch' in the environment variable AMENT_PREFIX_PATH doesn't exist
[0.543s] DEBUG:colcon.colcon_installed_package_information.package_discovery:Found 5 installed packages in /home/iosnaaente/Desktop/path_planning/install
[0.544s] DEBUG:colcon.colcon_installed_package_information.package_discovery:Found 294 installed packages in /opt/ros/humble
[0.546s] Level 1:colcon.colcon_core.package_discovery:discover_packages(prefix_path) using defaults
[0.599s] Level 5:colcon.colcon_core.verb:set package 'custom_messages' build argument 'cmake_args' from command line to 'None'
[0.600s] Level 5:colcon.colcon_core.verb:set package 'custom_messages' build argument 'cmake_target' from command line to 'None'
[0.600s] Level 5:colcon.colcon_core.verb:set package 'custom_messages' build argument 'cmake_target_skip_unavailable' from command line to 'False'
[0.600s] Level 5:colcon.colcon_core.verb:set package 'custom_messages' build argument 'cmake_clean_cache' from command line to 'False'
[0.600s] Level 5:colcon.colcon_core.verb:set package 'custom_messages' build argument 'cmake_clean_first' from command line to 'False'
[0.600s] Level 5:colcon.colcon_core.verb:set package 'custom_messages' build argument 'cmake_force_configure' from command line to 'False'
[0.600s] Level 5:colcon.colcon_core.verb:set package 'custom_messages' build argument 'ament_cmake_args' from command line to 'None'
[0.600s] Level 5:colcon.colcon_core.verb:set package 'custom_messages' build argument 'catkin_cmake_args' from command line to 'None'
[0.600s] Level 5:colcon.colcon_core.verb:set package 'custom_messages' build argument 'catkin_skip_building_tests' from command line to 'False'
[0.600s] DEBUG:colcon.colcon_core.verb:Building package 'custom_messages' with the following arguments: {'ament_cmake_args': None, 'build_base': '/home/iosnaaente/Desktop/path_planning/build/custom_messages', 'catkin_cmake_args': None, 'catkin_skip_building_tests': False, 'cmake_args': None, 'cmake_clean_cache': False, 'cmake_clean_first': False, 'cmake_force_configure': False, 'cmake_target': None, 'cmake_target_skip_unavailable': False, 'install_base': '/home/iosnaaente/Desktop/path_planning/install/custom_messages', 'merge_install': False, 'path': '/home/iosnaaente/Desktop/path_planning/src/custom_messages', 'symlink_install': False, 'test_result_base': None}
[0.601s] Level 5:colcon.colcon_core.verb:set package 'robot_launcher' build argument 'cmake_args' from command line to 'None'
[0.601s] Level 5:colcon.colcon_core.verb:set package 'robot_launcher' build argument 'cmake_target' from command line to 'None'
[0.601s] Level 5:colcon.colcon_core.verb:set package 'robot_launcher' build argument 'cmake_target_skip_unavailable' from command line to 'False'
[0.601s] Level 5:colcon.colcon_core.verb:set package 'robot_launcher' build argument 'cmake_clean_cache' from command line to 'False'
[0.601s] Level 5:colcon.colcon_core.verb:set package 'robot_launcher' build argument 'cmake_clean_first' from command line to 'False'
[0.601s] Level 5:colcon.colcon_core.verb:set package 'robot_launcher' build argument 'cmake_force_configure' from command line to 'False'
[0.601s] Level 5:colcon.colcon_core.verb:set package 'robot_launcher' build argument 'ament_cmake_args' from command line to 'None'
[0.601s] Level 5:colcon.colcon_core.verb:set package 'robot_launcher' build argument 'catkin_cmake_args' from command line to 'None'
[0.601s] Level 5:colcon.colcon_core.verb:set package 'robot_launcher' build argument 'catkin_skip_building_tests' from command line to 'False'
[0.601s] DEBUG:colcon.colcon_core.verb:Building package 'robot_launcher' with the following arguments: {'ament_cmake_args': None, 'build_base': '/home/iosnaaente/Desktop/path_planning/build/robot_launcher', 'catkin_cmake_args': None, 'catkin_skip_building_tests': False, 'cmake_args': None, 'cmake_clean_cache': False, 'cmake_clean_first': False, 'cmake_force_configure': False, 'cmake_target': None, 'cmake_target_skip_unavailable': False, 'install_base': '/home/iosnaaente/Desktop/path_planning/install/robot_launcher', 'merge_install': False, 'path': '/home/iosnaaente/Desktop/path_planning/launcher', 'symlink_install': False, 'test_result_base': None}
[0.602s] Level 5:colcon.colcon_core.verb:set package 'robot_kinematic' build argument 'cmake_args' from command line to 'None'
[0.602s] Level 5:colcon.colcon_core.verb:set package 'robot_kinematic' build argument 'cmake_target' from command line to 'None'
[0.602s] Level 5:colcon.colcon_core.verb:set package 'robot_kinematic' build argument 'cmake_target_skip_unavailable' from command line to 'False'
[0.602s] Level 5:colcon.colcon_core.verb:set package 'robot_kinematic' build argument 'cmake_clean_cache' from command line to 'False'
[0.602s] Level 5:colcon.colcon_core.verb:set package 'robot_kinematic' build argument 'cmake_clean_first' from command line to 'False'
[0.602s] Level 5:colcon.colcon_core.verb:set package 'robot_kinematic' build argument 'cmake_force_configure' from command line to 'False'
[0.602s] Level 5:colcon.colcon_core.verb:set package 'robot_kinematic' build argument 'ament_cmake_args' from command line to 'None'
[0.602s] Level 5:colcon.colcon_core.verb:set package 'robot_kinematic' build argument 'catkin_cmake_args' from command line to 'None'
[0.602s] Level 5:colcon.colcon_core.verb:set package 'robot_kinematic' build argument 'catkin_skip_building_tests' from command line to 'False'
[0.602s] DEBUG:colcon.colcon_core.verb:Building package 'robot_kinematic' with the following arguments: {'ament_cmake_args': None, 'build_base': '/home/iosnaaente/Desktop/path_planning/build/robot_kinematic', 'catkin_cmake_args': None, 'catkin_skip_building_tests': False, 'cmake_args': None, 'cmake_clean_cache': False, 'cmake_clean_first': False, 'cmake_force_configure': False, 'cmake_target': None, 'cmake_target_skip_unavailable': False, 'install_base': '/home/iosnaaente/Desktop/path_planning/install/robot_kinematic', 'merge_install': False, 'path': '/home/iosnaaente/Desktop/path_planning/src/robot_kinematic', 'symlink_install': False, 'test_result_base': None}
[0.602s] Level 5:colcon.colcon_core.verb:set package 'robot_planner' build argument 'cmake_args' from command line to 'None'
[0.602s] Level 5:colcon.colcon_core.verb:set package 'robot_planner' build argument 'cmake_target' from command line to 'None'
[0.602s] Level 5:colcon.colcon_core.verb:set package 'robot_planner' build argument 'cmake_target_skip_unavailable' from command line to 'False'
[0.602s] Level 5:colcon.colcon_core.verb:set package 'robot_planner' build argument 'cmake_clean_cache' from command line to 'False'
[0.602s] Level 5:colcon.colcon_core.verb:set package 'robot_planner' build argument 'cmake_clean_first' from command line to 'False'
[0.603s] Level 5:colcon.colcon_core.verb:set package 'robot_planner' build argument 'cmake_force_configure' from command line to 'False'
[0.603s] Level 5:colcon.colcon_core.verb:set package 'robot_planner' build argument 'ament_cmake_args' from command line to 'None'
[0.603s] Level 5:colcon.colcon_core.verb:set package 'robot_planner' build argument 'catkin_cmake_args' from command line to 'None'
[0.603s] Level 5:colcon.colcon_core.verb:set package 'robot_planner' build argument 'catkin_skip_building_tests' from command line to 'False'
[0.603s] DEBUG:colcon.colcon_core.verb:Building package 'robot_planner' with the following arguments: {'ament_cmake_args': None, 'build_base': '/home/iosnaaente/Desktop/path_planning/build/robot_planner', 'catkin_cmake_args': None, 'catkin_skip_building_tests': False, 'cmake_args': None, 'cmake_clean_cache': False, 'cmake_clean_first': False, 'cmake_force_configure': False, 'cmake_target': None, 'cmake_target_skip_unavailable': False, 'install_base': '/home/iosnaaente/Desktop/path_planning/install/robot_planner', 'merge_install': False, 'path': '/home/iosnaaente/Desktop/path_planning/src/robot_planner', 'symlink_install': False, 'test_result_base': None}
[0.603s] Level 5:colcon.colcon_core.verb:set package 'robot_visualizer' build argument 'cmake_args' from command line to 'None'
[0.603s] Level 5:colcon.colcon_core.verb:set package 'robot_visualizer' build argument 'cmake_target' from command line to 'None'
[0.603s] Level 5:colcon.colcon_core.verb:set package 'robot_visualizer' build argument 'cmake_target_skip_unavailable' from command line to 'False'
[0.603s] Level 5:colcon.colcon_core.verb:set package 'robot_visualizer' build argument 'cmake_clean_cache' from command line to 'False'
[0.603s] Level 5:colcon.colcon_core.verb:set package 'robot_visualizer' build argument 'cmake_clean_first' from command line to 'False'
[0.603s] Level 5:colcon.colcon_core.verb:set package 'robot_visualizer' build argument 'cmake_force_configure' from command line to 'False'
[0.603s] Level 5:colcon.colcon_core.verb:set package 'robot_visualizer' build argument 'ament_cmake_args' from command line to 'None'
[0.603s] Level 5:colcon.colcon_core.verb:set package 'robot_visualizer' build argument 'catkin_cmake_args' from command line to 'None'
[0.603s] Level 5:colcon.colcon_core.verb:set package 'robot_visualizer' build argument 'catkin_skip_building_tests' from command line to 'False'
[0.603s] DEBUG:colcon.colcon_core.verb:Building package 'robot_visualizer' with the following arguments: {'ament_cmake_args': None, 'build_base': '/home/iosnaaente/Desktop/path_planning/build/robot_visualizer', 'catkin_cmake_args': None, 'catkin_skip_building_tests': False, 'cmake_args': None, 'cmake_clean_cache': False, 'cmake_clean_first': False, 'cmake_force_configure': False, 'cmake_target': None, 'cmake_target_skip_unavailable': False, 'install_base': '/home/iosnaaente/Desktop/path_planning/install/robot_visualizer', 'merge_install': False, 'path': '/home/iosnaaente/Desktop/path_planning/src/robot_visualizer', 'symlink_install': False, 'test_result_base': None}
[0.603s] INFO:colcon.colcon_core.executor:Executing jobs using 'parallel' executor
[0.605s] DEBUG:colcon.colcon_parallel_executor.executor.parallel:run_until_complete
[0.606s] INFO:colcon.colcon_ros.task.ament_cmake.build:Building ROS package in '/home/iosnaaente/Desktop/path_planning/src/custom_messages' with build type 'ament_cmake'
[0.606s] INFO:colcon.colcon_cmake.task.cmake.build:Building CMake package in '/home/iosnaaente/Desktop/path_planning/src/custom_messages'
[0.608s] INFO:colcon.colcon_core.plugin_system:Skipping extension 'colcon_core.shell.bat': Not used on non-Windows systems
[0.608s] INFO:colcon.colcon_core.shell:Skip shell extension 'powershell' for command environment: Not usable outside of PowerShell
[0.608s] DEBUG:colcon.colcon_core.shell:Skip shell extension 'dsv' for command environment
[0.612s] INFO:colcon.colcon_ros.task.ament_python.build:Building ROS package in '/home/iosnaaente/Desktop/path_planning/launcher' with build type 'ament_python'
[0.612s] Level 1:colcon.colcon_core.shell:create_environment_hook('robot_launcher', 'ament_prefix_path')
[0.613s] INFO:colcon.colcon_core.shell:Creating environment hook '/home/iosnaaente/Desktop/path_planning/install/robot_launcher/share/robot_launcher/hook/ament_prefix_path.ps1'
[0.614s] INFO:colcon.colcon_core.shell:Creating environment descriptor '/home/iosnaaente/Desktop/path_planning/install/robot_launcher/share/robot_launcher/hook/ament_prefix_path.dsv'
[0.615s] INFO:colcon.colcon_core.shell:Creating environment hook '/home/iosnaaente/Desktop/path_planning/install/robot_launcher/share/robot_launcher/hook/ament_prefix_path.sh'
[0.615s] INFO:colcon.colcon_core.shell:Skip shell extension 'powershell' for command environment: Not usable outside of PowerShell
[0.615s] DEBUG:colcon.colcon_core.shell:Skip shell extension 'dsv' for command environment
[0.628s] DEBUG:colcon.colcon_core.event_handler.log_command:Invoking command in '/home/iosnaaente/Desktop/path_planning/build/custom_messages': CMAKE_PREFIX_PATH=${CMAKE_PREFIX_PATH}:/home/iosnaaente/Desktop/path_planning/install/robot_launcher:/home/iosnaaente/Desktop/path_planning/install/robot_visualizer:/home/iosnaaente/Desktop/path_planning/install/robot_launch:/opt/ros/humble /usr/bin/cmake --build /home/iosnaaente/Desktop/path_planning/build/custom_messages -- -j8 -l8
[1.057s] INFO:colcon.colcon_core.task.python.build:Building Python package in '/home/iosnaaente/Desktop/path_planning/launcher'
[1.057s] INFO:colcon.colcon_core.shell:Skip shell extension 'powershell' for command environment: Not usable outside of PowerShell
[1.057s] DEBUG:colcon.colcon_core.shell:Skip shell extension 'dsv' for command environment
[1.164s] DEBUG:colcon.colcon_core.event_handler.log_command:Invoked command in '/home/iosnaaente/Desktop/path_planning/build/custom_messages' returned '0': CMAKE_PREFIX_PATH=${CMAKE_PREFIX_PATH}:/home/iosnaaente/Desktop/path_planning/install/robot_launcher:/home/iosnaaente/Desktop/path_planning/install/robot_visualizer:/home/iosnaaente/Desktop/path_planning/install/robot_launch:/opt/ros/humble /usr/bin/cmake --build /home/iosnaaente/Desktop/path_planning/build/custom_messages -- -j8 -l8
[1.176s] DEBUG:colcon.colcon_core.event_handler.log_command:Invoking command in '/home/iosnaaente/Desktop/path_planning/build/custom_messages': CMAKE_PREFIX_PATH=${CMAKE_PREFIX_PATH}:/home/iosnaaente/Desktop/path_planning/install/robot_launcher:/home/iosnaaente/Desktop/path_planning/install/robot_visualizer:/home/iosnaaente/Desktop/path_planning/install/robot_launch:/opt/ros/humble /usr/bin/cmake --install /home/iosnaaente/Desktop/path_planning/build/custom_messages
[1.262s] Level 1:colcon.colcon_core.environment:create_environment_scripts_only(custom_messages)
[1.264s] DEBUG:colcon.colcon_core.event_handler.log_command:Invoked command in '/home/iosnaaente/Desktop/path_planning/build/custom_messages' returned '0': CMAKE_PREFIX_PATH=${CMAKE_PREFIX_PATH}:/home/iosnaaente/Desktop/path_planning/install/robot_launcher:/home/iosnaaente/Desktop/path_planning/install/robot_visualizer:/home/iosnaaente/Desktop/path_planning/install/robot_launch:/opt/ros/humble /usr/bin/cmake --install /home/iosnaaente/Desktop/path_planning/build/custom_messages
[1.266s] Level 1:colcon.colcon_core.environment:checking '/home/iosnaaente/Desktop/path_planning/install/custom_messages' for CMake module files
[1.267s] Level 1:colcon.colcon_core.environment:checking '/home/iosnaaente/Desktop/path_planning/install/custom_messages' for CMake config files
[1.268s] Level 1:colcon.colcon_core.shell:create_environment_hook('custom_messages', 'cmake_prefix_path')
[1.268s] INFO:colcon.colcon_core.shell:Creating environment hook '/home/iosnaaente/Desktop/path_planning/install/custom_messages/share/custom_messages/hook/cmake_prefix_path.ps1'
[1.268s] INFO:colcon.colcon_core.shell:Creating environment descriptor '/home/iosnaaente/Desktop/path_planning/install/custom_messages/share/custom_messages/hook/cmake_prefix_path.dsv'
[1.269s] INFO:colcon.colcon_core.shell:Creating environment hook '/home/iosnaaente/Desktop/path_planning/install/custom_messages/share/custom_messages/hook/cmake_prefix_path.sh'
[1.269s] Level 1:colcon.colcon_core.environment:checking '/home/iosnaaente/Desktop/path_planning/install/custom_messages/lib'
[1.270s] Level 1:colcon.colcon_core.shell:create_environment_hook('custom_messages', 'ld_library_path_lib')
[1.270s] INFO:colcon.colcon_core.shell:Creating environment hook '/home/iosnaaente/Desktop/path_planning/install/custom_messages/share/custom_messages/hook/ld_library_path_lib.ps1'
[1.270s] INFO:colcon.colcon_core.shell:Creating environment descriptor '/home/iosnaaente/Desktop/path_planning/install/custom_messages/share/custom_messages/hook/ld_library_path_lib.dsv'
[1.271s] INFO:colcon.colcon_core.shell:Creating environment hook '/home/iosnaaente/Desktop/path_planning/install/custom_messages/share/custom_messages/hook/ld_library_path_lib.sh'
[1.271s] Level 1:colcon.colcon_core.environment:checking '/home/iosnaaente/Desktop/path_planning/install/custom_messages/bin'
[1.272s] Level 1:colcon.colcon_core.environment:checking '/home/iosnaaente/Desktop/path_planning/install/custom_messages/lib/pkgconfig/custom_messages.pc'
[1.272s] Level 1:colcon.colcon_core.environment:checking '/home/iosnaaente/Desktop/path_planning/install/custom_messages/lib/python3.10/site-packages'
[1.273s] Level 1:colcon.colcon_core.environment:checking '/home/iosnaaente/Desktop/path_planning/install/custom_messages/bin'
[1.273s] INFO:colcon.colcon_core.shell:Creating package script '/home/iosnaaente/Desktop/path_planning/install/custom_messages/share/custom_messages/package.ps1'
[1.274s] INFO:colcon.colcon_core.shell:Creating package descriptor '/home/iosnaaente/Desktop/path_planning/install/custom_messages/share/custom_messages/package.dsv'
[1.275s] INFO:colcon.colcon_core.shell:Creating package script '/home/iosnaaente/Desktop/path_planning/install/custom_messages/share/custom_messages/package.sh'
[1.276s] INFO:colcon.colcon_core.shell:Creating package script '/home/iosnaaente/Desktop/path_planning/install/custom_messages/share/custom_messages/package.bash'
[1.277s] INFO:colcon.colcon_core.shell:Creating package script '/home/iosnaaente/Desktop/path_planning/install/custom_messages/share/custom_messages/package.zsh'
[1.278s] Level 1:colcon.colcon_core.environment:create_file_with_runtime_dependencies(/home/iosnaaente/Desktop/path_planning/install/custom_messages/share/colcon-core/packages/custom_messages)
[1.280s] Level 1:colcon.colcon_core.environment:create_environment_scripts_only(custom_messages)
[1.280s] Level 1:colcon.colcon_core.environment:checking '/home/iosnaaente/Desktop/path_planning/install/custom_messages' for CMake module files
[1.281s] Level 1:colcon.colcon_core.environment:checking '/home/iosnaaente/Desktop/path_planning/install/custom_messages' for CMake config files
[1.281s] Level 1:colcon.colcon_core.shell:create_environment_hook('custom_messages', 'cmake_prefix_path')
[1.281s] INFO:colcon.colcon_core.shell:Creating environment hook '/home/iosnaaente/Desktop/path_planning/install/custom_messages/share/custom_messages/hook/cmake_prefix_path.ps1'
[1.282s] INFO:colcon.colcon_core.shell:Creating environment descriptor '/home/iosnaaente/Desktop/path_planning/install/custom_messages/share/custom_messages/hook/cmake_prefix_path.dsv'
[1.282s] INFO:colcon.colcon_core.shell:Creating environment hook '/home/iosnaaente/Desktop/path_planning/install/custom_messages/share/custom_messages/hook/cmake_prefix_path.sh'
[1.283s] Level 1:colcon.colcon_core.environment:checking '/home/iosnaaente/Desktop/path_planning/install/custom_messages/lib'
[1.283s] Level 1:colcon.colcon_core.shell:create_environment_hook('custom_messages', 'ld_library_path_lib')
[1.283s] INFO:colcon.colcon_core.shell:Creating environment hook '/home/iosnaaente/Desktop/path_planning/install/custom_messages/share/custom_messages/hook/ld_library_path_lib.ps1'
[1.284s] INFO:colcon.colcon_core.shell:Creating environment descriptor '/home/iosnaaente/Desktop/path_planning/install/custom_messages/share/custom_messages/hook/ld_library_path_lib.dsv'
[1.284s] INFO:colcon.colcon_core.shell:Creating environment hook '/home/iosnaaente/Desktop/path_planning/install/custom_messages/share/custom_messages/hook/ld_library_path_lib.sh'
[1.284s] Level 1:colcon.colcon_core.environment:checking '/home/iosnaaente/Desktop/path_planning/install/custom_messages/bin'
[1.284s] Level 1:colcon.colcon_core.environment:checking '/home/iosnaaente/Desktop/path_planning/install/custom_messages/lib/pkgconfig/custom_messages.pc'
[1.285s] Level 1:colcon.colcon_core.environment:checking '/home/iosnaaente/Desktop/path_planning/install/custom_messages/lib/python3.10/site-packages'
[1.285s] Level 1:colcon.colcon_core.environment:checking '/home/iosnaaente/Desktop/path_planning/install/custom_messages/bin'
[1.285s] INFO:colcon.colcon_core.shell:Creating package script '/home/iosnaaente/Desktop/path_planning/install/custom_messages/share/custom_messages/package.ps1'
[1.286s] INFO:colcon.colcon_core.shell:Creating package descriptor '/home/iosnaaente/Desktop/path_planning/install/custom_messages/share/custom_messages/package.dsv'
[1.286s] INFO:colcon.colcon_core.shell:Creating package script '/home/iosnaaente/Desktop/path_planning/install/custom_messages/share/custom_messages/package.sh'
[1.287s] INFO:colcon.colcon_core.shell:Creating package script '/home/iosnaaente/Desktop/path_planning/install/custom_messages/share/custom_messages/package.bash'
[1.287s] INFO:colcon.colcon_core.shell:Creating package script '/home/iosnaaente/Desktop/path_planning/install/custom_messages/share/custom_messages/package.zsh'
[1.287s] Level 1:colcon.colcon_core.environment:create_file_with_runtime_dependencies(/home/iosnaaente/Desktop/path_planning/install/custom_messages/share/colcon-core/packages/custom_messages)
[1.288s] INFO:colcon.colcon_ros.task.ament_cmake.build:Building ROS package in '/home/iosnaaente/Desktop/path_planning/src/robot_kinematic' with build type 'ament_cmake'
[1.288s] INFO:colcon.colcon_cmake.task.cmake.build:Building CMake package in '/home/iosnaaente/Desktop/path_planning/src/robot_kinematic'
[1.288s] INFO:colcon.colcon_core.shell:Skip shell extension 'powershell' for command environment: Not usable outside of PowerShell
[1.288s] DEBUG:colcon.colcon_core.shell:Skip shell extension 'dsv' for command environment
[1.293s] INFO:colcon.colcon_ros.task.ament_cmake.build:Building ROS package in '/home/iosnaaente/Desktop/path_planning/src/robot_planner' with build type 'ament_cmake'
[1.293s] INFO:colcon.colcon_cmake.task.cmake.build:Building CMake package in '/home/iosnaaente/Desktop/path_planning/src/robot_planner'
[1.294s] INFO:colcon.colcon_core.shell:Skip shell extension 'powershell' for command environment: Not usable outside of PowerShell
[1.294s] DEBUG:colcon.colcon_core.shell:Skip shell extension 'dsv' for command environment
[1.300s] INFO:colcon.colcon_ros.task.ament_python.build:Building ROS package in '/home/iosnaaente/Desktop/path_planning/src/robot_visualizer' with build type 'ament_python'
[1.301s] Level 1:colcon.colcon_core.shell:create_environment_hook('robot_visualizer', 'ament_prefix_path')
[1.302s] INFO:colcon.colcon_core.shell:Creating environment hook '/home/iosnaaente/Desktop/path_planning/install/robot_visualizer/share/robot_visualizer/hook/ament_prefix_path.ps1'
[1.303s] INFO:colcon.colcon_core.shell:Creating environment descriptor '/home/iosnaaente/Desktop/path_planning/install/robot_visualizer/share/robot_visualizer/hook/ament_prefix_path.dsv'
[1.303s] INFO:colcon.colcon_core.shell:Creating environment hook '/home/iosnaaente/Desktop/path_planning/install/robot_visualizer/share/robot_visualizer/hook/ament_prefix_path.sh'
[1.304s] INFO:colcon.colcon_core.shell:Skip shell extension 'powershell' for command environment: Not usable outside of PowerShell
[1.304s] DEBUG:colcon.colcon_core.shell:Skip shell extension 'dsv' for command environment
[1.420s] DEBUG:colcon.colcon_core.event_handler.log_command:Invoking command in '/home/iosnaaente/Desktop/path_planning/build/robot_planner': CMAKE_PREFIX_PATH=/home/iosnaaente/Desktop/path_planning/install/custom_messages:/home/iosnaaente/Desktop/path_planning/install/robot_planner:/home/iosnaaente/Desktop/path_planning/install/robot_kinematic:/home/iosnaaente/Desktop/path_planning/install/robot_launcher:/home/iosnaaente/Desktop/path_planning/install/robot_visualizer:/home/iosnaaente/Desktop/path_planning/install/robot_launch:/opt/ros/humble /usr/bin/cmake --build /home/iosnaaente/Desktop/path_planning/build/robot_planner -- -j8 -l8
[1.424s] DEBUG:colcon.colcon_core.event_handler.log_command:Invoking command in '/home/iosnaaente/Desktop/path_planning/build/robot_kinematic': CMAKE_PREFIX_PATH=/home/iosnaaente/Desktop/path_planning/install/custom_messages:/home/iosnaaente/Desktop/path_planning/install/robot_planner:/home/iosnaaente/Desktop/path_planning/install/robot_kinematic:/home/iosnaaente/Desktop/path_planning/install/robot_launcher:/home/iosnaaente/Desktop/path_planning/install/robot_visualizer:/home/iosnaaente/Desktop/path_planning/install/robot_launch:/opt/ros/humble /usr/bin/cmake --build /home/iosnaaente/Desktop/path_planning/build/robot_kinematic -- -j8 -l8
[1.867s] INFO:colcon.colcon_core.task.python.build:Building Python package in '/home/iosnaaente/Desktop/path_planning/src/robot_visualizer'
[1.867s] INFO:colcon.colcon_core.shell:Skip shell extension 'powershell' for command environment: Not usable outside of PowerShell
[1.867s] DEBUG:colcon.colcon_core.shell:Skip shell extension 'dsv' for command environment
[1.881s] DEBUG:colcon.colcon_core.event_handler.log_command:Invoking command in '/home/iosnaaente/Desktop/path_planning/launcher': PYTHONPATH=/home/iosnaaente/Desktop/path_planning/build/robot_launcher/prefix_override:/home/iosnaaente/.local/lib/python3.10/site-packages/colcon_core/task/python/colcon_distutils_commands:/home/iosnaaente/Desktop/path_planning/install/robot_launcher/lib/python3.10/site-packages:${PYTHONPATH} /usr/bin/python3 -W ignore:setup.py install is deprecated -W ignore:easy_install command is deprecated setup.py egg_info --egg-base ../build/robot_launcher build --build-base /home/iosnaaente/Desktop/path_planning/build/robot_launcher/build install --record /home/iosnaaente/Desktop/path_planning/build/robot_launcher/install.log --single-version-externally-managed install_data
[1.881s] DEBUG:colcon.colcon_core.event_handler.log_command:Invoked command in '/home/iosnaaente/Desktop/path_planning/build/robot_kinematic' returned '0': CMAKE_PREFIX_PATH=/home/iosnaaente/Desktop/path_planning/install/custom_messages:/home/iosnaaente/Desktop/path_planning/install/robot_planner:/home/iosnaaente/Desktop/path_planning/install/robot_kinematic:/home/iosnaaente/Desktop/path_planning/install/robot_launcher:/home/iosnaaente/Desktop/path_planning/install/robot_visualizer:/home/iosnaaente/Desktop/path_planning/install/robot_launch:/opt/ros/humble /usr/bin/cmake --build /home/iosnaaente/Desktop/path_planning/build/robot_kinematic -- -j8 -l8
[1.882s] DEBUG:colcon.colcon_core.event_handler.log_command:Invoking command in '/home/iosnaaente/Desktop/path_planning/build/robot_kinematic': CMAKE_PREFIX_PATH=/home/iosnaaente/Desktop/path_planning/install/custom_messages:/home/iosnaaente/Desktop/path_planning/install/robot_planner:/home/iosnaaente/Desktop/path_planning/install/robot_kinematic:/home/iosnaaente/Desktop/path_planning/install/robot_launcher:/home/iosnaaente/Desktop/path_planning/install/robot_visualizer:/home/iosnaaente/Desktop/path_planning/install/robot_launch:/opt/ros/humble /usr/bin/cmake --install /home/iosnaaente/Desktop/path_planning/build/robot_kinematic
[1.882s] DEBUG:colcon.colcon_core.event_handler.log_command:Invoked command in '/home/iosnaaente/Desktop/path_planning/build/robot_planner' returned '0': CMAKE_PREFIX_PATH=/home/iosnaaente/Desktop/path_planning/install/custom_messages:/home/iosnaaente/Desktop/path_planning/install/robot_planner:/home/iosnaaente/Desktop/path_planning/install/robot_kinematic:/home/iosnaaente/Desktop/path_planning/install/robot_launcher:/home/iosnaaente/Desktop/path_planning/install/robot_visualizer:/home/iosnaaente/Desktop/path_planning/install/robot_launch:/opt/ros/humble /usr/bin/cmake --build /home/iosnaaente/Desktop/path_planning/build/robot_planner -- -j8 -l8
[1.885s] DEBUG:colcon.colcon_core.event_handler.log_command:Invoking command in '/home/iosnaaente/Desktop/path_planning/build/robot_planner': CMAKE_PREFIX_PATH=/home/iosnaaente/Desktop/path_planning/install/custom_messages:/home/iosnaaente/Desktop/path_planning/install/robot_planner:/home/iosnaaente/Desktop/path_planning/install/robot_kinematic:/home/iosnaaente/Desktop/path_planning/install/robot_launcher:/home/iosnaaente/Desktop/path_planning/install/robot_visualizer:/home/iosnaaente/Desktop/path_planning/install/robot_launch:/opt/ros/humble /usr/bin/cmake --install /home/iosnaaente/Desktop/path_planning/build/robot_planner
[1.896s] Level 1:colcon.colcon_core.environment:create_environment_scripts_only(robot_kinematic)
[1.897s] Level 1:colcon.colcon_core.environment:checking '/home/iosnaaente/Desktop/path_planning/install/robot_kinematic' for CMake module files
[1.904s] DEBUG:colcon.colcon_core.event_handler.log_command:Invoked command in '/home/iosnaaente/Desktop/path_planning/build/robot_kinematic' returned '0': CMAKE_PREFIX_PATH=/home/iosnaaente/Desktop/path_planning/install/custom_messages:/home/iosnaaente/Desktop/path_planning/install/robot_planner:/home/iosnaaente/Desktop/path_planning/install/robot_kinematic:/home/iosnaaente/Desktop/path_planning/install/robot_launcher:/home/iosnaaente/Desktop/path_planning/install/robot_visualizer:/home/iosnaaente/Desktop/path_planning/install/robot_launch:/opt/ros/humble /usr/bin/cmake --install /home/iosnaaente/Desktop/path_planning/build/robot_kinematic
[1.905s] Level 1:colcon.colcon_core.environment:checking '/home/iosnaaente/Desktop/path_planning/install/robot_kinematic' for CMake config files
[1.907s] Level 1:colcon.colcon_core.shell:create_environment_hook('robot_kinematic', 'cmake_prefix_path')
[1.907s] INFO:colcon.colcon_core.shell:Creating environment hook '/home/iosnaaente/Desktop/path_planning/install/robot_kinematic/share/robot_kinematic/hook/cmake_prefix_path.ps1'
[1.908s] INFO:colcon.colcon_core.shell:Creating environment descriptor '/home/iosnaaente/Desktop/path_planning/install/robot_kinematic/share/robot_kinematic/hook/cmake_prefix_path.dsv'
[1.908s] INFO:colcon.colcon_core.shell:Creating environment hook '/home/iosnaaente/Desktop/path_planning/install/robot_kinematic/share/robot_kinematic/hook/cmake_prefix_path.sh'
[1.909s] Level 1:colcon.colcon_core.environment:checking '/home/iosnaaente/Desktop/path_planning/install/robot_kinematic/lib'
[1.909s] Level 1:colcon.colcon_core.environment:checking '/home/iosnaaente/Desktop/path_planning/install/robot_kinematic/bin'
[1.910s] Level 1:colcon.colcon_core.environment:checking '/home/iosnaaente/Desktop/path_planning/install/robot_kinematic/lib/pkgconfig/robot_kinematic.pc'
[1.910s] Level 1:colcon.colcon_core.environment:checking '/home/iosnaaente/Desktop/path_planning/install/robot_kinematic/lib/python3.10/site-packages'
[1.910s] Level 1:colcon.colcon_core.environment:checking '/home/iosnaaente/Desktop/path_planning/install/robot_kinematic/bin'
[1.911s] INFO:colcon.colcon_core.shell:Creating package script '/home/iosnaaente/Desktop/path_planning/install/robot_kinematic/share/robot_kinematic/package.ps1'
[1.911s] INFO:colcon.colcon_core.shell:Creating package descriptor '/home/iosnaaente/Desktop/path_planning/install/robot_kinematic/share/robot_kinematic/package.dsv'
[1.912s] INFO:colcon.colcon_core.shell:Creating package script '/home/iosnaaente/Desktop/path_planning/install/robot_kinematic/share/robot_kinematic/package.sh'
[1.912s] INFO:colcon.colcon_core.shell:Creating package script '/home/iosnaaente/Desktop/path_planning/install/robot_kinematic/share/robot_kinematic/package.bash'
[1.913s] INFO:colcon.colcon_core.shell:Creating package script '/home/iosnaaente/Desktop/path_planning/install/robot_kinematic/share/robot_kinematic/package.zsh'
[1.913s] Level 1:colcon.colcon_core.environment:create_file_with_runtime_dependencies(/home/iosnaaente/Desktop/path_planning/install/robot_kinematic/share/colcon-core/packages/robot_kinematic)
[1.914s] Level 1:colcon.colcon_core.environment:create_environment_scripts_only(robot_kinematic)
[1.914s] Level 1:colcon.colcon_core.environment:checking '/home/iosnaaente/Desktop/path_planning/install/robot_kinematic' for CMake module files
[1.915s] Level 1:colcon.colcon_core.environment:checking '/home/iosnaaente/Desktop/path_planning/install/robot_kinematic' for CMake config files
[1.915s] Level 1:colcon.colcon_core.shell:create_environment_hook('robot_kinematic', 'cmake_prefix_path')
[1.915s] INFO:colcon.colcon_core.shell:Creating environment hook '/home/iosnaaente/Desktop/path_planning/install/robot_kinematic/share/robot_kinematic/hook/cmake_prefix_path.ps1'
[1.916s] INFO:colcon.colcon_core.shell:Creating environment descriptor '/home/iosnaaente/Desktop/path_planning/install/robot_kinematic/share/robot_kinematic/hook/cmake_prefix_path.dsv'
[1.916s] INFO:colcon.colcon_core.shell:Creating environment hook '/home/iosnaaente/Desktop/path_planning/install/robot_kinematic/share/robot_kinematic/hook/cmake_prefix_path.sh'
[1.917s] Level 1:colcon.colcon_core.environment:checking '/home/iosnaaente/Desktop/path_planning/install/robot_kinematic/lib'
[1.917s] Level 1:colcon.colcon_core.environment:checking '/home/iosnaaente/Desktop/path_planning/install/robot_kinematic/bin'
[1.917s] Level 1:colcon.colcon_core.environment:checking '/home/iosnaaente/Desktop/path_planning/install/robot_kinematic/lib/pkgconfig/robot_kinematic.pc'
[1.917s] Level 1:colcon.colcon_core.environment:checking '/home/iosnaaente/Desktop/path_planning/install/robot_kinematic/lib/python3.10/site-packages'
[1.918s] Level 1:colcon.colcon_core.environment:checking '/home/iosnaaente/Desktop/path_planning/install/robot_kinematic/bin'
[1.918s] INFO:colcon.colcon_core.shell:Creating package script '/home/iosnaaente/Desktop/path_planning/install/robot_kinematic/share/robot_kinematic/package.ps1'
[1.922s] INFO:colcon.colcon_core.shell:Creating package descriptor '/home/iosnaaente/Desktop/path_planning/install/robot_kinematic/share/robot_kinematic/package.dsv'
[1.923s] INFO:colcon.colcon_core.shell:Creating package script '/home/iosnaaente/Desktop/path_planning/install/robot_kinematic/share/robot_kinematic/package.sh'
[1.923s] INFO:colcon.colcon_core.shell:Creating package script '/home/iosnaaente/Desktop/path_planning/install/robot_kinematic/share/robot_kinematic/package.bash'
[1.924s] INFO:colcon.colcon_core.shell:Creating package script '/home/iosnaaente/Desktop/path_planning/install/robot_kinematic/share/robot_kinematic/package.zsh'
[1.924s] Level 1:colcon.colcon_core.environment:create_file_with_runtime_dependencies(/home/iosnaaente/Desktop/path_planning/install/robot_kinematic/share/colcon-core/packages/robot_kinematic)
[1.927s] Level 1:colcon.colcon_core.environment:create_environment_scripts_only(robot_planner)
[1.927s] Level 1:colcon.colcon_core.environment:checking '/home/iosnaaente/Desktop/path_planning/install/robot_planner' for CMake module files
[1.928s] DEBUG:colcon.colcon_core.event_handler.log_command:Invoked command in '/home/iosnaaente/Desktop/path_planning/build/robot_planner' returned '0': CMAKE_PREFIX_PATH=/home/iosnaaente/Desktop/path_planning/install/custom_messages:/home/iosnaaente/Desktop/path_planning/install/robot_planner:/home/iosnaaente/Desktop/path_planning/install/robot_kinematic:/home/iosnaaente/Desktop/path_planning/install/robot_launcher:/home/iosnaaente/Desktop/path_planning/install/robot_visualizer:/home/iosnaaente/Desktop/path_planning/install/robot_launch:/opt/ros/humble /usr/bin/cmake --install /home/iosnaaente/Desktop/path_planning/build/robot_planner
[1.928s] Level 1:colcon.colcon_core.environment:checking '/home/iosnaaente/Desktop/path_planning/install/robot_planner' for CMake config files
[1.929s] Level 1:colcon.colcon_core.shell:create_environment_hook('robot_planner', 'cmake_prefix_path')
[1.929s] INFO:colcon.colcon_core.shell:Creating environment hook '/home/iosnaaente/Desktop/path_planning/install/robot_planner/share/robot_planner/hook/cmake_prefix_path.ps1'
[1.929s] INFO:colcon.colcon_core.shell:Creating environment descriptor '/home/iosnaaente/Desktop/path_planning/install/robot_planner/share/robot_planner/hook/cmake_prefix_path.dsv'
[1.930s] INFO:colcon.colcon_core.shell:Creating environment hook '/home/iosnaaente/Desktop/path_planning/install/robot_planner/share/robot_planner/hook/cmake_prefix_path.sh'
[1.930s] Level 1:colcon.colcon_core.environment:checking '/home/iosnaaente/Desktop/path_planning/install/robot_planner/bin'
[1.930s] Level 1:colcon.colcon_core.environment:checking '/home/iosnaaente/Desktop/path_planning/install/robot_planner/lib/pkgconfig/robot_planner.pc'
[1.931s] Level 1:colcon.colcon_core.environment:checking '/home/iosnaaente/Desktop/path_planning/install/robot_planner/lib/python3.10/site-packages'
[1.931s] Level 1:colcon.colcon_core.environment:checking '/home/iosnaaente/Desktop/path_planning/install/robot_planner/bin'
[1.931s] INFO:colcon.colcon_core.shell:Creating package script '/home/iosnaaente/Desktop/path_planning/install/robot_planner/share/robot_planner/package.ps1'
[1.932s] INFO:colcon.colcon_core.shell:Creating package descriptor '/home/iosnaaente/Desktop/path_planning/install/robot_planner/share/robot_planner/package.dsv'
[1.932s] INFO:colcon.colcon_core.shell:Creating package script '/home/iosnaaente/Desktop/path_planning/install/robot_planner/share/robot_planner/package.sh'
[1.933s] INFO:colcon.colcon_core.shell:Creating package script '/home/iosnaaente/Desktop/path_planning/install/robot_planner/share/robot_planner/package.bash'
[1.933s] INFO:colcon.colcon_core.shell:Creating package script '/home/iosnaaente/Desktop/path_planning/install/robot_planner/share/robot_planner/package.zsh'
[1.933s] Level 1:colcon.colcon_core.environment:create_file_with_runtime_dependencies(/home/iosnaaente/Desktop/path_planning/install/robot_planner/share/colcon-core/packages/robot_planner)
[1.934s] Level 1:colcon.colcon_core.environment:create_environment_scripts_only(robot_planner)
[1.935s] Level 1:colcon.colcon_core.environment:checking '/home/iosnaaente/Desktop/path_planning/install/robot_planner' for CMake module files
[1.935s] Level 1:colcon.colcon_core.environment:checking '/home/iosnaaente/Desktop/path_planning/install/robot_planner' for CMake config files
[1.935s] Level 1:colcon.colcon_core.shell:create_environment_hook('robot_planner', 'cmake_prefix_path')
[1.935s] INFO:colcon.colcon_core.shell:Creating environment hook '/home/iosnaaente/Desktop/path_planning/install/robot_planner/share/robot_planner/hook/cmake_prefix_path.ps1'
[1.937s] INFO:colcon.colcon_core.shell:Creating environment descriptor '/home/iosnaaente/Desktop/path_planning/install/robot_planner/share/robot_planner/hook/cmake_prefix_path.dsv'
[1.938s] INFO:colcon.colcon_core.shell:Creating environment hook '/home/iosnaaente/Desktop/path_planning/install/robot_planner/share/robot_planner/hook/cmake_prefix_path.sh'
[1.939s] Level 1:colcon.colcon_core.environment:checking '/home/iosnaaente/Desktop/path_planning/install/robot_planner/bin'
[1.940s] Level 1:colcon.colcon_core.environment:checking '/home/iosnaaente/Desktop/path_planning/install/robot_planner/lib/pkgconfig/robot_planner.pc'
[1.940s] Level 1:colcon.colcon_core.environment:checking '/home/iosnaaente/Desktop/path_planning/install/robot_planner/lib/python3.10/site-packages'
[1.941s] Level 1:colcon.colcon_core.environment:checking '/home/iosnaaente/Desktop/path_planning/install/robot_planner/bin'
[1.941s] INFO:colcon.colcon_core.shell:Creating package script '/home/iosnaaente/Desktop/path_planning/install/robot_planner/share/robot_planner/package.ps1'
[1.943s] INFO:colcon.colcon_core.shell:Creating package descriptor '/home/iosnaaente/Desktop/path_planning/install/robot_planner/share/robot_planner/package.dsv'
[1.943s] INFO:colcon.colcon_core.shell:Creating package script '/home/iosnaaente/Desktop/path_planning/install/robot_planner/share/robot_planner/package.sh'
[1.944s] INFO:colcon.colcon_core.shell:Creating package script '/home/iosnaaente/Desktop/path_planning/install/robot_planner/share/robot_planner/package.bash'
[1.944s] INFO:colcon.colcon_core.shell:Creating package script '/home/iosnaaente/Desktop/path_planning/install/robot_planner/share/robot_planner/package.zsh'
[1.946s] Level 1:colcon.colcon_core.environment:create_file_with_runtime_dependencies(/home/iosnaaente/Desktop/path_planning/install/robot_planner/share/colcon-core/packages/robot_planner)
[2.353s] Level 1:colcon.colcon_core.environment:checking '/home/iosnaaente/Desktop/path_planning/install/robot_launcher' for CMake module files
[2.354s] DEBUG:colcon.colcon_core.event_handler.log_command:Invoked command in '/home/iosnaaente/Desktop/path_planning/launcher' returned '0': PYTHONPATH=/home/iosnaaente/Desktop/path_planning/build/robot_launcher/prefix_override:/home/iosnaaente/.local/lib/python3.10/site-packages/colcon_core/task/python/colcon_distutils_commands:/home/iosnaaente/Desktop/path_planning/install/robot_launcher/lib/python3.10/site-packages:${PYTHONPATH} /usr/bin/python3 -W ignore:setup.py install is deprecated -W ignore:easy_install command is deprecated setup.py egg_info --egg-base ../build/robot_launcher build --build-base /home/iosnaaente/Desktop/path_planning/build/robot_launcher/build install --record /home/iosnaaente/Desktop/path_planning/build/robot_launcher/install.log --single-version-externally-managed install_data
[2.355s] Level 1:colcon.colcon_core.environment:checking '/home/iosnaaente/Desktop/path_planning/install/robot_launcher' for CMake config files
[2.355s] Level 1:colcon.colcon_core.environment:checking '/home/iosnaaente/Desktop/path_planning/install/robot_launcher/lib'
[2.356s] Level 1:colcon.colcon_core.environment:checking '/home/iosnaaente/Desktop/path_planning/install/robot_launcher/bin'
[2.356s] Level 1:colcon.colcon_core.environment:checking '/home/iosnaaente/Desktop/path_planning/install/robot_launcher/lib/pkgconfig/robot_launcher.pc'
[2.356s] Level 1:colcon.colcon_core.environment:checking '/home/iosnaaente/Desktop/path_planning/install/robot_launcher/lib/python3.10/site-packages'
[2.356s] Level 1:colcon.colcon_core.shell:create_environment_hook('robot_launcher', 'pythonpath')
[2.356s] INFO:colcon.colcon_core.shell:Creating environment hook '/home/iosnaaente/Desktop/path_planning/install/robot_launcher/share/robot_launcher/hook/pythonpath.ps1'
[2.357s] INFO:colcon.colcon_core.shell:Creating environment descriptor '/home/iosnaaente/Desktop/path_planning/install/robot_launcher/share/robot_launcher/hook/pythonpath.dsv'
[2.357s] INFO:colcon.colcon_core.shell:Creating environment hook '/home/iosnaaente/Desktop/path_planning/install/robot_launcher/share/robot_launcher/hook/pythonpath.sh'
[2.358s] Level 1:colcon.colcon_core.environment:checking '/home/iosnaaente/Desktop/path_planning/install/robot_launcher/bin'
[2.358s] Level 1:colcon.colcon_core.environment:create_environment_scripts_only(robot_launcher)
[2.358s] INFO:colcon.colcon_core.shell:Creating package script '/home/iosnaaente/Desktop/path_planning/install/robot_launcher/share/robot_launcher/package.ps1'
[2.359s] INFO:colcon.colcon_core.shell:Creating package descriptor '/home/iosnaaente/Desktop/path_planning/install/robot_launcher/share/robot_launcher/package.dsv'
[2.359s] INFO:colcon.colcon_core.shell:Creating package script '/home/iosnaaente/Desktop/path_planning/install/robot_launcher/share/robot_launcher/package.sh'
[2.360s] INFO:colcon.colcon_core.shell:Creating package script '/home/iosnaaente/Desktop/path_planning/install/robot_launcher/share/robot_launcher/package.bash'
[2.360s] INFO:colcon.colcon_core.shell:Creating package script '/home/iosnaaente/Desktop/path_planning/install/robot_launcher/share/robot_launcher/package.zsh'
[2.361s] Level 1:colcon.colcon_core.environment:create_file_with_runtime_dependencies(/home/iosnaaente/Desktop/path_planning/install/robot_launcher/share/colcon-core/packages/robot_launcher)
[5.606s] DEBUG:colcon.colcon_core.event_handler.log_command:Invoking command in '/home/iosnaaente/Desktop/path_planning/src/robot_visualizer': CMAKE_PREFIX_PATH=/home/iosnaaente/Desktop/path_planning/install/custom_messages:/home/iosnaaente/Desktop/path_planning/install/robot_planner:/home/iosnaaente/Desktop/path_planning/install/robot_kinematic PYTHONPATH=/home/iosnaaente/Desktop/path_planning/build/robot_visualizer/prefix_override:/home/iosnaaente/.local/lib/python3.10/site-packages/colcon_core/task/python/colcon_distutils_commands:/home/iosnaaente/Desktop/path_planning/install/robot_visualizer/lib/python3.10/site-packages:${PYTHONPATH} /usr/bin/python3 -W ignore:setup.py install is deprecated -W ignore:easy_install command is deprecated setup.py egg_info --egg-base ../../build/robot_visualizer build --build-base /home/iosnaaente/Desktop/path_planning/build/robot_visualizer/build install --record /home/iosnaaente/Desktop/path_planning/build/robot_visualizer/install.log --single-version-externally-managed install_data
[5.976s] Level 1:colcon.colcon_core.environment:checking '/home/iosnaaente/Desktop/path_planning/install/robot_visualizer' for CMake module files
[5.977s] DEBUG:colcon.colcon_core.event_handler.log_command:Invoked command in '/home/iosnaaente/Desktop/path_planning/src/robot_visualizer' returned '0': CMAKE_PREFIX_PATH=/home/iosnaaente/Desktop/path_planning/install/custom_messages:/home/iosnaaente/Desktop/path_planning/install/robot_planner:/home/iosnaaente/Desktop/path_planning/install/robot_kinematic PYTHONPATH=/home/iosnaaente/Desktop/path_planning/build/robot_visualizer/prefix_override:/home/iosnaaente/.local/lib/python3.10/site-packages/colcon_core/task/python/colcon_distutils_commands:/home/iosnaaente/Desktop/path_planning/install/robot_visualizer/lib/python3.10/site-packages:${PYTHONPATH} /usr/bin/python3 -W ignore:setup.py install is deprecated -W ignore:easy_install command is deprecated setup.py egg_info --egg-base ../../build/robot_visualizer build --build-base /home/iosnaaente/Desktop/path_planning/build/robot_visualizer/build install --record /home/iosnaaente/Desktop/path_planning/build/robot_visualizer/install.log --single-version-externally-managed install_data
[5.978s] Level 1:colcon.colcon_core.environment:checking '/home/iosnaaente/Desktop/path_planning/install/robot_visualizer' for CMake config files
[5.978s] Level 1:colcon.colcon_core.environment:checking '/home/iosnaaente/Desktop/path_planning/install/robot_visualizer/lib'
[5.978s] Level 1:colcon.colcon_core.environment:checking '/home/iosnaaente/Desktop/path_planning/install/robot_visualizer/bin'
[5.979s] Level 1:colcon.colcon_core.environment:checking '/home/iosnaaente/Desktop/path_planning/install/robot_visualizer/lib/pkgconfig/robot_visualizer.pc'
[5.979s] Level 1:colcon.colcon_core.environment:checking '/home/iosnaaente/Desktop/path_planning/install/robot_visualizer/lib/python3.10/site-packages'
[5.979s] Level 1:colcon.colcon_core.shell:create_environment_hook('robot_visualizer', 'pythonpath')
[5.980s] INFO:colcon.colcon_core.shell:Creating environment hook '/home/iosnaaente/Desktop/path_planning/install/robot_visualizer/share/robot_visualizer/hook/pythonpath.ps1'
[5.981s] INFO:colcon.colcon_core.shell:Creating environment descriptor '/home/iosnaaente/Desktop/path_planning/install/robot_visualizer/share/robot_visualizer/hook/pythonpath.dsv'
[5.981s] INFO:colcon.colcon_core.shell:Creating environment hook '/home/iosnaaente/Desktop/path_planning/install/robot_visualizer/share/robot_visualizer/hook/pythonpath.sh'
[5.982s] Level 1:colcon.colcon_core.environment:checking '/home/iosnaaente/Desktop/path_planning/install/robot_visualizer/bin'
[5.982s] Level 1:colcon.colcon_core.environment:create_environment_scripts_only(robot_visualizer)
[5.982s] INFO:colcon.colcon_core.shell:Creating package script '/home/iosnaaente/Desktop/path_planning/install/robot_visualizer/share/robot_visualizer/package.ps1'
[5.983s] INFO:colcon.colcon_core.shell:Creating package descriptor '/home/iosnaaente/Desktop/path_planning/install/robot_visualizer/share/robot_visualizer/package.dsv'
[5.984s] INFO:colcon.colcon_core.shell:Creating package script '/home/iosnaaente/Desktop/path_planning/install/robot_visualizer/share/robot_visualizer/package.sh'
[5.984s] INFO:colcon.colcon_core.shell:Creating package script '/home/iosnaaente/Desktop/path_planning/install/robot_visualizer/share/robot_visualizer/package.bash'
[5.984s] INFO:colcon.colcon_core.shell:Creating package script '/home/iosnaaente/Desktop/path_planning/install/robot_visualizer/share/robot_visualizer/package.zsh'
[5.985s] Level 1:colcon.colcon_core.environment:create_file_with_runtime_dependencies(/home/iosnaaente/Desktop/path_planning/install/robot_visualizer/share/colcon-core/packages/robot_visualizer)
[5.985s] DEBUG:colcon.colcon_parallel_executor.executor.parallel:closing loop
[5.986s] DEBUG:colcon.colcon_parallel_executor.executor.parallel:loop closed
[5.986s] DEBUG:colcon.colcon_parallel_executor.executor.parallel:run_until_complete finished with '0'
[5.986s] DEBUG:colcon.colcon_core.event_reactor:joining thread
[6.098s] INFO:colcon.colcon_core.plugin_system:Skipping extension 'colcon_notification.desktop_notification.notify_send': Could not find 'notify-send'
[6.098s] INFO:colcon.colcon_core.plugin_system:Skipping extension 'colcon_notification.desktop_notification.terminal_notifier': Not used on non-Darwin systems
[6.099s] INFO:colcon.colcon_core.plugin_system:Skipping extension 'colcon_notification.desktop_notification.win32': Not used on non-Windows systems
[6.099s] INFO:colcon.colcon_notification.desktop_notification:Sending desktop notification using 'notify2'
[6.099s] DEBUG:colcon.colcon_notification.desktop_notification.notify2:Failed to initialize notify2: org.freedesktop.DBus.Error.FileNotFound: Failed to connect to socket /run/user/1000/bus: No such file or directory
[6.099s] DEBUG:colcon.colcon_core.event_reactor:joined thread
[6.099s] INFO:colcon.colcon_core.shell:Creating prefix script '/home/iosnaaente/Desktop/path_planning/install/local_setup.ps1'
[6.100s] INFO:colcon.colcon_core.shell:Creating prefix util module '/home/iosnaaente/Desktop/path_planning/install/_local_setup_util_ps1.py'
[6.101s] INFO:colcon.colcon_core.shell:Creating prefix chain script '/home/iosnaaente/Desktop/path_planning/install/setup.ps1'
[6.102s] INFO:colcon.colcon_core.shell:Creating prefix script '/home/iosnaaente/Desktop/path_planning/install/local_setup.sh'
[6.103s] INFO:colcon.colcon_core.shell:Creating prefix util module '/home/iosnaaente/Desktop/path_planning/install/_local_setup_util_sh.py'
[6.103s] INFO:colcon.colcon_core.shell:Creating prefix chain script '/home/iosnaaente/Desktop/path_planning/install/setup.sh'
[6.104s] INFO:colcon.colcon_core.shell:Creating prefix script '/home/iosnaaente/Desktop/path_planning/install/local_setup.bash'
[6.105s] INFO:colcon.colcon_core.shell:Creating prefix chain script '/home/iosnaaente/Desktop/path_planning/install/setup.bash'
[6.106s] INFO:colcon.colcon_core.shell:Creating prefix script '/home/iosnaaente/Desktop/path_planning/install/local_setup.zsh'
[6.106s] INFO:colcon.colcon_core.shell:Creating prefix chain script '/home/iosnaaente/Desktop/path_planning/install/setup.zsh'
