[0.135s] Invoking command in '/home/iosnaaente/Desktop/path_planning/build/robot_kinematic': CMAKE_PREFIX_PATH=/home/iosnaaente/Desktop/path_planning/install/custom_messages:/home/iosnaaente/Desktop/path_planning/install/robot_planner:/home/iosnaaente/Desktop/path_planning/install/robot_kinematic:/home/iosnaaente/Desktop/path_planning/install/robot_launcher:/home/iosnaaente/Desktop/path_planning/install/robot_visualizer:/home/iosnaaente/Desktop/path_planning/install/robot_launch:/opt/ros/humble /usr/bin/cmake --build /home/iosnaaente/Desktop/path_planning/build/robot_kinematic -- -j8 -l8
[0.189s] [35m[1mConsolidate compiler generated dependencies of target robot_kinematic[0m
[0.212s] [100%] Built target robot_kinematic
[0.592s] Invoked command in '/home/iosnaaente/Desktop/path_planning/build/robot_kinematic' returned '0': CMAKE_PREFIX_PATH=/home/iosnaaente/Desktop/path_planning/install/custom_messages:/home/iosnaaente/Desktop/path_planning/install/robot_planner:/home/iosnaaente/Desktop/path_planning/install/robot_kinematic:/home/iosnaaente/Desktop/path_planning/install/robot_launcher:/home/iosnaaente/Desktop/path_planning/install/robot_visualizer:/home/iosnaaente/Desktop/path_planning/install/robot_launch:/opt/ros/humble /usr/bin/cmake --build /home/iosnaaente/Desktop/path_planning/build/robot_kinematic -- -j8 -l8
[0.592s] Invoking command in '/home/iosnaaente/Desktop/path_planning/build/robot_kinematic': CMAKE_PREFIX_PATH=/home/iosnaaente/Desktop/path_planning/install/custom_messages:/home/iosnaaente/Desktop/path_planning/install/robot_planner:/home/iosnaaente/Desktop/path_planning/install/robot_kinematic:/home/iosnaaente/Desktop/path_planning/install/robot_launcher:/home/iosnaaente/Desktop/path_planning/install/robot_visualizer:/home/iosnaaente/Desktop/path_planning/install/robot_launch:/opt/ros/humble /usr/bin/cmake --install /home/iosnaaente/Desktop/path_planning/build/robot_kinematic
[0.600s] -- Install configuration: ""
[0.601s] -- Up-to-date: /home/iosnaaente/Desktop/path_planning/install/robot_kinematic/lib/robot_kinematic/robot_kinematic
[0.602s] -- Up-to-date: /home/iosnaaente/Desktop/path_planning/install/robot_kinematic/share/ament_index/resource_index/package_run_dependencies/robot_kinematic
[0.603s] -- Up-to-date: /home/iosnaaente/Desktop/path_planning/install/robot_kinematic/share/ament_index/resource_index/parent_prefix_path/robot_kinematic
[0.603s] -- Up-to-date: /home/iosnaaente/Desktop/path_planning/install/robot_kinematic/share/robot_kinematic/environment/ament_prefix_path.sh
[0.604s] -- Up-to-date: /home/iosnaaente/Desktop/path_planning/install/robot_kinematic/share/robot_kinematic/environment/ament_prefix_path.dsv
[0.604s] -- Up-to-date: /home/iosnaaente/Desktop/path_planning/install/robot_kinematic/share/robot_kinematic/environment/path.sh
[0.605s] -- Up-to-date: /home/iosnaaente/Desktop/path_planning/install/robot_kinematic/share/robot_kinematic/environment/path.dsv
[0.605s] -- Up-to-date: /home/iosnaaente/Desktop/path_planning/install/robot_kinematic/share/robot_kinematic/local_setup.bash
[0.606s] -- Up-to-date: /home/iosnaaente/Desktop/path_planning/install/robot_kinematic/share/robot_kinematic/local_setup.sh
[0.608s] -- Up-to-date: /home/iosnaaente/Desktop/path_planning/install/robot_kinematic/share/robot_kinematic/local_setup.zsh
[0.609s] -- Up-to-date: /home/iosnaaente/Desktop/path_planning/install/robot_kinematic/share/robot_kinematic/local_setup.dsv
[0.609s] -- Installing: /home/iosnaaente/Desktop/path_planning/install/robot_kinematic/share/robot_kinematic/package.dsv
[0.610s] -- Up-to-date: /home/iosnaaente/Desktop/path_planning/install/robot_kinematic/share/ament_index/resource_index/packages/robot_kinematic
[0.610s] -- Up-to-date: /home/iosnaaente/Desktop/path_planning/install/robot_kinematic/share/robot_kinematic/cmake/robot_kinematicConfig.cmake
[0.610s] -- Up-to-date: /home/iosnaaente/Desktop/path_planning/install/robot_kinematic/share/robot_kinematic/cmake/robot_kinematicConfig-version.cmake
[0.611s] -- Up-to-date: /home/iosnaaente/Desktop/path_planning/install/robot_kinematic/share/robot_kinematic/package.xml
[0.614s] Invoked command in '/home/iosnaaente/Desktop/path_planning/build/robot_kinematic' returned '0': CMAKE_PREFIX_PATH=/home/iosnaaente/Desktop/path_planning/install/custom_messages:/home/iosnaaente/Desktop/path_planning/install/robot_planner:/home/iosnaaente/Desktop/path_planning/install/robot_kinematic:/home/iosnaaente/Desktop/path_planning/install/robot_launcher:/home/iosnaaente/Desktop/path_planning/install/robot_visualizer:/home/iosnaaente/Desktop/path_planning/install/robot_launch:/opt/ros/humble /usr/bin/cmake --install /home/iosnaaente/Desktop/path_planning/build/robot_kinematic
