[0.297s] DEBUG:colcon:Command line arguments: ['/home/iosnaaente/.local/bin/colcon', 'build']
[0.297s] DEBUG:colcon:Parsed command line arguments: Namespace(log_base=None, log_level=None, verb_name='build', build_base='build', install_base='install', merge_install=False, symlink_install=False, test_result_base=None, continue_on_error=False, executor='parallel', parallel_workers=8, event_handlers=None, ignore_user_meta=False, metas=['./colcon.meta'], base_paths=['.'], packages_ignore=None, packages_ignore_regex=None, paths=None, packages_up_to=None, packages_up_to_regex=None, packages_above=None, packages_above_and_dependencies=None, packages_above_depth=None, packages_select_by_dep=None, packages_skip_by_dep=None, packages_skip_up_to=None, packages_select_build_failed=False, packages_skip_build_finished=False, packages_select_test_failures=False, packages_skip_test_passed=False, packages_select=None, packages_skip=None, packages_select_regex=None, packages_skip_regex=None, packages_start=None, packages_end=None, allow_overriding=[], cmake_args=None, cmake_target=None, cmake_target_skip_unavailable=False, cmake_clean_cache=False, cmake_clean_first=False, cmake_force_configure=False, ament_cmake_args=None, catkin_cmake_args=None, catkin_skip_building_tests=False, verb_parser=<colcon_defaults.argument_parser.defaults.DefaultArgumentsDecorator object at 0x7f8b81335060>, verb_extension=<colcon_core.verb.build.BuildVerb object at 0x7f8b81334b20>, main=<bound method BuildVerb.main of <colcon_core.verb.build.BuildVerb object at 0x7f8b81334b20>>)
[0.458s] Level 1:colcon.colcon_core.package_discovery:discover_packages(colcon_meta) check parameters
[0.458s] Level 1:colcon.colcon_core.package_discovery:discover_packages(recursive) check parameters
[0.458s] Level 1:colcon.colcon_core.package_discovery:discover_packages(ignore) check parameters
[0.458s] Level 1:colcon.colcon_core.package_discovery:discover_packages(path) check parameters
[0.458s] Level 1:colcon.colcon_core.package_discovery:discover_packages(colcon_meta) discover
[0.458s] Level 1:colcon.colcon_core.package_discovery:discover_packages(recursive) discover
[0.458s] INFO:colcon.colcon_core.package_discovery:Crawling recursively for packages in '/home/iosnaaente/Desktop/path_planning'
[0.458s] Level 1:colcon.colcon_core.package_identification:_identify(.) by extensions ['ignore', 'ignore_ament_install']
[0.458s] Level 1:colcon.colcon_core.package_identification:_identify(.) by extension 'ignore'
[0.458s] Level 1:colcon.colcon_core.package_identification:_identify(.) by extension 'ignore_ament_install'
[0.458s] Level 1:colcon.colcon_core.package_identification:_identify(.) by extensions ['colcon_pkg']
[0.458s] Level 1:colcon.colcon_core.package_identification:_identify(.) by extension 'colcon_pkg'
[0.458s] Level 1:colcon.colcon_core.package_identification:_identify(.) by extensions ['colcon_meta']
[0.459s] Level 1:colcon.colcon_core.package_identification:_identify(.) by extension 'colcon_meta'
[0.459s] Level 1:colcon.colcon_core.package_identification:_identify(.) by extensions ['ros']
[0.459s] Level 1:colcon.colcon_core.package_identification:_identify(.) by extension 'ros'
[0.480s] Level 1:colcon.colcon_core.package_identification:_identify(.) by extensions ['cmake', 'python']
[0.480s] Level 1:colcon.colcon_core.package_identification:_identify(.) by extension 'cmake'
[0.480s] Level 1:colcon.colcon_core.package_identification:_identify(.) by extension 'python'
[0.480s] Level 1:colcon.colcon_core.package_identification:_identify(.) by extensions ['python_setup_py']
[0.480s] Level 1:colcon.colcon_core.package_identification:_identify(.) by extension 'python_setup_py'
[0.480s] Level 1:colcon.colcon_core.package_identification:_identify(build) by extensions ['ignore', 'ignore_ament_install']
[0.481s] Level 1:colcon.colcon_core.package_identification:_identify(build) by extension 'ignore'
[0.481s] Level 1:colcon.colcon_core.package_identification:_identify(build) ignored
[0.481s] Level 1:colcon.colcon_core.package_identification:_identify(install) by extensions ['ignore', 'ignore_ament_install']
[0.481s] Level 1:colcon.colcon_core.package_identification:_identify(install) by extension 'ignore'
[0.481s] Level 1:colcon.colcon_core.package_identification:_identify(install) ignored
[0.481s] Level 1:colcon.colcon_core.package_identification:_identify(launcher) by extensions ['ignore', 'ignore_ament_install']
[0.481s] Level 1:colcon.colcon_core.package_identification:_identify(launcher) by extension 'ignore'
[0.481s] Level 1:colcon.colcon_core.package_identification:_identify(launcher) by extension 'ignore_ament_install'
[0.481s] Level 1:colcon.colcon_core.package_identification:_identify(launcher) by extensions ['colcon_pkg']
[0.481s] Level 1:colcon.colcon_core.package_identification:_identify(launcher) by extension 'colcon_pkg'
[0.481s] Level 1:colcon.colcon_core.package_identification:_identify(launcher) by extensions ['colcon_meta']
[0.481s] Level 1:colcon.colcon_core.package_identification:_identify(launcher) by extension 'colcon_meta'
[0.481s] Level 1:colcon.colcon_core.package_identification:_identify(launcher) by extensions ['ros']
[0.481s] Level 1:colcon.colcon_core.package_identification:_identify(launcher) by extension 'ros'
[0.483s] DEBUG:colcon.colcon_core.package_identification:Package 'launcher' with type 'ros.ament_python' and name 'robot_launcher'
[0.483s] Level 1:colcon.colcon_core.package_identification:_identify(log) by extensions ['ignore', 'ignore_ament_install']
[0.483s] Level 1:colcon.colcon_core.package_identification:_identify(log) by extension 'ignore'
[0.483s] Level 1:colcon.colcon_core.package_identification:_identify(log) ignored
[0.483s] Level 1:colcon.colcon_core.package_identification:_identify(src) by extensions ['ignore', 'ignore_ament_install']
[0.484s] Level 1:colcon.colcon_core.package_identification:_identify(src) by extension 'ignore'
[0.484s] Level 1:colcon.colcon_core.package_identification:_identify(src) by extension 'ignore_ament_install'
[0.484s] Level 1:colcon.colcon_core.package_identification:_identify(src) by extensions ['colcon_pkg']
[0.484s] Level 1:colcon.colcon_core.package_identification:_identify(src) by extension 'colcon_pkg'
[0.484s] Level 1:colcon.colcon_core.package_identification:_identify(src) by extensions ['colcon_meta']
[0.484s] Level 1:colcon.colcon_core.package_identification:_identify(src) by extension 'colcon_meta'
[0.484s] Level 1:colcon.colcon_core.package_identification:_identify(src) by extensions ['ros']
[0.484s] Level 1:colcon.colcon_core.package_identification:_identify(src) by extension 'ros'
[0.484s] Level 1:colcon.colcon_core.package_identification:_identify(src) by extensions ['cmake', 'python']
[0.484s] Level 1:colcon.colcon_core.package_identification:_identify(src) by extension 'cmake'
[0.484s] Level 1:colcon.colcon_core.package_identification:_identify(src) by extension 'python'
[0.484s] Level 1:colcon.colcon_core.package_identification:_identify(src) by extensions ['python_setup_py']
[0.484s] Level 1:colcon.colcon_core.package_identification:_identify(src) by extension 'python_setup_py'
[0.484s] Level 1:colcon.colcon_core.package_identification:_identify(src/custom_messages) by extensions ['ignore', 'ignore_ament_install']
[0.484s] Level 1:colcon.colcon_core.package_identification:_identify(src/custom_messages) by extension 'ignore'
[0.484s] Level 1:colcon.colcon_core.package_identification:_identify(src/custom_messages) by extension 'ignore_ament_install'
[0.484s] Level 1:colcon.colcon_core.package_identification:_identify(src/custom_messages) by extensions ['colcon_pkg']
[0.484s] Level 1:colcon.colcon_core.package_identification:_identify(src/custom_messages) by extension 'colcon_pkg'
[0.484s] Level 1:colcon.colcon_core.package_identification:_identify(src/custom_messages) by extensions ['colcon_meta']
[0.484s] Level 1:colcon.colcon_core.package_identification:_identify(src/custom_messages) by extension 'colcon_meta'
[0.484s] Level 1:colcon.colcon_core.package_identification:_identify(src/custom_messages) by extensions ['ros']
[0.484s] Level 1:colcon.colcon_core.package_identification:_identify(src/custom_messages) by extension 'ros'
[0.485s] DEBUG:colcon.colcon_core.package_identification:Package 'src/custom_messages' with type 'ros.ament_cmake' and name 'custom_messages'
[0.485s] Level 1:colcon.colcon_core.package_identification:_identify(src/robot_kinematic) by extensions ['ignore', 'ignore_ament_install']
[0.485s] Level 1:colcon.colcon_core.package_identification:_identify(src/robot_kinematic) by extension 'ignore'
[0.485s] Level 1:colcon.colcon_core.package_identification:_identify(src/robot_kinematic) by extension 'ignore_ament_install'
[0.485s] Level 1:colcon.colcon_core.package_identification:_identify(src/robot_kinematic) by extensions ['colcon_pkg']
[0.485s] Level 1:colcon.colcon_core.package_identification:_identify(src/robot_kinematic) by extension 'colcon_pkg'
[0.485s] Level 1:colcon.colcon_core.package_identification:_identify(src/robot_kinematic) by extensions ['colcon_meta']
[0.485s] Level 1:colcon.colcon_core.package_identification:_identify(src/robot_kinematic) by extension 'colcon_meta'
[0.486s] Level 1:colcon.colcon_core.package_identification:_identify(src/robot_kinematic) by extensions ['ros']
[0.486s] Level 1:colcon.colcon_core.package_identification:_identify(src/robot_kinematic) by extension 'ros'
[0.486s] DEBUG:colcon.colcon_core.package_identification:Package 'src/robot_kinematic' with type 'ros.ament_cmake' and name 'robot_kinematic'
[0.486s] Level 1:colcon.colcon_core.package_identification:_identify(src/robot_planner) by extensions ['ignore', 'ignore_ament_install']
[0.486s] Level 1:colcon.colcon_core.package_identification:_identify(src/robot_planner) by extension 'ignore'
[0.486s] Level 1:colcon.colcon_core.package_identification:_identify(src/robot_planner) by extension 'ignore_ament_install'
[0.486s] Level 1:colcon.colcon_core.package_identification:_identify(src/robot_planner) by extensions ['colcon_pkg']
[0.486s] Level 1:colcon.colcon_core.package_identification:_identify(src/robot_planner) by extension 'colcon_pkg'
[0.486s] Level 1:colcon.colcon_core.package_identification:_identify(src/robot_planner) by extensions ['colcon_meta']
[0.486s] Level 1:colcon.colcon_core.package_identification:_identify(src/robot_planner) by extension 'colcon_meta'
[0.486s] Level 1:colcon.colcon_core.package_identification:_identify(src/robot_planner) by extensions ['ros']
[0.487s] Level 1:colcon.colcon_core.package_identification:_identify(src/robot_planner) by extension 'ros'
[0.487s] DEBUG:colcon.colcon_core.package_identification:Package 'src/robot_planner' with type 'ros.ament_cmake' and name 'robot_planner'
[0.487s] Level 1:colcon.colcon_core.package_identification:_identify(src/robot_visualizer) by extensions ['ignore', 'ignore_ament_install']
[0.487s] Level 1:colcon.colcon_core.package_identification:_identify(src/robot_visualizer) by extension 'ignore'
[0.487s] Level 1:colcon.colcon_core.package_identification:_identify(src/robot_visualizer) by extension 'ignore_ament_install'
[0.487s] Level 1:colcon.colcon_core.package_identification:_identify(src/robot_visualizer) by extensions ['colcon_pkg']
[0.487s] Level 1:colcon.colcon_core.package_identification:_identify(src/robot_visualizer) by extension 'colcon_pkg'
[0.487s] Level 1:colcon.colcon_core.package_identification:_identify(src/robot_visualizer) by extensions ['colcon_meta']
[0.487s] Level 1:colcon.colcon_core.package_identification:_identify(src/robot_visualizer) by extension 'colcon_meta'
[0.487s] Level 1:colcon.colcon_core.package_identification:_identify(src/robot_visualizer) by extensions ['ros']
[0.487s] Level 1:colcon.colcon_core.package_identification:_identify(src/robot_visualizer) by extension 'ros'
[0.488s] DEBUG:colcon.colcon_core.package_identification:Package 'src/robot_visualizer' with type 'ros.ament_python' and name 'robot_visualizer'
[0.488s] Level 1:colcon.colcon_core.package_discovery:discover_packages(recursive) using defaults
[0.488s] Level 1:colcon.colcon_core.package_discovery:discover_packages(ignore) discover
[0.488s] Level 1:colcon.colcon_core.package_discovery:discover_packages(ignore) using defaults
[0.488s] Level 1:colcon.colcon_core.package_discovery:discover_packages(path) discover
[0.488s] Level 1:colcon.colcon_core.package_discovery:discover_packages(path) using defaults
[0.519s] Level 1:colcon.colcon_core.package_discovery:discover_packages(prefix_path) check parameters
[0.519s] Level 1:colcon.colcon_core.package_discovery:discover_packages(prefix_path) discover
[0.520s] WARNING:colcon.colcon_ros.prefix_path.ament:The path '/home/iosnaaente/Desktop/path_planning/install/robot_launch' in the environment variable AMENT_PREFIX_PATH doesn't exist
[0.521s] DEBUG:colcon.colcon_installed_package_information.package_discovery:Found 5 installed packages in /home/iosnaaente/Desktop/path_planning/install
[0.523s] DEBUG:colcon.colcon_installed_package_information.package_discovery:Found 294 installed packages in /opt/ros/humble
[0.525s] Level 1:colcon.colcon_core.package_discovery:discover_packages(prefix_path) using defaults
[0.568s] Level 5:colcon.colcon_core.verb:set package 'custom_messages' build argument 'cmake_args' from command line to 'None'
[0.568s] Level 5:colcon.colcon_core.verb:set package 'custom_messages' build argument 'cmake_target' from command line to 'None'
[0.569s] Level 5:colcon.colcon_core.verb:set package 'custom_messages' build argument 'cmake_target_skip_unavailable' from command line to 'False'
[0.569s] Level 5:colcon.colcon_core.verb:set package 'custom_messages' build argument 'cmake_clean_cache' from command line to 'False'
[0.569s] Level 5:colcon.colcon_core.verb:set package 'custom_messages' build argument 'cmake_clean_first' from command line to 'False'
[0.569s] Level 5:colcon.colcon_core.verb:set package 'custom_messages' build argument 'cmake_force_configure' from command line to 'False'
[0.569s] Level 5:colcon.colcon_core.verb:set package 'custom_messages' build argument 'ament_cmake_args' from command line to 'None'
[0.569s] Level 5:colcon.colcon_core.verb:set package 'custom_messages' build argument 'catkin_cmake_args' from command line to 'None'
[0.569s] Level 5:colcon.colcon_core.verb:set package 'custom_messages' build argument 'catkin_skip_building_tests' from command line to 'False'
[0.569s] DEBUG:colcon.colcon_core.verb:Building package 'custom_messages' with the following arguments: {'ament_cmake_args': None, 'build_base': '/home/iosnaaente/Desktop/path_planning/build/custom_messages', 'catkin_cmake_args': None, 'catkin_skip_building_tests': False, 'cmake_args': None, 'cmake_clean_cache': False, 'cmake_clean_first': False, 'cmake_force_configure': False, 'cmake_target': None, 'cmake_target_skip_unavailable': False, 'install_base': '/home/iosnaaente/Desktop/path_planning/install/custom_messages', 'merge_install': False, 'path': '/home/iosnaaente/Desktop/path_planning/src/custom_messages', 'symlink_install': False, 'test_result_base': None}
[0.570s] Level 5:colcon.colcon_core.verb:set package 'robot_launcher' build argument 'cmake_args' from command line to 'None'
[0.571s] Level 5:colcon.colcon_core.verb:set package 'robot_launcher' build argument 'cmake_target' from command line to 'None'
[0.571s] Level 5:colcon.colcon_core.verb:set package 'robot_launcher' build argument 'cmake_target_skip_unavailable' from command line to 'False'
[0.571s] Level 5:colcon.colcon_core.verb:set package 'robot_launcher' build argument 'cmake_clean_cache' from command line to 'False'
[0.571s] Level 5:colcon.colcon_core.verb:set package 'robot_launcher' build argument 'cmake_clean_first' from command line to 'False'
[0.571s] Level 5:colcon.colcon_core.verb:set package 'robot_launcher' build argument 'cmake_force_configure' from command line to 'False'
[0.571s] Level 5:colcon.colcon_core.verb:set package 'robot_launcher' build argument 'ament_cmake_args' from command line to 'None'
[0.571s] Level 5:colcon.colcon_core.verb:set package 'robot_launcher' build argument 'catkin_cmake_args' from command line to 'None'
[0.571s] Level 5:colcon.colcon_core.verb:set package 'robot_launcher' build argument 'catkin_skip_building_tests' from command line to 'False'
[0.571s] DEBUG:colcon.colcon_core.verb:Building package 'robot_launcher' with the following arguments: {'ament_cmake_args': None, 'build_base': '/home/iosnaaente/Desktop/path_planning/build/robot_launcher', 'catkin_cmake_args': None, 'catkin_skip_building_tests': False, 'cmake_args': None, 'cmake_clean_cache': False, 'cmake_clean_first': False, 'cmake_force_configure': False, 'cmake_target': None, 'cmake_target_skip_unavailable': False, 'install_base': '/home/iosnaaente/Desktop/path_planning/install/robot_launcher', 'merge_install': False, 'path': '/home/iosnaaente/Desktop/path_planning/launcher', 'symlink_install': False, 'test_result_base': None}
[0.571s] Level 5:colcon.colcon_core.verb:set package 'robot_kinematic' build argument 'cmake_args' from command line to 'None'
[0.571s] Level 5:colcon.colcon_core.verb:set package 'robot_kinematic' build argument 'cmake_target' from command line to 'None'
[0.571s] Level 5:colcon.colcon_core.verb:set package 'robot_kinematic' build argument 'cmake_target_skip_unavailable' from command line to 'False'
[0.571s] Level 5:colcon.colcon_core.verb:set package 'robot_kinematic' build argument 'cmake_clean_cache' from command line to 'False'
[0.572s] Level 5:colcon.colcon_core.verb:set package 'robot_kinematic' build argument 'cmake_clean_first' from command line to 'False'
[0.572s] Level 5:colcon.colcon_core.verb:set package 'robot_kinematic' build argument 'cmake_force_configure' from command line to 'False'
[0.572s] Level 5:colcon.colcon_core.verb:set package 'robot_kinematic' build argument 'ament_cmake_args' from command line to 'None'
[0.572s] Level 5:colcon.colcon_core.verb:set package 'robot_kinematic' build argument 'catkin_cmake_args' from command line to 'None'
[0.572s] Level 5:colcon.colcon_core.verb:set package 'robot_kinematic' build argument 'catkin_skip_building_tests' from command line to 'False'
[0.572s] DEBUG:colcon.colcon_core.verb:Building package 'robot_kinematic' with the following arguments: {'ament_cmake_args': None, 'build_base': '/home/iosnaaente/Desktop/path_planning/build/robot_kinematic', 'catkin_cmake_args': None, 'catkin_skip_building_tests': False, 'cmake_args': None, 'cmake_clean_cache': False, 'cmake_clean_first': False, 'cmake_force_configure': False, 'cmake_target': None, 'cmake_target_skip_unavailable': False, 'install_base': '/home/iosnaaente/Desktop/path_planning/install/robot_kinematic', 'merge_install': False, 'path': '/home/iosnaaente/Desktop/path_planning/src/robot_kinematic', 'symlink_install': False, 'test_result_base': None}
[0.572s] Level 5:colcon.colcon_core.verb:set package 'robot_planner' build argument 'cmake_args' from command line to 'None'
[0.572s] Level 5:colcon.colcon_core.verb:set package 'robot_planner' build argument 'cmake_target' from command line to 'None'
[0.572s] Level 5:colcon.colcon_core.verb:set package 'robot_planner' build argument 'cmake_target_skip_unavailable' from command line to 'False'
[0.572s] Level 5:colcon.colcon_core.verb:set package 'robot_planner' build argument 'cmake_clean_cache' from command line to 'False'
[0.572s] Level 5:colcon.colcon_core.verb:set package 'robot_planner' build argument 'cmake_clean_first' from command line to 'False'
[0.572s] Level 5:colcon.colcon_core.verb:set package 'robot_planner' build argument 'cmake_force_configure' from command line to 'False'
[0.572s] Level 5:colcon.colcon_core.verb:set package 'robot_planner' build argument 'ament_cmake_args' from command line to 'None'
[0.572s] Level 5:colcon.colcon_core.verb:set package 'robot_planner' build argument 'catkin_cmake_args' from command line to 'None'
[0.572s] Level 5:colcon.colcon_core.verb:set package 'robot_planner' build argument 'catkin_skip_building_tests' from command line to 'False'
[0.572s] DEBUG:colcon.colcon_core.verb:Building package 'robot_planner' with the following arguments: {'ament_cmake_args': None, 'build_base': '/home/iosnaaente/Desktop/path_planning/build/robot_planner', 'catkin_cmake_args': None, 'catkin_skip_building_tests': False, 'cmake_args': None, 'cmake_clean_cache': False, 'cmake_clean_first': False, 'cmake_force_configure': False, 'cmake_target': None, 'cmake_target_skip_unavailable': False, 'install_base': '/home/iosnaaente/Desktop/path_planning/install/robot_planner', 'merge_install': False, 'path': '/home/iosnaaente/Desktop/path_planning/src/robot_planner', 'symlink_install': False, 'test_result_base': None}
[0.573s] Level 5:colcon.colcon_core.verb:set package 'robot_visualizer' build argument 'cmake_args' from command line to 'None'
[0.573s] Level 5:colcon.colcon_core.verb:set package 'robot_visualizer' build argument 'cmake_target' from command line to 'None'
[0.573s] Level 5:colcon.colcon_core.verb:set package 'robot_visualizer' build argument 'cmake_target_skip_unavailable' from command line to 'False'
[0.573s] Level 5:colcon.colcon_core.verb:set package 'robot_visualizer' build argument 'cmake_clean_cache' from command line to 'False'
[0.573s] Level 5:colcon.colcon_core.verb:set package 'robot_visualizer' build argument 'cmake_clean_first' from command line to 'False'
[0.573s] Level 5:colcon.colcon_core.verb:set package 'robot_visualizer' build argument 'cmake_force_configure' from command line to 'False'
[0.573s] Level 5:colcon.colcon_core.verb:set package 'robot_visualizer' build argument 'ament_cmake_args' from command line to 'None'
[0.573s] Level 5:colcon.colcon_core.verb:set package 'robot_visualizer' build argument 'catkin_cmake_args' from command line to 'None'
[0.573s] Level 5:colcon.colcon_core.verb:set package 'robot_visualizer' build argument 'catkin_skip_building_tests' from command line to 'False'
[0.573s] DEBUG:colcon.colcon_core.verb:Building package 'robot_visualizer' with the following arguments: {'ament_cmake_args': None, 'build_base': '/home/iosnaaente/Desktop/path_planning/build/robot_visualizer', 'catkin_cmake_args': None, 'catkin_skip_building_tests': False, 'cmake_args': None, 'cmake_clean_cache': False, 'cmake_clean_first': False, 'cmake_force_configure': False, 'cmake_target': None, 'cmake_target_skip_unavailable': False, 'install_base': '/home/iosnaaente/Desktop/path_planning/install/robot_visualizer', 'merge_install': False, 'path': '/home/iosnaaente/Desktop/path_planning/src/robot_visualizer', 'symlink_install': False, 'test_result_base': None}
[0.573s] INFO:colcon.colcon_core.executor:Executing jobs using 'parallel' executor
[0.574s] DEBUG:colcon.colcon_parallel_executor.executor.parallel:run_until_complete
[0.575s] INFO:colcon.colcon_ros.task.ament_cmake.build:Building ROS package in '/home/iosnaaente/Desktop/path_planning/src/custom_messages' with build type 'ament_cmake'
[0.575s] INFO:colcon.colcon_cmake.task.cmake.build:Building CMake package in '/home/iosnaaente/Desktop/path_planning/src/custom_messages'
[0.577s] INFO:colcon.colcon_core.plugin_system:Skipping extension 'colcon_core.shell.bat': Not used on non-Windows systems
[0.578s] INFO:colcon.colcon_core.shell:Skip shell extension 'powershell' for command environment: Not usable outside of PowerShell
[0.578s] DEBUG:colcon.colcon_core.shell:Skip shell extension 'dsv' for command environment
[0.581s] INFO:colcon.colcon_ros.task.ament_python.build:Building ROS package in '/home/iosnaaente/Desktop/path_planning/launcher' with build type 'ament_python'
[0.581s] Level 1:colcon.colcon_core.shell:create_environment_hook('robot_launcher', 'ament_prefix_path')
[0.581s] INFO:colcon.colcon_core.shell:Creating environment hook '/home/iosnaaente/Desktop/path_planning/install/robot_launcher/share/robot_launcher/hook/ament_prefix_path.ps1'
[0.585s] INFO:colcon.colcon_core.shell:Creating environment descriptor '/home/iosnaaente/Desktop/path_planning/install/robot_launcher/share/robot_launcher/hook/ament_prefix_path.dsv'
[0.585s] INFO:colcon.colcon_core.shell:Creating environment hook '/home/iosnaaente/Desktop/path_planning/install/robot_launcher/share/robot_launcher/hook/ament_prefix_path.sh'
[0.586s] INFO:colcon.colcon_core.shell:Skip shell extension 'powershell' for command environment: Not usable outside of PowerShell
[0.586s] DEBUG:colcon.colcon_core.shell:Skip shell extension 'dsv' for command environment
[0.596s] DEBUG:colcon.colcon_core.event_handler.log_command:Invoking command in '/home/iosnaaente/Desktop/path_planning/build/custom_messages': CMAKE_PREFIX_PATH=${CMAKE_PREFIX_PATH}:/home/iosnaaente/Desktop/path_planning/install/robot_launcher:/home/iosnaaente/Desktop/path_planning/install/robot_visualizer:/home/iosnaaente/Desktop/path_planning/install/robot_launch:/opt/ros/humble /usr/bin/cmake --build /home/iosnaaente/Desktop/path_planning/build/custom_messages -- -j8 -l8
[0.998s] INFO:colcon.colcon_core.task.python.build:Building Python package in '/home/iosnaaente/Desktop/path_planning/launcher'
[0.998s] INFO:colcon.colcon_core.shell:Skip shell extension 'powershell' for command environment: Not usable outside of PowerShell
[0.998s] DEBUG:colcon.colcon_core.shell:Skip shell extension 'dsv' for command environment
[1.071s] DEBUG:colcon.colcon_core.event_handler.log_command:Invoked command in '/home/iosnaaente/Desktop/path_planning/build/custom_messages' returned '0': CMAKE_PREFIX_PATH=${CMAKE_PREFIX_PATH}:/home/iosnaaente/Desktop/path_planning/install/robot_launcher:/home/iosnaaente/Desktop/path_planning/install/robot_visualizer:/home/iosnaaente/Desktop/path_planning/install/robot_launch:/opt/ros/humble /usr/bin/cmake --build /home/iosnaaente/Desktop/path_planning/build/custom_messages -- -j8 -l8
[1.082s] DEBUG:colcon.colcon_core.event_handler.log_command:Invoking command in '/home/iosnaaente/Desktop/path_planning/build/custom_messages': CMAKE_PREFIX_PATH=${CMAKE_PREFIX_PATH}:/home/iosnaaente/Desktop/path_planning/install/robot_launcher:/home/iosnaaente/Desktop/path_planning/install/robot_visualizer:/home/iosnaaente/Desktop/path_planning/install/robot_launch:/opt/ros/humble /usr/bin/cmake --install /home/iosnaaente/Desktop/path_planning/build/custom_messages
[1.192s] Level 1:colcon.colcon_core.environment:create_environment_scripts_only(custom_messages)
[1.193s] DEBUG:colcon.colcon_core.event_handler.log_command:Invoked command in '/home/iosnaaente/Desktop/path_planning/build/custom_messages' returned '0': CMAKE_PREFIX_PATH=${CMAKE_PREFIX_PATH}:/home/iosnaaente/Desktop/path_planning/install/robot_launcher:/home/iosnaaente/Desktop/path_planning/install/robot_visualizer:/home/iosnaaente/Desktop/path_planning/install/robot_launch:/opt/ros/humble /usr/bin/cmake --install /home/iosnaaente/Desktop/path_planning/build/custom_messages
[1.197s] Level 1:colcon.colcon_core.environment:checking '/home/iosnaaente/Desktop/path_planning/install/custom_messages' for CMake module files
[1.198s] Level 1:colcon.colcon_core.environment:checking '/home/iosnaaente/Desktop/path_planning/install/custom_messages' for CMake config files
[1.199s] Level 1:colcon.colcon_core.shell:create_environment_hook('custom_messages', 'cmake_prefix_path')
[1.200s] INFO:colcon.colcon_core.shell:Creating environment hook '/home/iosnaaente/Desktop/path_planning/install/custom_messages/share/custom_messages/hook/cmake_prefix_path.ps1'
[1.200s] INFO:colcon.colcon_core.shell:Creating environment descriptor '/home/iosnaaente/Desktop/path_planning/install/custom_messages/share/custom_messages/hook/cmake_prefix_path.dsv'
[1.200s] INFO:colcon.colcon_core.shell:Creating environment hook '/home/iosnaaente/Desktop/path_planning/install/custom_messages/share/custom_messages/hook/cmake_prefix_path.sh'
[1.201s] Level 1:colcon.colcon_core.environment:checking '/home/iosnaaente/Desktop/path_planning/install/custom_messages/lib'
[1.201s] Level 1:colcon.colcon_core.shell:create_environment_hook('custom_messages', 'ld_library_path_lib')
[1.202s] INFO:colcon.colcon_core.shell:Creating environment hook '/home/iosnaaente/Desktop/path_planning/install/custom_messages/share/custom_messages/hook/ld_library_path_lib.ps1'
[1.202s] INFO:colcon.colcon_core.shell:Creating environment descriptor '/home/iosnaaente/Desktop/path_planning/install/custom_messages/share/custom_messages/hook/ld_library_path_lib.dsv'
[1.202s] INFO:colcon.colcon_core.shell:Creating environment hook '/home/iosnaaente/Desktop/path_planning/install/custom_messages/share/custom_messages/hook/ld_library_path_lib.sh'
[1.203s] Level 1:colcon.colcon_core.environment:checking '/home/iosnaaente/Desktop/path_planning/install/custom_messages/bin'
[1.203s] Level 1:colcon.colcon_core.environment:checking '/home/iosnaaente/Desktop/path_planning/install/custom_messages/lib/pkgconfig/custom_messages.pc'
[1.204s] Level 1:colcon.colcon_core.environment:checking '/home/iosnaaente/Desktop/path_planning/install/custom_messages/lib/python3.10/site-packages'
[1.204s] Level 1:colcon.colcon_core.environment:checking '/home/iosnaaente/Desktop/path_planning/install/custom_messages/bin'
[1.204s] INFO:colcon.colcon_core.shell:Creating package script '/home/iosnaaente/Desktop/path_planning/install/custom_messages/share/custom_messages/package.ps1'
[1.205s] INFO:colcon.colcon_core.shell:Creating package descriptor '/home/iosnaaente/Desktop/path_planning/install/custom_messages/share/custom_messages/package.dsv'
[1.206s] INFO:colcon.colcon_core.shell:Creating package script '/home/iosnaaente/Desktop/path_planning/install/custom_messages/share/custom_messages/package.sh'
[1.207s] INFO:colcon.colcon_core.shell:Creating package script '/home/iosnaaente/Desktop/path_planning/install/custom_messages/share/custom_messages/package.bash'
[1.207s] INFO:colcon.colcon_core.shell:Creating package script '/home/iosnaaente/Desktop/path_planning/install/custom_messages/share/custom_messages/package.zsh'
[1.208s] Level 1:colcon.colcon_core.environment:create_file_with_runtime_dependencies(/home/iosnaaente/Desktop/path_planning/install/custom_messages/share/colcon-core/packages/custom_messages)
[1.209s] Level 1:colcon.colcon_core.environment:create_environment_scripts_only(custom_messages)
[1.210s] Level 1:colcon.colcon_core.environment:checking '/home/iosnaaente/Desktop/path_planning/install/custom_messages' for CMake module files
[1.210s] Level 1:colcon.colcon_core.environment:checking '/home/iosnaaente/Desktop/path_planning/install/custom_messages' for CMake config files
[1.211s] Level 1:colcon.colcon_core.shell:create_environment_hook('custom_messages', 'cmake_prefix_path')
[1.212s] INFO:colcon.colcon_core.shell:Creating environment hook '/home/iosnaaente/Desktop/path_planning/install/custom_messages/share/custom_messages/hook/cmake_prefix_path.ps1'
[1.213s] INFO:colcon.colcon_core.shell:Creating environment descriptor '/home/iosnaaente/Desktop/path_planning/install/custom_messages/share/custom_messages/hook/cmake_prefix_path.dsv'
[1.214s] INFO:colcon.colcon_core.shell:Creating environment hook '/home/iosnaaente/Desktop/path_planning/install/custom_messages/share/custom_messages/hook/cmake_prefix_path.sh'
[1.215s] Level 1:colcon.colcon_core.environment:checking '/home/iosnaaente/Desktop/path_planning/install/custom_messages/lib'
[1.215s] Level 1:colcon.colcon_core.shell:create_environment_hook('custom_messages', 'ld_library_path_lib')
[1.215s] INFO:colcon.colcon_core.shell:Creating environment hook '/home/iosnaaente/Desktop/path_planning/install/custom_messages/share/custom_messages/hook/ld_library_path_lib.ps1'
[1.215s] INFO:colcon.colcon_core.shell:Creating environment descriptor '/home/iosnaaente/Desktop/path_planning/install/custom_messages/share/custom_messages/hook/ld_library_path_lib.dsv'
[1.216s] INFO:colcon.colcon_core.shell:Creating environment hook '/home/iosnaaente/Desktop/path_planning/install/custom_messages/share/custom_messages/hook/ld_library_path_lib.sh'
[1.216s] Level 1:colcon.colcon_core.environment:checking '/home/iosnaaente/Desktop/path_planning/install/custom_messages/bin'
[1.216s] Level 1:colcon.colcon_core.environment:checking '/home/iosnaaente/Desktop/path_planning/install/custom_messages/lib/pkgconfig/custom_messages.pc'
[1.216s] Level 1:colcon.colcon_core.environment:checking '/home/iosnaaente/Desktop/path_planning/install/custom_messages/lib/python3.10/site-packages'
[1.217s] Level 1:colcon.colcon_core.environment:checking '/home/iosnaaente/Desktop/path_planning/install/custom_messages/bin'
[1.217s] INFO:colcon.colcon_core.shell:Creating package script '/home/iosnaaente/Desktop/path_planning/install/custom_messages/share/custom_messages/package.ps1'
[1.217s] INFO:colcon.colcon_core.shell:Creating package descriptor '/home/iosnaaente/Desktop/path_planning/install/custom_messages/share/custom_messages/package.dsv'
[1.218s] INFO:colcon.colcon_core.shell:Creating package script '/home/iosnaaente/Desktop/path_planning/install/custom_messages/share/custom_messages/package.sh'
[1.219s] INFO:colcon.colcon_core.shell:Creating package script '/home/iosnaaente/Desktop/path_planning/install/custom_messages/share/custom_messages/package.bash'
[1.219s] INFO:colcon.colcon_core.shell:Creating package script '/home/iosnaaente/Desktop/path_planning/install/custom_messages/share/custom_messages/package.zsh'
[1.220s] Level 1:colcon.colcon_core.environment:create_file_with_runtime_dependencies(/home/iosnaaente/Desktop/path_planning/install/custom_messages/share/colcon-core/packages/custom_messages)
[1.220s] INFO:colcon.colcon_ros.task.ament_cmake.build:Building ROS package in '/home/iosnaaente/Desktop/path_planning/src/robot_kinematic' with build type 'ament_cmake'
[1.220s] INFO:colcon.colcon_cmake.task.cmake.build:Building CMake package in '/home/iosnaaente/Desktop/path_planning/src/robot_kinematic'
[1.221s] INFO:colcon.colcon_core.shell:Skip shell extension 'powershell' for command environment: Not usable outside of PowerShell
[1.221s] DEBUG:colcon.colcon_core.shell:Skip shell extension 'dsv' for command environment
[1.226s] INFO:colcon.colcon_ros.task.ament_cmake.build:Building ROS package in '/home/iosnaaente/Desktop/path_planning/src/robot_planner' with build type 'ament_cmake'
[1.226s] INFO:colcon.colcon_cmake.task.cmake.build:Building CMake package in '/home/iosnaaente/Desktop/path_planning/src/robot_planner'
[1.226s] INFO:colcon.colcon_core.shell:Skip shell extension 'powershell' for command environment: Not usable outside of PowerShell
[1.226s] DEBUG:colcon.colcon_core.shell:Skip shell extension 'dsv' for command environment
[1.233s] INFO:colcon.colcon_ros.task.ament_python.build:Building ROS package in '/home/iosnaaente/Desktop/path_planning/src/robot_visualizer' with build type 'ament_python'
[1.233s] Level 1:colcon.colcon_core.shell:create_environment_hook('robot_visualizer', 'ament_prefix_path')
[1.234s] INFO:colcon.colcon_core.shell:Creating environment hook '/home/iosnaaente/Desktop/path_planning/install/robot_visualizer/share/robot_visualizer/hook/ament_prefix_path.ps1'
[1.236s] INFO:colcon.colcon_core.shell:Creating environment descriptor '/home/iosnaaente/Desktop/path_planning/install/robot_visualizer/share/robot_visualizer/hook/ament_prefix_path.dsv'
[1.236s] INFO:colcon.colcon_core.shell:Creating environment hook '/home/iosnaaente/Desktop/path_planning/install/robot_visualizer/share/robot_visualizer/hook/ament_prefix_path.sh'
[1.237s] INFO:colcon.colcon_core.shell:Skip shell extension 'powershell' for command environment: Not usable outside of PowerShell
[1.237s] DEBUG:colcon.colcon_core.shell:Skip shell extension 'dsv' for command environment
[1.358s] DEBUG:colcon.colcon_core.event_handler.log_command:Invoking command in '/home/iosnaaente/Desktop/path_planning/build/robot_kinematic': CMAKE_PREFIX_PATH=/home/iosnaaente/Desktop/path_planning/install/custom_messages:/home/iosnaaente/Desktop/path_planning/install/robot_planner:/home/iosnaaente/Desktop/path_planning/install/robot_kinematic:/home/iosnaaente/Desktop/path_planning/install/robot_launcher:/home/iosnaaente/Desktop/path_planning/install/robot_visualizer:/home/iosnaaente/Desktop/path_planning/install/robot_launch:/opt/ros/humble /usr/bin/cmake --build /home/iosnaaente/Desktop/path_planning/build/robot_kinematic -- -j8 -l8
[1.364s] DEBUG:colcon.colcon_core.event_handler.log_command:Invoking command in '/home/iosnaaente/Desktop/path_planning/build/robot_planner': CMAKE_PREFIX_PATH=/home/iosnaaente/Desktop/path_planning/install/custom_messages:/home/iosnaaente/Desktop/path_planning/install/robot_planner:/home/iosnaaente/Desktop/path_planning/install/robot_kinematic:/home/iosnaaente/Desktop/path_planning/install/robot_launcher:/home/iosnaaente/Desktop/path_planning/install/robot_visualizer:/home/iosnaaente/Desktop/path_planning/install/robot_launch:/opt/ros/humble /usr/bin/cmake --build /home/iosnaaente/Desktop/path_planning/build/robot_planner -- -j8 -l8
[1.773s] INFO:colcon.colcon_core.task.python.build:Building Python package in '/home/iosnaaente/Desktop/path_planning/src/robot_visualizer'
[1.773s] INFO:colcon.colcon_core.shell:Skip shell extension 'powershell' for command environment: Not usable outside of PowerShell
[1.773s] DEBUG:colcon.colcon_core.shell:Skip shell extension 'dsv' for command environment
[1.780s] DEBUG:colcon.colcon_core.event_handler.log_command:Invoked command in '/home/iosnaaente/Desktop/path_planning/build/robot_planner' returned '0': CMAKE_PREFIX_PATH=/home/iosnaaente/Desktop/path_planning/install/custom_messages:/home/iosnaaente/Desktop/path_planning/install/robot_planner:/home/iosnaaente/Desktop/path_planning/install/robot_kinematic:/home/iosnaaente/Desktop/path_planning/install/robot_launcher:/home/iosnaaente/Desktop/path_planning/install/robot_visualizer:/home/iosnaaente/Desktop/path_planning/install/robot_launch:/opt/ros/humble /usr/bin/cmake --build /home/iosnaaente/Desktop/path_planning/build/robot_planner -- -j8 -l8
[1.783s] DEBUG:colcon.colcon_core.event_handler.log_command:Invoking command in '/home/iosnaaente/Desktop/path_planning/build/robot_planner': CMAKE_PREFIX_PATH=/home/iosnaaente/Desktop/path_planning/install/custom_messages:/home/iosnaaente/Desktop/path_planning/install/robot_planner:/home/iosnaaente/Desktop/path_planning/install/robot_kinematic:/home/iosnaaente/Desktop/path_planning/install/robot_launcher:/home/iosnaaente/Desktop/path_planning/install/robot_visualizer:/home/iosnaaente/Desktop/path_planning/install/robot_launch:/opt/ros/humble /usr/bin/cmake --install /home/iosnaaente/Desktop/path_planning/build/robot_planner
[1.793s] DEBUG:colcon.colcon_core.event_handler.log_command:Invoking command in '/home/iosnaaente/Desktop/path_planning/launcher': PYTHONPATH=/home/iosnaaente/Desktop/path_planning/build/robot_launcher/prefix_override:/home/iosnaaente/.local/lib/python3.10/site-packages/colcon_core/task/python/colcon_distutils_commands:/home/iosnaaente/Desktop/path_planning/install/robot_launcher/lib/python3.10/site-packages:${PYTHONPATH} /usr/bin/python3 -W ignore:setup.py install is deprecated -W ignore:easy_install command is deprecated setup.py egg_info --egg-base ../build/robot_launcher build --build-base /home/iosnaaente/Desktop/path_planning/build/robot_launcher/build install --record /home/iosnaaente/Desktop/path_planning/build/robot_launcher/install.log --single-version-externally-managed install_data
[1.795s] DEBUG:colcon.colcon_core.event_handler.log_command:Invoked command in '/home/iosnaaente/Desktop/path_planning/build/robot_kinematic' returned '0': CMAKE_PREFIX_PATH=/home/iosnaaente/Desktop/path_planning/install/custom_messages:/home/iosnaaente/Desktop/path_planning/install/robot_planner:/home/iosnaaente/Desktop/path_planning/install/robot_kinematic:/home/iosnaaente/Desktop/path_planning/install/robot_launcher:/home/iosnaaente/Desktop/path_planning/install/robot_visualizer:/home/iosnaaente/Desktop/path_planning/install/robot_launch:/opt/ros/humble /usr/bin/cmake --build /home/iosnaaente/Desktop/path_planning/build/robot_kinematic -- -j8 -l8
[1.798s] DEBUG:colcon.colcon_core.event_handler.log_command:Invoking command in '/home/iosnaaente/Desktop/path_planning/build/robot_kinematic': CMAKE_PREFIX_PATH=/home/iosnaaente/Desktop/path_planning/install/custom_messages:/home/iosnaaente/Desktop/path_planning/install/robot_planner:/home/iosnaaente/Desktop/path_planning/install/robot_kinematic:/home/iosnaaente/Desktop/path_planning/install/robot_launcher:/home/iosnaaente/Desktop/path_planning/install/robot_visualizer:/home/iosnaaente/Desktop/path_planning/install/robot_launch:/opt/ros/humble /usr/bin/cmake --install /home/iosnaaente/Desktop/path_planning/build/robot_kinematic
[1.809s] Level 1:colcon.colcon_core.environment:create_environment_scripts_only(robot_planner)
[1.810s] Level 1:colcon.colcon_core.environment:checking '/home/iosnaaente/Desktop/path_planning/install/robot_planner' for CMake module files
[1.813s] DEBUG:colcon.colcon_core.event_handler.log_command:Invoked command in '/home/iosnaaente/Desktop/path_planning/build/robot_planner' returned '0': CMAKE_PREFIX_PATH=/home/iosnaaente/Desktop/path_planning/install/custom_messages:/home/iosnaaente/Desktop/path_planning/install/robot_planner:/home/iosnaaente/Desktop/path_planning/install/robot_kinematic:/home/iosnaaente/Desktop/path_planning/install/robot_launcher:/home/iosnaaente/Desktop/path_planning/install/robot_visualizer:/home/iosnaaente/Desktop/path_planning/install/robot_launch:/opt/ros/humble /usr/bin/cmake --install /home/iosnaaente/Desktop/path_planning/build/robot_planner
[1.820s] Level 1:colcon.colcon_core.environment:checking '/home/iosnaaente/Desktop/path_planning/install/robot_planner' for CMake config files
[1.824s] Level 1:colcon.colcon_core.shell:create_environment_hook('robot_planner', 'cmake_prefix_path')
[1.825s] INFO:colcon.colcon_core.shell:Creating environment hook '/home/iosnaaente/Desktop/path_planning/install/robot_planner/share/robot_planner/hook/cmake_prefix_path.ps1'
[1.827s] INFO:colcon.colcon_core.shell:Creating environment descriptor '/home/iosnaaente/Desktop/path_planning/install/robot_planner/share/robot_planner/hook/cmake_prefix_path.dsv'
[1.828s] INFO:colcon.colcon_core.shell:Creating environment hook '/home/iosnaaente/Desktop/path_planning/install/robot_planner/share/robot_planner/hook/cmake_prefix_path.sh'
[1.830s] Level 1:colcon.colcon_core.environment:checking '/home/iosnaaente/Desktop/path_planning/install/robot_planner/bin'
[1.830s] Level 1:colcon.colcon_core.environment:checking '/home/iosnaaente/Desktop/path_planning/install/robot_planner/lib/pkgconfig/robot_planner.pc'
[1.830s] Level 1:colcon.colcon_core.environment:checking '/home/iosnaaente/Desktop/path_planning/install/robot_planner/lib/python3.10/site-packages'
[1.831s] Level 1:colcon.colcon_core.environment:checking '/home/iosnaaente/Desktop/path_planning/install/robot_planner/bin'
[1.832s] INFO:colcon.colcon_core.shell:Creating package script '/home/iosnaaente/Desktop/path_planning/install/robot_planner/share/robot_planner/package.ps1'
[1.833s] INFO:colcon.colcon_core.shell:Creating package descriptor '/home/iosnaaente/Desktop/path_planning/install/robot_planner/share/robot_planner/package.dsv'
[1.833s] INFO:colcon.colcon_core.shell:Creating package script '/home/iosnaaente/Desktop/path_planning/install/robot_planner/share/robot_planner/package.sh'
[1.833s] INFO:colcon.colcon_core.shell:Creating package script '/home/iosnaaente/Desktop/path_planning/install/robot_planner/share/robot_planner/package.bash'
[1.834s] INFO:colcon.colcon_core.shell:Creating package script '/home/iosnaaente/Desktop/path_planning/install/robot_planner/share/robot_planner/package.zsh'
[1.834s] Level 1:colcon.colcon_core.environment:create_file_with_runtime_dependencies(/home/iosnaaente/Desktop/path_planning/install/robot_planner/share/colcon-core/packages/robot_planner)
[1.835s] Level 1:colcon.colcon_core.environment:create_environment_scripts_only(robot_planner)
[1.835s] Level 1:colcon.colcon_core.environment:checking '/home/iosnaaente/Desktop/path_planning/install/robot_planner' for CMake module files
[1.836s] Level 1:colcon.colcon_core.environment:checking '/home/iosnaaente/Desktop/path_planning/install/robot_planner' for CMake config files
[1.836s] Level 1:colcon.colcon_core.shell:create_environment_hook('robot_planner', 'cmake_prefix_path')
[1.836s] INFO:colcon.colcon_core.shell:Creating environment hook '/home/iosnaaente/Desktop/path_planning/install/robot_planner/share/robot_planner/hook/cmake_prefix_path.ps1'
[1.837s] INFO:colcon.colcon_core.shell:Creating environment descriptor '/home/iosnaaente/Desktop/path_planning/install/robot_planner/share/robot_planner/hook/cmake_prefix_path.dsv'
[1.837s] INFO:colcon.colcon_core.shell:Creating environment hook '/home/iosnaaente/Desktop/path_planning/install/robot_planner/share/robot_planner/hook/cmake_prefix_path.sh'
[1.838s] Level 1:colcon.colcon_core.environment:checking '/home/iosnaaente/Desktop/path_planning/install/robot_planner/bin'
[1.838s] Level 1:colcon.colcon_core.environment:checking '/home/iosnaaente/Desktop/path_planning/install/robot_planner/lib/pkgconfig/robot_planner.pc'
[1.839s] Level 1:colcon.colcon_core.environment:checking '/home/iosnaaente/Desktop/path_planning/install/robot_planner/lib/python3.10/site-packages'
[1.839s] Level 1:colcon.colcon_core.environment:checking '/home/iosnaaente/Desktop/path_planning/install/robot_planner/bin'
[1.840s] INFO:colcon.colcon_core.shell:Creating package script '/home/iosnaaente/Desktop/path_planning/install/robot_planner/share/robot_planner/package.ps1'
[1.842s] INFO:colcon.colcon_core.shell:Creating package descriptor '/home/iosnaaente/Desktop/path_planning/install/robot_planner/share/robot_planner/package.dsv'
[1.844s] INFO:colcon.colcon_core.shell:Creating package script '/home/iosnaaente/Desktop/path_planning/install/robot_planner/share/robot_planner/package.sh'
[1.845s] INFO:colcon.colcon_core.shell:Creating package script '/home/iosnaaente/Desktop/path_planning/install/robot_planner/share/robot_planner/package.bash'
[1.846s] INFO:colcon.colcon_core.shell:Creating package script '/home/iosnaaente/Desktop/path_planning/install/robot_planner/share/robot_planner/package.zsh'
[1.847s] Level 1:colcon.colcon_core.environment:create_file_with_runtime_dependencies(/home/iosnaaente/Desktop/path_planning/install/robot_planner/share/colcon-core/packages/robot_planner)
[1.849s] Level 1:colcon.colcon_core.environment:create_environment_scripts_only(robot_kinematic)
[1.849s] Level 1:colcon.colcon_core.environment:checking '/home/iosnaaente/Desktop/path_planning/install/robot_kinematic' for CMake module files
[1.850s] DEBUG:colcon.colcon_core.event_handler.log_command:Invoked command in '/home/iosnaaente/Desktop/path_planning/build/robot_kinematic' returned '0': CMAKE_PREFIX_PATH=/home/iosnaaente/Desktop/path_planning/install/custom_messages:/home/iosnaaente/Desktop/path_planning/install/robot_planner:/home/iosnaaente/Desktop/path_planning/install/robot_kinematic:/home/iosnaaente/Desktop/path_planning/install/robot_launcher:/home/iosnaaente/Desktop/path_planning/install/robot_visualizer:/home/iosnaaente/Desktop/path_planning/install/robot_launch:/opt/ros/humble /usr/bin/cmake --install /home/iosnaaente/Desktop/path_planning/build/robot_kinematic
[1.851s] Level 1:colcon.colcon_core.environment:checking '/home/iosnaaente/Desktop/path_planning/install/robot_kinematic' for CMake config files
[1.851s] Level 1:colcon.colcon_core.shell:create_environment_hook('robot_kinematic', 'cmake_prefix_path')
[1.852s] INFO:colcon.colcon_core.shell:Creating environment hook '/home/iosnaaente/Desktop/path_planning/install/robot_kinematic/share/robot_kinematic/hook/cmake_prefix_path.ps1'
[1.852s] INFO:colcon.colcon_core.shell:Creating environment descriptor '/home/iosnaaente/Desktop/path_planning/install/robot_kinematic/share/robot_kinematic/hook/cmake_prefix_path.dsv'
[1.852s] INFO:colcon.colcon_core.shell:Creating environment hook '/home/iosnaaente/Desktop/path_planning/install/robot_kinematic/share/robot_kinematic/hook/cmake_prefix_path.sh'
[1.853s] Level 1:colcon.colcon_core.environment:checking '/home/iosnaaente/Desktop/path_planning/install/robot_kinematic/lib'
[1.853s] Level 1:colcon.colcon_core.environment:checking '/home/iosnaaente/Desktop/path_planning/install/robot_kinematic/bin'
[1.853s] Level 1:colcon.colcon_core.environment:checking '/home/iosnaaente/Desktop/path_planning/install/robot_kinematic/lib/pkgconfig/robot_kinematic.pc'
[1.854s] Level 1:colcon.colcon_core.environment:checking '/home/iosnaaente/Desktop/path_planning/install/robot_kinematic/lib/python3.10/site-packages'
[1.855s] Level 1:colcon.colcon_core.environment:checking '/home/iosnaaente/Desktop/path_planning/install/robot_kinematic/bin'
[1.857s] INFO:colcon.colcon_core.shell:Creating package script '/home/iosnaaente/Desktop/path_planning/install/robot_kinematic/share/robot_kinematic/package.ps1'
[1.858s] INFO:colcon.colcon_core.shell:Creating package descriptor '/home/iosnaaente/Desktop/path_planning/install/robot_kinematic/share/robot_kinematic/package.dsv'
[1.859s] INFO:colcon.colcon_core.shell:Creating package script '/home/iosnaaente/Desktop/path_planning/install/robot_kinematic/share/robot_kinematic/package.sh'
[1.859s] INFO:colcon.colcon_core.shell:Creating package script '/home/iosnaaente/Desktop/path_planning/install/robot_kinematic/share/robot_kinematic/package.bash'
[1.861s] INFO:colcon.colcon_core.shell:Creating package script '/home/iosnaaente/Desktop/path_planning/install/robot_kinematic/share/robot_kinematic/package.zsh'
[1.861s] Level 1:colcon.colcon_core.environment:create_file_with_runtime_dependencies(/home/iosnaaente/Desktop/path_planning/install/robot_kinematic/share/colcon-core/packages/robot_kinematic)
[1.863s] Level 1:colcon.colcon_core.environment:create_environment_scripts_only(robot_kinematic)
[1.863s] Level 1:colcon.colcon_core.environment:checking '/home/iosnaaente/Desktop/path_planning/install/robot_kinematic' for CMake module files
[1.864s] Level 1:colcon.colcon_core.environment:checking '/home/iosnaaente/Desktop/path_planning/install/robot_kinematic' for CMake config files
[1.864s] Level 1:colcon.colcon_core.shell:create_environment_hook('robot_kinematic', 'cmake_prefix_path')
[1.865s] INFO:colcon.colcon_core.shell:Creating environment hook '/home/iosnaaente/Desktop/path_planning/install/robot_kinematic/share/robot_kinematic/hook/cmake_prefix_path.ps1'
[1.866s] INFO:colcon.colcon_core.shell:Creating environment descriptor '/home/iosnaaente/Desktop/path_planning/install/robot_kinematic/share/robot_kinematic/hook/cmake_prefix_path.dsv'
[1.866s] INFO:colcon.colcon_core.shell:Creating environment hook '/home/iosnaaente/Desktop/path_planning/install/robot_kinematic/share/robot_kinematic/hook/cmake_prefix_path.sh'
[1.867s] Level 1:colcon.colcon_core.environment:checking '/home/iosnaaente/Desktop/path_planning/install/robot_kinematic/lib'
[1.867s] Level 1:colcon.colcon_core.environment:checking '/home/iosnaaente/Desktop/path_planning/install/robot_kinematic/bin'
[1.867s] Level 1:colcon.colcon_core.environment:checking '/home/iosnaaente/Desktop/path_planning/install/robot_kinematic/lib/pkgconfig/robot_kinematic.pc'
[1.868s] Level 1:colcon.colcon_core.environment:checking '/home/iosnaaente/Desktop/path_planning/install/robot_kinematic/lib/python3.10/site-packages'
[1.868s] Level 1:colcon.colcon_core.environment:checking '/home/iosnaaente/Desktop/path_planning/install/robot_kinematic/bin'
[1.869s] INFO:colcon.colcon_core.shell:Creating package script '/home/iosnaaente/Desktop/path_planning/install/robot_kinematic/share/robot_kinematic/package.ps1'
[1.872s] INFO:colcon.colcon_core.shell:Creating package descriptor '/home/iosnaaente/Desktop/path_planning/install/robot_kinematic/share/robot_kinematic/package.dsv'
[1.873s] INFO:colcon.colcon_core.shell:Creating package script '/home/iosnaaente/Desktop/path_planning/install/robot_kinematic/share/robot_kinematic/package.sh'
[1.874s] INFO:colcon.colcon_core.shell:Creating package script '/home/iosnaaente/Desktop/path_planning/install/robot_kinematic/share/robot_kinematic/package.bash'
[1.874s] INFO:colcon.colcon_core.shell:Creating package script '/home/iosnaaente/Desktop/path_planning/install/robot_kinematic/share/robot_kinematic/package.zsh'
[1.875s] Level 1:colcon.colcon_core.environment:create_file_with_runtime_dependencies(/home/iosnaaente/Desktop/path_planning/install/robot_kinematic/share/colcon-core/packages/robot_kinematic)
[2.251s] Level 1:colcon.colcon_core.environment:checking '/home/iosnaaente/Desktop/path_planning/install/robot_launcher' for CMake module files
[2.253s] DEBUG:colcon.colcon_core.event_handler.log_command:Invoked command in '/home/iosnaaente/Desktop/path_planning/launcher' returned '0': PYTHONPATH=/home/iosnaaente/Desktop/path_planning/build/robot_launcher/prefix_override:/home/iosnaaente/.local/lib/python3.10/site-packages/colcon_core/task/python/colcon_distutils_commands:/home/iosnaaente/Desktop/path_planning/install/robot_launcher/lib/python3.10/site-packages:${PYTHONPATH} /usr/bin/python3 -W ignore:setup.py install is deprecated -W ignore:easy_install command is deprecated setup.py egg_info --egg-base ../build/robot_launcher build --build-base /home/iosnaaente/Desktop/path_planning/build/robot_launcher/build install --record /home/iosnaaente/Desktop/path_planning/build/robot_launcher/install.log --single-version-externally-managed install_data
[2.253s] Level 1:colcon.colcon_core.environment:checking '/home/iosnaaente/Desktop/path_planning/install/robot_launcher' for CMake config files
[2.254s] Level 1:colcon.colcon_core.environment:checking '/home/iosnaaente/Desktop/path_planning/install/robot_launcher/lib'
[2.254s] Level 1:colcon.colcon_core.environment:checking '/home/iosnaaente/Desktop/path_planning/install/robot_launcher/bin'
[2.254s] Level 1:colcon.colcon_core.environment:checking '/home/iosnaaente/Desktop/path_planning/install/robot_launcher/lib/pkgconfig/robot_launcher.pc'
[2.254s] Level 1:colcon.colcon_core.environment:checking '/home/iosnaaente/Desktop/path_planning/install/robot_launcher/lib/python3.10/site-packages'
[2.254s] Level 1:colcon.colcon_core.shell:create_environment_hook('robot_launcher', 'pythonpath')
[2.254s] INFO:colcon.colcon_core.shell:Creating environment hook '/home/iosnaaente/Desktop/path_planning/install/robot_launcher/share/robot_launcher/hook/pythonpath.ps1'
[2.255s] INFO:colcon.colcon_core.shell:Creating environment descriptor '/home/iosnaaente/Desktop/path_planning/install/robot_launcher/share/robot_launcher/hook/pythonpath.dsv'
[2.255s] INFO:colcon.colcon_core.shell:Creating environment hook '/home/iosnaaente/Desktop/path_planning/install/robot_launcher/share/robot_launcher/hook/pythonpath.sh'
[2.256s] Level 1:colcon.colcon_core.environment:checking '/home/iosnaaente/Desktop/path_planning/install/robot_launcher/bin'
[2.256s] Level 1:colcon.colcon_core.environment:create_environment_scripts_only(robot_launcher)
[2.257s] INFO:colcon.colcon_core.shell:Creating package script '/home/iosnaaente/Desktop/path_planning/install/robot_launcher/share/robot_launcher/package.ps1'
[2.258s] INFO:colcon.colcon_core.shell:Creating package descriptor '/home/iosnaaente/Desktop/path_planning/install/robot_launcher/share/robot_launcher/package.dsv'
[2.258s] INFO:colcon.colcon_core.shell:Creating package script '/home/iosnaaente/Desktop/path_planning/install/robot_launcher/share/robot_launcher/package.sh'
[2.259s] INFO:colcon.colcon_core.shell:Creating package script '/home/iosnaaente/Desktop/path_planning/install/robot_launcher/share/robot_launcher/package.bash'
[2.259s] INFO:colcon.colcon_core.shell:Creating package script '/home/iosnaaente/Desktop/path_planning/install/robot_launcher/share/robot_launcher/package.zsh'
[2.259s] Level 1:colcon.colcon_core.environment:create_file_with_runtime_dependencies(/home/iosnaaente/Desktop/path_planning/install/robot_launcher/share/colcon-core/packages/robot_launcher)
[2.456s] DEBUG:colcon.colcon_core.event_handler.log_command:Invoking command in '/home/iosnaaente/Desktop/path_planning/src/robot_visualizer': CMAKE_PREFIX_PATH=/home/iosnaaente/Desktop/path_planning/install/custom_messages:/home/iosnaaente/Desktop/path_planning/install/robot_planner:/home/iosnaaente/Desktop/path_planning/install/robot_kinematic PYTHONPATH=/home/iosnaaente/Desktop/path_planning/build/robot_visualizer/prefix_override:/home/iosnaaente/.local/lib/python3.10/site-packages/colcon_core/task/python/colcon_distutils_commands:/home/iosnaaente/Desktop/path_planning/install/robot_visualizer/lib/python3.10/site-packages:${PYTHONPATH} /usr/bin/python3 -W ignore:setup.py install is deprecated -W ignore:easy_install command is deprecated setup.py egg_info --egg-base ../../build/robot_visualizer build --build-base /home/iosnaaente/Desktop/path_planning/build/robot_visualizer/build install --record /home/iosnaaente/Desktop/path_planning/build/robot_visualizer/install.log --single-version-externally-managed install_data
[2.814s] Level 1:colcon.colcon_core.environment:checking '/home/iosnaaente/Desktop/path_planning/install/robot_visualizer' for CMake module files
[2.815s] DEBUG:colcon.colcon_core.event_handler.log_command:Invoked command in '/home/iosnaaente/Desktop/path_planning/src/robot_visualizer' returned '0': CMAKE_PREFIX_PATH=/home/iosnaaente/Desktop/path_planning/install/custom_messages:/home/iosnaaente/Desktop/path_planning/install/robot_planner:/home/iosnaaente/Desktop/path_planning/install/robot_kinematic PYTHONPATH=/home/iosnaaente/Desktop/path_planning/build/robot_visualizer/prefix_override:/home/iosnaaente/.local/lib/python3.10/site-packages/colcon_core/task/python/colcon_distutils_commands:/home/iosnaaente/Desktop/path_planning/install/robot_visualizer/lib/python3.10/site-packages:${PYTHONPATH} /usr/bin/python3 -W ignore:setup.py install is deprecated -W ignore:easy_install command is deprecated setup.py egg_info --egg-base ../../build/robot_visualizer build --build-base /home/iosnaaente/Desktop/path_planning/build/robot_visualizer/build install --record /home/iosnaaente/Desktop/path_planning/build/robot_visualizer/install.log --single-version-externally-managed install_data
[2.815s] Level 1:colcon.colcon_core.environment:checking '/home/iosnaaente/Desktop/path_planning/install/robot_visualizer' for CMake config files
[2.816s] Level 1:colcon.colcon_core.environment:checking '/home/iosnaaente/Desktop/path_planning/install/robot_visualizer/lib'
[2.816s] Level 1:colcon.colcon_core.environment:checking '/home/iosnaaente/Desktop/path_planning/install/robot_visualizer/bin'
[2.816s] Level 1:colcon.colcon_core.environment:checking '/home/iosnaaente/Desktop/path_planning/install/robot_visualizer/lib/pkgconfig/robot_visualizer.pc'
[2.816s] Level 1:colcon.colcon_core.environment:checking '/home/iosnaaente/Desktop/path_planning/install/robot_visualizer/lib/python3.10/site-packages'
[2.817s] Level 1:colcon.colcon_core.shell:create_environment_hook('robot_visualizer', 'pythonpath')
[2.817s] INFO:colcon.colcon_core.shell:Creating environment hook '/home/iosnaaente/Desktop/path_planning/install/robot_visualizer/share/robot_visualizer/hook/pythonpath.ps1'
[2.817s] INFO:colcon.colcon_core.shell:Creating environment descriptor '/home/iosnaaente/Desktop/path_planning/install/robot_visualizer/share/robot_visualizer/hook/pythonpath.dsv'
[2.818s] INFO:colcon.colcon_core.shell:Creating environment hook '/home/iosnaaente/Desktop/path_planning/install/robot_visualizer/share/robot_visualizer/hook/pythonpath.sh'
[2.819s] Level 1:colcon.colcon_core.environment:checking '/home/iosnaaente/Desktop/path_planning/install/robot_visualizer/bin'
[2.819s] Level 1:colcon.colcon_core.environment:create_environment_scripts_only(robot_visualizer)
[2.819s] INFO:colcon.colcon_core.shell:Creating package script '/home/iosnaaente/Desktop/path_planning/install/robot_visualizer/share/robot_visualizer/package.ps1'
[2.820s] INFO:colcon.colcon_core.shell:Creating package descriptor '/home/iosnaaente/Desktop/path_planning/install/robot_visualizer/share/robot_visualizer/package.dsv'
[2.821s] INFO:colcon.colcon_core.shell:Creating package script '/home/iosnaaente/Desktop/path_planning/install/robot_visualizer/share/robot_visualizer/package.sh'
[2.821s] INFO:colcon.colcon_core.shell:Creating package script '/home/iosnaaente/Desktop/path_planning/install/robot_visualizer/share/robot_visualizer/package.bash'
[2.821s] INFO:colcon.colcon_core.shell:Creating package script '/home/iosnaaente/Desktop/path_planning/install/robot_visualizer/share/robot_visualizer/package.zsh'
[2.822s] Level 1:colcon.colcon_core.environment:create_file_with_runtime_dependencies(/home/iosnaaente/Desktop/path_planning/install/robot_visualizer/share/colcon-core/packages/robot_visualizer)
[2.822s] DEBUG:colcon.colcon_parallel_executor.executor.parallel:closing loop
[2.823s] DEBUG:colcon.colcon_parallel_executor.executor.parallel:loop closed
[2.823s] DEBUG:colcon.colcon_parallel_executor.executor.parallel:run_until_complete finished with '0'
[2.823s] DEBUG:colcon.colcon_core.event_reactor:joining thread
[2.921s] INFO:colcon.colcon_core.plugin_system:Skipping extension 'colcon_notification.desktop_notification.notify_send': Could not find 'notify-send'
[2.921s] INFO:colcon.colcon_core.plugin_system:Skipping extension 'colcon_notification.desktop_notification.terminal_notifier': Not used on non-Darwin systems
[2.921s] INFO:colcon.colcon_core.plugin_system:Skipping extension 'colcon_notification.desktop_notification.win32': Not used on non-Windows systems
[2.921s] INFO:colcon.colcon_notification.desktop_notification:Sending desktop notification using 'notify2'
[2.921s] DEBUG:colcon.colcon_notification.desktop_notification.notify2:Failed to initialize notify2: org.freedesktop.DBus.Error.FileNotFound: Failed to connect to socket /run/user/1000/bus: No such file or directory
[2.921s] DEBUG:colcon.colcon_core.event_reactor:joined thread
[2.922s] INFO:colcon.colcon_core.shell:Creating prefix script '/home/iosnaaente/Desktop/path_planning/install/local_setup.ps1'
[2.923s] INFO:colcon.colcon_core.shell:Creating prefix util module '/home/iosnaaente/Desktop/path_planning/install/_local_setup_util_ps1.py'
[2.924s] INFO:colcon.colcon_core.shell:Creating prefix chain script '/home/iosnaaente/Desktop/path_planning/install/setup.ps1'
[2.925s] INFO:colcon.colcon_core.shell:Creating prefix script '/home/iosnaaente/Desktop/path_planning/install/local_setup.sh'
[2.926s] INFO:colcon.colcon_core.shell:Creating prefix util module '/home/iosnaaente/Desktop/path_planning/install/_local_setup_util_sh.py'
[2.927s] INFO:colcon.colcon_core.shell:Creating prefix chain script '/home/iosnaaente/Desktop/path_planning/install/setup.sh'
[2.929s] INFO:colcon.colcon_core.shell:Creating prefix script '/home/iosnaaente/Desktop/path_planning/install/local_setup.bash'
[2.929s] INFO:colcon.colcon_core.shell:Creating prefix chain script '/home/iosnaaente/Desktop/path_planning/install/setup.bash'
[2.931s] INFO:colcon.colcon_core.shell:Creating prefix script '/home/iosnaaente/Desktop/path_planning/install/local_setup.zsh'
[2.931s] INFO:colcon.colcon_core.shell:Creating prefix chain script '/home/iosnaaente/Desktop/path_planning/install/setup.zsh'
