running egg_info
writing ../../build/robot_visualizer/robot_visualizer.egg-info/PKG-INFO
writing dependency_links to ../../build/robot_visualizer/robot_visualizer.egg-info/dependency_links.txt
writing entry points to ../../build/robot_visualizer/robot_visualizer.egg-info/entry_points.txt
writing requirements to ../../build/robot_visualizer/robot_visualizer.egg-info/requires.txt
writing top-level names to ../../build/robot_visualizer/robot_visualizer.egg-info/top_level.txt
reading manifest file '../../build/robot_visualizer/robot_visualizer.egg-info/SOURCES.txt'
writing manifest file '../../build/robot_visualizer/robot_visualizer.egg-info/SOURCES.txt'
running build
running build_py
copying robot_visualizer/visualizer.py -> /home/iosnaaente/Desktop/path_planning/build/robot_visualizer/build/lib/robot_visualizer
running install
running install_lib
copying /home/iosnaaente/Desktop/path_planning/build/robot_visualizer/build/lib/robot_visualizer/visualizer.py -> /home/iosnaaente/Desktop/path_planning/install/robot_visualizer/lib/python3.10/site-packages/robot_visualizer
byte-compiling /home/iosnaaente/Desktop/path_planning/install/robot_visualizer/lib/python3.10/site-packages/robot_visualizer/visualizer.py to visualizer.cpython-310.pyc
running install_data
running install_egg_info
removing '/home/iosnaaente/Desktop/path_planning/install/robot_visualizer/lib/python3.10/site-packages/robot_visualizer-0.0.0-py3.10.egg-info' (and everything under it)
Copying ../../build/robot_visualizer/robot_visualizer.egg-info to /home/iosnaaente/Desktop/path_planning/install/robot_visualizer/lib/python3.10/site-packages/robot_visualizer-0.0.0-py3.10.egg-info
running install_scripts
Installing robot_visualizer script to /home/iosnaaente/Desktop/path_planning/install/robot_visualizer/lib/robot_visualizer
writing list of installed files to '/home/iosnaaente/Desktop/path_planning/build/robot_visualizer/install.log'
