[1.424s] Invoking command in '/home/iosnaaente/Desktop/path_planning/src/robot_visualizer': CMAKE_PREFIX_PATH=/home/iosnaaente/Desktop/path_planning/install/custom_messages:/home/iosnaaente/Desktop/path_planning/install/robot_planner:/home/iosnaaente/Desktop/path_planning/install/robot_kinematic PYTHONPATH=/home/iosnaaente/Desktop/path_planning/build/robot_visualizer/prefix_override:/home/iosnaaente/.local/lib/python3.10/site-packages/colcon_core/task/python/colcon_distutils_commands:/home/iosnaaente/Desktop/path_planning/install/robot_visualizer/lib/python3.10/site-packages:${PYTHONPATH} /usr/bin/python3 -W ignore:setup.py install is deprecated -W ignore:easy_install command is deprecated setup.py egg_info --egg-base ../../build/robot_visualizer build --build-base /home/iosnaaente/Desktop/path_planning/build/robot_visualizer/build install --record /home/iosnaaente/Desktop/path_planning/build/robot_visualizer/install.log --single-version-externally-managed install_data
[1.772s] running egg_info
[1.773s] writing ../../build/robot_visualizer/robot_visualizer.egg-info/PKG-INFO
[1.773s] writing dependency_links to ../../build/robot_visualizer/robot_visualizer.egg-info/dependency_links.txt
[1.774s] writing entry points to ../../build/robot_visualizer/robot_visualizer.egg-info/entry_points.txt
[1.774s] writing requirements to ../../build/robot_visualizer/robot_visualizer.egg-info/requires.txt
[1.774s] writing top-level names to ../../build/robot_visualizer/robot_visualizer.egg-info/top_level.txt
[1.779s] reading manifest file '../../build/robot_visualizer/robot_visualizer.egg-info/SOURCES.txt'
[1.780s] writing manifest file '../../build/robot_visualizer/robot_visualizer.egg-info/SOURCES.txt'
[1.780s] running build
[1.780s] running build_py
[1.780s] copying robot_visualizer/visualizer.py -> /home/iosnaaente/Desktop/path_planning/build/robot_visualizer/build/lib/robot_visualizer
[1.781s] running install
[1.781s] running install_lib
[1.782s] copying /home/iosnaaente/Desktop/path_planning/build/robot_visualizer/build/lib/robot_visualizer/visualizer.py -> /home/iosnaaente/Desktop/path_planning/install/robot_visualizer/lib/python3.10/site-packages/robot_visualizer
[1.783s] byte-compiling /home/iosnaaente/Desktop/path_planning/install/robot_visualizer/lib/python3.10/site-packages/robot_visualizer/visualizer.py to visualizer.cpython-310.pyc
[1.784s] running install_data
[1.784s] running install_egg_info
[1.786s] removing '/home/iosnaaente/Desktop/path_planning/install/robot_visualizer/lib/python3.10/site-packages/robot_visualizer-0.0.0-py3.10.egg-info' (and everything under it)
[1.787s] Copying ../../build/robot_visualizer/robot_visualizer.egg-info to /home/iosnaaente/Desktop/path_planning/install/robot_visualizer/lib/python3.10/site-packages/robot_visualizer-0.0.0-py3.10.egg-info
[1.788s] running install_scripts
[1.817s] Installing robot_visualizer script to /home/iosnaaente/Desktop/path_planning/install/robot_visualizer/lib/robot_visualizer
[1.818s] writing list of installed files to '/home/iosnaaente/Desktop/path_planning/build/robot_visualizer/install.log'
[1.858s] Invoked command in '/home/iosnaaente/Desktop/path_planning/src/robot_visualizer' returned '0': CMAKE_PREFIX_PATH=/home/iosnaaente/Desktop/path_planning/install/custom_messages:/home/iosnaaente/Desktop/path_planning/install/robot_planner:/home/iosnaaente/Desktop/path_planning/install/robot_kinematic PYTHONPATH=/home/iosnaaente/Desktop/path_planning/build/robot_visualizer/prefix_override:/home/iosnaaente/.local/lib/python3.10/site-packages/colcon_core/task/python/colcon_distutils_commands:/home/iosnaaente/Desktop/path_planning/install/robot_visualizer/lib/python3.10/site-packages:${PYTHONPATH} /usr/bin/python3 -W ignore:setup.py install is deprecated -W ignore:easy_install command is deprecated setup.py egg_info --egg-base ../../build/robot_visualizer build --build-base /home/iosnaaente/Desktop/path_planning/build/robot_visualizer/build install --record /home/iosnaaente/Desktop/path_planning/build/robot_visualizer/install.log --single-version-externally-managed install_data
