[2.310s] Invoking command in '/home/iosnaaente/Desktop/path_planning/src/robot_visualizer': CMAKE_PREFIX_PATH=/home/iosnaaente/Desktop/path_planning/install/custom_messages:/home/iosnaaente/Desktop/path_planning/install/robot_planner:/home/iosnaaente/Desktop/path_planning/install/robot_kinematic PYTHONPATH=/home/iosnaaente/Desktop/path_planning/build/robot_visualizer/prefix_override:/home/iosnaaente/.local/lib/python3.10/site-packages/colcon_core/task/python/colcon_distutils_commands:/home/iosnaaente/Desktop/path_planning/install/robot_visualizer/lib/python3.10/site-packages:${PYTHONPATH} /usr/bin/python3 -W ignore:setup.py install is deprecated -W ignore:easy_install command is deprecated setup.py egg_info --egg-base ../../build/robot_visualizer build --build-base /home/iosnaaente/Desktop/path_planning/build/robot_visualizer/build install --record /home/iosnaaente/Desktop/path_planning/build/robot_visualizer/install.log --single-version-externally-managed install_data
[2.627s] running egg_info
[2.628s] creating ../../build/robot_visualizer/robot_visualizer.egg-info
[2.629s] writing ../../build/robot_visualizer/robot_visualizer.egg-info/PKG-INFO
[2.629s] writing dependency_links to ../../build/robot_visualizer/robot_visualizer.egg-info/dependency_links.txt
[2.630s] writing entry points to ../../build/robot_visualizer/robot_visualizer.egg-info/entry_points.txt
[2.630s] writing requirements to ../../build/robot_visualizer/robot_visualizer.egg-info/requires.txt
[2.630s] writing top-level names to ../../build/robot_visualizer/robot_visualizer.egg-info/top_level.txt
[2.630s] writing manifest file '../../build/robot_visualizer/robot_visualizer.egg-info/SOURCES.txt'
[2.633s] reading manifest file '../../build/robot_visualizer/robot_visualizer.egg-info/SOURCES.txt'
[2.635s] writing manifest file '../../build/robot_visualizer/robot_visualizer.egg-info/SOURCES.txt'
[2.635s] running build
[2.635s] running build_py
[2.635s] creating /home/iosnaaente/Desktop/path_planning/build/robot_visualizer/build
[2.636s] creating /home/iosnaaente/Desktop/path_planning/build/robot_visualizer/build/lib
[2.636s] creating /home/iosnaaente/Desktop/path_planning/build/robot_visualizer/build/lib/robot_visualizer
[2.636s] copying robot_visualizer/visualizer.py -> /home/iosnaaente/Desktop/path_planning/build/robot_visualizer/build/lib/robot_visualizer
[2.636s] copying robot_visualizer/__init__.py -> /home/iosnaaente/Desktop/path_planning/build/robot_visualizer/build/lib/robot_visualizer
[2.637s] running install
[2.637s] running install_lib
[2.638s] creating /home/iosnaaente/Desktop/path_planning/install/robot_visualizer/lib/python3.10/site-packages/robot_visualizer
[2.638s] copying /home/iosnaaente/Desktop/path_planning/build/robot_visualizer/build/lib/robot_visualizer/visualizer.py -> /home/iosnaaente/Desktop/path_planning/install/robot_visualizer/lib/python3.10/site-packages/robot_visualizer
[2.638s] copying /home/iosnaaente/Desktop/path_planning/build/robot_visualizer/build/lib/robot_visualizer/__init__.py -> /home/iosnaaente/Desktop/path_planning/install/robot_visualizer/lib/python3.10/site-packages/robot_visualizer
[2.638s] byte-compiling /home/iosnaaente/Desktop/path_planning/install/robot_visualizer/lib/python3.10/site-packages/robot_visualizer/visualizer.py to visualizer.cpython-310.pyc
[2.639s] byte-compiling /home/iosnaaente/Desktop/path_planning/install/robot_visualizer/lib/python3.10/site-packages/robot_visualizer/__init__.py to __init__.cpython-310.pyc
[2.639s] running install_data
[2.640s] creating /home/iosnaaente/Desktop/path_planning/install/robot_visualizer/share/ament_index
[2.640s] creating /home/iosnaaente/Desktop/path_planning/install/robot_visualizer/share/ament_index/resource_index
[2.640s] creating /home/iosnaaente/Desktop/path_planning/install/robot_visualizer/share/ament_index/resource_index/packages
[2.640s] copying resource/robot_visualizer -> /home/iosnaaente/Desktop/path_planning/install/robot_visualizer/share/ament_index/resource_index/packages
[2.641s] copying package.xml -> /home/iosnaaente/Desktop/path_planning/install/robot_visualizer/share/robot_visualizer
[2.641s] running install_egg_info
[2.645s] Copying ../../build/robot_visualizer/robot_visualizer.egg-info to /home/iosnaaente/Desktop/path_planning/install/robot_visualizer/lib/python3.10/site-packages/robot_visualizer-0.0.0-py3.10.egg-info
[2.646s] running install_scripts
[2.676s] Installing robot_visualizer script to /home/iosnaaente/Desktop/path_planning/install/robot_visualizer/lib/robot_visualizer
[2.677s] writing list of installed files to '/home/iosnaaente/Desktop/path_planning/build/robot_visualizer/install.log'
[2.730s] Invoked command in '/home/iosnaaente/Desktop/path_planning/src/robot_visualizer' returned '0': CMAKE_PREFIX_PATH=/home/iosnaaente/Desktop/path_planning/install/custom_messages:/home/iosnaaente/Desktop/path_planning/install/robot_planner:/home/iosnaaente/Desktop/path_planning/install/robot_kinematic PYTHONPATH=/home/iosnaaente/Desktop/path_planning/build/robot_visualizer/prefix_override:/home/iosnaaente/.local/lib/python3.10/site-packages/colcon_core/task/python/colcon_distutils_commands:/home/iosnaaente/Desktop/path_planning/install/robot_visualizer/lib/python3.10/site-packages:${PYTHONPATH} /usr/bin/python3 -W ignore:setup.py install is deprecated -W ignore:easy_install command is deprecated setup.py egg_info --egg-base ../../build/robot_visualizer build --build-base /home/iosnaaente/Desktop/path_planning/build/robot_visualizer/build install --record /home/iosnaaente/Desktop/path_planning/build/robot_visualizer/install.log --single-version-externally-managed install_data
