[0.182s] Invoking command in '/home/iosnaaente/Desktop/path_planning/build/robot_kinematic': CMAKE_PREFIX_PATH=/home/iosnaaente/Desktop/path_planning/install/custom_messages:/home/iosnaaente/Desktop/path_planning/install/robot_planner:/home/iosnaaente/Desktop/path_planning/install/robot_kinematic:/home/iosnaaente/Desktop/path_planning/install/robot_launcher:/home/iosnaaente/Desktop/path_planning/install/robot_visualizer:/home/iosnaaente/Desktop/path_planning/install/robot_launch:/opt/ros/humble /usr/bin/cmake --build /home/iosnaaente/Desktop/path_planning/build/robot_kinematic -- -j8 -l8
[0.249s] [100%] Built target robot_kinematic
[0.671s] Invoked command in '/home/iosnaaente/Desktop/path_planning/build/robot_kinematic' returned '0': CMAKE_PREFIX_PATH=/home/iosnaaente/Desktop/path_planning/install/custom_messages:/home/iosnaaente/Desktop/path_planning/install/robot_planner:/home/iosnaaente/Desktop/path_planning/install/robot_kinematic:/home/iosnaaente/Desktop/path_planning/install/robot_launcher:/home/iosnaaente/Desktop/path_planning/install/robot_visualizer:/home/iosnaaente/Desktop/path_planning/install/robot_launch:/opt/ros/humble /usr/bin/cmake --build /home/iosnaaente/Desktop/path_planning/build/robot_kinematic -- -j8 -l8
[0.675s] Invoking command in '/home/iosnaaente/Desktop/path_planning/build/robot_kinematic': CMAKE_PREFIX_PATH=/home/iosnaaente/Desktop/path_planning/install/custom_messages:/home/iosnaaente/Desktop/path_planning/install/robot_planner:/home/iosnaaente/Desktop/path_planning/install/robot_kinematic:/home/iosnaaente/Desktop/path_planning/install/robot_launcher:/home/iosnaaente/Desktop/path_planning/install/robot_visualizer:/home/iosnaaente/Desktop/path_planning/install/robot_launch:/opt/ros/humble /usr/bin/cmake --install /home/iosnaaente/Desktop/path_planning/build/robot_kinematic
[0.689s] -- Install configuration: ""
[0.690s] -- Up-to-date: /home/iosnaaente/Desktop/path_planning/install/robot_kinematic/lib/robot_kinematic/robot_kinematic
[0.691s] -- Up-to-date: /home/iosnaaente/Desktop/path_planning/install/robot_kinematic/share/ament_index/resource_index/package_run_dependencies/robot_kinematic
[0.691s] -- Up-to-date: /home/iosnaaente/Desktop/path_planning/install/robot_kinematic/share/ament_index/resource_index/parent_prefix_path/robot_kinematic
[0.692s] -- Up-to-date: /home/iosnaaente/Desktop/path_planning/install/robot_kinematic/share/robot_kinematic/environment/ament_prefix_path.sh
[0.692s] -- Up-to-date: /home/iosnaaente/Desktop/path_planning/install/robot_kinematic/share/robot_kinematic/environment/ament_prefix_path.dsv
[0.692s] -- Up-to-date: /home/iosnaaente/Desktop/path_planning/install/robot_kinematic/share/robot_kinematic/environment/path.sh
[0.693s] -- Up-to-date: /home/iosnaaente/Desktop/path_planning/install/robot_kinematic/share/robot_kinematic/environment/path.dsv
[0.693s] -- Up-to-date: /home/iosnaaente/Desktop/path_planning/install/robot_kinematic/share/robot_kinematic/local_setup.bash
[0.693s] -- Up-to-date: /home/iosnaaente/Desktop/path_planning/install/robot_kinematic/share/robot_kinematic/local_setup.sh
[0.694s] -- Up-to-date: /home/iosnaaente/Desktop/path_planning/install/robot_kinematic/share/robot_kinematic/local_setup.zsh
[0.694s] -- Up-to-date: /home/iosnaaente/Desktop/path_planning/install/robot_kinematic/share/robot_kinematic/local_setup.dsv
[0.695s] -- Installing: /home/iosnaaente/Desktop/path_planning/install/robot_kinematic/share/robot_kinematic/package.dsv
[0.695s] -- Up-to-date: /home/iosnaaente/Desktop/path_planning/install/robot_kinematic/share/ament_index/resource_index/packages/robot_kinematic
[0.696s] -- Up-to-date: /home/iosnaaente/Desktop/path_planning/install/robot_kinematic/share/robot_kinematic/cmake/robot_kinematicConfig.cmake
[0.696s] -- Up-to-date: /home/iosnaaente/Desktop/path_planning/install/robot_kinematic/share/robot_kinematic/cmake/robot_kinematicConfig-version.cmake
[0.696s] -- Up-to-date: /home/iosnaaente/Desktop/path_planning/install/robot_kinematic/share/robot_kinematic/package.xml
[0.702s] Invoked command in '/home/iosnaaente/Desktop/path_planning/build/robot_kinematic' returned '0': CMAKE_PREFIX_PATH=/home/iosnaaente/Desktop/path_planning/install/custom_messages:/home/iosnaaente/Desktop/path_planning/install/robot_planner:/home/iosnaaente/Desktop/path_planning/install/robot_kinematic:/home/iosnaaente/Desktop/path_planning/install/robot_launcher:/home/iosnaaente/Desktop/path_planning/install/robot_visualizer:/home/iosnaaente/Desktop/path_planning/install/robot_launch:/opt/ros/humble /usr/bin/cmake --install /home/iosnaaente/Desktop/path_planning/build/robot_kinematic
