[1.635s] Invoking command in '/home/iosnaaente/Desktop/path_planning/launcher': PYTHONPATH=/home/iosnaaente/Desktop/path_planning/build/robot_launcher/prefix_override:/home/iosnaaente/.local/lib/python3.10/site-packages/colcon_core/task/python/colcon_distutils_commands:/home/iosnaaente/Desktop/path_planning/install/robot_launcher/lib/python3.10/site-packages:${PYTHONPATH} /usr/bin/python3 -W ignore:setup.py install is deprecated -W ignore:easy_install command is deprecated setup.py egg_info --egg-base ../build/robot_launcher build --build-base /home/iosnaaente/Desktop/path_planning/build/robot_launcher/build install --record /home/iosnaaente/Desktop/path_planning/build/robot_launcher/install.log --single-version-externally-managed install_data
[2.110s] running egg_info
[2.111s] writing ../build/robot_launcher/robot_launcher.egg-info/PKG-INFO
[2.111s] writing dependency_links to ../build/robot_launcher/robot_launcher.egg-info/dependency_links.txt
[2.112s] writing entry points to ../build/robot_launcher/robot_launcher.egg-info/entry_points.txt
[2.112s] writing requirements to ../build/robot_launcher/robot_launcher.egg-info/requires.txt
[2.112s] writing top-level names to ../build/robot_launcher/robot_launcher.egg-info/top_level.txt
[2.114s] reading manifest file '../build/robot_launcher/robot_launcher.egg-info/SOURCES.txt'
[2.115s] writing manifest file '../build/robot_launcher/robot_launcher.egg-info/SOURCES.txt'
[2.115s] running build
[2.116s] running build_py
[2.116s] running install
[2.116s] running install_lib
[2.118s] running install_data
[2.118s] running install_egg_info
[2.120s] removing '/home/iosnaaente/Desktop/path_planning/install/robot_launcher/lib/python3.10/site-packages/robot_launcher-0.0.0-py3.10.egg-info' (and everything under it)
[2.120s] Copying ../build/robot_launcher/robot_launcher.egg-info to /home/iosnaaente/Desktop/path_planning/install/robot_launcher/lib/python3.10/site-packages/robot_launcher-0.0.0-py3.10.egg-info
[2.121s] running install_scripts
[2.151s] writing list of installed files to '/home/iosnaaente/Desktop/path_planning/build/robot_launcher/install.log'
[2.186s] Invoked command in '/home/iosnaaente/Desktop/path_planning/launcher' returned '0': PYTHONPATH=/home/iosnaaente/Desktop/path_planning/build/robot_launcher/prefix_override:/home/iosnaaente/.local/lib/python3.10/site-packages/colcon_core/task/python/colcon_distutils_commands:/home/iosnaaente/Desktop/path_planning/install/robot_launcher/lib/python3.10/site-packages:${PYTHONPATH} /usr/bin/python3 -W ignore:setup.py install is deprecated -W ignore:easy_install command is deprecated setup.py egg_info --egg-base ../build/robot_launcher build --build-base /home/iosnaaente/Desktop/path_planning/build/robot_launcher/build install --record /home/iosnaaente/Desktop/path_planning/build/robot_launcher/install.log --single-version-externally-managed install_data
