[0.311s] DEBUG:colcon:Command line arguments: ['/home/iosnaaente/.local/bin/colcon', 'build']
[0.311s] DEBUG:colcon:Parsed command line arguments: Namespace(log_base=None, log_level=None, verb_name='build', build_base='build', install_base='install', merge_install=False, symlink_install=False, test_result_base=None, continue_on_error=False, executor='parallel', parallel_workers=8, event_handlers=None, ignore_user_meta=False, metas=['./colcon.meta'], base_paths=['.'], packages_ignore=None, packages_ignore_regex=None, paths=None, packages_up_to=None, packages_up_to_regex=None, packages_above=None, packages_above_and_dependencies=None, packages_above_depth=None, packages_select_by_dep=None, packages_skip_by_dep=None, packages_skip_up_to=None, packages_select_build_failed=False, packages_skip_build_finished=False, packages_select_test_failures=False, packages_skip_test_passed=False, packages_select=None, packages_skip=None, packages_select_regex=None, packages_skip_regex=None, packages_start=None, packages_end=None, allow_overriding=[], cmake_args=None, cmake_target=None, cmake_target_skip_unavailable=False, cmake_clean_cache=False, cmake_clean_first=False, cmake_force_configure=False, ament_cmake_args=None, catkin_cmake_args=None, catkin_skip_building_tests=False, verb_parser=<colcon_defaults.argument_parser.defaults.DefaultArgumentsDecorator object at 0x7f2a8e94d060>, verb_extension=<colcon_core.verb.build.BuildVerb object at 0x7f2a8e94cb20>, main=<bound method BuildVerb.main of <colcon_core.verb.build.BuildVerb object at 0x7f2a8e94cb20>>)
[0.500s] Level 1:colcon.colcon_core.package_discovery:discover_packages(colcon_meta) check parameters
[0.500s] Level 1:colcon.colcon_core.package_discovery:discover_packages(recursive) check parameters
[0.500s] Level 1:colcon.colcon_core.package_discovery:discover_packages(ignore) check parameters
[0.500s] Level 1:colcon.colcon_core.package_discovery:discover_packages(path) check parameters
[0.500s] Level 1:colcon.colcon_core.package_discovery:discover_packages(colcon_meta) discover
[0.500s] Level 1:colcon.colcon_core.package_discovery:discover_packages(recursive) discover
[0.500s] INFO:colcon.colcon_core.package_discovery:Crawling recursively for packages in '/home/iosnaaente/Desktop/path_planning'
[0.500s] Level 1:colcon.colcon_core.package_identification:_identify(.) by extensions ['ignore', 'ignore_ament_install']
[0.500s] Level 1:colcon.colcon_core.package_identification:_identify(.) by extension 'ignore'
[0.500s] Level 1:colcon.colcon_core.package_identification:_identify(.) by extension 'ignore_ament_install'
[0.500s] Level 1:colcon.colcon_core.package_identification:_identify(.) by extensions ['colcon_pkg']
[0.500s] Level 1:colcon.colcon_core.package_identification:_identify(.) by extension 'colcon_pkg'
[0.500s] Level 1:colcon.colcon_core.package_identification:_identify(.) by extensions ['colcon_meta']
[0.500s] Level 1:colcon.colcon_core.package_identification:_identify(.) by extension 'colcon_meta'
[0.500s] Level 1:colcon.colcon_core.package_identification:_identify(.) by extensions ['ros']
[0.501s] Level 1:colcon.colcon_core.package_identification:_identify(.) by extension 'ros'
[0.531s] Level 1:colcon.colcon_core.package_identification:_identify(.) by extensions ['cmake', 'python']
[0.531s] Level 1:colcon.colcon_core.package_identification:_identify(.) by extension 'cmake'
[0.531s] Level 1:colcon.colcon_core.package_identification:_identify(.) by extension 'python'
[0.531s] Level 1:colcon.colcon_core.package_identification:_identify(.) by extensions ['python_setup_py']
[0.531s] Level 1:colcon.colcon_core.package_identification:_identify(.) by extension 'python_setup_py'
[0.531s] Level 1:colcon.colcon_core.package_identification:_identify(build) by extensions ['ignore', 'ignore_ament_install']
[0.531s] Level 1:colcon.colcon_core.package_identification:_identify(build) by extension 'ignore'
[0.531s] Level 1:colcon.colcon_core.package_identification:_identify(build) ignored
[0.531s] Level 1:colcon.colcon_core.package_identification:_identify(install) by extensions ['ignore', 'ignore_ament_install']
[0.532s] Level 1:colcon.colcon_core.package_identification:_identify(install) by extension 'ignore'
[0.532s] Level 1:colcon.colcon_core.package_identification:_identify(install) ignored
[0.532s] Level 1:colcon.colcon_core.package_identification:_identify(launcher) by extensions ['ignore', 'ignore_ament_install']
[0.532s] Level 1:colcon.colcon_core.package_identification:_identify(launcher) by extension 'ignore'
[0.532s] Level 1:colcon.colcon_core.package_identification:_identify(launcher) by extension 'ignore_ament_install'
[0.532s] Level 1:colcon.colcon_core.package_identification:_identify(launcher) by extensions ['colcon_pkg']
[0.532s] Level 1:colcon.colcon_core.package_identification:_identify(launcher) by extension 'colcon_pkg'
[0.532s] Level 1:colcon.colcon_core.package_identification:_identify(launcher) by extensions ['colcon_meta']
[0.532s] Level 1:colcon.colcon_core.package_identification:_identify(launcher) by extension 'colcon_meta'
[0.532s] Level 1:colcon.colcon_core.package_identification:_identify(launcher) by extensions ['ros']
[0.532s] Level 1:colcon.colcon_core.package_identification:_identify(launcher) by extension 'ros'
[0.535s] DEBUG:colcon.colcon_core.package_identification:Package 'launcher' with type 'ros.ament_python' and name 'robot_launcher'
[0.535s] Level 1:colcon.colcon_core.package_identification:_identify(log) by extensions ['ignore', 'ignore_ament_install']
[0.535s] Level 1:colcon.colcon_core.package_identification:_identify(log) by extension 'ignore'
[0.535s] Level 1:colcon.colcon_core.package_identification:_identify(log) ignored
[0.535s] Level 1:colcon.colcon_core.package_identification:_identify(src) by extensions ['ignore', 'ignore_ament_install']
[0.535s] Level 1:colcon.colcon_core.package_identification:_identify(src) by extension 'ignore'
[0.535s] Level 1:colcon.colcon_core.package_identification:_identify(src) by extension 'ignore_ament_install'
[0.536s] Level 1:colcon.colcon_core.package_identification:_identify(src) by extensions ['colcon_pkg']
[0.536s] Level 1:colcon.colcon_core.package_identification:_identify(src) by extension 'colcon_pkg'
[0.536s] Level 1:colcon.colcon_core.package_identification:_identify(src) by extensions ['colcon_meta']
[0.536s] Level 1:colcon.colcon_core.package_identification:_identify(src) by extension 'colcon_meta'
[0.536s] Level 1:colcon.colcon_core.package_identification:_identify(src) by extensions ['ros']
[0.536s] Level 1:colcon.colcon_core.package_identification:_identify(src) by extension 'ros'
[0.536s] Level 1:colcon.colcon_core.package_identification:_identify(src) by extensions ['cmake', 'python']
[0.536s] Level 1:colcon.colcon_core.package_identification:_identify(src) by extension 'cmake'
[0.536s] Level 1:colcon.colcon_core.package_identification:_identify(src) by extension 'python'
[0.536s] Level 1:colcon.colcon_core.package_identification:_identify(src) by extensions ['python_setup_py']
[0.536s] Level 1:colcon.colcon_core.package_identification:_identify(src) by extension 'python_setup_py'
[0.536s] Level 1:colcon.colcon_core.package_identification:_identify(src/custom_messages) by extensions ['ignore', 'ignore_ament_install']
[0.536s] Level 1:colcon.colcon_core.package_identification:_identify(src/custom_messages) by extension 'ignore'
[0.536s] Level 1:colcon.colcon_core.package_identification:_identify(src/custom_messages) by extension 'ignore_ament_install'
[0.536s] Level 1:colcon.colcon_core.package_identification:_identify(src/custom_messages) by extensions ['colcon_pkg']
[0.536s] Level 1:colcon.colcon_core.package_identification:_identify(src/custom_messages) by extension 'colcon_pkg'
[0.536s] Level 1:colcon.colcon_core.package_identification:_identify(src/custom_messages) by extensions ['colcon_meta']
[0.536s] Level 1:colcon.colcon_core.package_identification:_identify(src/custom_messages) by extension 'colcon_meta'
[0.536s] Level 1:colcon.colcon_core.package_identification:_identify(src/custom_messages) by extensions ['ros']
[0.536s] Level 1:colcon.colcon_core.package_identification:_identify(src/custom_messages) by extension 'ros'
[0.537s] DEBUG:colcon.colcon_core.package_identification:Package 'src/custom_messages' with type 'ros.ament_cmake' and name 'custom_messages'
[0.537s] Level 1:colcon.colcon_core.package_identification:_identify(src/robot_kinematic) by extensions ['ignore', 'ignore_ament_install']
[0.537s] Level 1:colcon.colcon_core.package_identification:_identify(src/robot_kinematic) by extension 'ignore'
[0.537s] Level 1:colcon.colcon_core.package_identification:_identify(src/robot_kinematic) by extension 'ignore_ament_install'
[0.537s] Level 1:colcon.colcon_core.package_identification:_identify(src/robot_kinematic) by extensions ['colcon_pkg']
[0.537s] Level 1:colcon.colcon_core.package_identification:_identify(src/robot_kinematic) by extension 'colcon_pkg'
[0.537s] Level 1:colcon.colcon_core.package_identification:_identify(src/robot_kinematic) by extensions ['colcon_meta']
[0.537s] Level 1:colcon.colcon_core.package_identification:_identify(src/robot_kinematic) by extension 'colcon_meta'
[0.538s] Level 1:colcon.colcon_core.package_identification:_identify(src/robot_kinematic) by extensions ['ros']
[0.538s] Level 1:colcon.colcon_core.package_identification:_identify(src/robot_kinematic) by extension 'ros'
[0.538s] DEBUG:colcon.colcon_core.package_identification:Package 'src/robot_kinematic' with type 'ros.ament_cmake' and name 'robot_kinematic'
[0.538s] Level 1:colcon.colcon_core.package_identification:_identify(src/robot_planner) by extensions ['ignore', 'ignore_ament_install']
[0.538s] Level 1:colcon.colcon_core.package_identification:_identify(src/robot_planner) by extension 'ignore'
[0.539s] Level 1:colcon.colcon_core.package_identification:_identify(src/robot_planner) by extension 'ignore_ament_install'
[0.539s] Level 1:colcon.colcon_core.package_identification:_identify(src/robot_planner) by extensions ['colcon_pkg']
[0.539s] Level 1:colcon.colcon_core.package_identification:_identify(src/robot_planner) by extension 'colcon_pkg'
[0.539s] Level 1:colcon.colcon_core.package_identification:_identify(src/robot_planner) by extensions ['colcon_meta']
[0.539s] Level 1:colcon.colcon_core.package_identification:_identify(src/robot_planner) by extension 'colcon_meta'
[0.539s] Level 1:colcon.colcon_core.package_identification:_identify(src/robot_planner) by extensions ['ros']
[0.539s] Level 1:colcon.colcon_core.package_identification:_identify(src/robot_planner) by extension 'ros'
[0.540s] DEBUG:colcon.colcon_core.package_identification:Package 'src/robot_planner' with type 'ros.ament_cmake' and name 'robot_planner'
[0.540s] Level 1:colcon.colcon_core.package_identification:_identify(src/robot_visualizer) by extensions ['ignore', 'ignore_ament_install']
[0.540s] Level 1:colcon.colcon_core.package_identification:_identify(src/robot_visualizer) by extension 'ignore'
[0.540s] Level 1:colcon.colcon_core.package_identification:_identify(src/robot_visualizer) by extension 'ignore_ament_install'
[0.540s] Level 1:colcon.colcon_core.package_identification:_identify(src/robot_visualizer) by extensions ['colcon_pkg']
[0.541s] Level 1:colcon.colcon_core.package_identification:_identify(src/robot_visualizer) by extension 'colcon_pkg'
[0.541s] Level 1:colcon.colcon_core.package_identification:_identify(src/robot_visualizer) by extensions ['colcon_meta']
[0.541s] Level 1:colcon.colcon_core.package_identification:_identify(src/robot_visualizer) by extension 'colcon_meta'
[0.541s] Level 1:colcon.colcon_core.package_identification:_identify(src/robot_visualizer) by extensions ['ros']
[0.541s] Level 1:colcon.colcon_core.package_identification:_identify(src/robot_visualizer) by extension 'ros'
[0.542s] DEBUG:colcon.colcon_core.package_identification:Package 'src/robot_visualizer' with type 'ros.ament_python' and name 'robot_visualizer'
[0.542s] Level 1:colcon.colcon_core.package_discovery:discover_packages(recursive) using defaults
[0.542s] Level 1:colcon.colcon_core.package_discovery:discover_packages(ignore) discover
[0.542s] Level 1:colcon.colcon_core.package_discovery:discover_packages(ignore) using defaults
[0.542s] Level 1:colcon.colcon_core.package_discovery:discover_packages(path) discover
[0.542s] Level 1:colcon.colcon_core.package_discovery:discover_packages(path) using defaults
[0.582s] Level 1:colcon.colcon_core.package_discovery:discover_packages(prefix_path) check parameters
[0.582s] Level 1:colcon.colcon_core.package_discovery:discover_packages(prefix_path) discover
[0.583s] WARNING:colcon.colcon_ros.prefix_path.ament:The path '/home/iosnaaente/Desktop/path_planning/install/robot_launch' in the environment variable AMENT_PREFIX_PATH doesn't exist
[0.585s] DEBUG:colcon.colcon_installed_package_information.package_discovery:Found 5 installed packages in /home/iosnaaente/Desktop/path_planning/install
[0.586s] DEBUG:colcon.colcon_installed_package_information.package_discovery:Found 294 installed packages in /opt/ros/humble
[0.588s] Level 1:colcon.colcon_core.package_discovery:discover_packages(prefix_path) using defaults
[0.732s] Level 5:colcon.colcon_core.verb:set package 'custom_messages' build argument 'cmake_args' from command line to 'None'
[0.732s] Level 5:colcon.colcon_core.verb:set package 'custom_messages' build argument 'cmake_target' from command line to 'None'
[0.732s] Level 5:colcon.colcon_core.verb:set package 'custom_messages' build argument 'cmake_target_skip_unavailable' from command line to 'False'
[0.732s] Level 5:colcon.colcon_core.verb:set package 'custom_messages' build argument 'cmake_clean_cache' from command line to 'False'
[0.732s] Level 5:colcon.colcon_core.verb:set package 'custom_messages' build argument 'cmake_clean_first' from command line to 'False'
[0.733s] Level 5:colcon.colcon_core.verb:set package 'custom_messages' build argument 'cmake_force_configure' from command line to 'False'
[0.733s] Level 5:colcon.colcon_core.verb:set package 'custom_messages' build argument 'ament_cmake_args' from command line to 'None'
[0.733s] Level 5:colcon.colcon_core.verb:set package 'custom_messages' build argument 'catkin_cmake_args' from command line to 'None'
[0.733s] Level 5:colcon.colcon_core.verb:set package 'custom_messages' build argument 'catkin_skip_building_tests' from command line to 'False'
[0.733s] DEBUG:colcon.colcon_core.verb:Building package 'custom_messages' with the following arguments: {'ament_cmake_args': None, 'build_base': '/home/iosnaaente/Desktop/path_planning/build/custom_messages', 'catkin_cmake_args': None, 'catkin_skip_building_tests': False, 'cmake_args': None, 'cmake_clean_cache': False, 'cmake_clean_first': False, 'cmake_force_configure': False, 'cmake_target': None, 'cmake_target_skip_unavailable': False, 'install_base': '/home/iosnaaente/Desktop/path_planning/install/custom_messages', 'merge_install': False, 'path': '/home/iosnaaente/Desktop/path_planning/src/custom_messages', 'symlink_install': False, 'test_result_base': None}
[0.733s] Level 5:colcon.colcon_core.verb:set package 'robot_launcher' build argument 'cmake_args' from command line to 'None'
[0.733s] Level 5:colcon.colcon_core.verb:set package 'robot_launcher' build argument 'cmake_target' from command line to 'None'
[0.733s] Level 5:colcon.colcon_core.verb:set package 'robot_launcher' build argument 'cmake_target_skip_unavailable' from command line to 'False'
[0.733s] Level 5:colcon.colcon_core.verb:set package 'robot_launcher' build argument 'cmake_clean_cache' from command line to 'False'
[0.733s] Level 5:colcon.colcon_core.verb:set package 'robot_launcher' build argument 'cmake_clean_first' from command line to 'False'
[0.733s] Level 5:colcon.colcon_core.verb:set package 'robot_launcher' build argument 'cmake_force_configure' from command line to 'False'
[0.733s] Level 5:colcon.colcon_core.verb:set package 'robot_launcher' build argument 'ament_cmake_args' from command line to 'None'
[0.733s] Level 5:colcon.colcon_core.verb:set package 'robot_launcher' build argument 'catkin_cmake_args' from command line to 'None'
[0.733s] Level 5:colcon.colcon_core.verb:set package 'robot_launcher' build argument 'catkin_skip_building_tests' from command line to 'False'
[0.733s] DEBUG:colcon.colcon_core.verb:Building package 'robot_launcher' with the following arguments: {'ament_cmake_args': None, 'build_base': '/home/iosnaaente/Desktop/path_planning/build/robot_launcher', 'catkin_cmake_args': None, 'catkin_skip_building_tests': False, 'cmake_args': None, 'cmake_clean_cache': False, 'cmake_clean_first': False, 'cmake_force_configure': False, 'cmake_target': None, 'cmake_target_skip_unavailable': False, 'install_base': '/home/iosnaaente/Desktop/path_planning/install/robot_launcher', 'merge_install': False, 'path': '/home/iosnaaente/Desktop/path_planning/launcher', 'symlink_install': False, 'test_result_base': None}
[0.734s] Level 5:colcon.colcon_core.verb:set package 'robot_kinematic' build argument 'cmake_args' from command line to 'None'
[0.734s] Level 5:colcon.colcon_core.verb:set package 'robot_kinematic' build argument 'cmake_target' from command line to 'None'
[0.734s] Level 5:colcon.colcon_core.verb:set package 'robot_kinematic' build argument 'cmake_target_skip_unavailable' from command line to 'False'
[0.734s] Level 5:colcon.colcon_core.verb:set package 'robot_kinematic' build argument 'cmake_clean_cache' from command line to 'False'
[0.734s] Level 5:colcon.colcon_core.verb:set package 'robot_kinematic' build argument 'cmake_clean_first' from command line to 'False'
[0.734s] Level 5:colcon.colcon_core.verb:set package 'robot_kinematic' build argument 'cmake_force_configure' from command line to 'False'
[0.734s] Level 5:colcon.colcon_core.verb:set package 'robot_kinematic' build argument 'ament_cmake_args' from command line to 'None'
[0.734s] Level 5:colcon.colcon_core.verb:set package 'robot_kinematic' build argument 'catkin_cmake_args' from command line to 'None'
[0.734s] Level 5:colcon.colcon_core.verb:set package 'robot_kinematic' build argument 'catkin_skip_building_tests' from command line to 'False'
[0.734s] DEBUG:colcon.colcon_core.verb:Building package 'robot_kinematic' with the following arguments: {'ament_cmake_args': None, 'build_base': '/home/iosnaaente/Desktop/path_planning/build/robot_kinematic', 'catkin_cmake_args': None, 'catkin_skip_building_tests': False, 'cmake_args': None, 'cmake_clean_cache': False, 'cmake_clean_first': False, 'cmake_force_configure': False, 'cmake_target': None, 'cmake_target_skip_unavailable': False, 'install_base': '/home/iosnaaente/Desktop/path_planning/install/robot_kinematic', 'merge_install': False, 'path': '/home/iosnaaente/Desktop/path_planning/src/robot_kinematic', 'symlink_install': False, 'test_result_base': None}
[0.734s] Level 5:colcon.colcon_core.verb:set package 'robot_planner' build argument 'cmake_args' from command line to 'None'
[0.734s] Level 5:colcon.colcon_core.verb:set package 'robot_planner' build argument 'cmake_target' from command line to 'None'
[0.734s] Level 5:colcon.colcon_core.verb:set package 'robot_planner' build argument 'cmake_target_skip_unavailable' from command line to 'False'
[0.735s] Level 5:colcon.colcon_core.verb:set package 'robot_planner' build argument 'cmake_clean_cache' from command line to 'False'
[0.735s] Level 5:colcon.colcon_core.verb:set package 'robot_planner' build argument 'cmake_clean_first' from command line to 'False'
[0.735s] Level 5:colcon.colcon_core.verb:set package 'robot_planner' build argument 'cmake_force_configure' from command line to 'False'
[0.735s] Level 5:colcon.colcon_core.verb:set package 'robot_planner' build argument 'ament_cmake_args' from command line to 'None'
[0.735s] Level 5:colcon.colcon_core.verb:set package 'robot_planner' build argument 'catkin_cmake_args' from command line to 'None'
[0.735s] Level 5:colcon.colcon_core.verb:set package 'robot_planner' build argument 'catkin_skip_building_tests' from command line to 'False'
[0.735s] DEBUG:colcon.colcon_core.verb:Building package 'robot_planner' with the following arguments: {'ament_cmake_args': None, 'build_base': '/home/iosnaaente/Desktop/path_planning/build/robot_planner', 'catkin_cmake_args': None, 'catkin_skip_building_tests': False, 'cmake_args': None, 'cmake_clean_cache': False, 'cmake_clean_first': False, 'cmake_force_configure': False, 'cmake_target': None, 'cmake_target_skip_unavailable': False, 'install_base': '/home/iosnaaente/Desktop/path_planning/install/robot_planner', 'merge_install': False, 'path': '/home/iosnaaente/Desktop/path_planning/src/robot_planner', 'symlink_install': False, 'test_result_base': None}
[0.735s] Level 5:colcon.colcon_core.verb:set package 'robot_visualizer' build argument 'cmake_args' from command line to 'None'
[0.735s] Level 5:colcon.colcon_core.verb:set package 'robot_visualizer' build argument 'cmake_target' from command line to 'None'
[0.735s] Level 5:colcon.colcon_core.verb:set package 'robot_visualizer' build argument 'cmake_target_skip_unavailable' from command line to 'False'
[0.735s] Level 5:colcon.colcon_core.verb:set package 'robot_visualizer' build argument 'cmake_clean_cache' from command line to 'False'
[0.735s] Level 5:colcon.colcon_core.verb:set package 'robot_visualizer' build argument 'cmake_clean_first' from command line to 'False'
[0.735s] Level 5:colcon.colcon_core.verb:set package 'robot_visualizer' build argument 'cmake_force_configure' from command line to 'False'
[0.735s] Level 5:colcon.colcon_core.verb:set package 'robot_visualizer' build argument 'ament_cmake_args' from command line to 'None'
[0.735s] Level 5:colcon.colcon_core.verb:set package 'robot_visualizer' build argument 'catkin_cmake_args' from command line to 'None'
[0.735s] Level 5:colcon.colcon_core.verb:set package 'robot_visualizer' build argument 'catkin_skip_building_tests' from command line to 'False'
[0.735s] DEBUG:colcon.colcon_core.verb:Building package 'robot_visualizer' with the following arguments: {'ament_cmake_args': None, 'build_base': '/home/iosnaaente/Desktop/path_planning/build/robot_visualizer', 'catkin_cmake_args': None, 'catkin_skip_building_tests': False, 'cmake_args': None, 'cmake_clean_cache': False, 'cmake_clean_first': False, 'cmake_force_configure': False, 'cmake_target': None, 'cmake_target_skip_unavailable': False, 'install_base': '/home/iosnaaente/Desktop/path_planning/install/robot_visualizer', 'merge_install': False, 'path': '/home/iosnaaente/Desktop/path_planning/src/robot_visualizer', 'symlink_install': False, 'test_result_base': None}
[0.736s] INFO:colcon.colcon_core.executor:Executing jobs using 'parallel' executor
[0.737s] DEBUG:colcon.colcon_parallel_executor.executor.parallel:run_until_complete
[0.737s] INFO:colcon.colcon_ros.task.ament_cmake.build:Building ROS package in '/home/iosnaaente/Desktop/path_planning/src/custom_messages' with build type 'ament_cmake'
[0.737s] INFO:colcon.colcon_cmake.task.cmake.build:Building CMake package in '/home/iosnaaente/Desktop/path_planning/src/custom_messages'
[0.741s] INFO:colcon.colcon_core.plugin_system:Skipping extension 'colcon_core.shell.bat': Not used on non-Windows systems
[0.741s] INFO:colcon.colcon_core.shell:Skip shell extension 'powershell' for command environment: Not usable outside of PowerShell
[0.741s] DEBUG:colcon.colcon_core.shell:Skip shell extension 'dsv' for command environment
[0.745s] INFO:colcon.colcon_ros.task.ament_python.build:Building ROS package in '/home/iosnaaente/Desktop/path_planning/launcher' with build type 'ament_python'
[0.746s] Level 1:colcon.colcon_core.shell:create_environment_hook('robot_launcher', 'ament_prefix_path')
[0.746s] INFO:colcon.colcon_core.shell:Creating environment hook '/home/iosnaaente/Desktop/path_planning/install/robot_launcher/share/robot_launcher/hook/ament_prefix_path.ps1'
[0.748s] INFO:colcon.colcon_core.shell:Creating environment descriptor '/home/iosnaaente/Desktop/path_planning/install/robot_launcher/share/robot_launcher/hook/ament_prefix_path.dsv'
[0.748s] INFO:colcon.colcon_core.shell:Creating environment hook '/home/iosnaaente/Desktop/path_planning/install/robot_launcher/share/robot_launcher/hook/ament_prefix_path.sh'
[0.749s] INFO:colcon.colcon_core.shell:Skip shell extension 'powershell' for command environment: Not usable outside of PowerShell
[0.749s] DEBUG:colcon.colcon_core.shell:Skip shell extension 'dsv' for command environment
[0.767s] DEBUG:colcon.colcon_core.event_handler.log_command:Invoking command in '/home/iosnaaente/Desktop/path_planning/build/custom_messages': CMAKE_PREFIX_PATH=${CMAKE_PREFIX_PATH}:/home/iosnaaente/Desktop/path_planning/install/robot_launcher:/home/iosnaaente/Desktop/path_planning/install/robot_visualizer:/home/iosnaaente/Desktop/path_planning/install/robot_launch:/opt/ros/humble /usr/bin/cmake --build /home/iosnaaente/Desktop/path_planning/build/custom_messages -- -j8 -l8
[1.261s] INFO:colcon.colcon_core.task.python.build:Building Python package in '/home/iosnaaente/Desktop/path_planning/launcher'
[1.261s] INFO:colcon.colcon_core.shell:Skip shell extension 'powershell' for command environment: Not usable outside of PowerShell
[1.261s] DEBUG:colcon.colcon_core.shell:Skip shell extension 'dsv' for command environment
[1.345s] DEBUG:colcon.colcon_core.event_handler.log_command:Invoked command in '/home/iosnaaente/Desktop/path_planning/build/custom_messages' returned '0': CMAKE_PREFIX_PATH=${CMAKE_PREFIX_PATH}:/home/iosnaaente/Desktop/path_planning/install/robot_launcher:/home/iosnaaente/Desktop/path_planning/install/robot_visualizer:/home/iosnaaente/Desktop/path_planning/install/robot_launch:/opt/ros/humble /usr/bin/cmake --build /home/iosnaaente/Desktop/path_planning/build/custom_messages -- -j8 -l8
[1.359s] DEBUG:colcon.colcon_core.event_handler.log_command:Invoking command in '/home/iosnaaente/Desktop/path_planning/build/custom_messages': CMAKE_PREFIX_PATH=${CMAKE_PREFIX_PATH}:/home/iosnaaente/Desktop/path_planning/install/robot_launcher:/home/iosnaaente/Desktop/path_planning/install/robot_visualizer:/home/iosnaaente/Desktop/path_planning/install/robot_launch:/opt/ros/humble /usr/bin/cmake --install /home/iosnaaente/Desktop/path_planning/build/custom_messages
[1.451s] Level 1:colcon.colcon_core.environment:create_environment_scripts_only(custom_messages)
[1.452s] DEBUG:colcon.colcon_core.event_handler.log_command:Invoked command in '/home/iosnaaente/Desktop/path_planning/build/custom_messages' returned '0': CMAKE_PREFIX_PATH=${CMAKE_PREFIX_PATH}:/home/iosnaaente/Desktop/path_planning/install/robot_launcher:/home/iosnaaente/Desktop/path_planning/install/robot_visualizer:/home/iosnaaente/Desktop/path_planning/install/robot_launch:/opt/ros/humble /usr/bin/cmake --install /home/iosnaaente/Desktop/path_planning/build/custom_messages
[1.455s] Level 1:colcon.colcon_core.environment:checking '/home/iosnaaente/Desktop/path_planning/install/custom_messages' for CMake module files
[1.455s] Level 1:colcon.colcon_core.environment:checking '/home/iosnaaente/Desktop/path_planning/install/custom_messages' for CMake config files
[1.456s] Level 1:colcon.colcon_core.shell:create_environment_hook('custom_messages', 'cmake_prefix_path')
[1.456s] INFO:colcon.colcon_core.shell:Creating environment hook '/home/iosnaaente/Desktop/path_planning/install/custom_messages/share/custom_messages/hook/cmake_prefix_path.ps1'
[1.457s] INFO:colcon.colcon_core.shell:Creating environment descriptor '/home/iosnaaente/Desktop/path_planning/install/custom_messages/share/custom_messages/hook/cmake_prefix_path.dsv'
[1.457s] INFO:colcon.colcon_core.shell:Creating environment hook '/home/iosnaaente/Desktop/path_planning/install/custom_messages/share/custom_messages/hook/cmake_prefix_path.sh'
[1.458s] Level 1:colcon.colcon_core.environment:checking '/home/iosnaaente/Desktop/path_planning/install/custom_messages/lib'
[1.458s] Level 1:colcon.colcon_core.shell:create_environment_hook('custom_messages', 'ld_library_path_lib')
[1.459s] INFO:colcon.colcon_core.shell:Creating environment hook '/home/iosnaaente/Desktop/path_planning/install/custom_messages/share/custom_messages/hook/ld_library_path_lib.ps1'
[1.459s] INFO:colcon.colcon_core.shell:Creating environment descriptor '/home/iosnaaente/Desktop/path_planning/install/custom_messages/share/custom_messages/hook/ld_library_path_lib.dsv'
[1.460s] INFO:colcon.colcon_core.shell:Creating environment hook '/home/iosnaaente/Desktop/path_planning/install/custom_messages/share/custom_messages/hook/ld_library_path_lib.sh'
[1.460s] Level 1:colcon.colcon_core.environment:checking '/home/iosnaaente/Desktop/path_planning/install/custom_messages/bin'
[1.460s] Level 1:colcon.colcon_core.environment:checking '/home/iosnaaente/Desktop/path_planning/install/custom_messages/lib/pkgconfig/custom_messages.pc'
[1.461s] Level 1:colcon.colcon_core.environment:checking '/home/iosnaaente/Desktop/path_planning/install/custom_messages/lib/python3.10/site-packages'
[1.461s] Level 1:colcon.colcon_core.environment:checking '/home/iosnaaente/Desktop/path_planning/install/custom_messages/bin'
[1.462s] INFO:colcon.colcon_core.shell:Creating package script '/home/iosnaaente/Desktop/path_planning/install/custom_messages/share/custom_messages/package.ps1'
[1.464s] INFO:colcon.colcon_core.shell:Creating package descriptor '/home/iosnaaente/Desktop/path_planning/install/custom_messages/share/custom_messages/package.dsv'
[1.465s] INFO:colcon.colcon_core.shell:Creating package script '/home/iosnaaente/Desktop/path_planning/install/custom_messages/share/custom_messages/package.sh'
[1.466s] INFO:colcon.colcon_core.shell:Creating package script '/home/iosnaaente/Desktop/path_planning/install/custom_messages/share/custom_messages/package.bash'
[1.467s] INFO:colcon.colcon_core.shell:Creating package script '/home/iosnaaente/Desktop/path_planning/install/custom_messages/share/custom_messages/package.zsh'
[1.467s] Level 1:colcon.colcon_core.environment:create_file_with_runtime_dependencies(/home/iosnaaente/Desktop/path_planning/install/custom_messages/share/colcon-core/packages/custom_messages)
[1.468s] Level 1:colcon.colcon_core.environment:create_environment_scripts_only(custom_messages)
[1.468s] Level 1:colcon.colcon_core.environment:checking '/home/iosnaaente/Desktop/path_planning/install/custom_messages' for CMake module files
[1.469s] Level 1:colcon.colcon_core.environment:checking '/home/iosnaaente/Desktop/path_planning/install/custom_messages' for CMake config files
[1.470s] Level 1:colcon.colcon_core.shell:create_environment_hook('custom_messages', 'cmake_prefix_path')
[1.470s] INFO:colcon.colcon_core.shell:Creating environment hook '/home/iosnaaente/Desktop/path_planning/install/custom_messages/share/custom_messages/hook/cmake_prefix_path.ps1'
[1.471s] INFO:colcon.colcon_core.shell:Creating environment descriptor '/home/iosnaaente/Desktop/path_planning/install/custom_messages/share/custom_messages/hook/cmake_prefix_path.dsv'
[1.472s] INFO:colcon.colcon_core.shell:Creating environment hook '/home/iosnaaente/Desktop/path_planning/install/custom_messages/share/custom_messages/hook/cmake_prefix_path.sh'
[1.473s] Level 1:colcon.colcon_core.environment:checking '/home/iosnaaente/Desktop/path_planning/install/custom_messages/lib'
[1.473s] Level 1:colcon.colcon_core.shell:create_environment_hook('custom_messages', 'ld_library_path_lib')
[1.474s] INFO:colcon.colcon_core.shell:Creating environment hook '/home/iosnaaente/Desktop/path_planning/install/custom_messages/share/custom_messages/hook/ld_library_path_lib.ps1'
[1.474s] INFO:colcon.colcon_core.shell:Creating environment descriptor '/home/iosnaaente/Desktop/path_planning/install/custom_messages/share/custom_messages/hook/ld_library_path_lib.dsv'
[1.475s] INFO:colcon.colcon_core.shell:Creating environment hook '/home/iosnaaente/Desktop/path_planning/install/custom_messages/share/custom_messages/hook/ld_library_path_lib.sh'
[1.476s] Level 1:colcon.colcon_core.environment:checking '/home/iosnaaente/Desktop/path_planning/install/custom_messages/bin'
[1.476s] Level 1:colcon.colcon_core.environment:checking '/home/iosnaaente/Desktop/path_planning/install/custom_messages/lib/pkgconfig/custom_messages.pc'
[1.476s] Level 1:colcon.colcon_core.environment:checking '/home/iosnaaente/Desktop/path_planning/install/custom_messages/lib/python3.10/site-packages'
[1.476s] Level 1:colcon.colcon_core.environment:checking '/home/iosnaaente/Desktop/path_planning/install/custom_messages/bin'
[1.477s] INFO:colcon.colcon_core.shell:Creating package script '/home/iosnaaente/Desktop/path_planning/install/custom_messages/share/custom_messages/package.ps1'
[1.477s] INFO:colcon.colcon_core.shell:Creating package descriptor '/home/iosnaaente/Desktop/path_planning/install/custom_messages/share/custom_messages/package.dsv'
[1.478s] INFO:colcon.colcon_core.shell:Creating package script '/home/iosnaaente/Desktop/path_planning/install/custom_messages/share/custom_messages/package.sh'
[1.478s] INFO:colcon.colcon_core.shell:Creating package script '/home/iosnaaente/Desktop/path_planning/install/custom_messages/share/custom_messages/package.bash'
[1.480s] INFO:colcon.colcon_core.shell:Creating package script '/home/iosnaaente/Desktop/path_planning/install/custom_messages/share/custom_messages/package.zsh'
[1.481s] Level 1:colcon.colcon_core.environment:create_file_with_runtime_dependencies(/home/iosnaaente/Desktop/path_planning/install/custom_messages/share/colcon-core/packages/custom_messages)
[1.482s] INFO:colcon.colcon_ros.task.ament_cmake.build:Building ROS package in '/home/iosnaaente/Desktop/path_planning/src/robot_kinematic' with build type 'ament_cmake'
[1.482s] INFO:colcon.colcon_cmake.task.cmake.build:Building CMake package in '/home/iosnaaente/Desktop/path_planning/src/robot_kinematic'
[1.483s] INFO:colcon.colcon_core.shell:Skip shell extension 'powershell' for command environment: Not usable outside of PowerShell
[1.484s] DEBUG:colcon.colcon_core.shell:Skip shell extension 'dsv' for command environment
[1.489s] INFO:colcon.colcon_ros.task.ament_cmake.build:Building ROS package in '/home/iosnaaente/Desktop/path_planning/src/robot_planner' with build type 'ament_cmake'
[1.489s] INFO:colcon.colcon_cmake.task.cmake.build:Building CMake package in '/home/iosnaaente/Desktop/path_planning/src/robot_planner'
[1.489s] INFO:colcon.colcon_core.shell:Skip shell extension 'powershell' for command environment: Not usable outside of PowerShell
[1.490s] DEBUG:colcon.colcon_core.shell:Skip shell extension 'dsv' for command environment
[1.495s] INFO:colcon.colcon_ros.task.ament_python.build:Building ROS package in '/home/iosnaaente/Desktop/path_planning/src/robot_visualizer' with build type 'ament_python'
[1.496s] Level 1:colcon.colcon_core.shell:create_environment_hook('robot_visualizer', 'ament_prefix_path')
[1.496s] INFO:colcon.colcon_core.shell:Creating environment hook '/home/iosnaaente/Desktop/path_planning/install/robot_visualizer/share/robot_visualizer/hook/ament_prefix_path.ps1'
[1.497s] INFO:colcon.colcon_core.shell:Creating environment descriptor '/home/iosnaaente/Desktop/path_planning/install/robot_visualizer/share/robot_visualizer/hook/ament_prefix_path.dsv'
[1.498s] INFO:colcon.colcon_core.shell:Creating environment hook '/home/iosnaaente/Desktop/path_planning/install/robot_visualizer/share/robot_visualizer/hook/ament_prefix_path.sh'
[1.500s] INFO:colcon.colcon_core.shell:Skip shell extension 'powershell' for command environment: Not usable outside of PowerShell
[1.500s] DEBUG:colcon.colcon_core.shell:Skip shell extension 'dsv' for command environment
[1.648s] DEBUG:colcon.colcon_core.event_handler.log_command:Invoking command in '/home/iosnaaente/Desktop/path_planning/build/robot_kinematic': CMAKE_PREFIX_PATH=/home/iosnaaente/Desktop/path_planning/install/custom_messages:/home/iosnaaente/Desktop/path_planning/install/robot_planner:/home/iosnaaente/Desktop/path_planning/install/robot_kinematic:/home/iosnaaente/Desktop/path_planning/install/robot_launcher:/home/iosnaaente/Desktop/path_planning/install/robot_visualizer:/home/iosnaaente/Desktop/path_planning/install/robot_launch:/opt/ros/humble /usr/bin/cmake --build /home/iosnaaente/Desktop/path_planning/build/robot_kinematic -- -j8 -l8
[1.654s] DEBUG:colcon.colcon_core.event_handler.log_command:Invoking command in '/home/iosnaaente/Desktop/path_planning/build/robot_planner': CMAKE_PREFIX_PATH=/home/iosnaaente/Desktop/path_planning/install/custom_messages:/home/iosnaaente/Desktop/path_planning/install/robot_planner:/home/iosnaaente/Desktop/path_planning/install/robot_kinematic:/home/iosnaaente/Desktop/path_planning/install/robot_launcher:/home/iosnaaente/Desktop/path_planning/install/robot_visualizer:/home/iosnaaente/Desktop/path_planning/install/robot_launch:/opt/ros/humble /usr/bin/cmake --build /home/iosnaaente/Desktop/path_planning/build/robot_planner -- -j8 -l8
[2.170s] INFO:colcon.colcon_core.task.python.build:Building Python package in '/home/iosnaaente/Desktop/path_planning/src/robot_visualizer'
[2.171s] INFO:colcon.colcon_core.shell:Skip shell extension 'powershell' for command environment: Not usable outside of PowerShell
[2.172s] DEBUG:colcon.colcon_core.shell:Skip shell extension 'dsv' for command environment
[2.185s] DEBUG:colcon.colcon_core.event_handler.log_command:Invoking command in '/home/iosnaaente/Desktop/path_planning/launcher': PYTHONPATH=/home/iosnaaente/Desktop/path_planning/build/robot_launcher/prefix_override:/home/iosnaaente/.local/lib/python3.10/site-packages/colcon_core/task/python/colcon_distutils_commands:/home/iosnaaente/Desktop/path_planning/install/robot_launcher/lib/python3.10/site-packages:${PYTHONPATH} /usr/bin/python3 -W ignore:setup.py install is deprecated -W ignore:easy_install command is deprecated setup.py egg_info --egg-base ../build/robot_launcher build --build-base /home/iosnaaente/Desktop/path_planning/build/robot_launcher/build install --record /home/iosnaaente/Desktop/path_planning/build/robot_launcher/install.log --single-version-externally-managed install_data
[2.186s] DEBUG:colcon.colcon_core.event_handler.log_command:Invoked command in '/home/iosnaaente/Desktop/path_planning/build/robot_kinematic' returned '0': CMAKE_PREFIX_PATH=/home/iosnaaente/Desktop/path_planning/install/custom_messages:/home/iosnaaente/Desktop/path_planning/install/robot_planner:/home/iosnaaente/Desktop/path_planning/install/robot_kinematic:/home/iosnaaente/Desktop/path_planning/install/robot_launcher:/home/iosnaaente/Desktop/path_planning/install/robot_visualizer:/home/iosnaaente/Desktop/path_planning/install/robot_launch:/opt/ros/humble /usr/bin/cmake --build /home/iosnaaente/Desktop/path_planning/build/robot_kinematic -- -j8 -l8
[2.190s] DEBUG:colcon.colcon_core.event_handler.log_command:Invoking command in '/home/iosnaaente/Desktop/path_planning/build/robot_kinematic': CMAKE_PREFIX_PATH=/home/iosnaaente/Desktop/path_planning/install/custom_messages:/home/iosnaaente/Desktop/path_planning/install/robot_planner:/home/iosnaaente/Desktop/path_planning/install/robot_kinematic:/home/iosnaaente/Desktop/path_planning/install/robot_launcher:/home/iosnaaente/Desktop/path_planning/install/robot_visualizer:/home/iosnaaente/Desktop/path_planning/install/robot_launch:/opt/ros/humble /usr/bin/cmake --install /home/iosnaaente/Desktop/path_planning/build/robot_kinematic
[2.191s] DEBUG:colcon.colcon_core.event_handler.log_command:Invoked command in '/home/iosnaaente/Desktop/path_planning/build/robot_planner' returned '0': CMAKE_PREFIX_PATH=/home/iosnaaente/Desktop/path_planning/install/custom_messages:/home/iosnaaente/Desktop/path_planning/install/robot_planner:/home/iosnaaente/Desktop/path_planning/install/robot_kinematic:/home/iosnaaente/Desktop/path_planning/install/robot_launcher:/home/iosnaaente/Desktop/path_planning/install/robot_visualizer:/home/iosnaaente/Desktop/path_planning/install/robot_launch:/opt/ros/humble /usr/bin/cmake --build /home/iosnaaente/Desktop/path_planning/build/robot_planner -- -j8 -l8
[2.202s] DEBUG:colcon.colcon_core.event_handler.log_command:Invoking command in '/home/iosnaaente/Desktop/path_planning/build/robot_planner': CMAKE_PREFIX_PATH=/home/iosnaaente/Desktop/path_planning/install/custom_messages:/home/iosnaaente/Desktop/path_planning/install/robot_planner:/home/iosnaaente/Desktop/path_planning/install/robot_kinematic:/home/iosnaaente/Desktop/path_planning/install/robot_launcher:/home/iosnaaente/Desktop/path_planning/install/robot_visualizer:/home/iosnaaente/Desktop/path_planning/install/robot_launch:/opt/ros/humble /usr/bin/cmake --install /home/iosnaaente/Desktop/path_planning/build/robot_planner
[2.217s] Level 1:colcon.colcon_core.environment:create_environment_scripts_only(robot_kinematic)
[2.217s] Level 1:colcon.colcon_core.environment:checking '/home/iosnaaente/Desktop/path_planning/install/robot_kinematic' for CMake module files
[2.220s] DEBUG:colcon.colcon_core.event_handler.log_command:Invoked command in '/home/iosnaaente/Desktop/path_planning/build/robot_kinematic' returned '0': CMAKE_PREFIX_PATH=/home/iosnaaente/Desktop/path_planning/install/custom_messages:/home/iosnaaente/Desktop/path_planning/install/robot_planner:/home/iosnaaente/Desktop/path_planning/install/robot_kinematic:/home/iosnaaente/Desktop/path_planning/install/robot_launcher:/home/iosnaaente/Desktop/path_planning/install/robot_visualizer:/home/iosnaaente/Desktop/path_planning/install/robot_launch:/opt/ros/humble /usr/bin/cmake --install /home/iosnaaente/Desktop/path_planning/build/robot_kinematic
[2.227s] Level 1:colcon.colcon_core.environment:checking '/home/iosnaaente/Desktop/path_planning/install/robot_kinematic' for CMake config files
[2.227s] Level 1:colcon.colcon_core.shell:create_environment_hook('robot_kinematic', 'cmake_prefix_path')
[2.227s] INFO:colcon.colcon_core.shell:Creating environment hook '/home/iosnaaente/Desktop/path_planning/install/robot_kinematic/share/robot_kinematic/hook/cmake_prefix_path.ps1'
[2.228s] INFO:colcon.colcon_core.shell:Creating environment descriptor '/home/iosnaaente/Desktop/path_planning/install/robot_kinematic/share/robot_kinematic/hook/cmake_prefix_path.dsv'
[2.229s] INFO:colcon.colcon_core.shell:Creating environment hook '/home/iosnaaente/Desktop/path_planning/install/robot_kinematic/share/robot_kinematic/hook/cmake_prefix_path.sh'
[2.229s] Level 1:colcon.colcon_core.environment:checking '/home/iosnaaente/Desktop/path_planning/install/robot_kinematic/lib'
[2.230s] Level 1:colcon.colcon_core.environment:checking '/home/iosnaaente/Desktop/path_planning/install/robot_kinematic/bin'
[2.230s] Level 1:colcon.colcon_core.environment:checking '/home/iosnaaente/Desktop/path_planning/install/robot_kinematic/lib/pkgconfig/robot_kinematic.pc'
[2.230s] Level 1:colcon.colcon_core.environment:checking '/home/iosnaaente/Desktop/path_planning/install/robot_kinematic/lib/python3.10/site-packages'
[2.231s] Level 1:colcon.colcon_core.environment:checking '/home/iosnaaente/Desktop/path_planning/install/robot_kinematic/bin'
[2.231s] INFO:colcon.colcon_core.shell:Creating package script '/home/iosnaaente/Desktop/path_planning/install/robot_kinematic/share/robot_kinematic/package.ps1'
[2.232s] INFO:colcon.colcon_core.shell:Creating package descriptor '/home/iosnaaente/Desktop/path_planning/install/robot_kinematic/share/robot_kinematic/package.dsv'
[2.232s] INFO:colcon.colcon_core.shell:Creating package script '/home/iosnaaente/Desktop/path_planning/install/robot_kinematic/share/robot_kinematic/package.sh'
[2.233s] INFO:colcon.colcon_core.shell:Creating package script '/home/iosnaaente/Desktop/path_planning/install/robot_kinematic/share/robot_kinematic/package.bash'
[2.233s] INFO:colcon.colcon_core.shell:Creating package script '/home/iosnaaente/Desktop/path_planning/install/robot_kinematic/share/robot_kinematic/package.zsh'
[2.234s] Level 1:colcon.colcon_core.environment:create_file_with_runtime_dependencies(/home/iosnaaente/Desktop/path_planning/install/robot_kinematic/share/colcon-core/packages/robot_kinematic)
[2.235s] Level 1:colcon.colcon_core.environment:create_environment_scripts_only(robot_kinematic)
[2.236s] Level 1:colcon.colcon_core.environment:checking '/home/iosnaaente/Desktop/path_planning/install/robot_kinematic' for CMake module files
[2.236s] Level 1:colcon.colcon_core.environment:checking '/home/iosnaaente/Desktop/path_planning/install/robot_kinematic' for CMake config files
[2.237s] Level 1:colcon.colcon_core.shell:create_environment_hook('robot_kinematic', 'cmake_prefix_path')
[2.237s] INFO:colcon.colcon_core.shell:Creating environment hook '/home/iosnaaente/Desktop/path_planning/install/robot_kinematic/share/robot_kinematic/hook/cmake_prefix_path.ps1'
[2.237s] INFO:colcon.colcon_core.shell:Creating environment descriptor '/home/iosnaaente/Desktop/path_planning/install/robot_kinematic/share/robot_kinematic/hook/cmake_prefix_path.dsv'
[2.238s] INFO:colcon.colcon_core.shell:Creating environment hook '/home/iosnaaente/Desktop/path_planning/install/robot_kinematic/share/robot_kinematic/hook/cmake_prefix_path.sh'
[2.238s] Level 1:colcon.colcon_core.environment:checking '/home/iosnaaente/Desktop/path_planning/install/robot_kinematic/lib'
[2.239s] Level 1:colcon.colcon_core.environment:checking '/home/iosnaaente/Desktop/path_planning/install/robot_kinematic/bin'
[2.239s] Level 1:colcon.colcon_core.environment:checking '/home/iosnaaente/Desktop/path_planning/install/robot_kinematic/lib/pkgconfig/robot_kinematic.pc'
[2.240s] Level 1:colcon.colcon_core.environment:checking '/home/iosnaaente/Desktop/path_planning/install/robot_kinematic/lib/python3.10/site-packages'
[2.241s] Level 1:colcon.colcon_core.environment:checking '/home/iosnaaente/Desktop/path_planning/install/robot_kinematic/bin'
[2.242s] INFO:colcon.colcon_core.shell:Creating package script '/home/iosnaaente/Desktop/path_planning/install/robot_kinematic/share/robot_kinematic/package.ps1'
[2.243s] INFO:colcon.colcon_core.shell:Creating package descriptor '/home/iosnaaente/Desktop/path_planning/install/robot_kinematic/share/robot_kinematic/package.dsv'
[2.244s] INFO:colcon.colcon_core.shell:Creating package script '/home/iosnaaente/Desktop/path_planning/install/robot_kinematic/share/robot_kinematic/package.sh'
[2.244s] INFO:colcon.colcon_core.shell:Creating package script '/home/iosnaaente/Desktop/path_planning/install/robot_kinematic/share/robot_kinematic/package.bash'
[2.245s] INFO:colcon.colcon_core.shell:Creating package script '/home/iosnaaente/Desktop/path_planning/install/robot_kinematic/share/robot_kinematic/package.zsh'
[2.245s] Level 1:colcon.colcon_core.environment:create_file_with_runtime_dependencies(/home/iosnaaente/Desktop/path_planning/install/robot_kinematic/share/colcon-core/packages/robot_kinematic)
[2.248s] Level 1:colcon.colcon_core.environment:create_environment_scripts_only(robot_planner)
[2.249s] Level 1:colcon.colcon_core.environment:checking '/home/iosnaaente/Desktop/path_planning/install/robot_planner' for CMake module files
[2.250s] DEBUG:colcon.colcon_core.event_handler.log_command:Invoked command in '/home/iosnaaente/Desktop/path_planning/build/robot_planner' returned '0': CMAKE_PREFIX_PATH=/home/iosnaaente/Desktop/path_planning/install/custom_messages:/home/iosnaaente/Desktop/path_planning/install/robot_planner:/home/iosnaaente/Desktop/path_planning/install/robot_kinematic:/home/iosnaaente/Desktop/path_planning/install/robot_launcher:/home/iosnaaente/Desktop/path_planning/install/robot_visualizer:/home/iosnaaente/Desktop/path_planning/install/robot_launch:/opt/ros/humble /usr/bin/cmake --install /home/iosnaaente/Desktop/path_planning/build/robot_planner
[2.250s] Level 1:colcon.colcon_core.environment:checking '/home/iosnaaente/Desktop/path_planning/install/robot_planner' for CMake config files
[2.251s] Level 1:colcon.colcon_core.shell:create_environment_hook('robot_planner', 'cmake_prefix_path')
[2.251s] INFO:colcon.colcon_core.shell:Creating environment hook '/home/iosnaaente/Desktop/path_planning/install/robot_planner/share/robot_planner/hook/cmake_prefix_path.ps1'
[2.252s] INFO:colcon.colcon_core.shell:Creating environment descriptor '/home/iosnaaente/Desktop/path_planning/install/robot_planner/share/robot_planner/hook/cmake_prefix_path.dsv'
[2.253s] INFO:colcon.colcon_core.shell:Creating environment hook '/home/iosnaaente/Desktop/path_planning/install/robot_planner/share/robot_planner/hook/cmake_prefix_path.sh'
[2.254s] Level 1:colcon.colcon_core.environment:checking '/home/iosnaaente/Desktop/path_planning/install/robot_planner/bin'
[2.254s] Level 1:colcon.colcon_core.environment:checking '/home/iosnaaente/Desktop/path_planning/install/robot_planner/lib/pkgconfig/robot_planner.pc'
[2.255s] Level 1:colcon.colcon_core.environment:checking '/home/iosnaaente/Desktop/path_planning/install/robot_planner/lib/python3.10/site-packages'
[2.255s] Level 1:colcon.colcon_core.environment:checking '/home/iosnaaente/Desktop/path_planning/install/robot_planner/bin'
[2.256s] INFO:colcon.colcon_core.shell:Creating package script '/home/iosnaaente/Desktop/path_planning/install/robot_planner/share/robot_planner/package.ps1'
[2.256s] INFO:colcon.colcon_core.shell:Creating package descriptor '/home/iosnaaente/Desktop/path_planning/install/robot_planner/share/robot_planner/package.dsv'
[2.258s] INFO:colcon.colcon_core.shell:Creating package script '/home/iosnaaente/Desktop/path_planning/install/robot_planner/share/robot_planner/package.sh'
[2.259s] INFO:colcon.colcon_core.shell:Creating package script '/home/iosnaaente/Desktop/path_planning/install/robot_planner/share/robot_planner/package.bash'
[2.260s] INFO:colcon.colcon_core.shell:Creating package script '/home/iosnaaente/Desktop/path_planning/install/robot_planner/share/robot_planner/package.zsh'
[2.261s] Level 1:colcon.colcon_core.environment:create_file_with_runtime_dependencies(/home/iosnaaente/Desktop/path_planning/install/robot_planner/share/colcon-core/packages/robot_planner)
[2.261s] Level 1:colcon.colcon_core.environment:create_environment_scripts_only(robot_planner)
[2.262s] Level 1:colcon.colcon_core.environment:checking '/home/iosnaaente/Desktop/path_planning/install/robot_planner' for CMake module files
[2.263s] Level 1:colcon.colcon_core.environment:checking '/home/iosnaaente/Desktop/path_planning/install/robot_planner' for CMake config files
[2.263s] Level 1:colcon.colcon_core.shell:create_environment_hook('robot_planner', 'cmake_prefix_path')
[2.263s] INFO:colcon.colcon_core.shell:Creating environment hook '/home/iosnaaente/Desktop/path_planning/install/robot_planner/share/robot_planner/hook/cmake_prefix_path.ps1'
[2.264s] INFO:colcon.colcon_core.shell:Creating environment descriptor '/home/iosnaaente/Desktop/path_planning/install/robot_planner/share/robot_planner/hook/cmake_prefix_path.dsv'
[2.264s] INFO:colcon.colcon_core.shell:Creating environment hook '/home/iosnaaente/Desktop/path_planning/install/robot_planner/share/robot_planner/hook/cmake_prefix_path.sh'
[2.265s] Level 1:colcon.colcon_core.environment:checking '/home/iosnaaente/Desktop/path_planning/install/robot_planner/bin'
[2.265s] Level 1:colcon.colcon_core.environment:checking '/home/iosnaaente/Desktop/path_planning/install/robot_planner/lib/pkgconfig/robot_planner.pc'
[2.265s] Level 1:colcon.colcon_core.environment:checking '/home/iosnaaente/Desktop/path_planning/install/robot_planner/lib/python3.10/site-packages'
[2.266s] Level 1:colcon.colcon_core.environment:checking '/home/iosnaaente/Desktop/path_planning/install/robot_planner/bin'
[2.266s] INFO:colcon.colcon_core.shell:Creating package script '/home/iosnaaente/Desktop/path_planning/install/robot_planner/share/robot_planner/package.ps1'
[2.267s] INFO:colcon.colcon_core.shell:Creating package descriptor '/home/iosnaaente/Desktop/path_planning/install/robot_planner/share/robot_planner/package.dsv'
[2.268s] INFO:colcon.colcon_core.shell:Creating package script '/home/iosnaaente/Desktop/path_planning/install/robot_planner/share/robot_planner/package.sh'
[2.268s] INFO:colcon.colcon_core.shell:Creating package script '/home/iosnaaente/Desktop/path_planning/install/robot_planner/share/robot_planner/package.bash'
[2.269s] INFO:colcon.colcon_core.shell:Creating package script '/home/iosnaaente/Desktop/path_planning/install/robot_planner/share/robot_planner/package.zsh'
[2.270s] Level 1:colcon.colcon_core.environment:create_file_with_runtime_dependencies(/home/iosnaaente/Desktop/path_planning/install/robot_planner/share/colcon-core/packages/robot_planner)
[2.651s] Level 1:colcon.colcon_core.environment:checking '/home/iosnaaente/Desktop/path_planning/install/robot_launcher' for CMake module files
[2.652s] DEBUG:colcon.colcon_core.event_handler.log_command:Invoked command in '/home/iosnaaente/Desktop/path_planning/launcher' returned '0': PYTHONPATH=/home/iosnaaente/Desktop/path_planning/build/robot_launcher/prefix_override:/home/iosnaaente/.local/lib/python3.10/site-packages/colcon_core/task/python/colcon_distutils_commands:/home/iosnaaente/Desktop/path_planning/install/robot_launcher/lib/python3.10/site-packages:${PYTHONPATH} /usr/bin/python3 -W ignore:setup.py install is deprecated -W ignore:easy_install command is deprecated setup.py egg_info --egg-base ../build/robot_launcher build --build-base /home/iosnaaente/Desktop/path_planning/build/robot_launcher/build install --record /home/iosnaaente/Desktop/path_planning/build/robot_launcher/install.log --single-version-externally-managed install_data
[2.652s] Level 1:colcon.colcon_core.environment:checking '/home/iosnaaente/Desktop/path_planning/install/robot_launcher' for CMake config files
[2.653s] Level 1:colcon.colcon_core.environment:checking '/home/iosnaaente/Desktop/path_planning/install/robot_launcher/lib'
[2.653s] Level 1:colcon.colcon_core.environment:checking '/home/iosnaaente/Desktop/path_planning/install/robot_launcher/bin'
[2.653s] Level 1:colcon.colcon_core.environment:checking '/home/iosnaaente/Desktop/path_planning/install/robot_launcher/lib/pkgconfig/robot_launcher.pc'
[2.653s] Level 1:colcon.colcon_core.environment:checking '/home/iosnaaente/Desktop/path_planning/install/robot_launcher/lib/python3.10/site-packages'
[2.653s] Level 1:colcon.colcon_core.shell:create_environment_hook('robot_launcher', 'pythonpath')
[2.654s] INFO:colcon.colcon_core.shell:Creating environment hook '/home/iosnaaente/Desktop/path_planning/install/robot_launcher/share/robot_launcher/hook/pythonpath.ps1'
[2.654s] INFO:colcon.colcon_core.shell:Creating environment descriptor '/home/iosnaaente/Desktop/path_planning/install/robot_launcher/share/robot_launcher/hook/pythonpath.dsv'
[2.655s] INFO:colcon.colcon_core.shell:Creating environment hook '/home/iosnaaente/Desktop/path_planning/install/robot_launcher/share/robot_launcher/hook/pythonpath.sh'
[2.656s] Level 1:colcon.colcon_core.environment:checking '/home/iosnaaente/Desktop/path_planning/install/robot_launcher/bin'
[2.656s] Level 1:colcon.colcon_core.environment:create_environment_scripts_only(robot_launcher)
[2.657s] INFO:colcon.colcon_core.shell:Creating package script '/home/iosnaaente/Desktop/path_planning/install/robot_launcher/share/robot_launcher/package.ps1'
[2.658s] INFO:colcon.colcon_core.shell:Creating package descriptor '/home/iosnaaente/Desktop/path_planning/install/robot_launcher/share/robot_launcher/package.dsv'
[2.659s] INFO:colcon.colcon_core.shell:Creating package script '/home/iosnaaente/Desktop/path_planning/install/robot_launcher/share/robot_launcher/package.sh'
[2.659s] INFO:colcon.colcon_core.shell:Creating package script '/home/iosnaaente/Desktop/path_planning/install/robot_launcher/share/robot_launcher/package.bash'
[2.660s] INFO:colcon.colcon_core.shell:Creating package script '/home/iosnaaente/Desktop/path_planning/install/robot_launcher/share/robot_launcher/package.zsh'
[2.660s] Level 1:colcon.colcon_core.environment:create_file_with_runtime_dependencies(/home/iosnaaente/Desktop/path_planning/install/robot_launcher/share/colcon-core/packages/robot_launcher)
[2.920s] DEBUG:colcon.colcon_core.event_handler.log_command:Invoking command in '/home/iosnaaente/Desktop/path_planning/src/robot_visualizer': CMAKE_PREFIX_PATH=/home/iosnaaente/Desktop/path_planning/install/custom_messages:/home/iosnaaente/Desktop/path_planning/install/robot_planner:/home/iosnaaente/Desktop/path_planning/install/robot_kinematic PYTHONPATH=/home/iosnaaente/Desktop/path_planning/build/robot_visualizer/prefix_override:/home/iosnaaente/.local/lib/python3.10/site-packages/colcon_core/task/python/colcon_distutils_commands:/home/iosnaaente/Desktop/path_planning/install/robot_visualizer/lib/python3.10/site-packages:${PYTHONPATH} /usr/bin/python3 -W ignore:setup.py install is deprecated -W ignore:easy_install command is deprecated setup.py egg_info --egg-base ../../build/robot_visualizer build --build-base /home/iosnaaente/Desktop/path_planning/build/robot_visualizer/build install --record /home/iosnaaente/Desktop/path_planning/build/robot_visualizer/install.log --single-version-externally-managed install_data
[3.354s] Level 1:colcon.colcon_core.environment:checking '/home/iosnaaente/Desktop/path_planning/install/robot_visualizer' for CMake module files
[3.355s] DEBUG:colcon.colcon_core.event_handler.log_command:Invoked command in '/home/iosnaaente/Desktop/path_planning/src/robot_visualizer' returned '0': CMAKE_PREFIX_PATH=/home/iosnaaente/Desktop/path_planning/install/custom_messages:/home/iosnaaente/Desktop/path_planning/install/robot_planner:/home/iosnaaente/Desktop/path_planning/install/robot_kinematic PYTHONPATH=/home/iosnaaente/Desktop/path_planning/build/robot_visualizer/prefix_override:/home/iosnaaente/.local/lib/python3.10/site-packages/colcon_core/task/python/colcon_distutils_commands:/home/iosnaaente/Desktop/path_planning/install/robot_visualizer/lib/python3.10/site-packages:${PYTHONPATH} /usr/bin/python3 -W ignore:setup.py install is deprecated -W ignore:easy_install command is deprecated setup.py egg_info --egg-base ../../build/robot_visualizer build --build-base /home/iosnaaente/Desktop/path_planning/build/robot_visualizer/build install --record /home/iosnaaente/Desktop/path_planning/build/robot_visualizer/install.log --single-version-externally-managed install_data
[3.355s] Level 1:colcon.colcon_core.environment:checking '/home/iosnaaente/Desktop/path_planning/install/robot_visualizer' for CMake config files
[3.356s] Level 1:colcon.colcon_core.environment:checking '/home/iosnaaente/Desktop/path_planning/install/robot_visualizer/lib'
[3.356s] Level 1:colcon.colcon_core.environment:checking '/home/iosnaaente/Desktop/path_planning/install/robot_visualizer/bin'
[3.356s] Level 1:colcon.colcon_core.environment:checking '/home/iosnaaente/Desktop/path_planning/install/robot_visualizer/lib/pkgconfig/robot_visualizer.pc'
[3.356s] Level 1:colcon.colcon_core.environment:checking '/home/iosnaaente/Desktop/path_planning/install/robot_visualizer/lib/python3.10/site-packages'
[3.357s] Level 1:colcon.colcon_core.shell:create_environment_hook('robot_visualizer', 'pythonpath')
[3.357s] INFO:colcon.colcon_core.shell:Creating environment hook '/home/iosnaaente/Desktop/path_planning/install/robot_visualizer/share/robot_visualizer/hook/pythonpath.ps1'
[3.357s] INFO:colcon.colcon_core.shell:Creating environment descriptor '/home/iosnaaente/Desktop/path_planning/install/robot_visualizer/share/robot_visualizer/hook/pythonpath.dsv'
[3.358s] INFO:colcon.colcon_core.shell:Creating environment hook '/home/iosnaaente/Desktop/path_planning/install/robot_visualizer/share/robot_visualizer/hook/pythonpath.sh'
[3.359s] Level 1:colcon.colcon_core.environment:checking '/home/iosnaaente/Desktop/path_planning/install/robot_visualizer/bin'
[3.359s] Level 1:colcon.colcon_core.environment:create_environment_scripts_only(robot_visualizer)
[3.359s] INFO:colcon.colcon_core.shell:Creating package script '/home/iosnaaente/Desktop/path_planning/install/robot_visualizer/share/robot_visualizer/package.ps1'
[3.360s] INFO:colcon.colcon_core.shell:Creating package descriptor '/home/iosnaaente/Desktop/path_planning/install/robot_visualizer/share/robot_visualizer/package.dsv'
[3.361s] INFO:colcon.colcon_core.shell:Creating package script '/home/iosnaaente/Desktop/path_planning/install/robot_visualizer/share/robot_visualizer/package.sh'
[3.362s] INFO:colcon.colcon_core.shell:Creating package script '/home/iosnaaente/Desktop/path_planning/install/robot_visualizer/share/robot_visualizer/package.bash'
[3.363s] INFO:colcon.colcon_core.shell:Creating package script '/home/iosnaaente/Desktop/path_planning/install/robot_visualizer/share/robot_visualizer/package.zsh'
[3.363s] Level 1:colcon.colcon_core.environment:create_file_with_runtime_dependencies(/home/iosnaaente/Desktop/path_planning/install/robot_visualizer/share/colcon-core/packages/robot_visualizer)
[3.364s] DEBUG:colcon.colcon_parallel_executor.executor.parallel:closing loop
[3.364s] DEBUG:colcon.colcon_parallel_executor.executor.parallel:loop closed
[3.364s] DEBUG:colcon.colcon_parallel_executor.executor.parallel:run_until_complete finished with '0'
[3.364s] DEBUG:colcon.colcon_core.event_reactor:joining thread
[3.483s] INFO:colcon.colcon_core.plugin_system:Skipping extension 'colcon_notification.desktop_notification.notify_send': Could not find 'notify-send'
[3.483s] INFO:colcon.colcon_core.plugin_system:Skipping extension 'colcon_notification.desktop_notification.terminal_notifier': Not used on non-Darwin systems
[3.483s] INFO:colcon.colcon_core.plugin_system:Skipping extension 'colcon_notification.desktop_notification.win32': Not used on non-Windows systems
[3.483s] INFO:colcon.colcon_notification.desktop_notification:Sending desktop notification using 'notify2'
[3.483s] DEBUG:colcon.colcon_notification.desktop_notification.notify2:Failed to initialize notify2: org.freedesktop.DBus.Error.FileNotFound: Failed to connect to socket /run/user/1000/bus: No such file or directory
[3.483s] DEBUG:colcon.colcon_core.event_reactor:joined thread
[3.484s] INFO:colcon.colcon_core.shell:Creating prefix script '/home/iosnaaente/Desktop/path_planning/install/local_setup.ps1'
[3.485s] INFO:colcon.colcon_core.shell:Creating prefix util module '/home/iosnaaente/Desktop/path_planning/install/_local_setup_util_ps1.py'
[3.486s] INFO:colcon.colcon_core.shell:Creating prefix chain script '/home/iosnaaente/Desktop/path_planning/install/setup.ps1'
[3.488s] INFO:colcon.colcon_core.shell:Creating prefix script '/home/iosnaaente/Desktop/path_planning/install/local_setup.sh'
[3.489s] INFO:colcon.colcon_core.shell:Creating prefix util module '/home/iosnaaente/Desktop/path_planning/install/_local_setup_util_sh.py'
[3.489s] INFO:colcon.colcon_core.shell:Creating prefix chain script '/home/iosnaaente/Desktop/path_planning/install/setup.sh'
[3.491s] INFO:colcon.colcon_core.shell:Creating prefix script '/home/iosnaaente/Desktop/path_planning/install/local_setup.bash'
[3.491s] INFO:colcon.colcon_core.shell:Creating prefix chain script '/home/iosnaaente/Desktop/path_planning/install/setup.bash'
[3.493s] INFO:colcon.colcon_core.shell:Creating prefix script '/home/iosnaaente/Desktop/path_planning/install/local_setup.zsh'
[3.493s] INFO:colcon.colcon_core.shell:Creating prefix chain script '/home/iosnaaente/Desktop/path_planning/install/setup.zsh'
