[1.653s] Invoking command in '/home/iosnaaente/Desktop/path_planning/src/robot_visualizer': CMAKE_PREFIX_PATH=/home/iosnaaente/Desktop/path_planning/install/custom_messages:/home/iosnaaente/Desktop/path_planning/install/robot_planner:/home/iosnaaente/Desktop/path_planning/install/robot_kinematic PYTHONPATH=/home/iosnaaente/Desktop/path_planning/build/robot_visualizer/prefix_override:/home/iosnaaente/.local/lib/python3.10/site-packages/colcon_core/task/python/colcon_distutils_commands:/home/iosnaaente/Desktop/path_planning/install/robot_visualizer/lib/python3.10/site-packages:${PYTHONPATH} /usr/bin/python3 -W ignore:setup.py install is deprecated -W ignore:easy_install command is deprecated setup.py egg_info --egg-base ../../build/robot_visualizer build --build-base /home/iosnaaente/Desktop/path_planning/build/robot_visualizer/build install --record /home/iosnaaente/Desktop/path_planning/build/robot_visualizer/install.log --single-version-externally-managed install_data
[2.085s] running egg_info
[2.087s] writing ../../build/robot_visualizer/robot_visualizer.egg-info/PKG-INFO
[2.087s] writing dependency_links to ../../build/robot_visualizer/robot_visualizer.egg-info/dependency_links.txt
[2.087s] writing entry points to ../../build/robot_visualizer/robot_visualizer.egg-info/entry_points.txt
[2.087s] writing requirements to ../../build/robot_visualizer/robot_visualizer.egg-info/requires.txt
[2.087s] writing top-level names to ../../build/robot_visualizer/robot_visualizer.egg-info/top_level.txt
[2.090s] reading manifest file '../../build/robot_visualizer/robot_visualizer.egg-info/SOURCES.txt'
[2.091s] writing manifest file '../../build/robot_visualizer/robot_visualizer.egg-info/SOURCES.txt'
[2.092s] running build
[2.092s] running build_py
[2.092s] running install
[2.092s] running install_lib
[2.094s] running install_data
[2.095s] running install_egg_info
[2.101s] removing '/home/iosnaaente/Desktop/path_planning/install/robot_visualizer/lib/python3.10/site-packages/robot_visualizer-0.0.0-py3.10.egg-info' (and everything under it)
[2.102s] Copying ../../build/robot_visualizer/robot_visualizer.egg-info to /home/iosnaaente/Desktop/path_planning/install/robot_visualizer/lib/python3.10/site-packages/robot_visualizer-0.0.0-py3.10.egg-info
[2.103s] running install_scripts
[2.136s] Installing robot_visualizer script to /home/iosnaaente/Desktop/path_planning/install/robot_visualizer/lib/robot_visualizer
[2.136s] writing list of installed files to '/home/iosnaaente/Desktop/path_planning/build/robot_visualizer/install.log'
[2.181s] Invoked command in '/home/iosnaaente/Desktop/path_planning/src/robot_visualizer' returned '0': CMAKE_PREFIX_PATH=/home/iosnaaente/Desktop/path_planning/install/custom_messages:/home/iosnaaente/Desktop/path_planning/install/robot_planner:/home/iosnaaente/Desktop/path_planning/install/robot_kinematic PYTHONPATH=/home/iosnaaente/Desktop/path_planning/build/robot_visualizer/prefix_override:/home/iosnaaente/.local/lib/python3.10/site-packages/colcon_core/task/python/colcon_distutils_commands:/home/iosnaaente/Desktop/path_planning/install/robot_visualizer/lib/python3.10/site-packages:${PYTHONPATH} /usr/bin/python3 -W ignore:setup.py install is deprecated -W ignore:easy_install command is deprecated setup.py egg_info --egg-base ../../build/robot_visualizer build --build-base /home/iosnaaente/Desktop/path_planning/build/robot_visualizer/build install --record /home/iosnaaente/Desktop/path_planning/build/robot_visualizer/install.log --single-version-externally-managed install_data
