[0.168s] Invoking command in '/home/iosnaaente/Desktop/path_planning/build/robot_planner': CMAKE_PREFIX_PATH=/home/iosnaaente/Desktop/path_planning/install/custom_messages:/home/iosnaaente/Desktop/path_planning/install/robot_planner:/home/iosnaaente/Desktop/path_planning/install/robot_kinematic:/home/iosnaaente/Desktop/path_planning/install/robot_launcher:/home/iosnaaente/Desktop/path_planning/install/robot_visualizer:/home/iosnaaente/Desktop/path_planning/install/robot_launch:/opt/ros/humble /usr/bin/cmake --build /home/iosnaaente/Desktop/path_planning/build/robot_planner -- -j8 -l8
[0.211s] -- Found ament_cmake: 1.3.11 (/opt/ros/humble/share/ament_cmake/cmake)
[0.483s] -- Found rclcpp: 16.0.12 (/opt/ros/humble/share/rclcpp/cmake)
[0.842s] -- Found rosidl_generator_c: 3.1.6 (/opt/ros/humble/share/rosidl_generator_c/cmake)
[0.850s] -- Found rosidl_adapter: 3.1.6 (/opt/ros/humble/share/rosidl_adapter/cmake)
[0.861s] -- Found rosidl_generator_cpp: 3.1.6 (/opt/ros/humble/share/rosidl_generator_cpp/cmake)
[0.880s] -- Using all available rosidl_typesupport_c: rosidl_typesupport_fastrtps_c;rosidl_typesupport_introspection_c
[0.908s] -- Using all available rosidl_typesupport_cpp: rosidl_typesupport_fastrtps_cpp;rosidl_typesupport_introspection_cpp
[0.971s] -- Found rmw_implementation_cmake: 6.1.2 (/opt/ros/humble/share/rmw_implementation_cmake/cmake)
[0.973s] -- Found rmw_fastrtps_cpp: 6.2.7 (/opt/ros/humble/share/rmw_fastrtps_cpp/cmake)
[9.494s] -- Using RMW implementation 'rmw_fastrtps_cpp' as default
[9.539s] -- Found nav_msgs: 4.8.0 (/opt/ros/humble/share/nav_msgs/cmake)
[9.566s] -- Found custom_messages: 0.0.0 (/home/iosnaaente/Desktop/path_planning/install/custom_messages/share/custom_messages/cmake)
[9.579s] -- Found ament_lint_auto: 0.12.12 (/opt/ros/humble/share/ament_lint_auto/cmake)
[9.683s] -- Added test 'cppcheck' to perform static code analysis on C / C++ code
[9.683s] -- Configured cppcheck include dirs: 
[9.683s] -- Configured cppcheck exclude dirs and/or files: 
[9.684s] -- Added test 'lint_cmake' to check CMake code style
[9.685s] -- Added test 'uncrustify' to check C / C++ code style
[9.685s] -- Configured uncrustify additional arguments: 
[9.685s] -- Added test 'xmllint' to check XML markup files
[9.686s] -- Configuring done
[9.701s] -- Generating done
[9.705s] -- Build files have been written to: /home/iosnaaente/Desktop/path_planning/build/robot_planner
[9.733s] [35m[1mConsolidate compiler generated dependencies of target robot_planner[0m
[9.751s] [ 50%] [32m[1mLinking CXX executable robot_planner[0m
[10.129s] [100%] Built target robot_planner
[10.141s] Invoked command in '/home/iosnaaente/Desktop/path_planning/build/robot_planner' returned '0': CMAKE_PREFIX_PATH=/home/iosnaaente/Desktop/path_planning/install/custom_messages:/home/iosnaaente/Desktop/path_planning/install/robot_planner:/home/iosnaaente/Desktop/path_planning/install/robot_kinematic:/home/iosnaaente/Desktop/path_planning/install/robot_launcher:/home/iosnaaente/Desktop/path_planning/install/robot_visualizer:/home/iosnaaente/Desktop/path_planning/install/robot_launch:/opt/ros/humble /usr/bin/cmake --build /home/iosnaaente/Desktop/path_planning/build/robot_planner -- -j8 -l8
[10.145s] Invoking command in '/home/iosnaaente/Desktop/path_planning/build/robot_planner': CMAKE_PREFIX_PATH=/home/iosnaaente/Desktop/path_planning/install/custom_messages:/home/iosnaaente/Desktop/path_planning/install/robot_planner:/home/iosnaaente/Desktop/path_planning/install/robot_kinematic:/home/iosnaaente/Desktop/path_planning/install/robot_launcher:/home/iosnaaente/Desktop/path_planning/install/robot_visualizer:/home/iosnaaente/Desktop/path_planning/install/robot_launch:/opt/ros/humble /usr/bin/cmake --install /home/iosnaaente/Desktop/path_planning/build/robot_planner
[10.153s] -- Install configuration: ""
[10.154s] -- Installing: /home/iosnaaente/Desktop/path_planning/install/robot_planner/lib/robot_planner/robot_planner
[10.157s] -- Set runtime path of "/home/iosnaaente/Desktop/path_planning/install/robot_planner/lib/robot_planner/robot_planner" to ""
[10.157s] -- Up-to-date: /home/iosnaaente/Desktop/path_planning/install/robot_planner/share/ament_index/resource_index/package_run_dependencies/robot_planner
[10.158s] -- Up-to-date: /home/iosnaaente/Desktop/path_planning/install/robot_planner/share/ament_index/resource_index/parent_prefix_path/robot_planner
[10.158s] -- Up-to-date: /home/iosnaaente/Desktop/path_planning/install/robot_planner/share/robot_planner/environment/ament_prefix_path.sh
[10.159s] -- Installing: /home/iosnaaente/Desktop/path_planning/install/robot_planner/share/robot_planner/environment/ament_prefix_path.dsv
[10.159s] -- Up-to-date: /home/iosnaaente/Desktop/path_planning/install/robot_planner/share/robot_planner/environment/path.sh
[10.159s] -- Installing: /home/iosnaaente/Desktop/path_planning/install/robot_planner/share/robot_planner/environment/path.dsv
[10.159s] -- Up-to-date: /home/iosnaaente/Desktop/path_planning/install/robot_planner/share/robot_planner/local_setup.bash
[10.159s] -- Up-to-date: /home/iosnaaente/Desktop/path_planning/install/robot_planner/share/robot_planner/local_setup.sh
[10.160s] -- Up-to-date: /home/iosnaaente/Desktop/path_planning/install/robot_planner/share/robot_planner/local_setup.zsh
[10.160s] -- Installing: /home/iosnaaente/Desktop/path_planning/install/robot_planner/share/robot_planner/local_setup.dsv
[10.160s] -- Installing: /home/iosnaaente/Desktop/path_planning/install/robot_planner/share/robot_planner/package.dsv
[10.160s] -- Up-to-date: /home/iosnaaente/Desktop/path_planning/install/robot_planner/share/ament_index/resource_index/packages/robot_planner
[10.160s] -- Up-to-date: /home/iosnaaente/Desktop/path_planning/install/robot_planner/share/robot_planner/cmake/robot_plannerConfig.cmake
[10.160s] -- Up-to-date: /home/iosnaaente/Desktop/path_planning/install/robot_planner/share/robot_planner/cmake/robot_plannerConfig-version.cmake
[10.160s] -- Up-to-date: /home/iosnaaente/Desktop/path_planning/install/robot_planner/share/robot_planner/package.xml
[10.162s] Invoked command in '/home/iosnaaente/Desktop/path_planning/build/robot_planner' returned '0': CMAKE_PREFIX_PATH=/home/iosnaaente/Desktop/path_planning/install/custom_messages:/home/iosnaaente/Desktop/path_planning/install/robot_planner:/home/iosnaaente/Desktop/path_planning/install/robot_kinematic:/home/iosnaaente/Desktop/path_planning/install/robot_launcher:/home/iosnaaente/Desktop/path_planning/install/robot_visualizer:/home/iosnaaente/Desktop/path_planning/install/robot_launch:/opt/ros/humble /usr/bin/cmake --install /home/iosnaaente/Desktop/path_planning/build/robot_planner
