[0.163s] Invoking command in '/home/iosnaaente/Desktop/path_planning/build/robot_kinematic': CMAKE_PREFIX_PATH=/home/iosnaaente/Desktop/path_planning/install/custom_messages:/home/iosnaaente/Desktop/path_planning/install/robot_planner:/home/iosnaaente/Desktop/path_planning/install/robot_kinematic:/home/iosnaaente/Desktop/path_planning/install/robot_launcher:/home/iosnaaente/Desktop/path_planning/install/robot_visualizer:/home/iosnaaente/Desktop/path_planning/install/robot_launch:/opt/ros/humble /usr/bin/cmake --build /home/iosnaaente/Desktop/path_planning/build/robot_kinematic -- -j8 -l8
[0.268s] [100%] Built target robot_kinematic
[0.701s] Invoked command in '/home/iosnaaente/Desktop/path_planning/build/robot_kinematic' returned '0': CMAKE_PREFIX_PATH=/home/iosnaaente/Desktop/path_planning/install/custom_messages:/home/iosnaaente/Desktop/path_planning/install/robot_planner:/home/iosnaaente/Desktop/path_planning/install/robot_kinematic:/home/iosnaaente/Desktop/path_planning/install/robot_launcher:/home/iosnaaente/Desktop/path_planning/install/robot_visualizer:/home/iosnaaente/Desktop/path_planning/install/robot_launch:/opt/ros/humble /usr/bin/cmake --build /home/iosnaaente/Desktop/path_planning/build/robot_kinematic -- -j8 -l8
[0.703s] Invoking command in '/home/iosnaaente/Desktop/path_planning/build/robot_kinematic': CMAKE_PREFIX_PATH=/home/iosnaaente/Desktop/path_planning/install/custom_messages:/home/iosnaaente/Desktop/path_planning/install/robot_planner:/home/iosnaaente/Desktop/path_planning/install/robot_kinematic:/home/iosnaaente/Desktop/path_planning/install/robot_launcher:/home/iosnaaente/Desktop/path_planning/install/robot_visualizer:/home/iosnaaente/Desktop/path_planning/install/robot_launch:/opt/ros/humble /usr/bin/cmake --install /home/iosnaaente/Desktop/path_planning/build/robot_kinematic
[0.719s] -- Install configuration: ""
[0.720s] -- Up-to-date: /home/iosnaaente/Desktop/path_planning/install/robot_kinematic/lib/robot_kinematic/robot_kinematic
[0.721s] -- Up-to-date: /home/iosnaaente/Desktop/path_planning/install/robot_kinematic/share/ament_index/resource_index/package_run_dependencies/robot_kinematic
[0.722s] -- Up-to-date: /home/iosnaaente/Desktop/path_planning/install/robot_kinematic/share/ament_index/resource_index/parent_prefix_path/robot_kinematic
[0.724s] -- Up-to-date: /home/iosnaaente/Desktop/path_planning/install/robot_kinematic/share/robot_kinematic/environment/ament_prefix_path.sh
[0.725s] -- Up-to-date: /home/iosnaaente/Desktop/path_planning/install/robot_kinematic/share/robot_kinematic/environment/ament_prefix_path.dsv
[0.725s] -- Up-to-date: /home/iosnaaente/Desktop/path_planning/install/robot_kinematic/share/robot_kinematic/environment/path.sh
[0.725s] -- Up-to-date: /home/iosnaaente/Desktop/path_planning/install/robot_kinematic/share/robot_kinematic/environment/path.dsv
[0.726s] -- Up-to-date: /home/iosnaaente/Desktop/path_planning/install/robot_kinematic/share/robot_kinematic/local_setup.bash
[0.726s] -- Up-to-date: /home/iosnaaente/Desktop/path_planning/install/robot_kinematic/share/robot_kinematic/local_setup.sh
[0.727s] -- Up-to-date: /home/iosnaaente/Desktop/path_planning/install/robot_kinematic/share/robot_kinematic/local_setup.zsh
[0.728s] -- Up-to-date: /home/iosnaaente/Desktop/path_planning/install/robot_kinematic/share/robot_kinematic/local_setup.dsv
[0.728s] -- Installing: /home/iosnaaente/Desktop/path_planning/install/robot_kinematic/share/robot_kinematic/package.dsv
[0.729s] -- Up-to-date: /home/iosnaaente/Desktop/path_planning/install/robot_kinematic/share/ament_index/resource_index/packages/robot_kinematic
[0.729s] -- Up-to-date: /home/iosnaaente/Desktop/path_planning/install/robot_kinematic/share/robot_kinematic/cmake/robot_kinematicConfig.cmake
[0.730s] -- Up-to-date: /home/iosnaaente/Desktop/path_planning/install/robot_kinematic/share/robot_kinematic/cmake/robot_kinematicConfig-version.cmake
[0.731s] -- Up-to-date: /home/iosnaaente/Desktop/path_planning/install/robot_kinematic/share/robot_kinematic/package.xml
[0.735s] Invoked command in '/home/iosnaaente/Desktop/path_planning/build/robot_kinematic' returned '0': CMAKE_PREFIX_PATH=/home/iosnaaente/Desktop/path_planning/install/custom_messages:/home/iosnaaente/Desktop/path_planning/install/robot_planner:/home/iosnaaente/Desktop/path_planning/install/robot_kinematic:/home/iosnaaente/Desktop/path_planning/install/robot_launcher:/home/iosnaaente/Desktop/path_planning/install/robot_visualizer:/home/iosnaaente/Desktop/path_planning/install/robot_launch:/opt/ros/humble /usr/bin/cmake --install /home/iosnaaente/Desktop/path_planning/build/robot_kinematic
