[0.136s] Invoking command in '/home/iosnaaente/Desktop/path_planning/build/robot_planner': CMAKE_PREFIX_PATH=/home/iosnaaente/Desktop/path_planning/install/custom_messages:/home/iosnaaente/Desktop/path_planning/install/robot_planner:/home/iosnaaente/Desktop/path_planning/install/robot_kinematic:/home/iosnaaente/Desktop/path_planning/install/robot_launcher:/home/iosnaaente/Desktop/path_planning/install/robot_visualizer:/home/iosnaaente/Desktop/path_planning/install/robot_launch:/opt/ros/humble /usr/bin/cmake --build /home/iosnaaente/Desktop/path_planning/build/robot_planner -- -j8 -l8
[0.203s] [100%] Built target robot_planner
[0.553s] Invoked command in '/home/iosnaaente/Desktop/path_planning/build/robot_planner' returned '0': CMAKE_PREFIX_PATH=/home/iosnaaente/Desktop/path_planning/install/custom_messages:/home/iosnaaente/Desktop/path_planning/install/robot_planner:/home/iosnaaente/Desktop/path_planning/install/robot_kinematic:/home/iosnaaente/Desktop/path_planning/install/robot_launcher:/home/iosnaaente/Desktop/path_planning/install/robot_visualizer:/home/iosnaaente/Desktop/path_planning/install/robot_launch:/opt/ros/humble /usr/bin/cmake --build /home/iosnaaente/Desktop/path_planning/build/robot_planner -- -j8 -l8
[0.556s] Invoking command in '/home/iosnaaente/Desktop/path_planning/build/robot_planner': CMAKE_PREFIX_PATH=/home/iosnaaente/Desktop/path_planning/install/custom_messages:/home/iosnaaente/Desktop/path_planning/install/robot_planner:/home/iosnaaente/Desktop/path_planning/install/robot_kinematic:/home/iosnaaente/Desktop/path_planning/install/robot_launcher:/home/iosnaaente/Desktop/path_planning/install/robot_visualizer:/home/iosnaaente/Desktop/path_planning/install/robot_launch:/opt/ros/humble /usr/bin/cmake --install /home/iosnaaente/Desktop/path_planning/build/robot_planner
[0.574s] -- Install configuration: ""
[0.574s] -- Up-to-date: /home/iosnaaente/Desktop/path_planning/install/robot_planner/share/ament_index/resource_index/package_run_dependencies/robot_planner
[0.574s] -- Up-to-date: /home/iosnaaente/Desktop/path_planning/install/robot_planner/share/ament_index/resource_index/parent_prefix_path/robot_planner
[0.575s] -- Up-to-date: /home/iosnaaente/Desktop/path_planning/install/robot_planner/share/robot_planner/environment/ament_prefix_path.sh
[0.575s] -- Up-to-date: /home/iosnaaente/Desktop/path_planning/install/robot_planner/share/robot_planner/environment/ament_prefix_path.dsv
[0.576s] -- Up-to-date: /home/iosnaaente/Desktop/path_planning/install/robot_planner/share/robot_planner/environment/path.sh
[0.577s] -- Up-to-date: /home/iosnaaente/Desktop/path_planning/install/robot_planner/share/robot_planner/environment/path.dsv
[0.578s] -- Up-to-date: /home/iosnaaente/Desktop/path_planning/install/robot_planner/share/robot_planner/local_setup.bash
[0.579s] -- Up-to-date: /home/iosnaaente/Desktop/path_planning/install/robot_planner/share/robot_planner/local_setup.sh
[0.580s] -- Up-to-date: /home/iosnaaente/Desktop/path_planning/install/robot_planner/share/robot_planner/local_setup.zsh
[0.580s] -- Up-to-date: /home/iosnaaente/Desktop/path_planning/install/robot_planner/share/robot_planner/local_setup.dsv
[0.584s] -- Installing: /home/iosnaaente/Desktop/path_planning/install/robot_planner/share/robot_planner/package.dsv
[0.584s] -- Up-to-date: /home/iosnaaente/Desktop/path_planning/install/robot_planner/share/ament_index/resource_index/packages/robot_planner
[0.584s] -- Up-to-date: /home/iosnaaente/Desktop/path_planning/install/robot_planner/share/robot_planner/cmake/robot_plannerConfig.cmake
[0.584s] -- Up-to-date: /home/iosnaaente/Desktop/path_planning/install/robot_planner/share/robot_planner/cmake/robot_plannerConfig-version.cmake
[0.584s] -- Up-to-date: /home/iosnaaente/Desktop/path_planning/install/robot_planner/share/robot_planner/package.xml
[0.585s] Invoked command in '/home/iosnaaente/Desktop/path_planning/build/robot_planner' returned '0': CMAKE_PREFIX_PATH=/home/iosnaaente/Desktop/path_planning/install/custom_messages:/home/iosnaaente/Desktop/path_planning/install/robot_planner:/home/iosnaaente/Desktop/path_planning/install/robot_kinematic:/home/iosnaaente/Desktop/path_planning/install/robot_launcher:/home/iosnaaente/Desktop/path_planning/install/robot_visualizer:/home/iosnaaente/Desktop/path_planning/install/robot_launch:/opt/ros/humble /usr/bin/cmake --install /home/iosnaaente/Desktop/path_planning/build/robot_planner
