[0.023s] Invoking command in '/home/iosnaaente/Desktop/path_planning/build/custom_messages': CMAKE_PREFIX_PATH=${CMAKE_PREFIX_PATH}:/home/iosnaaente/Desktop/path_planning/install/robot_launcher:/home/iosnaaente/Desktop/path_planning/install/robot_visualizer:/home/iosnaaente/Desktop/path_planning/install/robot_launch:/opt/ros/humble /usr/bin/cmake --build /home/iosnaaente/Desktop/path_planning/build/custom_messages -- -j8 -l8
[0.090s] [  2%] Built target custom_messages__cpp
[0.091s] [ 12%] Built target custom_messages__rosidl_generator_c
[0.105s] [ 12%] Built target ament_cmake_python_copy_custom_messages
[0.135s] [ 23%] Built target custom_messages__rosidl_typesupport_cpp
[0.141s] [ 34%] Built target custom_messages__rosidl_typesupport_fastrtps_cpp
[0.148s] [ 44%] Built target custom_messages__rosidl_typesupport_introspection_cpp
[0.158s] [ 55%] Built target custom_messages__rosidl_typesupport_introspection_c
[0.166s] [ 65%] Built target custom_messages__rosidl_typesupport_fastrtps_c
[0.169s] [ 76%] Built target custom_messages__rosidl_typesupport_c
[0.194s] [ 76%] Built target custom_messages
[0.217s] [ 78%] Built target custom_messages__py
[0.250s] [ 87%] Built target custom_messages__rosidl_generator_py
[0.282s] [ 95%] Built target custom_messages__rosidl_typesupport_fastrtps_c__pyext
[0.282s] [ 95%] Built target custom_messages__rosidl_typesupport_c__pyext
[0.285s] [100%] Built target custom_messages__rosidl_typesupport_introspection_c__pyext
[0.509s] running egg_info
[0.510s] writing custom_messages.egg-info/PKG-INFO
[0.511s] writing dependency_links to custom_messages.egg-info/dependency_links.txt
[0.511s] writing top-level names to custom_messages.egg-info/top_level.txt
[0.516s] reading manifest file 'custom_messages.egg-info/SOURCES.txt'
[0.517s] writing manifest file 'custom_messages.egg-info/SOURCES.txt'
[0.559s] [100%] Built target ament_cmake_python_build_custom_messages_egg
[0.574s] Invoked command in '/home/iosnaaente/Desktop/path_planning/build/custom_messages' returned '0': CMAKE_PREFIX_PATH=${CMAKE_PREFIX_PATH}:/home/iosnaaente/Desktop/path_planning/install/robot_launcher:/home/iosnaaente/Desktop/path_planning/install/robot_visualizer:/home/iosnaaente/Desktop/path_planning/install/robot_launch:/opt/ros/humble /usr/bin/cmake --build /home/iosnaaente/Desktop/path_planning/build/custom_messages -- -j8 -l8
[0.586s] Invoking command in '/home/iosnaaente/Desktop/path_planning/build/custom_messages': CMAKE_PREFIX_PATH=${CMAKE_PREFIX_PATH}:/home/iosnaaente/Desktop/path_planning/install/robot_launcher:/home/iosnaaente/Desktop/path_planning/install/robot_visualizer:/home/iosnaaente/Desktop/path_planning/install/robot_launch:/opt/ros/humble /usr/bin/cmake --install /home/iosnaaente/Desktop/path_planning/build/custom_messages
[0.596s] -- Install configuration: ""
[0.597s] -- Up-to-date: /home/iosnaaente/Desktop/path_planning/install/custom_messages/share/ament_index/resource_index/rosidl_interfaces/custom_messages
[0.597s] -- Up-to-date: /home/iosnaaente/Desktop/path_planning/install/custom_messages/include/custom_messages/custom_messages
[0.597s] -- Up-to-date: /home/iosnaaente/Desktop/path_planning/install/custom_messages/include/custom_messages/custom_messages/msg
[0.597s] -- Up-to-date: /home/iosnaaente/Desktop/path_planning/install/custom_messages/include/custom_messages/custom_messages/msg/detail
[0.597s] -- Up-to-date: /home/iosnaaente/Desktop/path_planning/install/custom_messages/include/custom_messages/custom_messages/msg/detail/obstacles__functions.c
[0.597s] -- Up-to-date: /home/iosnaaente/Desktop/path_planning/install/custom_messages/include/custom_messages/custom_messages/msg/detail/target__functions.c
[0.598s] -- Up-to-date: /home/iosnaaente/Desktop/path_planning/install/custom_messages/include/custom_messages/custom_messages/msg/detail/target__type_support.h
[0.598s] -- Up-to-date: /home/iosnaaente/Desktop/path_planning/install/custom_messages/include/custom_messages/custom_messages/msg/detail/target__functions.h
[0.598s] -- Up-to-date: /home/iosnaaente/Desktop/path_planning/install/custom_messages/include/custom_messages/custom_messages/msg/detail/robot__type_support.h
[0.598s] -- Up-to-date: /home/iosnaaente/Desktop/path_planning/install/custom_messages/include/custom_messages/custom_messages/msg/detail/obstacles__struct.h
[0.598s] -- Up-to-date: /home/iosnaaente/Desktop/path_planning/install/custom_messages/include/custom_messages/custom_messages/msg/detail/obstacles__functions.h
[0.599s] -- Up-to-date: /home/iosnaaente/Desktop/path_planning/install/custom_messages/include/custom_messages/custom_messages/msg/detail/robot__struct.h
[0.599s] -- Up-to-date: /home/iosnaaente/Desktop/path_planning/install/custom_messages/include/custom_messages/custom_messages/msg/detail/robot__functions.h
[0.599s] -- Up-to-date: /home/iosnaaente/Desktop/path_planning/install/custom_messages/include/custom_messages/custom_messages/msg/detail/robot__functions.c
[0.599s] -- Up-to-date: /home/iosnaaente/Desktop/path_planning/install/custom_messages/include/custom_messages/custom_messages/msg/detail/target__struct.h
[0.600s] -- Up-to-date: /home/iosnaaente/Desktop/path_planning/install/custom_messages/include/custom_messages/custom_messages/msg/detail/obstacles__type_support.h
[0.600s] -- Up-to-date: /home/iosnaaente/Desktop/path_planning/install/custom_messages/include/custom_messages/custom_messages/msg/robot.h
[0.600s] -- Up-to-date: /home/iosnaaente/Desktop/path_planning/install/custom_messages/include/custom_messages/custom_messages/msg/obstacles.h
[0.601s] -- Up-to-date: /home/iosnaaente/Desktop/path_planning/install/custom_messages/include/custom_messages/custom_messages/msg/rosidl_generator_c__visibility_control.h
[0.601s] -- Up-to-date: /home/iosnaaente/Desktop/path_planning/install/custom_messages/include/custom_messages/custom_messages/msg/target.h
[0.601s] -- Up-to-date: /home/iosnaaente/Desktop/path_planning/install/custom_messages/share/custom_messages/environment/library_path.sh
[0.602s] -- Up-to-date: /home/iosnaaente/Desktop/path_planning/install/custom_messages/share/custom_messages/environment/library_path.dsv
[0.602s] -- Up-to-date: /home/iosnaaente/Desktop/path_planning/install/custom_messages/lib/libcustom_messages__rosidl_generator_c.so
[0.602s] -- Up-to-date: /home/iosnaaente/Desktop/path_planning/install/custom_messages/include/custom_messages/custom_messages
[0.602s] -- Up-to-date: /home/iosnaaente/Desktop/path_planning/install/custom_messages/include/custom_messages/custom_messages/msg
[0.602s] -- Up-to-date: /home/iosnaaente/Desktop/path_planning/install/custom_messages/include/custom_messages/custom_messages/msg/detail
[0.603s] -- Up-to-date: /home/iosnaaente/Desktop/path_planning/install/custom_messages/include/custom_messages/custom_messages/msg/detail/target__rosidl_typesupport_fastrtps_c.h
[0.603s] -- Up-to-date: /home/iosnaaente/Desktop/path_planning/install/custom_messages/include/custom_messages/custom_messages/msg/detail/robot__rosidl_typesupport_fastrtps_c.h
[0.603s] -- Up-to-date: /home/iosnaaente/Desktop/path_planning/install/custom_messages/include/custom_messages/custom_messages/msg/detail/obstacles__rosidl_typesupport_fastrtps_c.h
[0.603s] -- Up-to-date: /home/iosnaaente/Desktop/path_planning/install/custom_messages/include/custom_messages/custom_messages/msg/rosidl_typesupport_fastrtps_c__visibility_control.h
[0.603s] -- Up-to-date: /home/iosnaaente/Desktop/path_planning/install/custom_messages/lib/libcustom_messages__rosidl_typesupport_fastrtps_c.so
[0.604s] -- Up-to-date: /home/iosnaaente/Desktop/path_planning/install/custom_messages/include/custom_messages/custom_messages
[0.604s] -- Up-to-date: /home/iosnaaente/Desktop/path_planning/install/custom_messages/include/custom_messages/custom_messages/msg
[0.604s] -- Up-to-date: /home/iosnaaente/Desktop/path_planning/install/custom_messages/include/custom_messages/custom_messages/msg/obstacles.hpp
[0.604s] -- Up-to-date: /home/iosnaaente/Desktop/path_planning/install/custom_messages/include/custom_messages/custom_messages/msg/detail
[0.605s] -- Up-to-date: /home/iosnaaente/Desktop/path_planning/install/custom_messages/include/custom_messages/custom_messages/msg/detail/obstacles__builder.hpp
[0.605s] -- Up-to-date: /home/iosnaaente/Desktop/path_planning/install/custom_messages/include/custom_messages/custom_messages/msg/detail/obstacles__traits.hpp
[0.605s] -- Up-to-date: /home/iosnaaente/Desktop/path_planning/install/custom_messages/include/custom_messages/custom_messages/msg/detail/target__type_support.hpp
[0.605s] -- Up-to-date: /home/iosnaaente/Desktop/path_planning/install/custom_messages/include/custom_messages/custom_messages/msg/detail/obstacles__type_support.hpp
[0.606s] -- Up-to-date: /home/iosnaaente/Desktop/path_planning/install/custom_messages/include/custom_messages/custom_messages/msg/detail/target__struct.hpp
[0.606s] -- Up-to-date: /home/iosnaaente/Desktop/path_planning/install/custom_messages/include/custom_messages/custom_messages/msg/detail/robot__type_support.hpp
[0.606s] -- Up-to-date: /home/iosnaaente/Desktop/path_planning/install/custom_messages/include/custom_messages/custom_messages/msg/detail/target__builder.hpp
[0.607s] -- Up-to-date: /home/iosnaaente/Desktop/path_planning/install/custom_messages/include/custom_messages/custom_messages/msg/detail/obstacles__struct.hpp
[0.607s] -- Up-to-date: /home/iosnaaente/Desktop/path_planning/install/custom_messages/include/custom_messages/custom_messages/msg/detail/robot__builder.hpp
[0.607s] -- Up-to-date: /home/iosnaaente/Desktop/path_planning/install/custom_messages/include/custom_messages/custom_messages/msg/detail/target__traits.hpp
[0.607s] -- Up-to-date: /home/iosnaaente/Desktop/path_planning/install/custom_messages/include/custom_messages/custom_messages/msg/detail/robot__traits.hpp
[0.608s] -- Up-to-date: /home/iosnaaente/Desktop/path_planning/install/custom_messages/include/custom_messages/custom_messages/msg/detail/robot__struct.hpp
[0.608s] -- Up-to-date: /home/iosnaaente/Desktop/path_planning/install/custom_messages/include/custom_messages/custom_messages/msg/target.hpp
[0.608s] -- Up-to-date: /home/iosnaaente/Desktop/path_planning/install/custom_messages/include/custom_messages/custom_messages/msg/robot.hpp
[0.608s] -- Up-to-date: /home/iosnaaente/Desktop/path_planning/install/custom_messages/include/custom_messages/custom_messages/msg/rosidl_generator_cpp__visibility_control.hpp
[0.608s] -- Up-to-date: /home/iosnaaente/Desktop/path_planning/install/custom_messages/include/custom_messages/custom_messages
[0.608s] -- Up-to-date: /home/iosnaaente/Desktop/path_planning/install/custom_messages/include/custom_messages/custom_messages/msg
[0.608s] -- Up-to-date: /home/iosnaaente/Desktop/path_planning/install/custom_messages/include/custom_messages/custom_messages/msg/rosidl_typesupport_fastrtps_cpp__visibility_control.h
[0.608s] -- Up-to-date: /home/iosnaaente/Desktop/path_planning/install/custom_messages/include/custom_messages/custom_messages/msg/detail
[0.608s] -- Up-to-date: /home/iosnaaente/Desktop/path_planning/install/custom_messages/include/custom_messages/custom_messages/msg/detail/dds_fastrtps
[0.609s] -- Up-to-date: /home/iosnaaente/Desktop/path_planning/install/custom_messages/include/custom_messages/custom_messages/msg/detail/target__rosidl_typesupport_fastrtps_cpp.hpp
[0.609s] -- Up-to-date: /home/iosnaaente/Desktop/path_planning/install/custom_messages/include/custom_messages/custom_messages/msg/detail/obstacles__rosidl_typesupport_fastrtps_cpp.hpp
[0.609s] -- Up-to-date: /home/iosnaaente/Desktop/path_planning/install/custom_messages/include/custom_messages/custom_messages/msg/detail/robot__rosidl_typesupport_fastrtps_cpp.hpp
[0.609s] -- Up-to-date: /home/iosnaaente/Desktop/path_planning/install/custom_messages/lib/libcustom_messages__rosidl_typesupport_fastrtps_cpp.so
[0.609s] -- Up-to-date: /home/iosnaaente/Desktop/path_planning/install/custom_messages/include/custom_messages/custom_messages
[0.610s] -- Up-to-date: /home/iosnaaente/Desktop/path_planning/install/custom_messages/include/custom_messages/custom_messages/msg
[0.610s] -- Up-to-date: /home/iosnaaente/Desktop/path_planning/install/custom_messages/include/custom_messages/custom_messages/msg/detail
[0.610s] -- Up-to-date: /home/iosnaaente/Desktop/path_planning/install/custom_messages/include/custom_messages/custom_messages/msg/detail/robot__rosidl_typesupport_introspection_c.h
[0.611s] -- Up-to-date: /home/iosnaaente/Desktop/path_planning/install/custom_messages/include/custom_messages/custom_messages/msg/detail/target__type_support.c
[0.611s] -- Up-to-date: /home/iosnaaente/Desktop/path_planning/install/custom_messages/include/custom_messages/custom_messages/msg/detail/obstacles__rosidl_typesupport_introspection_c.h
[0.611s] -- Up-to-date: /home/iosnaaente/Desktop/path_planning/install/custom_messages/include/custom_messages/custom_messages/msg/detail/target__rosidl_typesupport_introspection_c.h
[0.611s] -- Up-to-date: /home/iosnaaente/Desktop/path_planning/install/custom_messages/include/custom_messages/custom_messages/msg/detail/robot__type_support.c
[0.611s] -- Up-to-date: /home/iosnaaente/Desktop/path_planning/install/custom_messages/include/custom_messages/custom_messages/msg/detail/obstacles__type_support.c
[0.611s] -- Up-to-date: /home/iosnaaente/Desktop/path_planning/install/custom_messages/include/custom_messages/custom_messages/msg/rosidl_typesupport_introspection_c__visibility_control.h
[0.611s] -- Up-to-date: /home/iosnaaente/Desktop/path_planning/install/custom_messages/lib/libcustom_messages__rosidl_typesupport_introspection_c.so
[0.612s] -- Up-to-date: /home/iosnaaente/Desktop/path_planning/install/custom_messages/lib/libcustom_messages__rosidl_typesupport_c.so
[0.612s] -- Up-to-date: /home/iosnaaente/Desktop/path_planning/install/custom_messages/include/custom_messages/custom_messages
[0.612s] -- Up-to-date: /home/iosnaaente/Desktop/path_planning/install/custom_messages/include/custom_messages/custom_messages/msg
[0.612s] -- Up-to-date: /home/iosnaaente/Desktop/path_planning/install/custom_messages/include/custom_messages/custom_messages/msg/detail
[0.612s] -- Up-to-date: /home/iosnaaente/Desktop/path_planning/install/custom_messages/include/custom_messages/custom_messages/msg/detail/robot__type_support.cpp
[0.612s] -- Up-to-date: /home/iosnaaente/Desktop/path_planning/install/custom_messages/include/custom_messages/custom_messages/msg/detail/target__type_support.cpp
[0.612s] -- Up-to-date: /home/iosnaaente/Desktop/path_planning/install/custom_messages/include/custom_messages/custom_messages/msg/detail/obstacles__type_support.cpp
[0.612s] -- Up-to-date: /home/iosnaaente/Desktop/path_planning/install/custom_messages/include/custom_messages/custom_messages/msg/detail/robot__rosidl_typesupport_introspection_cpp.hpp
[0.612s] -- Up-to-date: /home/iosnaaente/Desktop/path_planning/install/custom_messages/include/custom_messages/custom_messages/msg/detail/obstacles__rosidl_typesupport_introspection_cpp.hpp
[0.612s] -- Up-to-date: /home/iosnaaente/Desktop/path_planning/install/custom_messages/include/custom_messages/custom_messages/msg/detail/target__rosidl_typesupport_introspection_cpp.hpp
[0.613s] -- Up-to-date: /home/iosnaaente/Desktop/path_planning/install/custom_messages/lib/libcustom_messages__rosidl_typesupport_introspection_cpp.so
[0.613s] -- Up-to-date: /home/iosnaaente/Desktop/path_planning/install/custom_messages/lib/libcustom_messages__rosidl_typesupport_cpp.so
[0.613s] -- Up-to-date: /home/iosnaaente/Desktop/path_planning/install/custom_messages/share/custom_messages/environment/pythonpath.sh
[0.613s] -- Up-to-date: /home/iosnaaente/Desktop/path_planning/install/custom_messages/share/custom_messages/environment/pythonpath.dsv
[0.613s] -- Up-to-date: /home/iosnaaente/Desktop/path_planning/install/custom_messages/local/lib/python3.10/dist-packages/custom_messages-0.0.0-py3.10.egg-info
[0.614s] -- Installing: /home/iosnaaente/Desktop/path_planning/install/custom_messages/local/lib/python3.10/dist-packages/custom_messages-0.0.0-py3.10.egg-info/dependency_links.txt
[0.614s] -- Installing: /home/iosnaaente/Desktop/path_planning/install/custom_messages/local/lib/python3.10/dist-packages/custom_messages-0.0.0-py3.10.egg-info/SOURCES.txt
[0.614s] -- Installing: /home/iosnaaente/Desktop/path_planning/install/custom_messages/local/lib/python3.10/dist-packages/custom_messages-0.0.0-py3.10.egg-info/PKG-INFO
[0.614s] -- Installing: /home/iosnaaente/Desktop/path_planning/install/custom_messages/local/lib/python3.10/dist-packages/custom_messages-0.0.0-py3.10.egg-info/top_level.txt
[0.614s] -- Up-to-date: /home/iosnaaente/Desktop/path_planning/install/custom_messages/local/lib/python3.10/dist-packages/custom_messages
[0.615s] -- Up-to-date: /home/iosnaaente/Desktop/path_planning/install/custom_messages/local/lib/python3.10/dist-packages/custom_messages/libcustom_messages__rosidl_generator_py.so
[0.615s] -- Up-to-date: /home/iosnaaente/Desktop/path_planning/install/custom_messages/local/lib/python3.10/dist-packages/custom_messages/_custom_messages_s.ep.rosidl_typesupport_introspection_c.c
[0.615s] -- Up-to-date: /home/iosnaaente/Desktop/path_planning/install/custom_messages/local/lib/python3.10/dist-packages/custom_messages/msg
[0.615s] -- Up-to-date: /home/iosnaaente/Desktop/path_planning/install/custom_messages/local/lib/python3.10/dist-packages/custom_messages/msg/_target.py
[0.615s] -- Up-to-date: /home/iosnaaente/Desktop/path_planning/install/custom_messages/local/lib/python3.10/dist-packages/custom_messages/msg/_robot.py
[0.615s] -- Up-to-date: /home/iosnaaente/Desktop/path_planning/install/custom_messages/local/lib/python3.10/dist-packages/custom_messages/msg/_target_s.c
[0.615s] -- Up-to-date: /home/iosnaaente/Desktop/path_planning/install/custom_messages/local/lib/python3.10/dist-packages/custom_messages/msg/_obstacles.py
[0.615s] -- Up-to-date: /home/iosnaaente/Desktop/path_planning/install/custom_messages/local/lib/python3.10/dist-packages/custom_messages/msg/_robot_s.c
[0.615s] -- Up-to-date: /home/iosnaaente/Desktop/path_planning/install/custom_messages/local/lib/python3.10/dist-packages/custom_messages/msg/_obstacles_s.c
[0.615s] -- Up-to-date: /home/iosnaaente/Desktop/path_planning/install/custom_messages/local/lib/python3.10/dist-packages/custom_messages/msg/__init__.py
[0.616s] -- Up-to-date: /home/iosnaaente/Desktop/path_planning/install/custom_messages/local/lib/python3.10/dist-packages/custom_messages/_custom_messages_s.ep.rosidl_typesupport_fastrtps_c.c
[0.616s] -- Up-to-date: /home/iosnaaente/Desktop/path_planning/install/custom_messages/local/lib/python3.10/dist-packages/custom_messages/custom_messages_s__rosidl_typesupport_fastrtps_c.cpython-310-x86_64-linux-gnu.so
[0.616s] -- Up-to-date: /home/iosnaaente/Desktop/path_planning/install/custom_messages/local/lib/python3.10/dist-packages/custom_messages/_custom_messages_s.ep.rosidl_typesupport_c.c
[0.616s] -- Up-to-date: /home/iosnaaente/Desktop/path_planning/install/custom_messages/local/lib/python3.10/dist-packages/custom_messages/custom_messages_s__rosidl_typesupport_c.cpython-310-x86_64-linux-gnu.so
[0.616s] -- Up-to-date: /home/iosnaaente/Desktop/path_planning/install/custom_messages/local/lib/python3.10/dist-packages/custom_messages/custom_messages_s__rosidl_typesupport_introspection_c.cpython-310-x86_64-linux-gnu.so
[0.616s] -- Up-to-date: /home/iosnaaente/Desktop/path_planning/install/custom_messages/local/lib/python3.10/dist-packages/custom_messages/__init__.py
[0.663s] Listing '/home/iosnaaente/Desktop/path_planning/install/custom_messages/local/lib/python3.10/dist-packages/custom_messages'...
[0.663s] Listing '/home/iosnaaente/Desktop/path_planning/install/custom_messages/local/lib/python3.10/dist-packages/custom_messages/msg'...
[0.673s] -- Up-to-date: /home/iosnaaente/Desktop/path_planning/install/custom_messages/local/lib/python3.10/dist-packages/custom_messages/custom_messages_s__rosidl_typesupport_fastrtps_c.cpython-310-x86_64-linux-gnu.so
[0.673s] -- Up-to-date: /home/iosnaaente/Desktop/path_planning/install/custom_messages/local/lib/python3.10/dist-packages/custom_messages/custom_messages_s__rosidl_typesupport_introspection_c.cpython-310-x86_64-linux-gnu.so
[0.674s] -- Up-to-date: /home/iosnaaente/Desktop/path_planning/install/custom_messages/local/lib/python3.10/dist-packages/custom_messages/custom_messages_s__rosidl_typesupport_c.cpython-310-x86_64-linux-gnu.so
[0.674s] -- Up-to-date: /home/iosnaaente/Desktop/path_planning/install/custom_messages/lib/libcustom_messages__rosidl_generator_py.so
[0.674s] -- Up-to-date: /home/iosnaaente/Desktop/path_planning/install/custom_messages/share/custom_messages/msg/Obstacles.idl
[0.675s] -- Up-to-date: /home/iosnaaente/Desktop/path_planning/install/custom_messages/share/custom_messages/msg/Robot.idl
[0.675s] -- Up-to-date: /home/iosnaaente/Desktop/path_planning/install/custom_messages/share/custom_messages/msg/Target.idl
[0.675s] -- Up-to-date: /home/iosnaaente/Desktop/path_planning/install/custom_messages/share/custom_messages/msg/Obstacles.msg
[0.675s] -- Up-to-date: /home/iosnaaente/Desktop/path_planning/install/custom_messages/share/custom_messages/msg/Robot.msg
[0.676s] -- Up-to-date: /home/iosnaaente/Desktop/path_planning/install/custom_messages/share/custom_messages/msg/Target.msg
[0.676s] -- Up-to-date: /home/iosnaaente/Desktop/path_planning/install/custom_messages/share/ament_index/resource_index/package_run_dependencies/custom_messages
[0.676s] -- Up-to-date: /home/iosnaaente/Desktop/path_planning/install/custom_messages/share/ament_index/resource_index/parent_prefix_path/custom_messages
[0.677s] -- Up-to-date: /home/iosnaaente/Desktop/path_planning/install/custom_messages/share/custom_messages/environment/ament_prefix_path.sh
[0.677s] -- Up-to-date: /home/iosnaaente/Desktop/path_planning/install/custom_messages/share/custom_messages/environment/ament_prefix_path.dsv
[0.678s] -- Up-to-date: /home/iosnaaente/Desktop/path_planning/install/custom_messages/share/custom_messages/environment/path.sh
[0.678s] -- Up-to-date: /home/iosnaaente/Desktop/path_planning/install/custom_messages/share/custom_messages/environment/path.dsv
[0.678s] -- Up-to-date: /home/iosnaaente/Desktop/path_planning/install/custom_messages/share/custom_messages/local_setup.bash
[0.679s] -- Up-to-date: /home/iosnaaente/Desktop/path_planning/install/custom_messages/share/custom_messages/local_setup.sh
[0.679s] -- Up-to-date: /home/iosnaaente/Desktop/path_planning/install/custom_messages/share/custom_messages/local_setup.zsh
[0.679s] -- Up-to-date: /home/iosnaaente/Desktop/path_planning/install/custom_messages/share/custom_messages/local_setup.dsv
[0.680s] -- Installing: /home/iosnaaente/Desktop/path_planning/install/custom_messages/share/custom_messages/package.dsv
[0.680s] -- Up-to-date: /home/iosnaaente/Desktop/path_planning/install/custom_messages/share/ament_index/resource_index/packages/custom_messages
[0.681s] -- Up-to-date: /home/iosnaaente/Desktop/path_planning/install/custom_messages/share/custom_messages/cmake/export_custom_messages__rosidl_generator_cExport.cmake
[0.681s] -- Up-to-date: /home/iosnaaente/Desktop/path_planning/install/custom_messages/share/custom_messages/cmake/export_custom_messages__rosidl_generator_cExport-noconfig.cmake
[0.681s] -- Up-to-date: /home/iosnaaente/Desktop/path_planning/install/custom_messages/share/custom_messages/cmake/export_custom_messages__rosidl_typesupport_fastrtps_cExport.cmake
[0.682s] -- Up-to-date: /home/iosnaaente/Desktop/path_planning/install/custom_messages/share/custom_messages/cmake/export_custom_messages__rosidl_typesupport_fastrtps_cExport-noconfig.cmake
[0.682s] -- Up-to-date: /home/iosnaaente/Desktop/path_planning/install/custom_messages/share/custom_messages/cmake/export_custom_messages__rosidl_generator_cppExport.cmake
[0.682s] -- Up-to-date: /home/iosnaaente/Desktop/path_planning/install/custom_messages/share/custom_messages/cmake/export_custom_messages__rosidl_typesupport_fastrtps_cppExport.cmake
[0.682s] -- Up-to-date: /home/iosnaaente/Desktop/path_planning/install/custom_messages/share/custom_messages/cmake/export_custom_messages__rosidl_typesupport_fastrtps_cppExport-noconfig.cmake
[0.682s] -- Up-to-date: /home/iosnaaente/Desktop/path_planning/install/custom_messages/share/custom_messages/cmake/custom_messages__rosidl_typesupport_introspection_cExport.cmake
[0.682s] -- Up-to-date: /home/iosnaaente/Desktop/path_planning/install/custom_messages/share/custom_messages/cmake/custom_messages__rosidl_typesupport_introspection_cExport-noconfig.cmake
[0.682s] -- Up-to-date: /home/iosnaaente/Desktop/path_planning/install/custom_messages/share/custom_messages/cmake/custom_messages__rosidl_typesupport_cExport.cmake
[0.682s] -- Up-to-date: /home/iosnaaente/Desktop/path_planning/install/custom_messages/share/custom_messages/cmake/custom_messages__rosidl_typesupport_cExport-noconfig.cmake
[0.682s] -- Up-to-date: /home/iosnaaente/Desktop/path_planning/install/custom_messages/share/custom_messages/cmake/custom_messages__rosidl_typesupport_introspection_cppExport.cmake
[0.683s] -- Up-to-date: /home/iosnaaente/Desktop/path_planning/install/custom_messages/share/custom_messages/cmake/custom_messages__rosidl_typesupport_introspection_cppExport-noconfig.cmake
[0.683s] -- Up-to-date: /home/iosnaaente/Desktop/path_planning/install/custom_messages/share/custom_messages/cmake/custom_messages__rosidl_typesupport_cppExport.cmake
[0.683s] -- Up-to-date: /home/iosnaaente/Desktop/path_planning/install/custom_messages/share/custom_messages/cmake/custom_messages__rosidl_typesupport_cppExport-noconfig.cmake
[0.683s] -- Up-to-date: /home/iosnaaente/Desktop/path_planning/install/custom_messages/share/custom_messages/cmake/export_custom_messages__rosidl_generator_pyExport.cmake
[0.683s] -- Up-to-date: /home/iosnaaente/Desktop/path_planning/install/custom_messages/share/custom_messages/cmake/export_custom_messages__rosidl_generator_pyExport-noconfig.cmake
[0.683s] -- Up-to-date: /home/iosnaaente/Desktop/path_planning/install/custom_messages/share/custom_messages/cmake/rosidl_cmake-extras.cmake
[0.683s] -- Up-to-date: /home/iosnaaente/Desktop/path_planning/install/custom_messages/share/custom_messages/cmake/ament_cmake_export_dependencies-extras.cmake
[0.683s] -- Up-to-date: /home/iosnaaente/Desktop/path_planning/install/custom_messages/share/custom_messages/cmake/ament_cmake_export_include_directories-extras.cmake
[0.683s] -- Up-to-date: /home/iosnaaente/Desktop/path_planning/install/custom_messages/share/custom_messages/cmake/ament_cmake_export_libraries-extras.cmake
[0.683s] -- Up-to-date: /home/iosnaaente/Desktop/path_planning/install/custom_messages/share/custom_messages/cmake/ament_cmake_export_targets-extras.cmake
[0.683s] -- Up-to-date: /home/iosnaaente/Desktop/path_planning/install/custom_messages/share/custom_messages/cmake/rosidl_cmake_export_typesupport_targets-extras.cmake
[0.683s] -- Up-to-date: /home/iosnaaente/Desktop/path_planning/install/custom_messages/share/custom_messages/cmake/rosidl_cmake_export_typesupport_libraries-extras.cmake
[0.683s] -- Up-to-date: /home/iosnaaente/Desktop/path_planning/install/custom_messages/share/custom_messages/cmake/custom_messagesConfig.cmake
[0.683s] -- Up-to-date: /home/iosnaaente/Desktop/path_planning/install/custom_messages/share/custom_messages/cmake/custom_messagesConfig-version.cmake
[0.683s] -- Up-to-date: /home/iosnaaente/Desktop/path_planning/install/custom_messages/share/custom_messages/package.xml
[0.685s] Invoked command in '/home/iosnaaente/Desktop/path_planning/build/custom_messages' returned '0': CMAKE_PREFIX_PATH=${CMAKE_PREFIX_PATH}:/home/iosnaaente/Desktop/path_planning/install/robot_launcher:/home/iosnaaente/Desktop/path_planning/install/robot_visualizer:/home/iosnaaente/Desktop/path_planning/install/robot_launch:/opt/ros/humble /usr/bin/cmake --install /home/iosnaaente/Desktop/path_planning/build/custom_messages
