[0.016s] Invoking command in '/home/iosnaaente/Desktop/path_planning/build/custom_messages': CMAKE_PREFIX_PATH=${CMAKE_PREFIX_PATH}:/home/iosnaaente/Desktop/path_planning/install/robot_launcher:/home/iosnaaente/Desktop/path_planning/install/robot_visualizer:/home/iosnaaente/Desktop/path_planning/install/robot_launch:/opt/ros/humble /usr/bin/cmake --build /home/iosnaaente/Desktop/path_planning/build/custom_messages -- -j8 -l8
[0.082s] [  4%] Built target custom_messages__cpp
[0.082s] [ 12%] Built target custom_messages__rosidl_generator_c
[0.093s] [ 12%] Built target ament_cmake_python_copy_custom_messages
[0.114s] [ 23%] Built target custom_messages__rosidl_typesupport_c
[0.119s] [ 34%] Built target custom_messages__rosidl_typesupport_introspection_c
[0.124s] [ 44%] Built target custom_messages__rosidl_typesupport_cpp
[0.125s] [ 55%] Built target custom_messages__rosidl_typesupport_fastrtps_cpp
[0.130s] [ 65%] Built target custom_messages__rosidl_typesupport_introspection_cpp
[0.136s] [ 76%] Built target custom_messages__rosidl_typesupport_fastrtps_c
[0.161s] [ 76%] Built target custom_messages
[0.183s] [ 78%] Built target custom_messages__py
[0.205s] [ 87%] Built target custom_messages__rosidl_generator_py
[0.231s] [ 91%] Built target custom_messages__rosidl_typesupport_fastrtps_c__pyext
[0.232s] [ 95%] Built target custom_messages__rosidl_typesupport_introspection_c__pyext
[0.235s] [100%] Built target custom_messages__rosidl_typesupport_c__pyext
[0.501s] running egg_info
[0.503s] writing custom_messages.egg-info/PKG-INFO
[0.504s] writing dependency_links to custom_messages.egg-info/dependency_links.txt
[0.505s] writing top-level names to custom_messages.egg-info/top_level.txt
[0.513s] reading manifest file 'custom_messages.egg-info/SOURCES.txt'
[0.514s] writing manifest file 'custom_messages.egg-info/SOURCES.txt'
[0.567s] [100%] Built target ament_cmake_python_build_custom_messages_egg
[0.586s] Invoked command in '/home/iosnaaente/Desktop/path_planning/build/custom_messages' returned '0': CMAKE_PREFIX_PATH=${CMAKE_PREFIX_PATH}:/home/iosnaaente/Desktop/path_planning/install/robot_launcher:/home/iosnaaente/Desktop/path_planning/install/robot_visualizer:/home/iosnaaente/Desktop/path_planning/install/robot_launch:/opt/ros/humble /usr/bin/cmake --build /home/iosnaaente/Desktop/path_planning/build/custom_messages -- -j8 -l8
[0.601s] Invoking command in '/home/iosnaaente/Desktop/path_planning/build/custom_messages': CMAKE_PREFIX_PATH=${CMAKE_PREFIX_PATH}:/home/iosnaaente/Desktop/path_planning/install/robot_launcher:/home/iosnaaente/Desktop/path_planning/install/robot_visualizer:/home/iosnaaente/Desktop/path_planning/install/robot_launch:/opt/ros/humble /usr/bin/cmake --install /home/iosnaaente/Desktop/path_planning/build/custom_messages
[0.614s] -- Install configuration: ""
[0.614s] -- Up-to-date: /home/iosnaaente/Desktop/path_planning/install/custom_messages/share/ament_index/resource_index/rosidl_interfaces/custom_messages
[0.615s] -- Up-to-date: /home/iosnaaente/Desktop/path_planning/install/custom_messages/include/custom_messages/custom_messages
[0.615s] -- Up-to-date: /home/iosnaaente/Desktop/path_planning/install/custom_messages/include/custom_messages/custom_messages/msg
[0.615s] -- Up-to-date: /home/iosnaaente/Desktop/path_planning/install/custom_messages/include/custom_messages/custom_messages/msg/detail
[0.616s] -- Up-to-date: /home/iosnaaente/Desktop/path_planning/install/custom_messages/include/custom_messages/custom_messages/msg/detail/obstacles__functions.c
[0.616s] -- Up-to-date: /home/iosnaaente/Desktop/path_planning/install/custom_messages/include/custom_messages/custom_messages/msg/detail/target__functions.c
[0.616s] -- Up-to-date: /home/iosnaaente/Desktop/path_planning/install/custom_messages/include/custom_messages/custom_messages/msg/detail/target__type_support.h
[0.617s] -- Up-to-date: /home/iosnaaente/Desktop/path_planning/install/custom_messages/include/custom_messages/custom_messages/msg/detail/target__functions.h
[0.617s] -- Up-to-date: /home/iosnaaente/Desktop/path_planning/install/custom_messages/include/custom_messages/custom_messages/msg/detail/robot__type_support.h
[0.617s] -- Up-to-date: /home/iosnaaente/Desktop/path_planning/install/custom_messages/include/custom_messages/custom_messages/msg/detail/obstacles__struct.h
[0.618s] -- Up-to-date: /home/iosnaaente/Desktop/path_planning/install/custom_messages/include/custom_messages/custom_messages/msg/detail/obstacles__functions.h
[0.619s] -- Up-to-date: /home/iosnaaente/Desktop/path_planning/install/custom_messages/include/custom_messages/custom_messages/msg/detail/robot__struct.h
[0.619s] -- Up-to-date: /home/iosnaaente/Desktop/path_planning/install/custom_messages/include/custom_messages/custom_messages/msg/detail/robot__functions.h
[0.620s] -- Up-to-date: /home/iosnaaente/Desktop/path_planning/install/custom_messages/include/custom_messages/custom_messages/msg/detail/robot__functions.c
[0.621s] -- Up-to-date: /home/iosnaaente/Desktop/path_planning/install/custom_messages/include/custom_messages/custom_messages/msg/detail/target__struct.h
[0.621s] -- Up-to-date: /home/iosnaaente/Desktop/path_planning/install/custom_messages/include/custom_messages/custom_messages/msg/detail/obstacles__type_support.h
[0.621s] -- Up-to-date: /home/iosnaaente/Desktop/path_planning/install/custom_messages/include/custom_messages/custom_messages/msg/robot.h
[0.621s] -- Up-to-date: /home/iosnaaente/Desktop/path_planning/install/custom_messages/include/custom_messages/custom_messages/msg/obstacles.h
[0.622s] -- Up-to-date: /home/iosnaaente/Desktop/path_planning/install/custom_messages/include/custom_messages/custom_messages/msg/rosidl_generator_c__visibility_control.h
[0.622s] -- Up-to-date: /home/iosnaaente/Desktop/path_planning/install/custom_messages/include/custom_messages/custom_messages/msg/target.h
[0.623s] -- Up-to-date: /home/iosnaaente/Desktop/path_planning/install/custom_messages/share/custom_messages/environment/library_path.sh
[0.624s] -- Up-to-date: /home/iosnaaente/Desktop/path_planning/install/custom_messages/share/custom_messages/environment/library_path.dsv
[0.624s] -- Up-to-date: /home/iosnaaente/Desktop/path_planning/install/custom_messages/lib/libcustom_messages__rosidl_generator_c.so
[0.625s] -- Up-to-date: /home/iosnaaente/Desktop/path_planning/install/custom_messages/include/custom_messages/custom_messages
[0.626s] -- Up-to-date: /home/iosnaaente/Desktop/path_planning/install/custom_messages/include/custom_messages/custom_messages/msg
[0.626s] -- Up-to-date: /home/iosnaaente/Desktop/path_planning/install/custom_messages/include/custom_messages/custom_messages/msg/detail
[0.626s] -- Up-to-date: /home/iosnaaente/Desktop/path_planning/install/custom_messages/include/custom_messages/custom_messages/msg/detail/target__rosidl_typesupport_fastrtps_c.h
[0.626s] -- Up-to-date: /home/iosnaaente/Desktop/path_planning/install/custom_messages/include/custom_messages/custom_messages/msg/detail/robot__rosidl_typesupport_fastrtps_c.h
[0.627s] -- Up-to-date: /home/iosnaaente/Desktop/path_planning/install/custom_messages/include/custom_messages/custom_messages/msg/detail/obstacles__rosidl_typesupport_fastrtps_c.h
[0.627s] -- Up-to-date: /home/iosnaaente/Desktop/path_planning/install/custom_messages/include/custom_messages/custom_messages/msg/rosidl_typesupport_fastrtps_c__visibility_control.h
[0.627s] -- Up-to-date: /home/iosnaaente/Desktop/path_planning/install/custom_messages/lib/libcustom_messages__rosidl_typesupport_fastrtps_c.so
[0.628s] -- Up-to-date: /home/iosnaaente/Desktop/path_planning/install/custom_messages/include/custom_messages/custom_messages
[0.628s] -- Up-to-date: /home/iosnaaente/Desktop/path_planning/install/custom_messages/include/custom_messages/custom_messages/msg
[0.628s] -- Up-to-date: /home/iosnaaente/Desktop/path_planning/install/custom_messages/include/custom_messages/custom_messages/msg/obstacles.hpp
[0.628s] -- Up-to-date: /home/iosnaaente/Desktop/path_planning/install/custom_messages/include/custom_messages/custom_messages/msg/detail
[0.628s] -- Up-to-date: /home/iosnaaente/Desktop/path_planning/install/custom_messages/include/custom_messages/custom_messages/msg/detail/obstacles__builder.hpp
[0.629s] -- Up-to-date: /home/iosnaaente/Desktop/path_planning/install/custom_messages/include/custom_messages/custom_messages/msg/detail/obstacles__traits.hpp
[0.630s] -- Up-to-date: /home/iosnaaente/Desktop/path_planning/install/custom_messages/include/custom_messages/custom_messages/msg/detail/target__type_support.hpp
[0.630s] -- Up-to-date: /home/iosnaaente/Desktop/path_planning/install/custom_messages/include/custom_messages/custom_messages/msg/detail/obstacles__type_support.hpp
[0.630s] -- Up-to-date: /home/iosnaaente/Desktop/path_planning/install/custom_messages/include/custom_messages/custom_messages/msg/detail/target__struct.hpp
[0.630s] -- Up-to-date: /home/iosnaaente/Desktop/path_planning/install/custom_messages/include/custom_messages/custom_messages/msg/detail/robot__type_support.hpp
[0.631s] -- Up-to-date: /home/iosnaaente/Desktop/path_planning/install/custom_messages/include/custom_messages/custom_messages/msg/detail/target__builder.hpp
[0.631s] -- Up-to-date: /home/iosnaaente/Desktop/path_planning/install/custom_messages/include/custom_messages/custom_messages/msg/detail/obstacles__struct.hpp
[0.632s] -- Up-to-date: /home/iosnaaente/Desktop/path_planning/install/custom_messages/include/custom_messages/custom_messages/msg/detail/robot__builder.hpp
[0.632s] -- Up-to-date: /home/iosnaaente/Desktop/path_planning/install/custom_messages/include/custom_messages/custom_messages/msg/detail/target__traits.hpp
[0.632s] -- Up-to-date: /home/iosnaaente/Desktop/path_planning/install/custom_messages/include/custom_messages/custom_messages/msg/detail/robot__traits.hpp
[0.632s] -- Up-to-date: /home/iosnaaente/Desktop/path_planning/install/custom_messages/include/custom_messages/custom_messages/msg/detail/robot__struct.hpp
[0.633s] -- Up-to-date: /home/iosnaaente/Desktop/path_planning/install/custom_messages/include/custom_messages/custom_messages/msg/target.hpp
[0.633s] -- Up-to-date: /home/iosnaaente/Desktop/path_planning/install/custom_messages/include/custom_messages/custom_messages/msg/robot.hpp
[0.633s] -- Up-to-date: /home/iosnaaente/Desktop/path_planning/install/custom_messages/include/custom_messages/custom_messages/msg/rosidl_generator_cpp__visibility_control.hpp
[0.633s] -- Up-to-date: /home/iosnaaente/Desktop/path_planning/install/custom_messages/include/custom_messages/custom_messages
[0.633s] -- Up-to-date: /home/iosnaaente/Desktop/path_planning/install/custom_messages/include/custom_messages/custom_messages/msg
[0.633s] -- Up-to-date: /home/iosnaaente/Desktop/path_planning/install/custom_messages/include/custom_messages/custom_messages/msg/rosidl_typesupport_fastrtps_cpp__visibility_control.h
[0.633s] -- Up-to-date: /home/iosnaaente/Desktop/path_planning/install/custom_messages/include/custom_messages/custom_messages/msg/detail
[0.633s] -- Up-to-date: /home/iosnaaente/Desktop/path_planning/install/custom_messages/include/custom_messages/custom_messages/msg/detail/dds_fastrtps
[0.634s] -- Up-to-date: /home/iosnaaente/Desktop/path_planning/install/custom_messages/include/custom_messages/custom_messages/msg/detail/target__rosidl_typesupport_fastrtps_cpp.hpp
[0.634s] -- Up-to-date: /home/iosnaaente/Desktop/path_planning/install/custom_messages/include/custom_messages/custom_messages/msg/detail/obstacles__rosidl_typesupport_fastrtps_cpp.hpp
[0.634s] -- Up-to-date: /home/iosnaaente/Desktop/path_planning/install/custom_messages/include/custom_messages/custom_messages/msg/detail/robot__rosidl_typesupport_fastrtps_cpp.hpp
[0.634s] -- Up-to-date: /home/iosnaaente/Desktop/path_planning/install/custom_messages/lib/libcustom_messages__rosidl_typesupport_fastrtps_cpp.so
[0.634s] -- Up-to-date: /home/iosnaaente/Desktop/path_planning/install/custom_messages/include/custom_messages/custom_messages
[0.634s] -- Up-to-date: /home/iosnaaente/Desktop/path_planning/install/custom_messages/include/custom_messages/custom_messages/msg
[0.634s] -- Up-to-date: /home/iosnaaente/Desktop/path_planning/install/custom_messages/include/custom_messages/custom_messages/msg/detail
[0.634s] -- Up-to-date: /home/iosnaaente/Desktop/path_planning/install/custom_messages/include/custom_messages/custom_messages/msg/detail/robot__rosidl_typesupport_introspection_c.h
[0.634s] -- Up-to-date: /home/iosnaaente/Desktop/path_planning/install/custom_messages/include/custom_messages/custom_messages/msg/detail/target__type_support.c
[0.634s] -- Up-to-date: /home/iosnaaente/Desktop/path_planning/install/custom_messages/include/custom_messages/custom_messages/msg/detail/obstacles__rosidl_typesupport_introspection_c.h
[0.635s] -- Up-to-date: /home/iosnaaente/Desktop/path_planning/install/custom_messages/include/custom_messages/custom_messages/msg/detail/target__rosidl_typesupport_introspection_c.h
[0.635s] -- Up-to-date: /home/iosnaaente/Desktop/path_planning/install/custom_messages/include/custom_messages/custom_messages/msg/detail/robot__type_support.c
[0.635s] -- Up-to-date: /home/iosnaaente/Desktop/path_planning/install/custom_messages/include/custom_messages/custom_messages/msg/detail/obstacles__type_support.c
[0.635s] -- Up-to-date: /home/iosnaaente/Desktop/path_planning/install/custom_messages/include/custom_messages/custom_messages/msg/rosidl_typesupport_introspection_c__visibility_control.h
[0.635s] -- Up-to-date: /home/iosnaaente/Desktop/path_planning/install/custom_messages/lib/libcustom_messages__rosidl_typesupport_introspection_c.so
[0.635s] -- Up-to-date: /home/iosnaaente/Desktop/path_planning/install/custom_messages/lib/libcustom_messages__rosidl_typesupport_c.so
[0.636s] -- Up-to-date: /home/iosnaaente/Desktop/path_planning/install/custom_messages/include/custom_messages/custom_messages
[0.636s] -- Up-to-date: /home/iosnaaente/Desktop/path_planning/install/custom_messages/include/custom_messages/custom_messages/msg
[0.636s] -- Up-to-date: /home/iosnaaente/Desktop/path_planning/install/custom_messages/include/custom_messages/custom_messages/msg/detail
[0.636s] -- Up-to-date: /home/iosnaaente/Desktop/path_planning/install/custom_messages/include/custom_messages/custom_messages/msg/detail/robot__type_support.cpp
[0.636s] -- Up-to-date: /home/iosnaaente/Desktop/path_planning/install/custom_messages/include/custom_messages/custom_messages/msg/detail/target__type_support.cpp
[0.636s] -- Up-to-date: /home/iosnaaente/Desktop/path_planning/install/custom_messages/include/custom_messages/custom_messages/msg/detail/obstacles__type_support.cpp
[0.636s] -- Up-to-date: /home/iosnaaente/Desktop/path_planning/install/custom_messages/include/custom_messages/custom_messages/msg/detail/robot__rosidl_typesupport_introspection_cpp.hpp
[0.636s] -- Up-to-date: /home/iosnaaente/Desktop/path_planning/install/custom_messages/include/custom_messages/custom_messages/msg/detail/obstacles__rosidl_typesupport_introspection_cpp.hpp
[0.636s] -- Up-to-date: /home/iosnaaente/Desktop/path_planning/install/custom_messages/include/custom_messages/custom_messages/msg/detail/target__rosidl_typesupport_introspection_cpp.hpp
[0.636s] -- Up-to-date: /home/iosnaaente/Desktop/path_planning/install/custom_messages/lib/libcustom_messages__rosidl_typesupport_introspection_cpp.so
[0.637s] -- Up-to-date: /home/iosnaaente/Desktop/path_planning/install/custom_messages/lib/libcustom_messages__rosidl_typesupport_cpp.so
[0.637s] -- Up-to-date: /home/iosnaaente/Desktop/path_planning/install/custom_messages/share/custom_messages/environment/pythonpath.sh
[0.637s] -- Up-to-date: /home/iosnaaente/Desktop/path_planning/install/custom_messages/share/custom_messages/environment/pythonpath.dsv
[0.637s] -- Up-to-date: /home/iosnaaente/Desktop/path_planning/install/custom_messages/local/lib/python3.10/dist-packages/custom_messages-0.0.0-py3.10.egg-info
[0.637s] -- Installing: /home/iosnaaente/Desktop/path_planning/install/custom_messages/local/lib/python3.10/dist-packages/custom_messages-0.0.0-py3.10.egg-info/dependency_links.txt
[0.637s] -- Installing: /home/iosnaaente/Desktop/path_planning/install/custom_messages/local/lib/python3.10/dist-packages/custom_messages-0.0.0-py3.10.egg-info/SOURCES.txt
[0.637s] -- Installing: /home/iosnaaente/Desktop/path_planning/install/custom_messages/local/lib/python3.10/dist-packages/custom_messages-0.0.0-py3.10.egg-info/PKG-INFO
[0.637s] -- Installing: /home/iosnaaente/Desktop/path_planning/install/custom_messages/local/lib/python3.10/dist-packages/custom_messages-0.0.0-py3.10.egg-info/top_level.txt
[0.637s] -- Up-to-date: /home/iosnaaente/Desktop/path_planning/install/custom_messages/local/lib/python3.10/dist-packages/custom_messages
[0.637s] -- Up-to-date: /home/iosnaaente/Desktop/path_planning/install/custom_messages/local/lib/python3.10/dist-packages/custom_messages/libcustom_messages__rosidl_generator_py.so
[0.637s] -- Up-to-date: /home/iosnaaente/Desktop/path_planning/install/custom_messages/local/lib/python3.10/dist-packages/custom_messages/_custom_messages_s.ep.rosidl_typesupport_introspection_c.c
[0.637s] -- Up-to-date: /home/iosnaaente/Desktop/path_planning/install/custom_messages/local/lib/python3.10/dist-packages/custom_messages/msg
[0.638s] -- Up-to-date: /home/iosnaaente/Desktop/path_planning/install/custom_messages/local/lib/python3.10/dist-packages/custom_messages/msg/_target.py
[0.638s] -- Up-to-date: /home/iosnaaente/Desktop/path_planning/install/custom_messages/local/lib/python3.10/dist-packages/custom_messages/msg/_robot.py
[0.638s] -- Up-to-date: /home/iosnaaente/Desktop/path_planning/install/custom_messages/local/lib/python3.10/dist-packages/custom_messages/msg/_target_s.c
[0.638s] -- Up-to-date: /home/iosnaaente/Desktop/path_planning/install/custom_messages/local/lib/python3.10/dist-packages/custom_messages/msg/_obstacles.py
[0.638s] -- Up-to-date: /home/iosnaaente/Desktop/path_planning/install/custom_messages/local/lib/python3.10/dist-packages/custom_messages/msg/_robot_s.c
[0.638s] -- Up-to-date: /home/iosnaaente/Desktop/path_planning/install/custom_messages/local/lib/python3.10/dist-packages/custom_messages/msg/_obstacles_s.c
[0.638s] -- Up-to-date: /home/iosnaaente/Desktop/path_planning/install/custom_messages/local/lib/python3.10/dist-packages/custom_messages/msg/__init__.py
[0.638s] -- Up-to-date: /home/iosnaaente/Desktop/path_planning/install/custom_messages/local/lib/python3.10/dist-packages/custom_messages/_custom_messages_s.ep.rosidl_typesupport_fastrtps_c.c
[0.639s] -- Up-to-date: /home/iosnaaente/Desktop/path_planning/install/custom_messages/local/lib/python3.10/dist-packages/custom_messages/custom_messages_s__rosidl_typesupport_fastrtps_c.cpython-310-x86_64-linux-gnu.so
[0.639s] -- Up-to-date: /home/iosnaaente/Desktop/path_planning/install/custom_messages/local/lib/python3.10/dist-packages/custom_messages/_custom_messages_s.ep.rosidl_typesupport_c.c
[0.639s] -- Up-to-date: /home/iosnaaente/Desktop/path_planning/install/custom_messages/local/lib/python3.10/dist-packages/custom_messages/custom_messages_s__rosidl_typesupport_c.cpython-310-x86_64-linux-gnu.so
[0.639s] -- Up-to-date: /home/iosnaaente/Desktop/path_planning/install/custom_messages/local/lib/python3.10/dist-packages/custom_messages/custom_messages_s__rosidl_typesupport_introspection_c.cpython-310-x86_64-linux-gnu.so
[0.640s] -- Up-to-date: /home/iosnaaente/Desktop/path_planning/install/custom_messages/local/lib/python3.10/dist-packages/custom_messages/__init__.py
[0.692s] Listing '/home/iosnaaente/Desktop/path_planning/install/custom_messages/local/lib/python3.10/dist-packages/custom_messages'...
[0.692s] Listing '/home/iosnaaente/Desktop/path_planning/install/custom_messages/local/lib/python3.10/dist-packages/custom_messages/msg'...
[0.700s] -- Up-to-date: /home/iosnaaente/Desktop/path_planning/install/custom_messages/local/lib/python3.10/dist-packages/custom_messages/custom_messages_s__rosidl_typesupport_fastrtps_c.cpython-310-x86_64-linux-gnu.so
[0.700s] -- Up-to-date: /home/iosnaaente/Desktop/path_planning/install/custom_messages/local/lib/python3.10/dist-packages/custom_messages/custom_messages_s__rosidl_typesupport_introspection_c.cpython-310-x86_64-linux-gnu.so
[0.701s] -- Up-to-date: /home/iosnaaente/Desktop/path_planning/install/custom_messages/local/lib/python3.10/dist-packages/custom_messages/custom_messages_s__rosidl_typesupport_c.cpython-310-x86_64-linux-gnu.so
[0.702s] -- Up-to-date: /home/iosnaaente/Desktop/path_planning/install/custom_messages/lib/libcustom_messages__rosidl_generator_py.so
[0.703s] -- Up-to-date: /home/iosnaaente/Desktop/path_planning/install/custom_messages/share/custom_messages/msg/Obstacles.idl
[0.703s] -- Up-to-date: /home/iosnaaente/Desktop/path_planning/install/custom_messages/share/custom_messages/msg/Robot.idl
[0.704s] -- Up-to-date: /home/iosnaaente/Desktop/path_planning/install/custom_messages/share/custom_messages/msg/Target.idl
[0.704s] -- Up-to-date: /home/iosnaaente/Desktop/path_planning/install/custom_messages/share/custom_messages/msg/Obstacles.msg
[0.705s] -- Up-to-date: /home/iosnaaente/Desktop/path_planning/install/custom_messages/share/custom_messages/msg/Robot.msg
[0.705s] -- Up-to-date: /home/iosnaaente/Desktop/path_planning/install/custom_messages/share/custom_messages/msg/Target.msg
[0.706s] -- Up-to-date: /home/iosnaaente/Desktop/path_planning/install/custom_messages/share/ament_index/resource_index/package_run_dependencies/custom_messages
[0.706s] -- Up-to-date: /home/iosnaaente/Desktop/path_planning/install/custom_messages/share/ament_index/resource_index/parent_prefix_path/custom_messages
[0.706s] -- Up-to-date: /home/iosnaaente/Desktop/path_planning/install/custom_messages/share/custom_messages/environment/ament_prefix_path.sh
[0.707s] -- Up-to-date: /home/iosnaaente/Desktop/path_planning/install/custom_messages/share/custom_messages/environment/ament_prefix_path.dsv
[0.707s] -- Up-to-date: /home/iosnaaente/Desktop/path_planning/install/custom_messages/share/custom_messages/environment/path.sh
[0.708s] -- Up-to-date: /home/iosnaaente/Desktop/path_planning/install/custom_messages/share/custom_messages/environment/path.dsv
[0.708s] -- Up-to-date: /home/iosnaaente/Desktop/path_planning/install/custom_messages/share/custom_messages/local_setup.bash
[0.709s] -- Up-to-date: /home/iosnaaente/Desktop/path_planning/install/custom_messages/share/custom_messages/local_setup.sh
[0.709s] -- Up-to-date: /home/iosnaaente/Desktop/path_planning/install/custom_messages/share/custom_messages/local_setup.zsh
[0.709s] -- Up-to-date: /home/iosnaaente/Desktop/path_planning/install/custom_messages/share/custom_messages/local_setup.dsv
[0.709s] -- Installing: /home/iosnaaente/Desktop/path_planning/install/custom_messages/share/custom_messages/package.dsv
[0.709s] -- Up-to-date: /home/iosnaaente/Desktop/path_planning/install/custom_messages/share/ament_index/resource_index/packages/custom_messages
[0.710s] -- Up-to-date: /home/iosnaaente/Desktop/path_planning/install/custom_messages/share/custom_messages/cmake/export_custom_messages__rosidl_generator_cExport.cmake
[0.710s] -- Up-to-date: /home/iosnaaente/Desktop/path_planning/install/custom_messages/share/custom_messages/cmake/export_custom_messages__rosidl_generator_cExport-noconfig.cmake
[0.710s] -- Up-to-date: /home/iosnaaente/Desktop/path_planning/install/custom_messages/share/custom_messages/cmake/export_custom_messages__rosidl_typesupport_fastrtps_cExport.cmake
[0.710s] -- Up-to-date: /home/iosnaaente/Desktop/path_planning/install/custom_messages/share/custom_messages/cmake/export_custom_messages__rosidl_typesupport_fastrtps_cExport-noconfig.cmake
[0.711s] -- Up-to-date: /home/iosnaaente/Desktop/path_planning/install/custom_messages/share/custom_messages/cmake/export_custom_messages__rosidl_generator_cppExport.cmake
[0.711s] -- Up-to-date: /home/iosnaaente/Desktop/path_planning/install/custom_messages/share/custom_messages/cmake/export_custom_messages__rosidl_typesupport_fastrtps_cppExport.cmake
[0.711s] -- Up-to-date: /home/iosnaaente/Desktop/path_planning/install/custom_messages/share/custom_messages/cmake/export_custom_messages__rosidl_typesupport_fastrtps_cppExport-noconfig.cmake
[0.711s] -- Up-to-date: /home/iosnaaente/Desktop/path_planning/install/custom_messages/share/custom_messages/cmake/custom_messages__rosidl_typesupport_introspection_cExport.cmake
[0.712s] -- Up-to-date: /home/iosnaaente/Desktop/path_planning/install/custom_messages/share/custom_messages/cmake/custom_messages__rosidl_typesupport_introspection_cExport-noconfig.cmake
[0.712s] -- Up-to-date: /home/iosnaaente/Desktop/path_planning/install/custom_messages/share/custom_messages/cmake/custom_messages__rosidl_typesupport_cExport.cmake
[0.713s] -- Up-to-date: /home/iosnaaente/Desktop/path_planning/install/custom_messages/share/custom_messages/cmake/custom_messages__rosidl_typesupport_cExport-noconfig.cmake
[0.715s] -- Up-to-date: /home/iosnaaente/Desktop/path_planning/install/custom_messages/share/custom_messages/cmake/custom_messages__rosidl_typesupport_introspection_cppExport.cmake
[0.716s] -- Up-to-date: /home/iosnaaente/Desktop/path_planning/install/custom_messages/share/custom_messages/cmake/custom_messages__rosidl_typesupport_introspection_cppExport-noconfig.cmake
[0.718s] -- Up-to-date: /home/iosnaaente/Desktop/path_planning/install/custom_messages/share/custom_messages/cmake/custom_messages__rosidl_typesupport_cppExport.cmake
[0.719s] -- Up-to-date: /home/iosnaaente/Desktop/path_planning/install/custom_messages/share/custom_messages/cmake/custom_messages__rosidl_typesupport_cppExport-noconfig.cmake
[0.719s] -- Up-to-date: /home/iosnaaente/Desktop/path_planning/install/custom_messages/share/custom_messages/cmake/export_custom_messages__rosidl_generator_pyExport.cmake
[0.719s] -- Up-to-date: /home/iosnaaente/Desktop/path_planning/install/custom_messages/share/custom_messages/cmake/export_custom_messages__rosidl_generator_pyExport-noconfig.cmake
[0.720s] -- Up-to-date: /home/iosnaaente/Desktop/path_planning/install/custom_messages/share/custom_messages/cmake/rosidl_cmake-extras.cmake
[0.720s] -- Up-to-date: /home/iosnaaente/Desktop/path_planning/install/custom_messages/share/custom_messages/cmake/ament_cmake_export_dependencies-extras.cmake
[0.721s] -- Up-to-date: /home/iosnaaente/Desktop/path_planning/install/custom_messages/share/custom_messages/cmake/ament_cmake_export_include_directories-extras.cmake
[0.721s] -- Up-to-date: /home/iosnaaente/Desktop/path_planning/install/custom_messages/share/custom_messages/cmake/ament_cmake_export_libraries-extras.cmake
[0.721s] -- Up-to-date: /home/iosnaaente/Desktop/path_planning/install/custom_messages/share/custom_messages/cmake/ament_cmake_export_targets-extras.cmake
[0.722s] -- Up-to-date: /home/iosnaaente/Desktop/path_planning/install/custom_messages/share/custom_messages/cmake/rosidl_cmake_export_typesupport_targets-extras.cmake
[0.722s] -- Up-to-date: /home/iosnaaente/Desktop/path_planning/install/custom_messages/share/custom_messages/cmake/rosidl_cmake_export_typesupport_libraries-extras.cmake
[0.722s] -- Up-to-date: /home/iosnaaente/Desktop/path_planning/install/custom_messages/share/custom_messages/cmake/custom_messagesConfig.cmake
[0.722s] -- Up-to-date: /home/iosnaaente/Desktop/path_planning/install/custom_messages/share/custom_messages/cmake/custom_messagesConfig-version.cmake
[0.723s] -- Up-to-date: /home/iosnaaente/Desktop/path_planning/install/custom_messages/share/custom_messages/package.xml
[0.723s] Invoked command in '/home/iosnaaente/Desktop/path_planning/build/custom_messages' returned '0': CMAKE_PREFIX_PATH=${CMAKE_PREFIX_PATH}:/home/iosnaaente/Desktop/path_planning/install/robot_launcher:/home/iosnaaente/Desktop/path_planning/install/robot_visualizer:/home/iosnaaente/Desktop/path_planning/install/robot_launch:/opt/ros/humble /usr/bin/cmake --install /home/iosnaaente/Desktop/path_planning/build/custom_messages
