[0.021s] Invoking command in '/home/iosnaaente/Desktop/path_planning/build/custom_messages': CMAKE_PREFIX_PATH=${CMAKE_PREFIX_PATH}:/home/iosnaaente/Desktop/path_planning/install/robot_launcher:/home/iosnaaente/Desktop/path_planning/install/robot_visualizer:/home/iosnaaente/Desktop/path_planning/install/robot_launch:/opt/ros/humble /usr/bin/cmake --build /home/iosnaaente/Desktop/path_planning/build/custom_messages -- -j8 -l8
[0.084s] [  2%] Built target custom_messages__cpp
[0.087s] [ 12%] Built target custom_messages__rosidl_generator_c
[0.097s] [ 12%] Built target ament_cmake_python_copy_custom_messages
[0.128s] [ 23%] Built target custom_messages__rosidl_typesupport_introspection_c
[0.128s] [ 34%] Built target custom_messages__rosidl_typesupport_cpp
[0.137s] [ 44%] Built target custom_messages__rosidl_typesupport_c
[0.139s] [ 57%] Built target custom_messages__rosidl_typesupport_fastrtps_c
[0.140s] [ 65%] Built target custom_messages__rosidl_typesupport_fastrtps_cpp
[0.142s] [ 76%] Built target custom_messages__rosidl_typesupport_introspection_cpp
[0.167s] [ 76%] Built target custom_messages
[0.191s] [ 78%] Built target custom_messages__py
[0.214s] [ 87%] Built target custom_messages__rosidl_generator_py
[0.246s] [ 93%] Built target custom_messages__rosidl_typesupport_c__pyext
[0.246s] [ 95%] Built target custom_messages__rosidl_typesupport_fastrtps_c__pyext
[0.246s] [100%] Built target custom_messages__rosidl_typesupport_introspection_c__pyext
[0.443s] running egg_info
[0.444s] writing custom_messages.egg-info/PKG-INFO
[0.445s] writing dependency_links to custom_messages.egg-info/dependency_links.txt
[0.445s] writing top-level names to custom_messages.egg-info/top_level.txt
[0.448s] reading manifest file 'custom_messages.egg-info/SOURCES.txt'
[0.449s] writing manifest file 'custom_messages.egg-info/SOURCES.txt'
[0.483s] [100%] Built target ament_cmake_python_build_custom_messages_egg
[0.496s] Invoked command in '/home/iosnaaente/Desktop/path_planning/build/custom_messages' returned '0': CMAKE_PREFIX_PATH=${CMAKE_PREFIX_PATH}:/home/iosnaaente/Desktop/path_planning/install/robot_launcher:/home/iosnaaente/Desktop/path_planning/install/robot_visualizer:/home/iosnaaente/Desktop/path_planning/install/robot_launch:/opt/ros/humble /usr/bin/cmake --build /home/iosnaaente/Desktop/path_planning/build/custom_messages -- -j8 -l8
[0.507s] Invoking command in '/home/iosnaaente/Desktop/path_planning/build/custom_messages': CMAKE_PREFIX_PATH=${CMAKE_PREFIX_PATH}:/home/iosnaaente/Desktop/path_planning/install/robot_launcher:/home/iosnaaente/Desktop/path_planning/install/robot_visualizer:/home/iosnaaente/Desktop/path_planning/install/robot_launch:/opt/ros/humble /usr/bin/cmake --install /home/iosnaaente/Desktop/path_planning/build/custom_messages
[0.522s] -- Install configuration: ""
[0.523s] -- Up-to-date: /home/iosnaaente/Desktop/path_planning/install/custom_messages/share/ament_index/resource_index/rosidl_interfaces/custom_messages
[0.523s] -- Up-to-date: /home/iosnaaente/Desktop/path_planning/install/custom_messages/include/custom_messages/custom_messages
[0.523s] -- Up-to-date: /home/iosnaaente/Desktop/path_planning/install/custom_messages/include/custom_messages/custom_messages/msg
[0.524s] -- Up-to-date: /home/iosnaaente/Desktop/path_planning/install/custom_messages/include/custom_messages/custom_messages/msg/detail
[0.524s] -- Up-to-date: /home/iosnaaente/Desktop/path_planning/install/custom_messages/include/custom_messages/custom_messages/msg/detail/obstacles__functions.c
[0.524s] -- Up-to-date: /home/iosnaaente/Desktop/path_planning/install/custom_messages/include/custom_messages/custom_messages/msg/detail/target__functions.c
[0.525s] -- Up-to-date: /home/iosnaaente/Desktop/path_planning/install/custom_messages/include/custom_messages/custom_messages/msg/detail/target__type_support.h
[0.525s] -- Up-to-date: /home/iosnaaente/Desktop/path_planning/install/custom_messages/include/custom_messages/custom_messages/msg/detail/target__functions.h
[0.525s] -- Up-to-date: /home/iosnaaente/Desktop/path_planning/install/custom_messages/include/custom_messages/custom_messages/msg/detail/robot__type_support.h
[0.526s] -- Up-to-date: /home/iosnaaente/Desktop/path_planning/install/custom_messages/include/custom_messages/custom_messages/msg/detail/obstacles__struct.h
[0.526s] -- Up-to-date: /home/iosnaaente/Desktop/path_planning/install/custom_messages/include/custom_messages/custom_messages/msg/detail/obstacles__functions.h
[0.526s] -- Up-to-date: /home/iosnaaente/Desktop/path_planning/install/custom_messages/include/custom_messages/custom_messages/msg/detail/robot__struct.h
[0.527s] -- Up-to-date: /home/iosnaaente/Desktop/path_planning/install/custom_messages/include/custom_messages/custom_messages/msg/detail/robot__functions.h
[0.527s] -- Up-to-date: /home/iosnaaente/Desktop/path_planning/install/custom_messages/include/custom_messages/custom_messages/msg/detail/robot__functions.c
[0.528s] -- Up-to-date: /home/iosnaaente/Desktop/path_planning/install/custom_messages/include/custom_messages/custom_messages/msg/detail/target__struct.h
[0.529s] -- Up-to-date: /home/iosnaaente/Desktop/path_planning/install/custom_messages/include/custom_messages/custom_messages/msg/detail/obstacles__type_support.h
[0.529s] -- Up-to-date: /home/iosnaaente/Desktop/path_planning/install/custom_messages/include/custom_messages/custom_messages/msg/robot.h
[0.529s] -- Up-to-date: /home/iosnaaente/Desktop/path_planning/install/custom_messages/include/custom_messages/custom_messages/msg/obstacles.h
[0.529s] -- Up-to-date: /home/iosnaaente/Desktop/path_planning/install/custom_messages/include/custom_messages/custom_messages/msg/rosidl_generator_c__visibility_control.h
[0.530s] -- Up-to-date: /home/iosnaaente/Desktop/path_planning/install/custom_messages/include/custom_messages/custom_messages/msg/target.h
[0.530s] -- Up-to-date: /home/iosnaaente/Desktop/path_planning/install/custom_messages/share/custom_messages/environment/library_path.sh
[0.531s] -- Up-to-date: /home/iosnaaente/Desktop/path_planning/install/custom_messages/share/custom_messages/environment/library_path.dsv
[0.531s] -- Up-to-date: /home/iosnaaente/Desktop/path_planning/install/custom_messages/lib/libcustom_messages__rosidl_generator_c.so
[0.531s] -- Up-to-date: /home/iosnaaente/Desktop/path_planning/install/custom_messages/include/custom_messages/custom_messages
[0.531s] -- Up-to-date: /home/iosnaaente/Desktop/path_planning/install/custom_messages/include/custom_messages/custom_messages/msg
[0.532s] -- Up-to-date: /home/iosnaaente/Desktop/path_planning/install/custom_messages/include/custom_messages/custom_messages/msg/detail
[0.533s] -- Up-to-date: /home/iosnaaente/Desktop/path_planning/install/custom_messages/include/custom_messages/custom_messages/msg/detail/target__rosidl_typesupport_fastrtps_c.h
[0.533s] -- Up-to-date: /home/iosnaaente/Desktop/path_planning/install/custom_messages/include/custom_messages/custom_messages/msg/detail/robot__rosidl_typesupport_fastrtps_c.h
[0.533s] -- Up-to-date: /home/iosnaaente/Desktop/path_planning/install/custom_messages/include/custom_messages/custom_messages/msg/detail/obstacles__rosidl_typesupport_fastrtps_c.h
[0.534s] -- Up-to-date: /home/iosnaaente/Desktop/path_planning/install/custom_messages/include/custom_messages/custom_messages/msg/rosidl_typesupport_fastrtps_c__visibility_control.h
[0.534s] -- Up-to-date: /home/iosnaaente/Desktop/path_planning/install/custom_messages/lib/libcustom_messages__rosidl_typesupport_fastrtps_c.so
[0.534s] -- Up-to-date: /home/iosnaaente/Desktop/path_planning/install/custom_messages/include/custom_messages/custom_messages
[0.536s] -- Up-to-date: /home/iosnaaente/Desktop/path_planning/install/custom_messages/include/custom_messages/custom_messages/msg
[0.538s] -- Up-to-date: /home/iosnaaente/Desktop/path_planning/install/custom_messages/include/custom_messages/custom_messages/msg/obstacles.hpp
[0.538s] -- Up-to-date: /home/iosnaaente/Desktop/path_planning/install/custom_messages/include/custom_messages/custom_messages/msg/detail
[0.538s] -- Up-to-date: /home/iosnaaente/Desktop/path_planning/install/custom_messages/include/custom_messages/custom_messages/msg/detail/obstacles__builder.hpp
[0.539s] -- Up-to-date: /home/iosnaaente/Desktop/path_planning/install/custom_messages/include/custom_messages/custom_messages/msg/detail/obstacles__traits.hpp
[0.539s] -- Up-to-date: /home/iosnaaente/Desktop/path_planning/install/custom_messages/include/custom_messages/custom_messages/msg/detail/target__type_support.hpp
[0.539s] -- Up-to-date: /home/iosnaaente/Desktop/path_planning/install/custom_messages/include/custom_messages/custom_messages/msg/detail/obstacles__type_support.hpp
[0.539s] -- Up-to-date: /home/iosnaaente/Desktop/path_planning/install/custom_messages/include/custom_messages/custom_messages/msg/detail/target__struct.hpp
[0.539s] -- Up-to-date: /home/iosnaaente/Desktop/path_planning/install/custom_messages/include/custom_messages/custom_messages/msg/detail/robot__type_support.hpp
[0.539s] -- Up-to-date: /home/iosnaaente/Desktop/path_planning/install/custom_messages/include/custom_messages/custom_messages/msg/detail/target__builder.hpp
[0.539s] -- Up-to-date: /home/iosnaaente/Desktop/path_planning/install/custom_messages/include/custom_messages/custom_messages/msg/detail/obstacles__struct.hpp
[0.539s] -- Up-to-date: /home/iosnaaente/Desktop/path_planning/install/custom_messages/include/custom_messages/custom_messages/msg/detail/robot__builder.hpp
[0.539s] -- Up-to-date: /home/iosnaaente/Desktop/path_planning/install/custom_messages/include/custom_messages/custom_messages/msg/detail/target__traits.hpp
[0.539s] -- Up-to-date: /home/iosnaaente/Desktop/path_planning/install/custom_messages/include/custom_messages/custom_messages/msg/detail/robot__traits.hpp
[0.539s] -- Up-to-date: /home/iosnaaente/Desktop/path_planning/install/custom_messages/include/custom_messages/custom_messages/msg/detail/robot__struct.hpp
[0.540s] -- Up-to-date: /home/iosnaaente/Desktop/path_planning/install/custom_messages/include/custom_messages/custom_messages/msg/target.hpp
[0.540s] -- Up-to-date: /home/iosnaaente/Desktop/path_planning/install/custom_messages/include/custom_messages/custom_messages/msg/robot.hpp
[0.540s] -- Up-to-date: /home/iosnaaente/Desktop/path_planning/install/custom_messages/include/custom_messages/custom_messages/msg/rosidl_generator_cpp__visibility_control.hpp
[0.540s] -- Up-to-date: /home/iosnaaente/Desktop/path_planning/install/custom_messages/include/custom_messages/custom_messages
[0.540s] -- Up-to-date: /home/iosnaaente/Desktop/path_planning/install/custom_messages/include/custom_messages/custom_messages/msg
[0.540s] -- Up-to-date: /home/iosnaaente/Desktop/path_planning/install/custom_messages/include/custom_messages/custom_messages/msg/rosidl_typesupport_fastrtps_cpp__visibility_control.h
[0.540s] -- Up-to-date: /home/iosnaaente/Desktop/path_planning/install/custom_messages/include/custom_messages/custom_messages/msg/detail
[0.540s] -- Up-to-date: /home/iosnaaente/Desktop/path_planning/install/custom_messages/include/custom_messages/custom_messages/msg/detail/dds_fastrtps
[0.540s] -- Up-to-date: /home/iosnaaente/Desktop/path_planning/install/custom_messages/include/custom_messages/custom_messages/msg/detail/target__rosidl_typesupport_fastrtps_cpp.hpp
[0.540s] -- Up-to-date: /home/iosnaaente/Desktop/path_planning/install/custom_messages/include/custom_messages/custom_messages/msg/detail/obstacles__rosidl_typesupport_fastrtps_cpp.hpp
[0.540s] -- Up-to-date: /home/iosnaaente/Desktop/path_planning/install/custom_messages/include/custom_messages/custom_messages/msg/detail/robot__rosidl_typesupport_fastrtps_cpp.hpp
[0.540s] -- Up-to-date: /home/iosnaaente/Desktop/path_planning/install/custom_messages/lib/libcustom_messages__rosidl_typesupport_fastrtps_cpp.so
[0.540s] -- Up-to-date: /home/iosnaaente/Desktop/path_planning/install/custom_messages/include/custom_messages/custom_messages
[0.540s] -- Up-to-date: /home/iosnaaente/Desktop/path_planning/install/custom_messages/include/custom_messages/custom_messages/msg
[0.541s] -- Up-to-date: /home/iosnaaente/Desktop/path_planning/install/custom_messages/include/custom_messages/custom_messages/msg/detail
[0.541s] -- Up-to-date: /home/iosnaaente/Desktop/path_planning/install/custom_messages/include/custom_messages/custom_messages/msg/detail/robot__rosidl_typesupport_introspection_c.h
[0.541s] -- Up-to-date: /home/iosnaaente/Desktop/path_planning/install/custom_messages/include/custom_messages/custom_messages/msg/detail/target__type_support.c
[0.541s] -- Up-to-date: /home/iosnaaente/Desktop/path_planning/install/custom_messages/include/custom_messages/custom_messages/msg/detail/obstacles__rosidl_typesupport_introspection_c.h
[0.541s] -- Up-to-date: /home/iosnaaente/Desktop/path_planning/install/custom_messages/include/custom_messages/custom_messages/msg/detail/target__rosidl_typesupport_introspection_c.h
[0.541s] -- Up-to-date: /home/iosnaaente/Desktop/path_planning/install/custom_messages/include/custom_messages/custom_messages/msg/detail/robot__type_support.c
[0.541s] -- Up-to-date: /home/iosnaaente/Desktop/path_planning/install/custom_messages/include/custom_messages/custom_messages/msg/detail/obstacles__type_support.c
[0.541s] -- Up-to-date: /home/iosnaaente/Desktop/path_planning/install/custom_messages/include/custom_messages/custom_messages/msg/rosidl_typesupport_introspection_c__visibility_control.h
[0.541s] -- Up-to-date: /home/iosnaaente/Desktop/path_planning/install/custom_messages/lib/libcustom_messages__rosidl_typesupport_introspection_c.so
[0.541s] -- Up-to-date: /home/iosnaaente/Desktop/path_planning/install/custom_messages/lib/libcustom_messages__rosidl_typesupport_c.so
[0.541s] -- Up-to-date: /home/iosnaaente/Desktop/path_planning/install/custom_messages/include/custom_messages/custom_messages
[0.541s] -- Up-to-date: /home/iosnaaente/Desktop/path_planning/install/custom_messages/include/custom_messages/custom_messages/msg
[0.541s] -- Up-to-date: /home/iosnaaente/Desktop/path_planning/install/custom_messages/include/custom_messages/custom_messages/msg/detail
[0.541s] -- Up-to-date: /home/iosnaaente/Desktop/path_planning/install/custom_messages/include/custom_messages/custom_messages/msg/detail/robot__type_support.cpp
[0.542s] -- Up-to-date: /home/iosnaaente/Desktop/path_planning/install/custom_messages/include/custom_messages/custom_messages/msg/detail/target__type_support.cpp
[0.542s] -- Up-to-date: /home/iosnaaente/Desktop/path_planning/install/custom_messages/include/custom_messages/custom_messages/msg/detail/obstacles__type_support.cpp
[0.542s] -- Up-to-date: /home/iosnaaente/Desktop/path_planning/install/custom_messages/include/custom_messages/custom_messages/msg/detail/robot__rosidl_typesupport_introspection_cpp.hpp
[0.542s] -- Up-to-date: /home/iosnaaente/Desktop/path_planning/install/custom_messages/include/custom_messages/custom_messages/msg/detail/obstacles__rosidl_typesupport_introspection_cpp.hpp
[0.542s] -- Up-to-date: /home/iosnaaente/Desktop/path_planning/install/custom_messages/include/custom_messages/custom_messages/msg/detail/target__rosidl_typesupport_introspection_cpp.hpp
[0.542s] -- Up-to-date: /home/iosnaaente/Desktop/path_planning/install/custom_messages/lib/libcustom_messages__rosidl_typesupport_introspection_cpp.so
[0.542s] -- Up-to-date: /home/iosnaaente/Desktop/path_planning/install/custom_messages/lib/libcustom_messages__rosidl_typesupport_cpp.so
[0.542s] -- Up-to-date: /home/iosnaaente/Desktop/path_planning/install/custom_messages/share/custom_messages/environment/pythonpath.sh
[0.543s] -- Up-to-date: /home/iosnaaente/Desktop/path_planning/install/custom_messages/share/custom_messages/environment/pythonpath.dsv
[0.543s] -- Up-to-date: /home/iosnaaente/Desktop/path_planning/install/custom_messages/local/lib/python3.10/dist-packages/custom_messages-0.0.0-py3.10.egg-info
[0.543s] -- Installing: /home/iosnaaente/Desktop/path_planning/install/custom_messages/local/lib/python3.10/dist-packages/custom_messages-0.0.0-py3.10.egg-info/dependency_links.txt
[0.544s] -- Installing: /home/iosnaaente/Desktop/path_planning/install/custom_messages/local/lib/python3.10/dist-packages/custom_messages-0.0.0-py3.10.egg-info/SOURCES.txt
[0.544s] -- Installing: /home/iosnaaente/Desktop/path_planning/install/custom_messages/local/lib/python3.10/dist-packages/custom_messages-0.0.0-py3.10.egg-info/PKG-INFO
[0.544s] -- Installing: /home/iosnaaente/Desktop/path_planning/install/custom_messages/local/lib/python3.10/dist-packages/custom_messages-0.0.0-py3.10.egg-info/top_level.txt
[0.544s] -- Up-to-date: /home/iosnaaente/Desktop/path_planning/install/custom_messages/local/lib/python3.10/dist-packages/custom_messages
[0.544s] -- Up-to-date: /home/iosnaaente/Desktop/path_planning/install/custom_messages/local/lib/python3.10/dist-packages/custom_messages/libcustom_messages__rosidl_generator_py.so
[0.544s] -- Up-to-date: /home/iosnaaente/Desktop/path_planning/install/custom_messages/local/lib/python3.10/dist-packages/custom_messages/_custom_messages_s.ep.rosidl_typesupport_introspection_c.c
[0.545s] -- Up-to-date: /home/iosnaaente/Desktop/path_planning/install/custom_messages/local/lib/python3.10/dist-packages/custom_messages/msg
[0.545s] -- Up-to-date: /home/iosnaaente/Desktop/path_planning/install/custom_messages/local/lib/python3.10/dist-packages/custom_messages/msg/_target.py
[0.545s] -- Up-to-date: /home/iosnaaente/Desktop/path_planning/install/custom_messages/local/lib/python3.10/dist-packages/custom_messages/msg/_robot.py
[0.545s] -- Up-to-date: /home/iosnaaente/Desktop/path_planning/install/custom_messages/local/lib/python3.10/dist-packages/custom_messages/msg/_target_s.c
[0.545s] -- Up-to-date: /home/iosnaaente/Desktop/path_planning/install/custom_messages/local/lib/python3.10/dist-packages/custom_messages/msg/_obstacles.py
[0.545s] -- Up-to-date: /home/iosnaaente/Desktop/path_planning/install/custom_messages/local/lib/python3.10/dist-packages/custom_messages/msg/_robot_s.c
[0.545s] -- Up-to-date: /home/iosnaaente/Desktop/path_planning/install/custom_messages/local/lib/python3.10/dist-packages/custom_messages/msg/_obstacles_s.c
[0.546s] -- Up-to-date: /home/iosnaaente/Desktop/path_planning/install/custom_messages/local/lib/python3.10/dist-packages/custom_messages/msg/__init__.py
[0.546s] -- Up-to-date: /home/iosnaaente/Desktop/path_planning/install/custom_messages/local/lib/python3.10/dist-packages/custom_messages/_custom_messages_s.ep.rosidl_typesupport_fastrtps_c.c
[0.546s] -- Up-to-date: /home/iosnaaente/Desktop/path_planning/install/custom_messages/local/lib/python3.10/dist-packages/custom_messages/custom_messages_s__rosidl_typesupport_fastrtps_c.cpython-310-x86_64-linux-gnu.so
[0.546s] -- Up-to-date: /home/iosnaaente/Desktop/path_planning/install/custom_messages/local/lib/python3.10/dist-packages/custom_messages/_custom_messages_s.ep.rosidl_typesupport_c.c
[0.546s] -- Up-to-date: /home/iosnaaente/Desktop/path_planning/install/custom_messages/local/lib/python3.10/dist-packages/custom_messages/custom_messages_s__rosidl_typesupport_c.cpython-310-x86_64-linux-gnu.so
[0.547s] -- Up-to-date: /home/iosnaaente/Desktop/path_planning/install/custom_messages/local/lib/python3.10/dist-packages/custom_messages/custom_messages_s__rosidl_typesupport_introspection_c.cpython-310-x86_64-linux-gnu.so
[0.547s] -- Up-to-date: /home/iosnaaente/Desktop/path_planning/install/custom_messages/local/lib/python3.10/dist-packages/custom_messages/__init__.py
[0.596s] Listing '/home/iosnaaente/Desktop/path_planning/install/custom_messages/local/lib/python3.10/dist-packages/custom_messages'...
[0.596s] Listing '/home/iosnaaente/Desktop/path_planning/install/custom_messages/local/lib/python3.10/dist-packages/custom_messages/msg'...
[0.602s] -- Up-to-date: /home/iosnaaente/Desktop/path_planning/install/custom_messages/local/lib/python3.10/dist-packages/custom_messages/custom_messages_s__rosidl_typesupport_fastrtps_c.cpython-310-x86_64-linux-gnu.so
[0.603s] -- Up-to-date: /home/iosnaaente/Desktop/path_planning/install/custom_messages/local/lib/python3.10/dist-packages/custom_messages/custom_messages_s__rosidl_typesupport_introspection_c.cpython-310-x86_64-linux-gnu.so
[0.603s] -- Up-to-date: /home/iosnaaente/Desktop/path_planning/install/custom_messages/local/lib/python3.10/dist-packages/custom_messages/custom_messages_s__rosidl_typesupport_c.cpython-310-x86_64-linux-gnu.so
[0.604s] -- Up-to-date: /home/iosnaaente/Desktop/path_planning/install/custom_messages/lib/libcustom_messages__rosidl_generator_py.so
[0.604s] -- Up-to-date: /home/iosnaaente/Desktop/path_planning/install/custom_messages/share/custom_messages/msg/Obstacles.idl
[0.604s] -- Up-to-date: /home/iosnaaente/Desktop/path_planning/install/custom_messages/share/custom_messages/msg/Robot.idl
[0.605s] -- Up-to-date: /home/iosnaaente/Desktop/path_planning/install/custom_messages/share/custom_messages/msg/Target.idl
[0.605s] -- Up-to-date: /home/iosnaaente/Desktop/path_planning/install/custom_messages/share/custom_messages/msg/Obstacles.msg
[0.606s] -- Up-to-date: /home/iosnaaente/Desktop/path_planning/install/custom_messages/share/custom_messages/msg/Robot.msg
[0.606s] -- Up-to-date: /home/iosnaaente/Desktop/path_planning/install/custom_messages/share/custom_messages/msg/Target.msg
[0.606s] -- Up-to-date: /home/iosnaaente/Desktop/path_planning/install/custom_messages/share/ament_index/resource_index/package_run_dependencies/custom_messages
[0.607s] -- Up-to-date: /home/iosnaaente/Desktop/path_planning/install/custom_messages/share/ament_index/resource_index/parent_prefix_path/custom_messages
[0.607s] -- Up-to-date: /home/iosnaaente/Desktop/path_planning/install/custom_messages/share/custom_messages/environment/ament_prefix_path.sh
[0.607s] -- Up-to-date: /home/iosnaaente/Desktop/path_planning/install/custom_messages/share/custom_messages/environment/ament_prefix_path.dsv
[0.608s] -- Up-to-date: /home/iosnaaente/Desktop/path_planning/install/custom_messages/share/custom_messages/environment/path.sh
[0.608s] -- Up-to-date: /home/iosnaaente/Desktop/path_planning/install/custom_messages/share/custom_messages/environment/path.dsv
[0.609s] -- Up-to-date: /home/iosnaaente/Desktop/path_planning/install/custom_messages/share/custom_messages/local_setup.bash
[0.609s] -- Up-to-date: /home/iosnaaente/Desktop/path_planning/install/custom_messages/share/custom_messages/local_setup.sh
[0.610s] -- Up-to-date: /home/iosnaaente/Desktop/path_planning/install/custom_messages/share/custom_messages/local_setup.zsh
[0.610s] -- Up-to-date: /home/iosnaaente/Desktop/path_planning/install/custom_messages/share/custom_messages/local_setup.dsv
[0.610s] -- Installing: /home/iosnaaente/Desktop/path_planning/install/custom_messages/share/custom_messages/package.dsv
[0.610s] -- Up-to-date: /home/iosnaaente/Desktop/path_planning/install/custom_messages/share/ament_index/resource_index/packages/custom_messages
[0.610s] -- Up-to-date: /home/iosnaaente/Desktop/path_planning/install/custom_messages/share/custom_messages/cmake/export_custom_messages__rosidl_generator_cExport.cmake
[0.610s] -- Up-to-date: /home/iosnaaente/Desktop/path_planning/install/custom_messages/share/custom_messages/cmake/export_custom_messages__rosidl_generator_cExport-noconfig.cmake
[0.611s] -- Up-to-date: /home/iosnaaente/Desktop/path_planning/install/custom_messages/share/custom_messages/cmake/export_custom_messages__rosidl_typesupport_fastrtps_cExport.cmake
[0.611s] -- Up-to-date: /home/iosnaaente/Desktop/path_planning/install/custom_messages/share/custom_messages/cmake/export_custom_messages__rosidl_typesupport_fastrtps_cExport-noconfig.cmake
[0.611s] -- Up-to-date: /home/iosnaaente/Desktop/path_planning/install/custom_messages/share/custom_messages/cmake/export_custom_messages__rosidl_generator_cppExport.cmake
[0.611s] -- Up-to-date: /home/iosnaaente/Desktop/path_planning/install/custom_messages/share/custom_messages/cmake/export_custom_messages__rosidl_typesupport_fastrtps_cppExport.cmake
[0.611s] -- Up-to-date: /home/iosnaaente/Desktop/path_planning/install/custom_messages/share/custom_messages/cmake/export_custom_messages__rosidl_typesupport_fastrtps_cppExport-noconfig.cmake
[0.611s] -- Up-to-date: /home/iosnaaente/Desktop/path_planning/install/custom_messages/share/custom_messages/cmake/custom_messages__rosidl_typesupport_introspection_cExport.cmake
[0.612s] -- Up-to-date: /home/iosnaaente/Desktop/path_planning/install/custom_messages/share/custom_messages/cmake/custom_messages__rosidl_typesupport_introspection_cExport-noconfig.cmake
[0.612s] -- Up-to-date: /home/iosnaaente/Desktop/path_planning/install/custom_messages/share/custom_messages/cmake/custom_messages__rosidl_typesupport_cExport.cmake
[0.612s] -- Up-to-date: /home/iosnaaente/Desktop/path_planning/install/custom_messages/share/custom_messages/cmake/custom_messages__rosidl_typesupport_cExport-noconfig.cmake
[0.612s] -- Up-to-date: /home/iosnaaente/Desktop/path_planning/install/custom_messages/share/custom_messages/cmake/custom_messages__rosidl_typesupport_introspection_cppExport.cmake
[0.612s] -- Up-to-date: /home/iosnaaente/Desktop/path_planning/install/custom_messages/share/custom_messages/cmake/custom_messages__rosidl_typesupport_introspection_cppExport-noconfig.cmake
[0.612s] -- Up-to-date: /home/iosnaaente/Desktop/path_planning/install/custom_messages/share/custom_messages/cmake/custom_messages__rosidl_typesupport_cppExport.cmake
[0.612s] -- Up-to-date: /home/iosnaaente/Desktop/path_planning/install/custom_messages/share/custom_messages/cmake/custom_messages__rosidl_typesupport_cppExport-noconfig.cmake
[0.613s] -- Up-to-date: /home/iosnaaente/Desktop/path_planning/install/custom_messages/share/custom_messages/cmake/export_custom_messages__rosidl_generator_pyExport.cmake
[0.613s] -- Up-to-date: /home/iosnaaente/Desktop/path_planning/install/custom_messages/share/custom_messages/cmake/export_custom_messages__rosidl_generator_pyExport-noconfig.cmake
[0.613s] -- Up-to-date: /home/iosnaaente/Desktop/path_planning/install/custom_messages/share/custom_messages/cmake/rosidl_cmake-extras.cmake
[0.613s] -- Up-to-date: /home/iosnaaente/Desktop/path_planning/install/custom_messages/share/custom_messages/cmake/ament_cmake_export_dependencies-extras.cmake
[0.613s] -- Up-to-date: /home/iosnaaente/Desktop/path_planning/install/custom_messages/share/custom_messages/cmake/ament_cmake_export_include_directories-extras.cmake
[0.613s] -- Up-to-date: /home/iosnaaente/Desktop/path_planning/install/custom_messages/share/custom_messages/cmake/ament_cmake_export_libraries-extras.cmake
[0.613s] -- Up-to-date: /home/iosnaaente/Desktop/path_planning/install/custom_messages/share/custom_messages/cmake/ament_cmake_export_targets-extras.cmake
[0.614s] -- Up-to-date: /home/iosnaaente/Desktop/path_planning/install/custom_messages/share/custom_messages/cmake/rosidl_cmake_export_typesupport_targets-extras.cmake
[0.614s] -- Up-to-date: /home/iosnaaente/Desktop/path_planning/install/custom_messages/share/custom_messages/cmake/rosidl_cmake_export_typesupport_libraries-extras.cmake
[0.615s] -- Up-to-date: /home/iosnaaente/Desktop/path_planning/install/custom_messages/share/custom_messages/cmake/custom_messagesConfig.cmake
[0.615s] -- Up-to-date: /home/iosnaaente/Desktop/path_planning/install/custom_messages/share/custom_messages/cmake/custom_messagesConfig-version.cmake
[0.616s] -- Up-to-date: /home/iosnaaente/Desktop/path_planning/install/custom_messages/share/custom_messages/package.xml
[0.618s] Invoked command in '/home/iosnaaente/Desktop/path_planning/build/custom_messages' returned '0': CMAKE_PREFIX_PATH=${CMAKE_PREFIX_PATH}:/home/iosnaaente/Desktop/path_planning/install/robot_launcher:/home/iosnaaente/Desktop/path_planning/install/robot_visualizer:/home/iosnaaente/Desktop/path_planning/install/robot_launch:/opt/ros/humble /usr/bin/cmake --install /home/iosnaaente/Desktop/path_planning/build/custom_messages
